This is pdfTeX, Version 3.141592653-2.6-1.40.26 (TeX Live 2024) (preloaded format=pdflatex 2024.12.25)  15 JUL 2025 23:53
entering extended mode
 restricted \write18 enabled.
 file:line:error style messages enabled.
 %&-line parsing enabled.
**F:/shixun/new/LaTeXTrans/outputs/ch_2505.16393/2505.16393/arxiv.tex
(f:/shixun/new/LaTeXTrans/outputs/ch_2505.16393/2505.16393/arxiv.tex
LaTeX2e <2023-11-01> patch level 1
L3 programming layer <2024-02-20>
(d:/LaTex/Texlive/texlive/2024/texmf-dist/tex/latex/revtex/revtex4-2.cls
Document Class: revtex4-2 2022/06/05 4.2f (https://journals.aps.org/revtex/ for
 documentation)
 Copyright (c) 2019 American Physical Society.
 mailto:revtex@aps.org
 Licensed under the LPPL:
http://www.ctan.org/tex-archive/macros/latex/base/lppl.txt
 Arthur Ogawa <arthur_ogawa at sbcglobal dot net>
 Based on work by David Carlisle <david at dcarlisle.demon.co.uk>
 Version (4.2d--4.2f): Modified by Mark Doyle and Phelype Oleinik
 .
ltxutil[2022/06/05 4.2f utilities package (portions licensed from W. E. Baxter 
web at superscript.com)]
LaTeX Info: Redefining \@centercr on input line 356.
Class revtex4-2 Info: Repairing broken LaTeX eqnarray on input line 417.
\eqncolsep=\skip48
Class revtex4-2 Info: Repairing hyperref-unfriendly LaTeX definition of \mpfoot
note on input line 492.
Class revtex4-2 Info: Repairing broken LateX \@sect on input line 814.
\intertabularlinepenalty=\count188
\@tbpen=\count189
\@arstrutbox@hline=\box51
Class revtex4-2 Info: Repairing broken LaTeX \@xbitor on input line 1845.
Class revtex4-2 Info: Making \typeout \long on input line 2110.
ltxfront[2022/06/05 4.2f frontmatter package (AO,DPC,MD)]
\c@affil=\count190
\c@collab=\count191
\absbox=\box52
ltxgrid[2022/06/05 4.2f page grid package (portions licensed from W. E. Baxter 
web at superscript.com)]
\c@linecount=\count192
\output@latex=\toks17
\box@size@1=\box53
\box@size@2=\box54
\@protection@box=\box55
\@topmark@saved=\toks18
\footins@saved=\box56
\footins@recovered=\box57
\column@recovered=\box58
\pagesofar=\box59
\footsofar=\box60
\pagegrid@col=\count193
Class revtex4-2 Info: Overriding \@vspace, \@vspacer, \@no@pgbk, \@newline, and
 \\  on input line 5676.
\c@part=\count194
\c@section=\count195
\c@subsection=\count196
\c@subsubsection=\count197
\c@paragraph=\count198
\c@subparagraph=\count199
\abovecaptionskip=\skip49
\belowcaptionskip=\skip50
\c@figure=\count266
\fbox@1=\box61
\c@table=\count267
\fbox@2=\box62
\c@video=\count268
\fbox@4=\box63
\@bibdataout=\write3
\widetext@top=\box64
\widetext@bot=\box65
Class revtex4-2 Info: Selecting society aps on input line 7669.
(d:/LaTex/Texlive/texlive/2024/texmf-dist/tex/latex/revtex/aps4-2.rtx
File: aps4-2 2022/06/05 4.2f (https://journals.aps.org/revtex/ for documentatio
n)
Class revtex4-2 Info: RevTeX society APS selected on input line 40.
)
Class revtex4-2 Info: Selecting journal prl on input line 7671.
Class revtex4-2 Info: APS journal PRL selected on input line 7672.

(d:/LaTex/Texlive/texlive/2024/texmf-dist/tex/latex/revtex/aps10pt4-2.rtx
File: aps10pt4-2 2022/06/05 4.2f (https://journals.aps.org/revtex/ for document
ation)
Class revtex4-2 Info: RevTeX pointsize 10pt selected on input line 39.
)
(d:/LaTex/Texlive/texlive/2024/texmf-dist/tex/latex/textcase/textcase.sty
Package: textcase 2023/07/27 v1.04 Text only upper/lower case changing (DPC)
Package textcase Info: Defining Legacy names on input line 20.
)
(d:/LaTex/Texlive/texlive/2024/texmf-dist/tex/latex/url/url.sty
\Urlmuskip=\muskip16
Package: url 2013/09/16  ver 3.4  Verb mode for urls, etc.
)
(d:/LaTex/Texlive/texlive/2024/texmf-dist/tex/latex/natbib/natbib.sty
Package: natbib 2010/09/13 8.31b (PWD, AO)
\bibhang=\skip51
\bibsep=\skip52
LaTeX Info: Redefining \cite on input line 694.
\c@NAT@ctr=\count269
)
Class revtex4-2 Info: Repairing natbib's \BibitemShut on input line 7676.

(d:/LaTex/Texlive/texlive/2024/texmf-dist/tex/latex/revtex/revsymb4-2.sty
Package: revsymb4-2 2022/06/05 4.2f (https://journals.aps.org/revtex/ for docum
entation)
LaTeX Info: Redefining \REV@mathfrak on input line 128.
))
(d:/LaTex/Texlive/texlive/2024/texmf-dist/tex/latex/ctex/ctex.sty
(d:/LaTex/Texlive/texlive/2024/texmf-dist/tex/latex/l3kernel/expl3.sty
Package: expl3 2024-02-20 L3 programming layer (loader) 

(d:/LaTex/Texlive/texlive/2024/texmf-dist/tex/latex/l3backend/l3backend-pdftex.
def
File: l3backend-pdftex.def 2024-02-20 L3 backend support: PDF output (pdfTeX)
\l__color_backend_stack_int=\count270
\l__pdf_internal_box=\box66
))
Package: ctex 2022/07/14 v2.5.10 Chinese adapter in LaTeX (CTEX)
 (d:/LaTex/Texlive/texlive/2024/texmf-dist/tex/latex/ctex/ctexhook.sty
Package: ctexhook 2022/07/14 v2.5.10 Document and package hooks (CTEX)
)
(d:/LaTex/Texlive/texlive/2024/texmf-dist/tex/latex/ctex/ctexpatch.sty
Package: ctexpatch 2022/07/14 v2.5.10 Patching commands (CTEX)
)
(d:/LaTex/Texlive/texlive/2024/texmf-dist/tex/latex/base/fix-cm.sty
Package: fix-cm 2020/11/24 v1.1t fixes to LaTeX

(d:/LaTex/Texlive/texlive/2024/texmf-dist/tex/latex/base/ts1enc.def
File: ts1enc.def 2001/06/05 v3.0e (jk/car/fm) Standard LaTeX file
LaTeX Font Info:    Redeclaring font encoding TS1 on input line 47.
))
\l__ctex_tmp_int=\count271
\l__ctex_tmp_box=\box67
\l__ctex_tmp_dim=\dimen140
\g__ctex_section_depth_int=\count272
\g__ctex_font_size_int=\count273

(d:/LaTex/Texlive/texlive/2024/texmf-dist/tex/latex/ctex/config/ctexopts.cfg
File: ctexopts.cfg 2022/07/14 v2.5.10 Option configuration file (CTEX)
)
(d:/LaTex/Texlive/texlive/2024/texmf-dist/tex/latex/ctex/engine/ctex-engine-pdf
tex.def
File: ctex-engine-pdftex.def 2022/07/14 v2.5.10 (pdf)LaTeX adapter (CTEX)

(d:/LaTex/Texlive/texlive/2024/texmf-dist/tex/latex/cjk/texinput/CJKutf8.sty
Package: CJKutf8 2021/10/16 4.8.5

(d:/LaTex/Texlive/texlive/2024/texmf-dist/tex/generic/iftex/ifpdf.sty
Package: ifpdf 2019/10/25 v3.4 ifpdf legacy package. Use iftex instead.

(d:/LaTex/Texlive/texlive/2024/texmf-dist/tex/generic/iftex/iftex.sty
Package: iftex 2022/02/03 v1.0f TeX engine tests
))
(d:/LaTex/Texlive/texlive/2024/texmf-dist/tex/latex/base/inputenc.sty
Package: inputenc 2021/02/14 v1.3d Input encoding file
\inpenc@prehook=\toks19
\inpenc@posthook=\toks20
)
(d:/LaTex/Texlive/texlive/2024/texmf-dist/tex/latex/cjk/texinput/CJK.sty
Package: CJK 2021/10/16 4.8.5

(d:/LaTex/Texlive/texlive/2024/texmf-dist/tex/latex/cjk/texinput/mule/MULEenc.s
ty
Package: MULEenc 2021/10/16 4.8.5
) (d:/LaTex/Texlive/texlive/2024/texmf-dist/tex/latex/cjk/texinput/CJK.enc
File: CJK.enc 2021/10/16 4.8.5
Now handling font encoding C00 ...
... no UTF-8 mapping file for font encoding C00
Now handling font encoding C05 ...
... no UTF-8 mapping file for font encoding C05
Now handling font encoding C09 ...
... no UTF-8 mapping file for font encoding C09
Now handling font encoding C10 ...
... no UTF-8 mapping file for font encoding C10
Now handling font encoding C20 ...
... no UTF-8 mapping file for font encoding C20
Now handling font encoding C19 ...
... no UTF-8 mapping file for font encoding C19
Now handling font encoding C40 ...
... no UTF-8 mapping file for font encoding C40
Now handling font encoding C42 ...
... no UTF-8 mapping file for font encoding C42
Now handling font encoding C43 ...
... no UTF-8 mapping file for font encoding C43
Now handling font encoding C50 ...
... no UTF-8 mapping file for font encoding C50
Now handling font encoding C52 ...
... no UTF-8 mapping file for font encoding C52
Now handling font encoding C49 ...
... no UTF-8 mapping file for font encoding C49
Now handling font encoding C60 ...
... no UTF-8 mapping file for font encoding C60
Now handling font encoding C61 ...
... no UTF-8 mapping file for font encoding C61
Now handling font encoding C63 ...
... no UTF-8 mapping file for font encoding C63
Now handling font encoding C64 ...
... no UTF-8 mapping file for font encoding C64
Now handling font encoding C65 ...
... no UTF-8 mapping file for font encoding C65
Now handling font encoding C70 ...
... no UTF-8 mapping file for font encoding C70
Now handling font encoding C31 ...
... no UTF-8 mapping file for font encoding C31
Now handling font encoding C32 ...
... no UTF-8 mapping file for font encoding C32
Now handling font encoding C33 ...
... no UTF-8 mapping file for font encoding C33
Now handling font encoding C34 ...
... no UTF-8 mapping file for font encoding C34
Now handling font encoding C35 ...
... no UTF-8 mapping file for font encoding C35
Now handling font encoding C36 ...
... no UTF-8 mapping file for font encoding C36
Now handling font encoding C37 ...
... no UTF-8 mapping file for font encoding C37
Now handling font encoding C80 ...
... no UTF-8 mapping file for font encoding C80
Now handling font encoding C81 ...
... no UTF-8 mapping file for font encoding C81
Now handling font encoding C01 ...
... no UTF-8 mapping file for font encoding C01
Now handling font encoding C11 ...
... no UTF-8 mapping file for font encoding C11
Now handling font encoding C21 ...
... no UTF-8 mapping file for font encoding C21
Now handling font encoding C41 ...
... no UTF-8 mapping file for font encoding C41
Now handling font encoding C62 ...
... no UTF-8 mapping file for font encoding C62
)
\CJK@indent=\box68
)
(d:/LaTex/Texlive/texlive/2024/texmf-dist/tex/latex/base/fontenc.sty
Package: fontenc 2021/04/29 v2.0v Standard LaTeX package
))
(d:/LaTex/Texlive/texlive/2024/texmf-dist/tex/latex/cjkpunct/CJKpunct.sty
Package: CJKpunct 2016/05/14 4.8.4
\CJKpunct@cnta=\count274
\CJKpunct@cntb=\count275
\CJKpunct@cntc=\count276
\CJKpunct@cntd=\count277
\CJKpunct@cnte=\count278
   defining Unicode char U+2018 (decimal 8216)
   defining Unicode char U+2019 (decimal 8217)
   defining Unicode char U+201C (decimal 8220)
   defining Unicode char U+201D (decimal 8221)
   defining Unicode char U+2014 (decimal 8212)
   defining Unicode char U+2026 (decimal 8230)

(d:/LaTex/Texlive/texlive/2024/texmf-dist/tex/latex/cjkpunct/CJKpunct.spa))
(d:/LaTex/Texlive/texlive/2024/texmf-dist/tex/latex/cjk/texinput/CJKspace.sty
Package: CJKspace 2021/10/16 3.8.0
)
(d:/LaTex/Texlive/texlive/2024/texmf-dist/tex/latex/cjk/texinput/UTF8/UTF8.bdg
File: UTF8.bdg 2021/10/16 4.8.5
) (d:/LaTex/Texlive/texlive/2024/texmf-dist/tex/latex/ctex/ctexspa.def
File: ctexspa.def 2022/07/14 v2.5.10 Space info for CJKpunct (CTEX)
)
\ccwd=\dimen141
\l__ctex_ccglue_skip=\skip53
)
\l__ctex_ziju_dim=\dimen142

(d:/LaTex/Texlive/texlive/2024/texmf-dist/tex/latex/zhnumber/zhnumber.sty
Package: zhnumber 2022/07/14 v3.0 Typesetting numbers with Chinese glyphs
\l__zhnum_scale_int=\count279
\l__zhnum_tmp_int=\count280

(d:/LaTex/Texlive/texlive/2024/texmf-dist/tex/latex/zhnumber/zhnumber-utf8.cfg
File: zhnumber-utf8.cfg 2022/07/14 v3.0 Chinese numerals with UTF8 encoding
))
(d:/LaTex/Texlive/texlive/2024/texmf-dist/tex/latex/ctex/scheme/ctex-scheme-chi
nese.def
File: ctex-scheme-chinese.def 2022/07/14 v2.5.10 Chinese scheme for generic (CT
EX)

(d:/LaTex/Texlive/texlive/2024/texmf-dist/tex/latex/ctex/config/ctex-name-utf8.
cfg
File: ctex-name-utf8.cfg 2022/07/14 v2.5.10 Caption with encoding UTF-8 (CTEX)
)) (d:/LaTex/Texlive/texlive/2024/texmf-dist/tex/latex/ctex/ctex-c5size.clo
File: ctex-c5size.clo 2022/07/14 v2.5.10 c5size option (CTEX)
)
(d:/LaTex/Texlive/texlive/2024/texmf-dist/tex/latex/ctex/fontset/ctex-fontset-w
indows.def
File: ctex-fontset-windows.def 2022/07/14 v2.5.10 Windows fonts definition (CTE
X)
))
(d:/LaTex/Texlive/texlive/2024/texmf-dist/tex/latex/ctex/config/ctex.cfg
File: ctex.cfg 2022/07/14 v2.5.10 Configuration file (CTEX)
)
(d:/LaTex/Texlive/texlive/2024/texmf-dist/tex/latex/graphics/graphicx.sty
Package: graphicx 2021/09/16 v1.2d Enhanced LaTeX Graphics (DPC,SPQR)

(d:/LaTex/Texlive/texlive/2024/texmf-dist/tex/latex/graphics/keyval.sty
Package: keyval 2022/05/29 v1.15 key=value parser (DPC)
\KV@toks@=\toks21
)
(d:/LaTex/Texlive/texlive/2024/texmf-dist/tex/latex/graphics/graphics.sty
Package: graphics 2022/03/10 v1.4e Standard LaTeX Graphics (DPC,SPQR)

(d:/LaTex/Texlive/texlive/2024/texmf-dist/tex/latex/graphics/trig.sty
Package: trig 2021/08/11 v1.11 sin cos tan (DPC)
)
(d:/LaTex/Texlive/texlive/2024/texmf-dist/tex/latex/graphics-cfg/graphics.cfg
File: graphics.cfg 2016/06/04 v1.11 sample graphics configuration
)
Package graphics Info: Driver file: pdftex.def on input line 107.

(d:/LaTex/Texlive/texlive/2024/texmf-dist/tex/latex/graphics-def/pdftex.def
File: pdftex.def 2022/09/22 v1.2b Graphics/color driver for pdftex
))
\Gin@req@height=\dimen143
\Gin@req@width=\dimen144
)
(d:/LaTex/Texlive/texlive/2024/texmf-dist/tex/latex/hyperref/hyperref.sty
Package: hyperref 2024-01-20 v7.01h Hypertext links for LaTeX

(d:/LaTex/Texlive/texlive/2024/texmf-dist/tex/latex/kvsetkeys/kvsetkeys.sty
Package: kvsetkeys 2022-10-05 v1.19 Key value parser (HO)
)
(d:/LaTex/Texlive/texlive/2024/texmf-dist/tex/generic/kvdefinekeys/kvdefinekeys
.sty
Package: kvdefinekeys 2019-12-19 v1.6 Define keys (HO)
)
(d:/LaTex/Texlive/texlive/2024/texmf-dist/tex/generic/pdfescape/pdfescape.sty
Package: pdfescape 2019/12/09 v1.15 Implements pdfTeX's escape features (HO)

(d:/LaTex/Texlive/texlive/2024/texmf-dist/tex/generic/ltxcmds/ltxcmds.sty
Package: ltxcmds 2023-12-04 v1.26 LaTeX kernel commands for general use (HO)
)
(d:/LaTex/Texlive/texlive/2024/texmf-dist/tex/generic/pdftexcmds/pdftexcmds.sty
Package: pdftexcmds 2020-06-27 v0.33 Utility functions of pdfTeX for LuaTeX (HO
)
(d:/LaTex/Texlive/texlive/2024/texmf-dist/tex/generic/infwarerr/infwarerr.sty
Package: infwarerr 2019/12/03 v1.5 Providing info/warning/error messages (HO)
)
Package pdftexcmds Info: \pdf@primitive is available.
Package pdftexcmds Info: \pdf@ifprimitive is available.
Package pdftexcmds Info: \pdfdraftmode found.
)) (d:/LaTex/Texlive/texlive/2024/texmf-dist/tex/latex/hycolor/hycolor.sty
Package: hycolor 2020-01-27 v1.10 Color options for hyperref/bookmark (HO)
)
(d:/LaTex/Texlive/texlive/2024/texmf-dist/tex/latex/auxhook/auxhook.sty
Package: auxhook 2019-12-17 v1.6 Hooks for auxiliary files (HO)
)
(d:/LaTex/Texlive/texlive/2024/texmf-dist/tex/latex/hyperref/nameref.sty
Package: nameref 2023-11-26 v2.56 Cross-referencing by name of section

(d:/LaTex/Texlive/texlive/2024/texmf-dist/tex/latex/refcount/refcount.sty
Package: refcount 2019/12/15 v3.6 Data extraction from label references (HO)
)
(d:/LaTex/Texlive/texlive/2024/texmf-dist/tex/generic/gettitlestring/gettitlest
ring.sty
Package: gettitlestring 2019/12/15 v1.6 Cleanup title references (HO)

(d:/LaTex/Texlive/texlive/2024/texmf-dist/tex/latex/kvoptions/kvoptions.sty
Package: kvoptions 2022-06-15 v3.15 Key value format for package options (HO)
))

Package nameref Warning: The definition of \label has changed! 
(nameref)                Check your packages! 
(nameref)                Replacing it with the kernel definition on input line 
149.

\c@section@level=\count281
) (d:/LaTex/Texlive/texlive/2024/texmf-dist/tex/latex/etoolbox/etoolbox.sty
Package: etoolbox 2020/10/05 v2.5k e-TeX tools for LaTeX (JAW)
\etb@tempcnta=\count282
)
\@linkdim=\dimen145
\Hy@linkcounter=\count283
\Hy@pagecounter=\count284

(d:/LaTex/Texlive/texlive/2024/texmf-dist/tex/latex/hyperref/pd1enc.def
File: pd1enc.def 2024-01-20 v7.01h Hyperref: PDFDocEncoding definition (HO)
Now handling font encoding PD1 ...
... no UTF-8 mapping file for font encoding PD1
)
(d:/LaTex/Texlive/texlive/2024/texmf-dist/tex/generic/intcalc/intcalc.sty
Package: intcalc 2019/12/15 v1.3 Expandable calculations with integers (HO)
)
\Hy@SavedSpaceFactor=\count285

(d:/LaTex/Texlive/texlive/2024/texmf-dist/tex/latex/hyperref/puenc.def
File: puenc.def 2024-01-20 v7.01h Hyperref: PDF Unicode definition (HO)
Now handling font encoding PU ...
... no UTF-8 mapping file for font encoding PU
)
Package hyperref Info: Option `unicode' set `true' on input line 4062.
Package hyperref Info: Hyper figures OFF on input line 4179.
Package hyperref Info: Link nesting OFF on input line 4184.
Package hyperref Info: Hyper index ON on input line 4187.
Package hyperref Info: Plain pages OFF on input line 4194.
Package hyperref Info: Backreferencing OFF on input line 4199.
Package hyperref Info: Implicit mode ON; LaTeX internals redefined.
Package hyperref Info: Bookmarks ON on input line 4446.
LaTeX Info: Redefining \href on input line 4695.
\c@Hy@tempcnt=\count286
LaTeX Info: Redefining \url on input line 4784.
\XeTeXLinkMargin=\dimen146

(d:/LaTex/Texlive/texlive/2024/texmf-dist/tex/generic/bitset/bitset.sty
Package: bitset 2019/12/09 v1.3 Handle bit-vector datatype (HO)

(d:/LaTex/Texlive/texlive/2024/texmf-dist/tex/generic/bigintcalc/bigintcalc.sty
Package: bigintcalc 2019/12/15 v1.5 Expandable calculations on big integers (HO
)
))
\Fld@menulength=\count287
\Field@Width=\dimen147
\Fld@charsize=\dimen148
Package hyperref Info: Hyper figures OFF on input line 6063.
Package hyperref Info: Link nesting OFF on input line 6068.
Package hyperref Info: Hyper index ON on input line 6071.
Package hyperref Info: backreferencing OFF on input line 6078.
Package hyperref Info: Link coloring OFF on input line 6083.
Package hyperref Info: Link coloring with OCG OFF on input line 6088.
Package hyperref Info: PDF/A mode OFF on input line 6093.
 (d:/LaTex/Texlive/texlive/2024/texmf-dist/tex/latex/base/atbegshi-ltx.sty
Package: atbegshi-ltx 2021/01/10 v1.0c Emulation of the original atbegshi
package with kernel methods
)
\Hy@abspage=\count288
\c@Item=\count289
\c@Hfootnote=\count290
)
Package hyperref Info: Driver (autodetected): hpdftex.

(d:/LaTex/Texlive/texlive/2024/texmf-dist/tex/latex/hyperref/hpdftex.def
File: hpdftex.def 2024-01-20 v7.01h Hyperref driver for pdfTeX

(d:/LaTex/Texlive/texlive/2024/texmf-dist/tex/latex/base/atveryend-ltx.sty
Package: atveryend-ltx 2020/08/19 v1.0a Emulation of the original atveryend pac
kage
with kernel methods
)
\Fld@listcount=\count291
\c@bookmark@seq@number=\count292

(d:/LaTex/Texlive/texlive/2024/texmf-dist/tex/latex/rerunfilecheck/rerunfileche
ck.sty
Package: rerunfilecheck 2022-07-10 v1.10 Rerun checks for auxiliary files (HO)

(d:/LaTex/Texlive/texlive/2024/texmf-dist/tex/generic/uniquecounter/uniquecount
er.sty
Package: uniquecounter 2019/12/15 v1.4 Provide unlimited unique counter (HO)
)
Package uniquecounter Info: New unique counter `rerunfilecheck' on input line 2
85.
)
\Hy@SectionHShift=\skip54
) (d:/LaTex/Texlive/texlive/2024/texmf-dist/tex/latex/tools/bm.sty
Package: bm 2023/07/08 v1.2f Bold Symbol Support (DPC/FMi)
\symboldoperators=\mathgroup4
\symboldletters=\mathgroup5
\symboldsymbols=\mathgroup6
Package bm Info: No bold for \OMX/cmex/m/n, using \pmb.
LaTeX Font Info:    Redeclaring math alphabet \mathbf on input line 149.
LaTeX Info: Redefining \bm on input line 219.
)
(d:/LaTex/Texlive/texlive/2024/texmf-dist/tex/latex/physics/physics.sty
Package: physics 

(d:/LaTex/Texlive/texlive/2024/texmf-dist/tex/latex/l3packages/xparse/xparse.st
y
Package: xparse 2024-02-18 L3 Experimental document command parser
) (d:/LaTex/Texlive/texlive/2024/texmf-dist/tex/latex/amsmath/amsmath.sty
Package: amsmath 2023/05/13 v2.17o AMS math features
\@mathmargin=\skip55

For additional information on amsmath, use the `?' option.
(d:/LaTex/Texlive/texlive/2024/texmf-dist/tex/latex/amsmath/amstext.sty
Package: amstext 2021/08/26 v2.01 AMS text

(d:/LaTex/Texlive/texlive/2024/texmf-dist/tex/latex/amsmath/amsgen.sty
File: amsgen.sty 1999/11/30 v2.0 generic functions
\@emptytoks=\toks22
\ex@=\dimen149
)
LaTeX Info: Redefining \text on input line 28.
)
(d:/LaTex/Texlive/texlive/2024/texmf-dist/tex/latex/amsmath/amsbsy.sty
Package: amsbsy 1999/11/29 v1.2d Bold Symbols
LaTeX Info: Redefining \boldsymbol on input line 28.
\pmbraise@=\dimen150
)
(d:/LaTex/Texlive/texlive/2024/texmf-dist/tex/latex/amsmath/amsopn.sty
Package: amsopn 2022/04/08 v2.04 operator names
)
\inf@bad=\count293
LaTeX Info: Redefining \frac on input line 234.
\uproot@=\count294
\leftroot@=\count295
LaTeX Info: Redefining \overline on input line 399.
LaTeX Info: Redefining \colon on input line 410.
\classnum@=\count296
\DOTSCASE@=\count297
LaTeX Info: Redefining \ldots on input line 496.
LaTeX Info: Redefining \dots on input line 499.
LaTeX Info: Redefining \cdots on input line 620.
\Mathstrutbox@=\box69
\strutbox@=\box70
LaTeX Info: Redefining \big on input line 722.
LaTeX Info: Redefining \Big on input line 723.
LaTeX Info: Redefining \bigg on input line 724.
LaTeX Info: Redefining \Bigg on input line 725.
\big@size=\dimen151
LaTeX Font Info:    Redeclaring font encoding OML on input line 743.
LaTeX Font Info:    Redeclaring font encoding OMS on input line 744.
\macc@depth=\count298
LaTeX Info: Redefining \bmod on input line 905.
LaTeX Info: Redefining \pmod on input line 910.
LaTeX Info: Redefining \smash on input line 940.
LaTeX Info: Redefining \relbar on input line 970.
LaTeX Info: Redefining \Relbar on input line 971.
\c@MaxMatrixCols=\count299
\dotsspace@=\muskip17
\c@parentequation=\count300
\dspbrk@lvl=\count301
\tag@help=\toks23
\row@=\count302
\column@=\count303
\maxfields@=\count304
\andhelp@=\toks24
\eqnshift@=\dimen152
\alignsep@=\dimen153
\tagshift@=\dimen154
\tagwidth@=\dimen155
\totwidth@=\dimen156
\lineht@=\dimen157
\@envbody=\toks25
\multlinegap=\skip56
\multlinetaggap=\skip57
\mathdisplay@stack=\toks26
LaTeX Info: Redefining \[ on input line 2953.
LaTeX Info: Redefining \] on input line 2954.
))
(d:/LaTex/Texlive/texlive/2024/texmf-dist/tex/latex/amsfonts/amssymb.sty
Package: amssymb 2013/01/14 v3.01 AMS font symbols

(d:/LaTex/Texlive/texlive/2024/texmf-dist/tex/latex/amsfonts/amsfonts.sty
Package: amsfonts 2013/01/14 v3.01 Basic AMSFonts support
\symAMSa=\mathgroup7
\symAMSb=\mathgroup8
LaTeX Font Info:    Redeclaring math symbol \hbar on input line 98.
LaTeX Font Info:    Overwriting math alphabet `\mathfrak' in version `bold'
(Font)                  U/euf/m/n --> U/euf/b/n on input line 106.
LaTeX Info: Redefining \frak on input line 111.
LaTeX Info: Redefining \Bbb on input line 113.
))
(d:/LaTex/Texlive/texlive/2024/texmf-dist/tex/latex/xcolor/xcolor.sty
Package: xcolor 2023/11/15 v3.01 LaTeX color extensions (UK)

(d:/LaTex/Texlive/texlive/2024/texmf-dist/tex/latex/graphics-cfg/color.cfg
File: color.cfg 2016/01/02 v1.6 sample color configuration
)
Package xcolor Info: Driver file: pdftex.def on input line 274.

(d:/LaTex/Texlive/texlive/2024/texmf-dist/tex/latex/graphics/mathcolor.ltx)
Package xcolor Info: Model `cmy' substituted by `cmy0' on input line 1350.
Package xcolor Info: Model `hsb' substituted by `rgb' on input line 1354.
Package xcolor Info: Model `RGB' extended on input line 1366.
Package xcolor Info: Model `HTML' substituted by `rgb' on input line 1368.
Package xcolor Info: Model `Hsb' substituted by `hsb' on input line 1369.
Package xcolor Info: Model `tHsb' substituted by `hsb' on input line 1370.
Package xcolor Info: Model `HSB' substituted by `hsb' on input line 1371.
Package xcolor Info: Model `Gray' substituted by `gray' on input line 1372.
Package xcolor Info: Model `wave' substituted by `hsb' on input line 1373.
)
(d:/LaTex/Texlive/texlive/2024/texmf-dist/tex/generic/ulem/ulem.sty
\UL@box=\box71
\UL@hyphenbox=\box72
\UL@skip=\skip58
\UL@hook=\toks27
\UL@height=\dimen158
\UL@pe=\count305
\UL@pixel=\dimen159
\ULC@box=\box73
Package: ulem 2019/11/18
\ULdepth=\dimen160
)
(d:/LaTex/Texlive/texlive/2024/texmf-dist/tex/latex/oberdiek/centernot.sty
Package: centernot 2016/05/16 v1.4 Centers the not symbol horizontally (HO)
)
(d:/LaTex/Texlive/texlive/2024/texmf-dist/tex/latex/braket/braket.sty)
(d:/LaTex/Texlive/texlive/2024/texmf-dist/tex/latex/tools/tabularx.sty
Package: tabularx 2023/07/08 v2.11c `tabularx' package (DPC)

(d:/LaTex/Texlive/texlive/2024/texmf-dist/tex/latex/tools/array.sty
Package: array 2023/10/16 v2.5g Tabular extension package (FMi)
\col@sep=\dimen161
\ar@mcellbox=\box74
\extrarowheight=\dimen162
\NC@list=\toks28
\extratabsurround=\skip59
\backup@length=\skip60
\ar@cellbox=\box75
)
\TX@col@width=\dimen163
\TX@old@table=\dimen164
\TX@old@col=\dimen165
\TX@target=\dimen166
\TX@delta=\dimen167
\TX@cols=\count306
\TX@ftn=\toks29
)
(d:/LaTex/Texlive/texlive/2024/texmf-dist/tex/latex/booktabs/booktabs.sty
Package: booktabs 2020/01/12 v1.61803398 Publication quality tables
\heavyrulewidth=\dimen168
\lightrulewidth=\dimen169
\cmidrulewidth=\dimen170
\belowrulesep=\dimen171
\belowbottomsep=\dimen172
\aboverulesep=\dimen173
\abovetopsep=\dimen174
\cmidrulesep=\dimen175
\cmidrulekern=\dimen176
\defaultaddspace=\dimen177
\@cmidla=\count307
\@cmidlb=\count308
\@aboverulesep=\dimen178
\@belowrulesep=\dimen179
\@thisruleclass=\count309
\@lastruleclass=\count310
\@thisrulewidth=\dimen180
)
(d:/LaTex/Texlive/texlive/2024/texmf-dist/tex/latex/psnfss/pifont.sty
Package: pifont 2020/03/25 PSNFSS-v9.3 Pi font support (SPQR) 
LaTeX Font Info:    Trying to load font information for U+pzd on input line 63.


(d:/LaTex/Texlive/texlive/2024/texmf-dist/tex/latex/psnfss/upzd.fd
File: upzd.fd 2001/06/04 font definitions for U/pzd.
)
LaTeX Font Info:    Trying to load font information for U+psy on input line 64.


(d:/LaTex/Texlive/texlive/2024/texmf-dist/tex/latex/psnfss/upsy.fd
File: upsy.fd 2001/06/04 font definitions for U/psy.
))
(d:/LaTex/Texlive/texlive/2024/texmf-dist/tex/latex/colortbl/colortbl.sty
Package: colortbl 2024/02/20 v1.0g Color table columns (DPC)
\everycr=\toks30
\minrowclearance=\skip61
\rownum=\count311
)
(d:/LaTex/Texlive/texlive/2024/texmf-dist/tex/latex/amscls/amsthm.sty
Package: amsthm 2020/05/29 v2.20.6
\thm@style=\toks31
\thm@bodyfont=\toks32
\thm@headfont=\toks33
\thm@notefont=\toks34
\thm@headpunct=\toks35
\thm@preskip=\skip62
\thm@postskip=\skip63
\thm@headsep=\skip64
\dth@everypar=\toks36
)
(d:/LaTex/Texlive/texlive/2024/texmf-dist/tex/generic/soul/soul.sty
Package: soul 2023-06-14 v3.1 Permit use of UTF-8 characters in soul (HO)

(d:/LaTex/Texlive/texlive/2024/texmf-dist/tex/generic/soul/soul-ori.sty
Package: soul-ori 2023-06-14 v3.1 letterspacing/underlining (mf)
\SOUL@word=\toks37
\SOUL@lasttoken=\toks38
\SOUL@syllable=\toks39
\SOUL@cmds=\toks40
\SOUL@buffer=\toks41
\SOUL@token=\toks42
\SOUL@syllgoal=\dimen181
\SOUL@syllwidth=\dimen182
\SOUL@charkern=\dimen183
\SOUL@hyphkern=\dimen184
\SOUL@dimen=\dimen185
\SOUL@dimeni=\dimen186
\SOUL@minus=\count312
\SOUL@comma=\count313
\SOUL@apo=\count314
\SOUL@grave=\count315
\SOUL@spaceskip=\skip65
\SOUL@ttwidth=\dimen187
\SOUL@uldp=\dimen188
\SOUL@ulht=\dimen189
)
(d:/LaTex/Texlive/texlive/2024/texmf-dist/tex/generic/etexcmds/etexcmds.sty
Package: etexcmds 2019/12/15 v1.7 Avoid name clashes with e-TeX commands (HO)
))
(d:/LaTex/Texlive/texlive/2024/texmf-dist/tex/latex/graphics/epsfig.sty
Package: epsfig 2017/06/25 v1.7b (e)psfig emulation (SPQR)
\epsfxsize=\dimen190
\epsfysize=\dimen191
)
(d:/LaTex/Texlive/texlive/2024/texmf-dist/tex/latex/titlesec/titlesec.sty
Package: titlesec 2023/10/27 v2.16 Sectioning titles
\ttl@box=\box76
\beforetitleunit=\skip66
\aftertitleunit=\skip67
\ttl@plus=\dimen192
\ttl@minus=\dimen193
\ttl@toksa=\toks43
\titlewidth=\dimen194
\titlewidthlast=\dimen195
\titlewidthfirst=\dimen196
)
\c@theorem=\count316

(d:/LaTex/Texlive/texlive/2024/texmf-dist/tex/latex/printlen/printlen.sty
Package: printlen 2009/09/03 v1.1a print lengths with units
)
Class revtex4-2 Info: colortbl package is loaded. (Proceeding with fingers cros
sed.) on input line 55.
Class revtex4-2 Info: cite was not loaded (OK!) on input line 55.
Class revtex4-2 Info: mcite was not loaded (OK!) on input line 55.
Class revtex4-2 Info: multicol was not loaded (OK!) on input line 55.

(d:/LaTex/Texlive/texlive/2024/texmf-dist/tex/latex/cjk/texinput/UTF8/UTF8.enc
File: UTF8.enc 2021/10/16 4.8.5
) (d:/LaTex/Texlive/texlive/2024/texmf-dist/tex/latex/cjk/texinput/UTF8/UTF8.ch
r
File: UTF8.chr 2021/10/16 4.8.5
) (build_pdflatex/arxiv.aux)
\openout1 = `arxiv.aux'.

LaTeX Font Info:    Checking defaults for OML/cmm/m/it on input line 55.
LaTeX Font Info:    ... okay on input line 55.
LaTeX Font Info:    Checking defaults for OMS/cmsy/m/n on input line 55.
LaTeX Font Info:    ... okay on input line 55.
LaTeX Font Info:    Checking defaults for OT1/cmr/m/n on input line 55.
LaTeX Font Info:    ... okay on input line 55.
LaTeX Font Info:    Checking defaults for T1/cmr/m/n on input line 55.
LaTeX Font Info:    ... okay on input line 55.
LaTeX Font Info:    Checking defaults for TS1/cmr/m/n on input line 55.
LaTeX Font Info:    ... okay on input line 55.
LaTeX Font Info:    Checking defaults for OMX/cmex/m/n on input line 55.
LaTeX Font Info:    ... okay on input line 55.
LaTeX Font Info:    Checking defaults for U/cmr/m/n on input line 55.
LaTeX Font Info:    ... okay on input line 55.
LaTeX Font Info:    Checking defaults for C00/song/m/n on input line 55.
LaTeX Font Info:    ... okay on input line 55.
LaTeX Font Info:    Checking defaults for C05/song/m/n on input line 55.
LaTeX Font Info:    ... okay on input line 55.
LaTeX Font Info:    Checking defaults for C09/song/m/n on input line 55.
LaTeX Font Info:    ... okay on input line 55.
LaTeX Font Info:    Checking defaults for C10/song/m/n on input line 55.
LaTeX Font Info:    ... okay on input line 55.
LaTeX Font Info:    Checking defaults for C20/song/m/n on input line 55.
LaTeX Font Info:    ... okay on input line 55.
LaTeX Font Info:    Checking defaults for C19/song/m/n on input line 55.
LaTeX Font Info:    ... okay on input line 55.
LaTeX Font Info:    Checking defaults for C40/song/m/n on input line 55.
LaTeX Font Info:    ... okay on input line 55.
LaTeX Font Info:    Checking defaults for C42/song/m/n on input line 55.
LaTeX Font Info:    ... okay on input line 55.
LaTeX Font Info:    Checking defaults for C43/song/m/n on input line 55.
LaTeX Font Info:    ... okay on input line 55.
LaTeX Font Info:    Checking defaults for C50/song/m/n on input line 55.
LaTeX Font Info:    ... okay on input line 55.
LaTeX Font Info:    Checking defaults for C52/song/m/n on input line 55.
LaTeX Font Info:    ... okay on input line 55.
LaTeX Font Info:    Checking defaults for C49/song/m/n on input line 55.
LaTeX Font Info:    ... okay on input line 55.
LaTeX Font Info:    Checking defaults for C60/mj/m/n on input line 55.
LaTeX Font Info:    ... okay on input line 55.
LaTeX Font Info:    Checking defaults for C61/mj/m/n on input line 55.
LaTeX Font Info:    ... okay on input line 55.
LaTeX Font Info:    Checking defaults for C63/mj/m/n on input line 55.
LaTeX Font Info:    ... okay on input line 55.
LaTeX Font Info:    Checking defaults for C64/mj/m/n on input line 55.
LaTeX Font Info:    ... okay on input line 55.
LaTeX Font Info:    Checking defaults for C65/mj/m/n on input line 55.
LaTeX Font Info:    ... okay on input line 55.
LaTeX Font Info:    Checking defaults for C70/song/m/n on input line 55.
LaTeX Font Info:    ... okay on input line 55.
LaTeX Font Info:    Checking defaults for C31/song/m/n on input line 55.
LaTeX Font Info:    ... okay on input line 55.
LaTeX Font Info:    Checking defaults for C32/song/m/n on input line 55.
LaTeX Font Info:    ... okay on input line 55.
LaTeX Font Info:    Checking defaults for C33/song/m/n on input line 55.
LaTeX Font Info:    ... okay on input line 55.
LaTeX Font Info:    Checking defaults for C34/song/m/n on input line 55.
LaTeX Font Info:    ... okay on input line 55.
LaTeX Font Info:    Checking defaults for C35/song/m/n on input line 55.
LaTeX Font Info:    ... okay on input line 55.
LaTeX Font Info:    Checking defaults for C36/song/m/n on input line 55.
LaTeX Font Info:    ... okay on input line 55.
LaTeX Font Info:    Checking defaults for C37/song/m/n on input line 55.
LaTeX Font Info:    ... okay on input line 55.
LaTeX Font Info:    Checking defaults for C80/song/m/n on input line 55.
LaTeX Font Info:    ... okay on input line 55.
LaTeX Font Info:    Checking defaults for C81/song/m/n on input line 55.
LaTeX Font Info:    ... okay on input line 55.
LaTeX Font Info:    Checking defaults for C01/song/m/n on input line 55.
LaTeX Font Info:    ... okay on input line 55.
LaTeX Font Info:    Checking defaults for C11/song/m/n on input line 55.
LaTeX Font Info:    ... okay on input line 55.
LaTeX Font Info:    Checking defaults for C21/song/m/n on input line 55.
LaTeX Font Info:    ... okay on input line 55.
LaTeX Font Info:    Checking defaults for C41/song/m/n on input line 55.
LaTeX Font Info:    ... okay on input line 55.
LaTeX Font Info:    Checking defaults for C62/song/m/n on input line 55.
LaTeX Font Info:    ... okay on input line 55.
LaTeX Font Info:    Checking defaults for PD1/pdf/m/n on input line 55.
LaTeX Font Info:    ... okay on input line 55.
LaTeX Font Info:    Checking defaults for PU/pdf/m/n on input line 55.
LaTeX Font Info:    ... okay on input line 55.

(d:/LaTex/Texlive/texlive/2024/texmf-dist/tex/context/base/mkii/supp-pdf.mkii
[Loading MPS to PDF converter (version 2006.09.02).]
\scratchcounter=\count317
\scratchdimen=\dimen197
\scratchbox=\box77
\nofMPsegments=\count318
\nofMParguments=\count319
\everyMPshowfont=\toks44
\MPscratchCnt=\count320
\MPscratchDim=\dimen198
\MPnumerator=\count321
\makeMPintoPDFobject=\count322
\everyMPtoPDFconversion=\toks45
)
(d:/LaTex/Texlive/texlive/2024/texmf-dist/tex/latex/epstopdf-pkg/epstopdf-base.
sty
Package: epstopdf-base 2020-01-24 v2.11 Base part for package epstopdf
Package epstopdf-base Info: Redefining graphics rule for `.eps' on input line 4
85.

(d:/LaTex/Texlive/texlive/2024/texmf-dist/tex/latex/latexconfig/epstopdf-sys.cf
g
File: epstopdf-sys.cfg 2010/07/13 v1.3 Configuration of (r)epstopdf for TeX Liv
e
))
Package hyperref Info: Link coloring OFF on input line 55.
 (build_pdflatex/arxiv.out) (build_pdflatex/arxiv.out)
\@outlinefile=\write4
\openout4 = `arxiv.out'.

Class revtex4-2 Info: Taking \maketitle back from hyperref on input line 55.
\openout3 = `arxivNotes.bib'.

LaTeX Font Info:    Trying to load font information for C70+rm on input line 71
.

(d:/LaTex/Texlive/texlive/2024/texmf-dist/tex/latex/ctex/fd/c70rm.fd
File: c70rm.fd 2022/07/14 v2.5.10 Chinese font definition (CTEX)
)
Package CJKpunct Info: use punctuation spaces for family 'rm' with punctstyle (
quanjiao) on input line 71.
LaTeX Font Info:    Trying to load font information for U+msa on input line 73.


(d:/LaTex/Texlive/texlive/2024/texmf-dist/tex/latex/amsfonts/umsa.fd
File: umsa.fd 2013/01/14 v3.01 AMS symbols A
)
LaTeX Font Info:    Trying to load font information for U+msb on input line 73.


(d:/LaTex/Texlive/texlive/2024/texmf-dist/tex/latex/amsfonts/umsb.fd
File: umsb.fd 2013/01/14 v3.01 AMS symbols B
)
Underfull \hbox (badness 10000) in paragraph at lines 78--79
[]\C70/rm/m/n/10.53937/8f Ÿ \C70/rm/m/n/10.53937/79 Õ \C70/rm/m/n/10.53937/8b æ
 \C70/rm/m/n/10.53937/60 Û \C70/rm/m/n/10.53937/67 ^^@ \C70/rm/m/n/10.53937/7e 
» \C70/rm/m/n/10.53937/50 ¨ \C70/rm/m/n/10.53937/75 ^^_ \C70/rm/m/n/10.53937/4e
 Ü \C70/rm/m/n/10.53937/52 ) \C70/rm/m/n/10.53937/75 (\OT1/cmr/m/n/10.53937 OAM
\C70/rm/m/n/10.53937/8b Ò \C70/rm/m/n/10.53937/5b ¸ \C70/rm/m/n/10.53937/8f « \
C70/rm/m/n/10.53937/7a  \C70/rm/m/n/10.53937/68 ¿
 []


Underfull \hbox (badness 10000) in paragraph at lines 78--79
\C70/rm/m/n/10.53937/6d K \C70/rm/m/n/10.53937/5b ˘ \C70/rm/m/n/10.53937/66   \
C70/rm/m/n/10.53937/4f S \C70/rm/m/n/10.53937/7e Ø \C70/rm/m/n/10.53937/5e ¶ \C
70/rm/m/n/10.53937/76 Ñ \C70/rm/m/n/10.53937/51 w \C70/rm/m/n/10.53937/4f S \C7
0/rm/m/n/10.53937/65 π \C70/rm/m/n/10.53937/68 H|\C70/rm/m/n/10.53937/ff ^^L| \
C70/rm/m/n/10.53937/72 y \C70/rm/m/n/10.53937/52 + \C70/rm/m/n/10.53937/66 / \C
70/rm/m/n/10.53937/87 ∫ \C70/rm/m/n/10.53937/65 À \C70/rm/m/n/10.53937/4e å \C7
0/rm/m/n/10.53937/82 r
 []


Underfull \hbox (badness 10000) in paragraph at lines 78--79
\C70/rm/m/n/10.53937/67 Å\OT1/cmr/m/n/10.53937 -\C70/rm/m/n/10.53937/78 ¡ \C70/
rm/m/n/10.53937/50 v \C70/rm/m/n/10.53937/67 Å\OT1/cmr/m/n/10.53937 ($\OML/cmm/
m/it/10.53937 E[]$\OT1/cmr/m/n/10.53937 -$\OML/cmm/m/it/10.53937 M[]$\OT1/cmr/m
/n/10.53937 )|\C70/rm/m/n/10.53937/30 ^^A| \C70/rm/m/n/10.53937/75 5 \C70/rm/m/
n/10.53937/50 v \C70/rm/m/n/10.53937/67 Å\OT1/cmr/m/n/10.53937 -\C70/rm/m/n/10.
53937/75 5 \C70/rm/m/n/10.53937/56 € \C70/rm/m/n/10.53937/67 Å\OT1/cmr/m/n/10.5
3937 ($\OML/cmm/m/it/10.53937 E[]$\OT1/cmr/m/n/10.53937 -$\OML/cmm/m/it/10.5393
7 E[]$\OT1/cmr/m/n/10.53937 )\C70/rm/m/n/10.53937/54 å \C70/rm/m/n/10.53937/75 
5 \C70/rm/m/n/10.53937/56 €
 []


Underfull \hbox (badness 1178) in paragraph at lines 80--81
\C70/rm/m/n/10.53937/62 ^^Q \C70/rm/m/n/10.53937/4e Ï \C70/rm/m/n/10.53937/63 ®
 \C70/rm/m/n/10.53937/5b ¸ \C70/rm/m/n/10.53937/51 ˙$\OML/cmm/m/it/10.53937 E[]
$\OT1/cmr/m/n/10.53937 -$\OML/cmm/m/it/10.53937 E[]$\C70/rm/m/n/10.53937/98 y \
C70/rm/m/n/10.53937/8b Ò \C70/rm/m/n/10.53937/5b ¸ \C70/rm/m/n/10.53937/76 Ñ \C
70/rm/m/n/10.53937/8f l \C70/rm/m/n/10.53937/52 ® \C70/rm/m/n/10.53937/63 / \C7
0/rm/m/n/10.53937/52 ® \C70/rm/m/n/10.53937/8d √ \C70/rm/m/n/10.53937/8f ¡ \C70
/rm/m/n/10.53937/90 	 \C70/rm/m/n/10.53937/62 È \C70/rm/m/n/10.53937/5b ö \C70/
rm/m/n/10.53937/52 ^^Y|\C70/rm/m/n/10.53937/30 ^^B|
 []


Underfull \hbox (badness 4205) in paragraph at lines 80--81
\C70/rm/m/n/10.53937/4f ^^?\OT1/cmr/m/n/10.53937 OAM\C70/rm/m/n/10.53937/8f l \
C70/rm/m/n/10.53937/79 ˚ \C70/rm/m/n/10.53937/81 Û \C70/rm/m/n/10.53937/62 K \C
70/rm/m/n/10.53937/60 ' \C70/rm/m/n/10.53937/52 ^^F \C70/rm/m/n/10.53937/5b P|\
C70/rm/m/n/10.53937/ff ^^L| \C70/rm/m/n/10.53937/4e Œ \C70/rm/m/n/10.53937/80 ^
^L \C70/rm/m/n/10.53937/4e ß \C70/rm/m/n/10.53937/75 ^^_ \C70/rm/m/n/10.53937/5
0 ç \C70/rm/m/n/10.53937/8f t — \C70/rm/m/n/10.53937/4f < \C70/rm/m/n/10.53937/
4e  ^^M
 []


Underfull \hbox (badness 2512) in paragraph at lines 80--81
\C70/rm/m/n/10.53937/5b X \C70/rm/m/n/10.53937/57 ( \C70/rm/m/n/10.53937/76 Ñ\O
T1/cmr/m/n/10.53937 HD\C70/rm/m/n/10.53937/8d ! \C70/rm/m/n/10.53937/73 .|\C70/
rm/m/n/10.53937/30 ^^B| \C70/rm/m/n/10.53937/62 ^^Q \C70/rm/m/n/10.53937/4e Ï \
C70/rm/m/n/10.53937/8f € \C70/rm/m/n/10.53937/4e ^^@ \C70/rm/m/n/10.53937/6b e 
\C70/rm/m/n/10.53937/8b ¡ \C70/rm/m/n/10.53937/66 ^^N|\C70/rm/m/n/10.53937/ff ^
^L| \C70/rm/m/n/10.53937/53 s \C70/rm/m/n/10.53937/4f ^^? \C70/rm/m/n/10.53937/
4e ^^M \C70/rm/m/n/10.53937/64 : \C70/rm/m/n/10.53937/5e & \C70/rm/m/n/10.53937
/8f ‹
 []


Underfull \hbox (badness 7963) in paragraph at lines 82--83
[]\C70/rm/m/n/10.53937/73 ∞ \C70/rm/m/n/10.53937/67 	 \C70/rm/m/n/10.53937/59 ^
^Z \C70/rm/m/n/10.53937/79 Õ \C70/rm/m/n/10.53937/5b ˘ \C70/rm/m/n/10.53937/66 
  \C70/rm/m/n/10.53937/4f S \C70/rm/m/n/10.53937/65 O \C70/rm/m/n/10.53937/61 ^
^_ \C70/rm/m/n/10.53937/65 π \C70/rm/m/n/10.53937/6c ’ \C70/rm/m/n/10.53937/57 
˙ \C70/rm/m/n/10.53937/4e é \C70/rm/m/n/10.53937/52 ^^F \C70/rm/m/n/10.53937/5b
 P \C70/rm/m/n/10.53937/59 ^^Z \C70/rm/m/n/10.53937/67 Å \C70/rm/m/n/10.53937/7
7 È \C70/rm/m/n/10.53937/52 ^^F
 []


(d:/LaTex/Texlive/texlive/2024/texmf-dist/tex/generic/ctex/zhmap/ctex-zhmap-win
dows.tex
File: ctex-zhmap-windows.tex 2022/07/14 v2.5.10 Windows font map loader for pdf
TeX and DVIPDFMx (CTEX)
{d:/LaTex/Texlive/texlive/2024/texmf-var/fonts/map/pdftex/updmap/pdftex.map}{UG
BK.sfd}{Unicode.sfd}) [1]
Package CJKpunct Info: use punctuation spaces for family 'zhkai' with punctstyl
e (quanjiao) on input line 88.

Underfull \hbox (badness 10000) in paragraph at lines 107--108
[]\C70/rm/m/n/10.53937/4e ^^M \C70/rm/m/n/10.53937/5b ˘ \C70/rm/m/n/10.53937/79
  \C70/rm/m/n/10.53937/96 @ \C70/rm/m/n/10.53937/87 ∫ \C70/rm/m/n/10.53937/8f 
l \C70/rm/m/n/10.53937/5b P \C70/rm/m/n/10.53937/54 » \C70/rm/m/n/10.53937/5b ∆
 \C70/rm/m/n/10.53937/98 ^^? \C70/rm/m/n/10.53937/91 œ \C70/rm/m/n/10.53937/76 
Ñ \C70/rm/m/n/10.53937/67 , \C70/rm/m/n/10.53937/5f Å \C70/rm/m/n/10.53937/60 ^
^A \C70/rm/m/n/10.53937/57 ( \C70/rm/m/n/10.53937/8f l \C70/rm/m/n/10.53937/52 
®
 []


Underfull \hbox (badness 7777) in paragraph at lines 118--138
\C70/rm/m/n/10.53937/5f ^^O \C70/rm/m/n/10.53937/4e -$\OML/cmm/m/it/10.53937 l 
\OT1/cmr/m/n/10.53937 = 0$\C70/rm/m/n/10.53937/54 å$\OML/cmm/m/it/10.53937 l \O
T1/cmr/m/n/10.53937 = 1$\C70/rm/m/n/10.53937/52 ^^F + \C70/rm/m/n/10.53937/5b ˘
 \C70/rm/m/n/10.53937/5e î \C70/rm/m/n/10.53937/50 v \C70/rm/m/n/10.53937/67 Å 
\C70/rm/m/n/10.53937/4e ^^N \C70/rm/m/n/10.53937/56 € \C70/rm/m/n/10.53937/67 Å
 \C70/rm/m/n/10.53937/8d √
 []


Underfull \hbox (badness 3128) in paragraph at lines 118--138
\C70/rm/m/n/10.53937/8f ¡|\C70/rm/m/n/10.53937/ff ^^L| $\OML/cmm/m/it/10.53937 
m \OT1/cmr/m/n/10.53937 = 0\OML/cmm/m/it/10.53937 ; \OMS/cmsy/m/n/10.53937 ^^F\
OT1/cmr/m/n/10.53937 1\OML/cmm/m/it/10.53937 ; [] ; \OMS/cmsy/m/n/10.53937 ^^F\
OML/cmm/m/it/10.53937 l$\C70/rm/m/n/10.53937/88 h \C70/rm/m/n/10.53937/79 : \C7
0/rm/m/n/10.53937/4f   \C70/rm/m/n/10.53937/90 ^^R \C70/rm/m/n/10.53937/7e Ÿ \C
70/rm/m/n/10.53937/52 ^^F \C70/rm/m/n/10.53937/5b P \C70/rm/m/n/10.53937/76 Ñ\O
T1/cmr/m/n/10.53937 OAM|\C70/rm/m/n/10.53937/ff ^^L|
 []


Underfull \hbox (badness 3291) in paragraph at lines 118--138
\OML/cmm/m/it/10.53937 ^^V \OT1/cmr/m/n/10.53937 = 0\OML/cmm/m/it/10.53937 ; \O
MS/cmsy/m/n/10.53937 ^^F\OT1/cmr/m/n/10.53937 1\OML/cmm/m/it/10.53937 ; [] ; \O
MS/cmsy/m/n/10.53937 ^^F\OT1/cmr/m/n/10.53937 (\OML/cmm/m/it/10.53937 l \OT1/cm
r/m/n/10.53937 + 1)$\C70/rm/m/n/10.53937/89 Ü \C70/rm/m/n/10.53937/76 ÷ \C70/rm
/m/n/10.53937/74 ^^C \C70/rm/m/n/10.53937/57 ˙ \C70/rm/m/n/10.53937/4e  \C70/r
m/m/n/10.53937/62 @ \C70/rm/m/n/10.53937/90 	 \C70/rm/m/n/10.53937/59 ^^Z \C70/
rm/m/n/10.53937/67 Å \C70/rm/m/n/10.53937/77 È
 []


Underfull \hbox (badness 6157) in paragraph at lines 118--138
\C70/rm/m/n/10.53937/76 Ñ \C70/rm/m/n/10.53937/62 @ \C70/rm/m/n/10.53937/67 	 \
C70/rm/m/n/10.53937/52 ^^F \C70/rm/m/n/10.53937/91 œ|\C70/rm/m/n/10.53937/ff ^^
L| $\OML/cmm/m/it/10.53937 ^^[ \OT1/cmr/m/n/10.53937 = 0\OML/cmm/m/it/10.53937 
; \OMS/cmsy/m/n/10.53937 ^^F\OT1/cmr/m/n/10.53937 1$\C70/rm/m/n/10.53937/4e : \
C70/rm/m/n/10.53937/51 I \C70/rm/m/n/10.53937/76 Ñ \C70/rm/m/n/10.53937/50 O \C
70/rm/m/n/10.53937/63 / \C70/rm/m/n/10.53937/52 ^^F \C70/rm/m/n/10.53937/91 œ|\
C70/rm/m/n/10.53937/30 ^^B| \C70/rm/m/n/10.53937/63 /
 []


Underfull \hbox (badness 3219) in paragraph at lines 118--138
\C70/rm/m/n/10.53937/52 ® \C70/rm/m/n/10.53937/98 y$\OMS/cmsy/m/n/10.53937 I[]$
\C70/rm/m/n/10.53937/4e ^^N \C70/rm/m/n/10.53937/8d ( \C70/rm/m/n/10.53937/5f √
 \C70/rm/m/n/10.53937/98 y$\OMS/cmsy/m/n/10.53937 I[]$\C70/rm/m/n/10.53937/52 ^
^F + \C70/rm/m/n/10.53937/53 ¬ \C70/rm/m/n/10.53937/65 p \C70/rm/m/n/10.53937/5
3 ^^V \C70/rm/m/n/10.53937/52 ^^F \C70/rm/m/n/10.53937/5b P \C70/rm/m/n/10.5393
7/4e ^^N \C70/rm/m/n/10.53937/51 I \C70/rm/m/n/10.53937/57 :
 []


Underfull \hbox (badness 4792) in paragraph at lines 118--138
\C70/rm/m/n/10.53937/72 y \C70/rm/m/n/10.53937/60 '|\C70/rm/m/n/10.53937/30 ^^B
| \C70/rm/m/n/10.53937/67 , \C70/rm/m/n/10.53937/65 á \C70/rm/m/n/10.53937/91 Õ
 \C70/rm/m/n/10.53937/70 π \C70/rm/m/n/10.53937/51 s \C70/rm/m/n/10.53937/6c Ë 
\C70/rm/m/n/10.53937/65 / \C70/rm/m/n/10.53937/91 M \C70/rm/m/n/10.53937/89 “ \
C70/rm/m/n/10.53937/52 ® \C70/rm/m/n/10.53937/91 œ \C70/rm/m/n/10.53937/90 	 \C
70/rm/m/n/10.53937/62 È \C70/rm/m/n/10.53937/5b ö \C70/rm/m/n/10.53937/52 ^^Y \
C70/rm/m/n/10.53937/76 Ñ \C70/rm/m/n/10.53937/8f l \C70/rm/m/n/10.53937/52 ®
 []


Underfull \hbox (badness 2073) in paragraph at lines 118--138
\C70/rm/m/n/10.53937/8d √ \C70/rm/m/n/10.53937/8f ¡ \C70/rm/m/n/10.53937/63 / \
C70/rm/m/n/10.53937/5e E$\OMS/cmsy/m/n/10.53937 I[]$|\C70/rm/m/n/10.53937/ff ^^
L| \C70/rm/m/n/10.53937/51 v \C70/rm/m/n/10.53937/60 ; \C70/rm/m/n/10.53937/7e 
” \C70/rm/m/n/10.53937/4e é \C70/rm/m/n/10.53937/88 h []\OT1/cmr/m/n/10.53937 I
I[]|\C70/rm/m/n/10.53937/30 ^^B|  \C70/rm/m/n/10.53937/53 Ô \C70/rm/m/n/10.5393
7/4e Â \C70/rm/m/n/10.53937/8b ¡
 []


Underfull \hbox (badness 5231) in paragraph at lines 118--138
\C70/rm/m/n/10.53937/66 ^^N$\OMS/cmsy/m/n/10.53937 I[] / \OML/cmm/m/it/10.53937
 C[]$ \OT1/cmr/m/n/10.53937 [[], []]|\C70/rm/m/n/10.53937/ff ^^L| \C70/rm/m/n/1
0.53937/51 v
 []

[2]
<Figure1.pdf, id=326, 246.04828pt x 246.04828pt>
File: Figure1.pdf Graphic file (type pdf)
<use Figure1.pdf>
Package pdftex.def Info: Figure1.pdf  used on input line 143.
(pdftex.def)             Requested size: 246.0pt x 245.99886pt.
<Figure2.pdf, id=347, 190.7125pt x 214.8025pt>
File: Figure2.pdf Graphic file (type pdf)
<use Figure2.pdf>
Package pdftex.def Info: Figure2.pdf  used on input line 157.
(pdftex.def)             Requested size: 246.0pt x 277.08653pt.

Underfull \hbox (badness 10000) in paragraph at lines 161--162
[]\C70/rm/m/n/10.53937/62 ^^Q \C70/rm/m/n/10.53937/4e Ï \C70/rm/m/n/10.53937/99
 ñ \C70/rm/m/n/10.53937/51 H \C70/rm/m/n/10.53937/6c Ë \C70/rm/m/n/10.53937/61 
^^O \C70/rm/m/n/10.53937/52 0|\C70/rm/m/n/10.53937/ff ^^L| \C70/rm/m/n/10.53937
/96 d \C70/rm/m/n/10.53937/97 ^$\OML/cmm/m/it/10.53937 d[]Q[]$\C70/rm/m/n/10.53
937/5b X \C70/rm/m/n/10.53937/57 ( \C70/rm/m/n/10.53937/86 Z
 []


Underfull \hbox (badness 10000) in paragraph at lines 161--162
\C70/rm/m/n/10.53937/90 Ë$[]\OT1/cmr/m/n/10.53937 [\OML/cmm/m/it/10.53937 d[]Q[
]\OT1/cmr/m/n/10.53937 ]$|\C70/rm/m/n/10.53937/ff ^^L| \C70/rm/m/n/10.53937/54 
& \C70/rm/m/n/10.53937/52 ^^Y \C70/rm/m/n/10.53937/62 @ \C70/rm/m/n/10.53937/67
 	 \C70/rm/m/n/10.53937/4f · \C70/rm/m/n/10.53937/53 ˜ \C70/rm/m/n/10.53937/8f 
n \C70/rm/m/n/10.53937/5e ” \C70/rm/m/n/10.53937/76 Ñ \C70/rm/m/n/10.53937/79 Ô
 \C70/rm/m/n/10.53937/52 ^^F \C70/rm/m/n/10.53937/50 < \C70/rm/m/n/10.53937/76 
¯ \C70/rm/m/n/10.53937/7b I|\C70/rm/m/n/10.53937/30 ^^B|
 []

[3 <./Figure1.pdf>]

LaTeX Warning: A float is stuck (cannot be placed); try class option [floatfix]
 on input line 167.


Underfull \hbox (badness 2828) in paragraph at lines 172--173
[]\C70/rm/m/n/10.53937/60 ; \C70/rm/m/n/10.53937/4e K|\C70/rm/m/n/10.53937/ff ^
^L| \C70/rm/m/n/10.53937/62 ^^Q \C70/rm/m/n/10.53937/4e Ï \C70/rm/m/n/10.53937/
8b ¡ \C70/rm/m/n/10.53937/66 ^^N \C70/rm/m/n/10.53937/4e Ü \C70/rm/m/n/10.53937
/50 ç \C70/rm/m/n/10.53937/8f t\OT1/cmr/m/n/10.53937 OAM\C70/rm/m/n/10.53937/51
 I \C70/rm/m/n/10.53937/67 _ \C70/rm/m/n/10.53937/65 ‡ \C70/rm/m/n/10.53937/6c 
’ \C70/rm/m/n/10.53937/4e ß \C70/rm/m/n/10.53937/75 ^^_\OT1/cmr/m/n/10.53937 HD

 []


Underfull \hbox (badness 10000) in paragraph at lines 174--175

 []

(./arxiv.bbl [4 <./Figure2.pdf>]
Underfull \hbox (badness 3260) in paragraph at lines 178--186
 []\OT1/cmr/m/n/9.03374 L. Ye, J. R. Rouxel, S. As-ban, B. R^^?osner, and
 []


Underfull \hbox (badness 1072) in paragraph at lines 178--186
 \OT1/cmr/m/n/9.03374 angular-momentum-carrying x-ray pulses, []Jour-nal of
 []


Underfull \hbox (badness 1383) in paragraph at lines 264--270
 []\OT1/cmr/m/n/9.03374 E. Rusak, J. Straubel, P. G ladysz, M. G^^?oddel, A.
 []


Underfull \hbox (badness 1286) in paragraph at lines 384--390
 \OT1/cmr/m/n/9.03374 dependent prop-erty sur-faces and the the-ory of vi-
 []

[5]
Underfull \hbox (badness 1735) in paragraph at lines 620--626
 \OT1/cmr/m/n/9.03374 trol of enantiomer-selective state trans-fer in chi-ral
 []

) [6] (build_pdflatex/arxiv.aux)
 ***********
LaTeX2e <2023-11-01> patch level 1
L3 programming layer <2022/07/14>
 ***********
Package rerunfilecheck Info: File `arxiv.out' has not changed.
(rerunfilecheck)             Checksum: 172BC5BA2ACDDA5ADA7A307B44EC48B6;480.
 ) 
Here is how much of TeX's memory you used:
 18925 strings out of 476023
 305286 string characters out of 5790319
 2000190 words of memory out of 5000000
 40366 multiletter control sequences out of 15000+600000
 621116 words of font info for 265 fonts, out of 8000000 for 9000
 36 hyphenation exceptions out of 8191
 80i,13n,83p,1205b,731s stack positions out of 10000i,1000n,20000p,200000b,200000s
<c:/Windows/Fonts/simsun.ttc><c:/Windows/Fonts/simsun.ttc><c:/Windows/Fonts/s
imsun.ttc><c:/Windows/Fonts/simkai.ttf><c:/Windows/Fonts/simkai.ttf><c:/Windows
/Fonts/simkai.ttf><c:/Windows/Fonts/simkai.ttf><c:/Windows/Fonts/simkai.ttf><c:
/Windows/Fonts/simkai.ttf><c:/Windows/Fonts/simkai.ttf><c:/Windows/Fonts/simkai
.ttf><c:/Windows/Fonts/simkai.ttf><c:/Windows/Fonts/simkai.ttf><c:/Windows/Font
s/simkai.ttf><c:/Windows/Fonts/simkai.ttf><c:/Windows/Fonts/simkai.ttf><c:/Wind
ows/Fonts/simkai.ttf><c:/Windows/Fonts/simkai.ttf><c:/Windows/Fonts/simsun.ttc>
<c:/Windows/Fonts/simsun.ttc><c:/Windows/Fonts/simsun.ttc><c:/Windows/Fonts/sim
sun.ttc><c:/Windows/Fonts/simsun.ttc><c:/Windows/Fonts/simsun.ttc><c:/Windows/F
onts/simsun.ttc><c:/Windows/Fonts/simsun.ttc><c:/Windows/Fonts/simsun.ttc><c:/W
indows/Fonts/simsun.ttc><c:/Windows/Fonts/simsun.ttc><c:/Windows/Fonts/simsun.t
tc><c:/Windows/Fonts/simsun.ttc><c:/Windows/Fonts/simsun.ttc><c:/Windows/Fonts/
simsun.ttc><c:/Windows/Fonts/simsun.ttc><c:/Windows/Fonts/simsun.ttc><c:/Window
s/Fonts/simsun.ttc><c:/Windows/Fonts/simsun.ttc><c:/Windows/Fonts/simsun.ttc><c
:/Windows/Fonts/simsun.ttc><c:/Windows/Fonts/simsun.ttc><c:/Windows/Fonts/simsu
n.ttc><c:/Windows/Fonts/simsun.ttc><c:/Windows/Fonts/simsun.ttc><c:/Windows/Fon
ts/simsun.ttc><c:/Windows/Fonts/simsun.ttc><c:/Windows/Fonts/simsun.ttc><c:/Win
dows/Fonts/simsun.ttc><c:/Windows/Fonts/simsun.ttc><c:/Windows/Fonts/simsun.ttc
><c:/Windows/Fonts/simsun.ttc><c:/Windows/Fonts/simsun.ttc><c:/Windows/Fonts/si
msun.ttc><c:/Windows/Fonts/simsun.ttc><c:/Windows/Fonts/simsun.ttc><c:/Windows/
Fonts/simsun.ttc><c:/Windows/Fonts/simsun.ttc><c:/Windows/Fonts/simsun.ttc><c:/
Windows/Fonts/simsun.ttc><c:/Windows/Fonts/simsun.ttc><c:/Windows/Fonts/simsun.
ttc><c:/Windows/Fonts/simsun.ttc><c:/Windows/Fonts/simsun.ttc><c:/Windows/Fonts
/simsun.ttc><c:/Windows/Fonts/simsun.ttc><c:/Windows/Fonts/simsun.ttc><c:/Windo
ws/Fonts/simsun.ttc><c:/Windows/Fonts/simsun.ttc><c:/Windows/Fonts/simsun.ttc><
c:/Windows/Fonts/simsun.ttc><c:/Windows/Fonts/simsun.ttc><c:/Windows/Fonts/sims
un.ttc><c:/Windows/Fonts/simsun.ttc><c:/Windows/Fonts/simsun.ttc><c:/Windows/Fo
nts/simsun.ttc><c:/Windows/Fonts/simsun.ttc><c:/Windows/Fonts/simsun.ttc><c:/Wi
ndows/Fonts/simsun.ttc><c:/Windows/Fonts/simsun.ttc><c:/Windows/Fonts/simsun.tt
c><c:/Windows/Fonts/simsun.ttc><c:/Windows/Fonts/simsun.ttc><c:/Windows/Fonts/s
imsun.ttc><c:/Windows/Fonts/simsun.ttc><c:/Windows/Fonts/simsun.ttc><c:/Windows
/Fonts/simsun.ttc><c:/Windows/Fonts/simsun.ttc><c:/Windows/Fonts/simsun.ttc><c:
/Windows/Fonts/simsun.ttc><c:/Windows/Fonts/simsun.ttc><c:/Windows/Fonts/simsun
.ttc><c:/Windows/Fonts/simkai.ttf><c:/Windows/Fonts/simkai.ttf><c:/Windows/Font
s/simkai.ttf><c:/Windows/Fonts/simkai.ttf><c:/Windows/Fonts/simkai.ttf><c:/Wind
ows/Fonts/simkai.ttf><c:/Windows/Fonts/simkai.ttf><c:/Windows/Fonts/simkai.ttf>
<c:/Windows/Fonts/simkai.ttf><c:/Windows/Fonts/simhei.ttf><c:/Windows/Fonts/sim
hei.ttf><c:/Windows/Fonts/simhei.ttf><c:/Windows/Fonts/simhei.ttf><c:/Windows/F
onts/simhei.ttf><c:/Windows/Fonts/simhei.ttf><c:/Windows/Fonts/simhei.ttf><c:/W
indows/Fonts/simhei.ttf><c:/Windows/Fonts/simhei.ttf><c:/Windows/Fonts/simhei.t
tf><c:/Windows/Fonts/simhei.ttf><c:/Windows/Fonts/simhei.ttf><d:/LaTex/Texlive/
texlive/2024/texmf-dist/fonts/type1/public/amsfonts/cm/cmbsy10.pfb><d:/LaTex/Te
xlive/texlive/2024/texmf-dist/fonts/type1/public/amsfonts/cm/cmbx10.pfb><d:/LaT
ex/Texlive/texlive/2024/texmf-dist/fonts/type1/public/amsfonts/cm/cmbx12.pfb><d
:/LaTex/Texlive/texlive/2024/texmf-dist/fonts/type1/public/amsfonts/cm/cmbx9.pf
b><d:/LaTex/Texlive/texlive/2024/texmf-dist/fonts/type1/public/amsfonts/cm/cmex
10.pfb><d:/LaTex/Texlive/texlive/2024/texmf-dist/fonts/type1/public/amsfonts/cm
extra/cmex7.pfb><d:/LaTex/Texlive/texlive/2024/texmf-dist/fonts/type1/public/am
sfonts/cm/cmmi10.pfb><d:/LaTex/Texlive/texlive/2024/texmf-dist/fonts/type1/publ
ic/amsfonts/cm/cmmi5.pfb><d:/LaTex/Texlive/texlive/2024/texmf-dist/fonts/type1/
public/amsfonts/cm/cmmi6.pfb><d:/LaTex/Texlive/texlive/2024/texmf-dist/fonts/ty
pe1/public/amsfonts/cm/cmmi7.pfb><d:/LaTex/Texlive/texlive/2024/texmf-dist/font
s/type1/public/amsfonts/cm/cmmi9.pfb><d:/LaTex/Texlive/texlive/2024/texmf-dist/
fonts/type1/public/amsfonts/cm/cmmib10.pfb><d:/LaTex/Texlive/texlive/2024/texmf
-dist/fonts/type1/public/amsfonts/cm/cmr10.pfb><d:/LaTex/Texlive/texlive/2024/t
exmf-dist/fonts/type1/public/amsfonts/cm/cmr5.pfb><d:/LaTex/Texlive/texlive/202
4/texmf-dist/fonts/type1/public/amsfonts/cm/cmr6.pfb><d:/LaTex/Texlive/texlive/
2024/texmf-dist/fonts/type1/public/amsfonts/cm/cmr7.pfb><d:/LaTex/Texlive/texli
ve/2024/texmf-dist/fonts/type1/public/amsfonts/cm/cmr9.pfb><d:/LaTex/Texlive/te
xlive/2024/texmf-dist/fonts/type1/public/amsfonts/cm/cmsy10.pfb><d:/LaTex/Texli
ve/texlive/2024/texmf-dist/fonts/type1/public/amsfonts/cm/cmsy5.pfb><d:/LaTex/T
exlive/texlive/2024/texmf-dist/fonts/type1/public/amsfonts/cm/cmsy6.pfb><d:/LaT
ex/Texlive/texlive/2024/texmf-dist/fonts/type1/public/amsfonts/cm/cmsy7.pfb><d:
/LaTex/Texlive/texlive/2024/texmf-dist/fonts/type1/public/amsfonts/cm/cmsy9.pfb
><d:/LaTex/Texlive/texlive/2024/texmf-dist/fonts/type1/public/amsfonts/cm/cmti9
.pfb><d:/LaTex/Texlive/texlive/2024/texmf-dist/fonts/type1/urw/zapfding/uzdr.pf
b>
Output written on build_pdflatex/arxiv.pdf (6 pages, 1284371 bytes).
PDF statistics:
 970 PDF objects out of 1000 (max. 8388607)
 711 compressed objects within 8 object streams
 63 named destinations out of 1000 (max. 500000)
 343 words of extra memory for PDF output out of 10000 (max. 10000000)

