\BOOKMARK [1][-]{section.1}{\376\377\137\025\212\000}{}% 1
\BOOKMARK [1][-]{section.2}{\376\377\166\370\121\163\135\345\117\134}{}% 2
\BOOKMARK [1][-]{section.3}{\376\377\145\271\154\325\213\272}{}% 3
\BOOKMARK [2][-]{subsection.3.1}{\376\377\225\356\230\230\210\150\217\360}{section.3}% 4
\BOOKMARK [2][-]{subsection.3.2}{\376\377\122\250\140\001\131\126\122\261\116\016\143\320\171\072\117\030\123\026\000\040\000\050\000D\000R\000P\000O\000\051}{section.3}% 5
\BOOKMARK [3][-]{subsubsection.3.2.1}{\376\377\122\250\140\001\131\126\122\261\165\050\116\216\133\371\237\120}{subsection.3.2}% 6
\BOOKMARK [3][-]{subsubsection.3.2.2}{\376\377\000I\000C\000L\000\040\171\072\117\213\117\030\123\026}{subsection.3.2}% 7
\BOOKMARK [3][-]{subsubsection.3.2.3}{\376\377\174\373\176\337\143\320\171\072\117\030\123\026}{subsection.3.2}% 8
\BOOKMARK [1][-]{section.4}{\376\377\133\236\232\214}{}% 9
\BOOKMARK [2][-]{subsection.4.1}{\376\377\133\236\232\214\213\276\177\156}{section.4}% 10
\BOOKMARK [2][-]{subsection.4.2}{\376\377\176\323\147\234}{section.4}% 11
\BOOKMARK [1][-]{section.5}{\376\377\176\323\213\272}{}% 12
\BOOKMARK [1][-]{appendix.A}{\376\377\146\364\131\032\133\236\163\260\176\306\202\202}{}% 13
\BOOKMARK [2][-]{subsection.A.1}{\376\377\000\040\000D\000R\000P\000O\000\040\166\204\215\205\123\302\145\160}{appendix.A}% 14
\BOOKMARK [2][-]{subsection.A.2}{\376\377\127\372\121\306}{appendix.A}% 15
\BOOKMARK [2][-]{subsection.A.3}{\376\377\171\315\133\120\150\067\147\054}{appendix.A}% 16
\BOOKMARK [2][-]{subsection.A.4}{\376\377\127\372\170\100\000\040\000I\000C\000L\000\040\171\072\117\213}{appendix.A}% 17
\BOOKMARK [2][-]{subsection.A.5}{\376\377\000\040\000D\000R\000P\000O\000\040\166\204\142\020\147\054\122\006\147\220}{appendix.A}% 18
\BOOKMARK [1][-]{appendix.B}{\376\377\122\006\174\173\140\047\200\375}{}% 19
\BOOKMARK [2][-]{subsection.B.1}{\376\377\000M\000i\000s\000t\000r\000a\000l\000\040\0007\000b}{appendix.B}% 20
\BOOKMARK [2][-]{subsection.B.2}{\376\377\000L\000l\000a\000m\000a\000\040\0002\000\040\0007\0000\000b}{appendix.B}% 21
\BOOKMARK [2][-]{subsection.B.3}{\376\377\000g\000p\000t\000-\0003\000.\0005\000-\000t\000u\000r\000b\000o}{appendix.B}% 22
\BOOKMARK [1][-]{appendix.C}{\376\377\117\030\123\026\173\227\154\325}{}% 23
\BOOKMARK [2][-]{subsection.C.1}{\376\377\000I\000C\000L\000\040\117\030\123\026}{appendix.C}% 24
\BOOKMARK [2][-]{subsection.C.2}{\376\377\174\373\176\337\143\320\171\072\117\030\123\026}{appendix.C}% 25
\BOOKMARK [1][-]{appendix.D}{\376\377\117\030\123\026\143\320\171\072\150\110\117\213\170\024\172\166}{}% 26
\BOOKMARK [1][-]{appendix.E}{\376\377\121\103\143\320\171\072}{}% 27
\BOOKMARK [2][-]{subsection.E.1}{\376\377\131\126\122\261\143\320\171\072}{appendix.E}% 28
\BOOKMARK [3][-]{subsubsection.E.1.1}{\376\377\213\304\117\060\133\127\121\170}{subsection.E.1}% 29
\BOOKMARK [3][-]{subsubsection.E.1.2}{\376\377\213\304\117\060\133\127\121\170}{subsection.E.1}% 30
\BOOKMARK [3][-]{subsubsection.E.1.3}{\376\377\213\304\117\060\133\127\121\170}{subsection.E.1}% 31
\BOOKMARK [3][-]{subsubsection.E.1.4}{\376\377\213\304\117\060\133\127\121\170}{subsection.E.1}% 32
\BOOKMARK [3][-]{subsubsection.E.1.5}{\376\377\213\304\117\060\133\127\121\170}{subsection.E.1}% 33
\BOOKMARK [3][-]{subsubsection.E.1.6}{\376\377\213\304\117\060\133\127\121\170}{subsection.E.1}% 34
\BOOKMARK [3][-]{subsubsection.E.1.7}{\376\377\213\304\117\060\133\127\121\170}{subsection.E.1}% 35
\BOOKMARK [3][-]{subsubsection.E.1.8}{\376\377\213\304\117\060\133\127\121\170}{subsection.E.1}% 36
\BOOKMARK [3][-]{subsubsection.E.1.9}{\376\377\213\304\117\060\133\127\121\170}{subsection.E.1}% 37
\BOOKMARK [3][-]{subsubsection.E.1.10}{\376\377\213\304\117\060\133\127\121\170}{subsection.E.1}% 38
\BOOKMARK [3][-]{subsubsection.E.1.11}{\376\377\213\304\117\060\133\127\121\170}{subsection.E.1}% 39
\BOOKMARK [3][-]{subsubsection.E.1.12}{\376\377\213\304\117\060\133\127\121\170}{subsection.E.1}% 40
\BOOKMARK [3][-]{subsubsection.E.1.13}{\376\377\213\304\117\060\133\127\121\170}{subsection.E.1}% 41
\BOOKMARK [3][-]{subsubsection.E.1.14}{\376\377\213\304\117\060\133\127\121\170}{subsection.E.1}% 42
\BOOKMARK [3][-]{subsubsection.E.1.15}{\376\377\213\304\117\060\133\127\121\170}{subsection.E.1}% 43
\BOOKMARK [3][-]{subsubsection.E.1.16}{\376\377\213\304\117\060\133\127\121\170}{subsection.E.1}% 44
\BOOKMARK [3][-]{subsubsection.E.1.17}{\376\377\213\304\117\060\133\127\121\170}{subsection.E.1}% 45
\BOOKMARK [3][-]{subsubsection.E.1.18}{\376\377\213\304\117\060\133\127\121\170}{subsection.E.1}% 46
\BOOKMARK [3][-]{subsubsection.E.1.19}{\376\377\213\304\117\060\133\127\121\170}{subsection.E.1}% 47
\BOOKMARK [3][-]{subsubsection.E.1.20}{\376\377\213\304\117\060\133\127\121\170}{subsection.E.1}% 48
\BOOKMARK [3][-]{subsubsection.E.1.21}{\376\377\131\126\122\261\220\011\142\351\143\320\171\072}{subsection.E.1}% 49
\BOOKMARK [2][-]{subsection.E.2}{\376\377\162\266\140\001\217\154\143\142\143\320\171\072}{appendix.E}% 50
