This is pdfTeX, Version 3.141592653-2.6-1.40.24 (TeX Live 2022) (preloaded format=pdflatex 2025.7.16)  16 JUL 2025 15:19
entering extended mode
 restricted \write18 enabled.
 file:line:error style messages enabled.
 %&-line parsing enabled.
**speedmeVSLPDUv2.tex
(./speedmeVSLPDUv2.tex
LaTeX2e <2021-11-15> patch level 1
L3 programming layer <2022-02-24>
(d:/texlive/2022/texmf-dist/tex/latex/revtex4/revtex4.cls
Document Class: revtex4 2020/09/30 v4.0a (http://publish.aps.org/revtex4/ for d
ocumentation)
 Copyright (c) 2001 The American Physical Society.
 mailto:revtex@aps.org
 Licensed under the LPPL:
http://www.ctan.org/tex-archive/macros/latex/base/lppl.txt
 Arthur Ogawa <ogawa@teleport.com>
 Based on work by David Carlisle <david@dcarlisle.demon.co.uk>.
ltxutil: portions licensed from W. E. Baxter (web@superscript.com)
Class revtex4 Info: Repairing broken LateX \@sect on input line 640.
\intertabularlinepenalty=\count185
\@tbpen=\count186
\@arstrutbox@hline=\box50
Class revtex4 Info: Repairing broken LaTeX \@xbitor on input line 1654.
ltxgrid: portions licensed from W. E. Baxter (web@superscript.com)
\c@linecount=\count187
\output=\toks16
\@protection@box=\box51
\@topmark@saved=\toks17
\footins@saved=\box52
\pagesofar=\box53
\footbox=\box54
\pagegrid@col=\count188
Class revtex4 Info: Incorporating package {textcase}  [1998/11/12 v0.06 Text on
ly upper/lower case changing (DPC)]. on input line 3736.
(d:/texlive/2022/texmf-dist/tex/latex/base/fleqn.clo
File: fleqn.clo 2016/12/29 v1.2b Standard LaTeX option (flush left equations)
\mathindent=\skip47
Applying: [2015/01/01] Make \[ robust on input line 50.
LaTeX Info: Redefining \[ on input line 51.
Already applied: [0000/00/00] Make \[ robust on input line 62.
Applying: [2015/01/01] Make \] robust on input line 74.
LaTeX Info: Redefining \] on input line 75.
Already applied: [0000/00/00] Make \] robust on input line 83.
)
(d:/texlive/2022/texmf-dist/tex/latex/url/url.sty
\Urlmuskip=\muskip16
Package: url 2013/09/16  ver 3.4  Verb mode for urls, etc.
)
\c@affil=\count189
\absbox=\box55
\c@part=\count190
\c@section=\count191
\c@subsection=\count192
\c@subsubsection=\count193
\c@paragraph=\count194
\c@subparagraph=\count195
\abovecaptionskip=\skip48
\belowcaptionskip=\skip49
\c@figure=\count196
\c@table=\count197

(d:/texlive/2022/texmf-dist/tex/latex/natbib/natbib.sty
Package: natbib 2010/09/13 8.31b (PWD, AO)
\bibhang=\skip50
\bibsep=\skip51
LaTeX Info: Redefining \cite on input line 694.
\c@NAT@ctr=\count198
)
\widetext@top=\box56
\widetext@bot=\box57

(d:/texlive/2022/texmf-dist/tex/latex/revtex4/revsymb.sty
Package: revsymb 2020/09/30 v4.0a (http://publish.aps.org/revtex4/ for document
ation)
LaTeX Info: Redefining \REV@mathfrak on input line 118.
))

Class revtex4 Warning: No Society specified, using generic APS style.

(d:/texlive/2022/texmf-dist/tex/latex/revtex4/aps.rtx
File: aps.rtx 2020/09/30 v4.0a (http://publish.aps.org/revtex4/ for documentati
on)
)
(d:/texlive/2022/texmf-dist/tex/latex/revtex4/12pt.rtx
File: 12pt.rtx 2020/09/30 v4.0a (http://publish.aps.org/revtex4/ for documentat
ion)
)
(d:/texlive/2022/texmf-dist/tex/latex/cjk/texinput/CJKutf8.sty
Package: CJKutf8 2021/10/16 4.8.5

(d:/texlive/2022/texmf-dist/tex/generic/iftex/ifpdf.sty
Package: ifpdf 2019/10/25 v3.4 ifpdf legacy package. Use iftex instead.

(d:/texlive/2022/texmf-dist/tex/generic/iftex/iftex.sty
Package: iftex 2022/02/03 v1.0f TeX engine tests
))
(d:/texlive/2022/texmf-dist/tex/latex/base/inputenc.sty
Package: inputenc 2021/02/14 v1.3d Input encoding file
\inpenc@prehook=\toks18
\inpenc@posthook=\toks19
)
(d:/texlive/2022/texmf-dist/tex/latex/cjk/texinput/CJK.sty
Package: CJK 2021/10/16 4.8.5

(d:/texlive/2022/texmf-dist/tex/latex/cjk/texinput/mule/MULEenc.sty
Package: MULEenc 2021/10/16 4.8.5
)
(d:/texlive/2022/texmf-dist/tex/latex/cjk/texinput/CJK.enc
File: CJK.enc 2021/10/16 4.8.5
Now handling font encoding C00 ...
... no UTF-8 mapping file for font encoding C00
Now handling font encoding C05 ...
... no UTF-8 mapping file for font encoding C05
Now handling font encoding C09 ...
... no UTF-8 mapping file for font encoding C09
Now handling font encoding C10 ...
... no UTF-8 mapping file for font encoding C10
Now handling font encoding C20 ...
... no UTF-8 mapping file for font encoding C20
Now handling font encoding C19 ...
... no UTF-8 mapping file for font encoding C19
Now handling font encoding C40 ...
... no UTF-8 mapping file for font encoding C40
Now handling font encoding C42 ...
... no UTF-8 mapping file for font encoding C42
Now handling font encoding C43 ...
... no UTF-8 mapping file for font encoding C43
Now handling font encoding C50 ...
... no UTF-8 mapping file for font encoding C50
Now handling font encoding C52 ...
... no UTF-8 mapping file for font encoding C52
Now handling font encoding C49 ...
... no UTF-8 mapping file for font encoding C49
Now handling font encoding C60 ...
... no UTF-8 mapping file for font encoding C60
Now handling font encoding C61 ...
... no UTF-8 mapping file for font encoding C61
Now handling font encoding C63 ...
... no UTF-8 mapping file for font encoding C63
Now handling font encoding C64 ...
... no UTF-8 mapping file for font encoding C64
Now handling font encoding C65 ...
... no UTF-8 mapping file for font encoding C65
Now handling font encoding C70 ...
... no UTF-8 mapping file for font encoding C70
Now handling font encoding C31 ...
... no UTF-8 mapping file for font encoding C31
Now handling font encoding C32 ...
... no UTF-8 mapping file for font encoding C32
Now handling font encoding C33 ...
... no UTF-8 mapping file for font encoding C33
Now handling font encoding C34 ...
... no UTF-8 mapping file for font encoding C34
Now handling font encoding C35 ...
... no UTF-8 mapping file for font encoding C35
Now handling font encoding C36 ...
... no UTF-8 mapping file for font encoding C36
Now handling font encoding C37 ...
... no UTF-8 mapping file for font encoding C37
Now handling font encoding C80 ...
... no UTF-8 mapping file for font encoding C80
Now handling font encoding C81 ...
... no UTF-8 mapping file for font encoding C81
Now handling font encoding C01 ...
... no UTF-8 mapping file for font encoding C01
Now handling font encoding C11 ...
... no UTF-8 mapping file for font encoding C11
Now handling font encoding C21 ...
... no UTF-8 mapping file for font encoding C21
Now handling font encoding C41 ...
... no UTF-8 mapping file for font encoding C41
Now handling font encoding C62 ...
... no UTF-8 mapping file for font encoding C62
)
\CJK@indent=\box58
)
(d:/texlive/2022/texmf-dist/tex/latex/base/fontenc.sty
Package: fontenc 2021/04/29 v2.0v Standard LaTeX package
))
(d:/texlive/2022/texmf-dist/tex/latex/graphics/graphicx.sty
Package: graphicx 2021/09/16 v1.2d Enhanced LaTeX Graphics (DPC,SPQR)

(d:/texlive/2022/texmf-dist/tex/latex/graphics/keyval.sty
Package: keyval 2014/10/28 v1.15 key=value parser (DPC)
\KV@toks@=\toks20
)
(d:/texlive/2022/texmf-dist/tex/latex/graphics/graphics.sty
Package: graphics 2021/03/04 v1.4d Standard LaTeX Graphics (DPC,SPQR)

(d:/texlive/2022/texmf-dist/tex/latex/graphics/trig.sty
Package: trig 2021/08/11 v1.11 sin cos tan (DPC)
)
(d:/texlive/2022/texmf-dist/tex/latex/graphics-cfg/graphics.cfg
File: graphics.cfg 2016/06/04 v1.11 sample graphics configuration
)
Package graphics Info: Driver file: pdftex.def on input line 107.

(d:/texlive/2022/texmf-dist/tex/latex/graphics-def/pdftex.def
File: pdftex.def 2020/10/05 v1.2a Graphics/color driver for pdftex
))
\Gin@req@height=\dimen138
\Gin@req@width=\dimen139
)
(d:/texlive/2022/texmf-dist/tex/latex/amsfonts/amssymb.sty
Package: amssymb 2013/01/14 v3.01 AMS font symbols

(d:/texlive/2022/texmf-dist/tex/latex/amsfonts/amsfonts.sty
Package: amsfonts 2013/01/14 v3.01 Basic AMSFonts support
\@emptytoks=\toks21
\symAMSa=\mathgroup4
\symAMSb=\mathgroup5
LaTeX Font Info:    Redeclaring math symbol \hbar on input line 98.
LaTeX Font Info:    Overwriting math alphabet `\mathfrak' in version `bold'
(Font)                  U/euf/m/n --> U/euf/b/n on input line 106.
LaTeX Info: Redefining \frak on input line 111.
LaTeX Info: Redefining \Bbb on input line 113.
))
(d:/texlive/2022/texmf-dist/tex/latex/amsmath/amsmath.sty
Package: amsmath 2021/10/15 v2.17l AMS math features
\@mathmargin=\skip52

For additional information on amsmath, use the `?' option.
(d:/texlive/2022/texmf-dist/tex/latex/amsmath/amstext.sty
Package: amstext 2021/08/26 v2.01 AMS text

(d:/texlive/2022/texmf-dist/tex/latex/amsmath/amsgen.sty
File: amsgen.sty 1999/11/30 v2.0 generic functions
\@emptytoks=\toks22
\ex@=\dimen140
))
(d:/texlive/2022/texmf-dist/tex/latex/amsmath/amsbsy.sty
Package: amsbsy 1999/11/29 v1.2d Bold Symbols
\pmbraise@=\dimen141
)
(d:/texlive/2022/texmf-dist/tex/latex/amsmath/amsopn.sty
Package: amsopn 2021/08/26 v2.02 operator names
)
\inf@bad=\count199
LaTeX Info: Redefining \frac on input line 234.
\uproot@=\count266
\leftroot@=\count267
LaTeX Info: Redefining \overline on input line 399.
\classnum@=\count268
\DOTSCASE@=\count269
LaTeX Info: Redefining \ldots on input line 496.
LaTeX Info: Redefining \dots on input line 499.
LaTeX Info: Redefining \cdots on input line 620.
\Mathstrutbox@=\box59
\strutbox@=\box60
\big@size=\dimen142
LaTeX Font Info:    Redeclaring font encoding OML on input line 743.
LaTeX Font Info:    Redeclaring font encoding OMS on input line 744.
\macc@depth=\count270
\c@MaxMatrixCols=\count271
\dotsspace@=\muskip17
\c@parentequation=\count272
\dspbrk@lvl=\count273
\tag@help=\toks23
\row@=\count274
\column@=\count275
\maxfields@=\count276
\andhelp@=\toks24
\eqnshift@=\dimen143
\alignsep@=\dimen144
\tagshift@=\dimen145
\tagwidth@=\dimen146
\totwidth@=\dimen147
\lineht@=\dimen148
\@envbody=\toks25
\multlinegap=\skip53
\multlinetaggap=\skip54
\mathdisplay@stack=\toks26
LaTeX Info: Redefining \[ on input line 2938.
LaTeX Info: Redefining \] on input line 2939.
)
(d:/texlive/2022/texmf-dist/tex/latex/tools/bm.sty
Package: bm 2021/04/25 v1.2e Bold Symbol Support (DPC/FMi)
\symboldoperators=\mathgroup6
\symboldletters=\mathgroup7
\symboldsymbols=\mathgroup8
Package bm Info: No bold for \OMX/cmex/m/n, using \pmb.
Package bm Info: No bold for \U/msa/m/n, using \pmb.
Package bm Info: No bold for \U/msb/m/n, using \pmb.
LaTeX Font Info:    Redeclaring math alphabet \mathbf on input line 149.
)
(d:/texlive/2022/texmf-dist/tex/latex/cjk-ko/kotex.sty
Package: kotex 2015/04/19 v1.6 Korean TeX (ko.TeX)

(d:/texlive/2022/texmf-dist/tex/latex/kotex-utf/kotex.cfg)
(d:/texlive/2022/texmf-dist/tex/latex/kotex-utf/kotexutf.sty
Package: kotexutf 2015/07/18 v2.1.1 typesetting UTF-8 Korean documents

(d:/texlive/2022/texmf-dist/tex/plain/kotex-plain/kotexutf-core.tex
\unih@ngulpoint=\count277
\dhucs@emph@raise=\dimen149
)
Now handling font encoding LUC ...
... processing UTF-8 mapping file for font encoding LUC

(d:/texlive/2022/texmf-dist/tex/latex/kotex-utf/lucenc.dfu
File: lucenc.dfu 2007/09/05 UTF-8 support for dhucs
   defining Unicode char U+00B7 (decimal 183)
   defining Unicode char U+2018 (decimal 8216)
   defining Unicode char U+2019 (decimal 8217)
   defining Unicode char U+201C (decimal 8220)
   defining Unicode char U+201D (decimal 8221)
   defining Unicode char U+3001 (decimal 12289)
   defining Unicode char U+3002 (decimal 12290)
   defining Unicode char U+3008 (decimal 12296)
   defining Unicode char U+3009 (decimal 12297)
   defining Unicode char U+300A (decimal 12298)
   defining Unicode char U+300B (decimal 12299)
   defining Unicode char U+300C (decimal 12300)
   defining Unicode char U+300D (decimal 12301)
   defining Unicode char U+300E (decimal 12302)
   defining Unicode char U+300F (decimal 12303)
   defining Unicode char U+3010 (decimal 12304)
   defining Unicode char U+3011 (decimal 12305)
   defining Unicode char U+3014 (decimal 12308)
   defining Unicode char U+3015 (decimal 12309)
   defining Unicode char U+3016 (decimal 12310)
   defining Unicode char U+3017 (decimal 12311)
   defining Unicode char U+3018 (decimal 12312)
   defining Unicode char U+3019 (decimal 12313)
   defining Unicode char U+301A (decimal 12314)
   defining Unicode char U+301B (decimal 12315)
   defining Unicode char U+FF01 (decimal 65281)
   defining Unicode char U+FF08 (decimal 65288)
   defining Unicode char U+FF09 (decimal 65289)
   defining Unicode char U+FF0C (decimal 65292)
   defining Unicode char U+FF0E (decimal 65294)
   defining Unicode char U+FF1A (decimal 65306)
   defining Unicode char U+FF1B (decimal 65307)
   defining Unicode char U+FF1C (decimal 65308)
   defining Unicode char U+FF1D (decimal 65309)
   defining Unicode char U+FF1E (decimal 65310)
   defining Unicode char U+FF1F (decimal 65311)
   defining Unicode char U+FF3B (decimal 65339)
   defining Unicode char U+FF3D (decimal 65341)
   defining Unicode char U+FF5B (decimal 65371)
   defining Unicode char U+FF5D (decimal 65373)
   defining Unicode char U+FF61 (decimal 65377)
   defining Unicode char U+FF62 (decimal 65378)
   defining Unicode char U+FF63 (decimal 65379)
   defining Unicode char U+FF64 (decimal 65380)
   defining Unicode char U+FF65 (decimal 65381)
)
\@josa=\count278
\josatoks=\toks27

(d:/texlive/2022/texmf-dist/tex/latex/cjk-ko/kolabels-utf.sty
Package: kolabels-utf 2015/03/20 v1.5 UTF-8 Hangul item labels
)))
(d:/texlive/2022/texmf-dist/tex/latex/psnfss/pifont.sty
Package: pifont 2020/03/25 PSNFSS-v9.3 Pi font support (SPQR) 
LaTeX Font Info:    Trying to load font information for U+pzd on input line 63.


(d:/texlive/2022/texmf-dist/tex/latex/psnfss/upzd.fd
File: upzd.fd 2001/06/04 font definitions for U/pzd.
)
LaTeX Font Info:    Trying to load font information for U+psy on input line 64.


(d:/texlive/2022/texmf-dist/tex/latex/psnfss/upsy.fd
File: upsy.fd 2001/06/04 font definitions for U/psy.
))
(d:/texlive/2022/texmf-dist/tex/latex/booktabs/booktabs.sty
Package: booktabs 2020/01/12 v1.61803398 Publication quality tables
\heavyrulewidth=\dimen150
\lightrulewidth=\dimen151
\cmidrulewidth=\dimen152
\belowrulesep=\dimen153
\belowbottomsep=\dimen154
\aboverulesep=\dimen155
\abovetopsep=\dimen156
\cmidrulesep=\dimen157
\cmidrulekern=\dimen158
\defaultaddspace=\dimen159
\@cmidla=\count279
\@cmidlb=\count280
\@aboverulesep=\dimen160
\@belowrulesep=\dimen161
\@thisruleclass=\count281
\@lastruleclass=\count282
\@thisrulewidth=\dimen162
)
(d:/texlive/2022/texmf-dist/tex/latex/tools/array.sty
Package: array 2021/10/04 v2.5f Tabular extension package (FMi)
\col@sep=\dimen163
\ar@mcellbox=\box61
\extrarowheight=\dimen164
\NC@list=\toks28
\extratabsurround=\skip55
\backup@length=\skip56
\ar@cellbox=\box62
)
(d:/texlive/2022/texmf-dist/tex/latex/float/float.sty
Package: float 2001/11/08 v1.3d Float enhancements (AL)
\c@float@type=\count283
\float@exts=\toks29
\float@box=\box63
\@float@everytoks=\toks30
\@floatcapt=\box64
)
(d:/texlive/2022/texmf-dist/tex/latex/epstopdf-pkg/epstopdf.sty
Package: epstopdf 2020-01-24 v2.11 Conversion with epstopdf on the fly (HO)

(d:/texlive/2022/texmf-dist/tex/generic/infwarerr/infwarerr.sty
Package: infwarerr 2019/12/03 v1.5 Providing info/warning/error messages (HO)
)
(d:/texlive/2022/texmf-dist/tex/latex/grfext/grfext.sty
Package: grfext 2019/12/03 v1.3 Manage graphics extensions (HO)

(d:/texlive/2022/texmf-dist/tex/generic/kvdefinekeys/kvdefinekeys.sty
Package: kvdefinekeys 2019-12-19 v1.6 Define keys (HO)
))
(d:/texlive/2022/texmf-dist/tex/latex/kvoptions/kvoptions.sty
Package: kvoptions 2020-10-07 v3.14 Key value format for package options (HO)

(d:/texlive/2022/texmf-dist/tex/generic/ltxcmds/ltxcmds.sty
Package: ltxcmds 2020-05-10 v1.25 LaTeX kernel commands for general use (HO)
)
(d:/texlive/2022/texmf-dist/tex/generic/kvsetkeys/kvsetkeys.sty
Package: kvsetkeys 2019/12/15 v1.18 Key value parser (HO)
))
(d:/texlive/2022/texmf-dist/tex/generic/pdftexcmds/pdftexcmds.sty
Package: pdftexcmds 2020-06-27 v0.33 Utility functions of pdfTeX for LuaTeX (HO
)
Package pdftexcmds Info: \pdf@primitive is available.
Package pdftexcmds Info: \pdf@ifprimitive is available.
Package pdftexcmds Info: \pdfdraftmode found.
)
(d:/texlive/2022/texmf-dist/tex/latex/epstopdf-pkg/epstopdf-base.sty
Package: epstopdf-base 2020-01-24 v2.11 Base part for package epstopdf
Package epstopdf-base Info: Redefining graphics rule for `.eps' on input line 4
85.
Package grfext Info: Graphics extension search list:
(grfext)             [.pdf,.png,.jpg,.mps,.jpeg,.jbig2,.jb2,.PDF,.PNG,.JPG,.JPE
G,.JBIG2,.JB2,.eps]
(grfext)             \AppendGraphicsExtensions on input line 504.

(d:/texlive/2022/texmf-dist/tex/latex/latexconfig/epstopdf-sys.cfg
File: epstopdf-sys.cfg 2010/07/13 v1.3 Configuration of (r)epstopdf for TeX Liv
e
)))
(d:/texlive/2022/texmf-dist/tex/latex/caption/caption.sty
Package: caption 2022/03/01 v3.6b Customizing captions (AR)

(d:/texlive/2022/texmf-dist/tex/latex/caption/caption3.sty
Package: caption3 2022/03/17 v2.3b caption3 kernel (AR)
\caption@tempdima=\dimen165
\captionmargin=\dimen166
\caption@leftmargin=\dimen167
\caption@rightmargin=\dimen168
\caption@width=\dimen169
\caption@indent=\dimen170
\caption@parindent=\dimen171
\caption@hangindent=\dimen172
Package caption Info: Unknown document class (or package),
(caption)             standard defaults will be used.
Package caption Info: \@makecaption = \long macro:#1#2->\par \vskip \abovecapti
onskip \begingroup \small \rmfamily \sbox \@tempboxa {\let \\\heading@cr #1: #2
}\@ifdim {\wd \@tempboxa >\hsize }{\begingroup \samepage \flushing \let \footno
te \@footnotemark@gobble #1: #2\par \endgroup }{\global \@minipagefalse \hb@xt@
 \hsize {\hfil \unhbox \@tempboxa \hfil }}\endgroup \vskip \belowcaptionskip  o
n input line 1176.
)

Package caption Warning: Unknown document class (or package),
(caption)                standard defaults will be used.
See the caption package documentation for explanation.

\c@caption@flags=\count284
\c@continuedfloat=\count285
Package caption Info: float package is loaded.
) (d:/texlive/2022/texmf-dist/tex/latex/subfigure/subfigure.sty
Package: subfigure 2002/03/15 v2.1.5 subfigure package
\subfigtopskip=\skip57
\subfigcapskip=\skip58
\subfigcaptopadj=\dimen173
\subfigbottomskip=\skip59
\subfigcapmargin=\dimen174
\subfiglabelskip=\skip60
\c@subfigure=\count286
\c@lofdepth=\count287
\c@subtable=\count288
\c@lotdepth=\count289

****************************************
* Local config file subfigure.cfg used *
****************************************
(d:/texlive/2022/texmf-dist/tex/latex/subfigure/subfigure.cfg)
\subfig@top=\skip61
\subfig@bottom=\skip62
)
(d:/texlive/2022/texmf-dist/tex/latex/graphics/epsfig.sty
Package: epsfig 2017/06/25 v1.7b (e)psfig emulation (SPQR)
\epsfxsize=\dimen175
\epsfysize=\dimen176
)
(d:/texlive/2022/texmf-dist/tex/latex/graphics/color.sty
Package: color 2021/12/07 v1.3c Standard LaTeX Color (DPC)

(d:/texlive/2022/texmf-dist/tex/latex/graphics-cfg/color.cfg
File: color.cfg 2016/01/02 v1.6 sample color configuration
)
Package color Info: Driver file: pdftex.def on input line 149.
)
(d:/texlive/2022/texmf-dist/tex/latex/multirow/multirow.sty
Package: multirow 2021/03/15 v2.8 Span multiple rows of a table
\multirow@colwidth=\skip63
\multirow@cntb=\count290
\multirow@dima=\skip64
\bigstrutjot=\dimen177
)
(d:/texlive/2022/texmf-dist/tex/latex/tensor/tensor.sty
Package: tensor 2004/12/20 v2.1 tensor indices package (PGR)
LaTeX Info: Redefining \tensor on input line 24.
\tnsr@Sps=\toks31
\tnsr@Sbs=\toks32
\tnsr@Spe=\toks33
\tnsr@Sbe=\toks34
\ncld@Mno=\toks35
)
(d:/texlive/2022/texmf-dist/tex/latex/adjustbox/adjustbox.sty
Package: adjustbox 2020/08/19 v1.3 Adjusting TeX boxes (trim, clip, ...)

(d:/texlive/2022/texmf-dist/tex/latex/xkeyval/xkeyval.sty
Package: xkeyval 2020/11/20 v2.8 package option processing (HA)

(d:/texlive/2022/texmf-dist/tex/generic/xkeyval/xkeyval.tex
(d:/texlive/2022/texmf-dist/tex/generic/xkeyval/xkvutils.tex
\XKV@toks=\toks36
\XKV@tempa@toks=\toks37
)
\XKV@depth=\count291
File: xkeyval.tex 2014/12/03 v2.7a key=value parser (HA)
))
(d:/texlive/2022/texmf-dist/tex/latex/adjustbox/adjcalc.sty
Package: adjcalc 2012/05/16 v1.1 Provides advanced setlength with multiple back
-ends (calc, etex, pgfmath)
)
(d:/texlive/2022/texmf-dist/tex/latex/adjustbox/trimclip.sty
Package: trimclip 2020/08/19 v1.2 Trim and clip general TeX material

(d:/texlive/2022/texmf-dist/tex/latex/collectbox/collectbox.sty
Package: collectbox 2012/05/17 v0.4b Collect macro arguments as boxes
\collectedbox=\box65
)
\tc@llx=\dimen178
\tc@lly=\dimen179
\tc@urx=\dimen180
\tc@ury=\dimen181
Package trimclip Info: Using driver 'tc-pdftex.def'.

(d:/texlive/2022/texmf-dist/tex/latex/adjustbox/tc-pdftex.def
File: tc-pdftex.def 2019/01/04 v2.2 Clipping driver for pdftex
))
\adjbox@Width=\dimen182
\adjbox@Height=\dimen183
\adjbox@Depth=\dimen184
\adjbox@Totalheight=\dimen185
\adjbox@pwidth=\dimen186
\adjbox@pheight=\dimen187
\adjbox@pdepth=\dimen188
\adjbox@ptotalheight=\dimen189

(d:/texlive/2022/texmf-dist/tex/latex/ifoddpage/ifoddpage.sty
Package: ifoddpage 2016/04/23 v1.1 Conditionals for odd/even page detection
\c@checkoddpage=\count292
)
(d:/texlive/2022/texmf-dist/tex/latex/varwidth/varwidth.sty
Package: varwidth 2009/03/30 ver 0.92;  Variable-width minipages
\@vwid@box=\box66
\sift@deathcycles=\count293
\@vwid@loff=\dimen190
\@vwid@roff=\dimen191
))
(d:/texlive/2022/texmf-dist/tex/latex/tabularray/tabularray.sty
(d:/texlive/2022/texmf-dist/tex/latex/l3kernel/expl3.sty
Package: expl3 2022-02-24 L3 programming layer (loader) 

(d:/texlive/2022/texmf-dist/tex/latex/l3backend/l3backend-pdftex.def
File: l3backend-pdftex.def 2022-02-07 L3 backend support: PDF output (pdfTeX)
\l__color_backend_stack_int=\count294
\l__pdf_internal_box=\box67
))
Package: tabularray 2022-03-01 v2022A Typeset tabulars and arrays with LaTeX3
\l__tblr_a_int=\count295
\l__tblr_c_int=\count296
\l__tblr_r_int=\count297
\l__tblr_d_dim=\dimen192
\l__tblr_h_dim=\dimen193
\l__tblr_o_dim=\dimen194
\l__tblr_p_dim=\dimen195
\l__tblr_q_dim=\dimen196
\l__tblr_r_dim=\dimen197
\l__tblr_s_dim=\dimen198
\l__tblr_t_dim=\dimen199
\l__tblr_v_dim=\dimen256
\l__tblr_w_dim=\dimen257
\l__tblr_a_box=\box68
\l__tblr_b_box=\box69
\l__tblr_c_box=\box70
\l__tblr_d_box=\box71
\g__tblr_table_count_int=\count298
\c@rownum=\count299
\c@colnum=\count300
\c@rowcount=\count301
\c@colcount=\count302
\abovesep=\dimen258
\belowsep=\dimen259
\leftsep=\dimen260
\rightsep=\dimen261
\g_tblr_level_int=\count303
\g__tblr_data_row_key_count_int=\count304
\g__tblr_data_column_key_count_int=\count305
\g__tblr_data_cell_key_count_int=\count306
\g__tblr_array_int=\count307
\l__tblr_key_count_int=\count308
\l__tblr_key_quotient_int=\count309
\l__tblr_key_quotient_two_int=\count310
\l__tblr_key_remainder_int=\count311
\g__tblr_data_str_value_count_int=\count312
\rulewidth=\dimen262
\l__tblr_strut_ht_box=\box72
\l__tblr_strut_dp_box=\box73
\g__tblr_cell_wd_dim=\dimen263
\g__tblr_cell_ht_dim=\dimen264
\g__tblr_cell_head_dim=\dimen265
\g__tblr_cell_foot_dim=\dimen266
\l__column_target_dim=\dimen267
\l__tblr_caption_box=\box74
\l__tblr_caption_left_box=\box75
\l__tblr_row_head_box=\box76
\l__tblr_row_foot_box=\box77
\l__tblr_row_head_foot_dim=\dimen268
\tablewidth=\dimen269
\l__tblr_table_firsthead_box=\box78
\l__tblr_table_middlehead_box=\box79
\l__tblr_table_lasthead_box=\box80
\l__tblr_table_firstfoot_box=\box81
\l__tblr_table_middlefoot_box=\box82
\l__tblr_table_lastfoot_box=\box83
\l__tblr_remain_height_dim=\dimen270
\l__tblr_long_from_int=\count313
\l__tblr_long_to_int=\count314
\l__tblr_curr_i_int=\count315
\l__tblr_prev_i_int=\count316
\l__tblr_table_page_int=\count317
\l__tblr_table_head_box=\box84
\l__tblr_table_foot_box=\box85
\l__tblr_table_head_foot_dim=\dimen271
\l__tblr_table_head_body_foot_dim=\dimen272
\l__tblr_table_box=\box86
\l__tblr_table_hlines_box=\box87
\l__tblr_hline_box=\box88
\l__tblr_row_box=\box89
\l__tblr_col_o_wd_dim=\dimen273
\l__tblr_col_b_wd_dim=\dimen274
\l__tblr_hline_leftskip_dim=\dimen275
\l__tblr_hline_rightskip_dim=\dimen276
\l__tblr_row_ht_dim=\dimen277
\l__tblr_row_dp_dim=\dimen278
\l__tblr_row_abovesep_dim=\dimen279
\l__tblr_row_belowsep_dim=\dimen280
\l__tblr_row_vlines_box=\box90
\l__tblr_vline_box=\box91
\l__tblr_cell_box=\box92
\l__row_upper_dim=\dimen281
\l__row_lower_dim=\dimen282
\l__row_vpace_dim=\dimen283
\l__tblr_vline_aboveskip_dim=\dimen284
\l__tblr_vline_belowskip_dim=\dimen285
\l__tblr_cell_wd_dim=\dimen286
\l__tblr_cell_ht_dim=\dimen287
\l__tblr_diag_box=\box93
)
(d:/texlive/2022/texmf-dist/tex/latex/hyperref/hyperref.sty
Package: hyperref 2022-02-21 v7.00n Hypertext links for LaTeX

(d:/texlive/2022/texmf-dist/tex/generic/pdfescape/pdfescape.sty
Package: pdfescape 2019/12/09 v1.15 Implements pdfTeX's escape features (HO)
)
(d:/texlive/2022/texmf-dist/tex/latex/hycolor/hycolor.sty
Package: hycolor 2020-01-27 v1.10 Color options for hyperref/bookmark (HO)
)
(d:/texlive/2022/texmf-dist/tex/latex/letltxmacro/letltxmacro.sty
Package: letltxmacro 2019/12/03 v1.6 Let assignment for LaTeX macros (HO)
)
(d:/texlive/2022/texmf-dist/tex/latex/auxhook/auxhook.sty
Package: auxhook 2019-12-17 v1.6 Hooks for auxiliary files (HO)
)
\@linkdim=\dimen288
\Hy@linkcounter=\count318
\Hy@pagecounter=\count319

(d:/texlive/2022/texmf-dist/tex/latex/hyperref/pd1enc.def
File: pd1enc.def 2022-02-21 v7.00n Hyperref: PDFDocEncoding definition (HO)
Now handling font encoding PD1 ...
... no UTF-8 mapping file for font encoding PD1
)
(d:/texlive/2022/texmf-dist/tex/generic/intcalc/intcalc.sty
Package: intcalc 2019/12/15 v1.3 Expandable calculations with integers (HO)
)
(d:/texlive/2022/texmf-dist/tex/generic/etexcmds/etexcmds.sty
Package: etexcmds 2019/12/15 v1.7 Avoid name clashes with e-TeX commands (HO)
)
\Hy@SavedSpaceFactor=\count320

(d:/texlive/2022/texmf-dist/tex/latex/hyperref/puenc.def
File: puenc.def 2022-02-21 v7.00n Hyperref: PDF Unicode definition (HO)
Now handling font encoding PU ...
... no UTF-8 mapping file for font encoding PU
)
Package hyperref Info: Hyper figures OFF on input line 4137.
Package hyperref Info: Link nesting OFF on input line 4142.
Package hyperref Info: Hyper index ON on input line 4145.
Package hyperref Info: Plain pages OFF on input line 4152.
Package hyperref Info: Backreferencing OFF on input line 4157.
Package hyperref Info: Implicit mode ON; LaTeX internals redefined.
Package hyperref Info: Bookmarks ON on input line 4390.
\c@Hy@tempcnt=\count321
LaTeX Info: Redefining \url on input line 4749.
\XeTeXLinkMargin=\dimen289

(d:/texlive/2022/texmf-dist/tex/generic/bitset/bitset.sty
Package: bitset 2019/12/09 v1.3 Handle bit-vector datatype (HO)

(d:/texlive/2022/texmf-dist/tex/generic/bigintcalc/bigintcalc.sty
Package: bigintcalc 2019/12/15 v1.5 Expandable calculations on big integers (HO
)
))
\Fld@menulength=\count322
\Field@Width=\dimen290
\Fld@charsize=\dimen291
Package hyperref Info: Hyper figures OFF on input line 6027.
Package hyperref Info: Link nesting OFF on input line 6032.
Package hyperref Info: Hyper index ON on input line 6035.
Package hyperref Info: backreferencing OFF on input line 6042.
Package hyperref Info: Link coloring OFF on input line 6047.
Package hyperref Info: Link coloring with OCG OFF on input line 6052.
Package hyperref Info: PDF/A mode OFF on input line 6057.
LaTeX Info: Redefining \ref on input line 6097.
LaTeX Info: Redefining \pageref on input line 6101.

(d:/texlive/2022/texmf-dist/tex/latex/base/atbegshi-ltx.sty
Package: atbegshi-ltx 2021/01/10 v1.0c Emulation of the original atbegshi
package with kernel methods
)
\Hy@abspage=\count323
\c@Item=\count324
\c@Hfootnote=\count325
)
Package hyperref Info: Driver (autodetected): hpdftex.

(d:/texlive/2022/texmf-dist/tex/latex/hyperref/hpdftex.def
File: hpdftex.def 2022-02-21 v7.00n Hyperref driver for pdfTeX

(d:/texlive/2022/texmf-dist/tex/latex/base/atveryend-ltx.sty
Package: atveryend-ltx 2020/08/19 v1.0a Emulation of the original atveryend pac
kage
with kernel methods
)
\Fld@listcount=\count326
\c@bookmark@seq@number=\count327

(d:/texlive/2022/texmf-dist/tex/latex/rerunfilecheck/rerunfilecheck.sty
Package: rerunfilecheck 2019/12/05 v1.9 Rerun checks for auxiliary files (HO)

(d:/texlive/2022/texmf-dist/tex/generic/uniquecounter/uniquecounter.sty
Package: uniquecounter 2019/12/15 v1.4 Provide unlimited unique counter (HO)
)
Package uniquecounter Info: New unique counter `rerunfilecheck' on input line 2
86.
)
\Hy@SectionHShift=\skip65
)
Package hyperref Info: Option `colorlinks' set `true' on input line 41.

(d:/texlive/2022/texmf-dist/tex/latex/pgf/frontendlayer/tikz.sty
(d:/texlive/2022/texmf-dist/tex/latex/pgf/basiclayer/pgf.sty
(d:/texlive/2022/texmf-dist/tex/latex/pgf/utilities/pgfrcs.sty
(d:/texlive/2022/texmf-dist/tex/generic/pgf/utilities/pgfutil-common.tex
\pgfutil@everybye=\toks38
\pgfutil@tempdima=\dimen292
\pgfutil@tempdimb=\dimen293

(d:/texlive/2022/texmf-dist/tex/generic/pgf/utilities/pgfutil-common-lists.tex)
) (d:/texlive/2022/texmf-dist/tex/generic/pgf/utilities/pgfutil-latex.def
\pgfutil@abb=\box94
)
(d:/texlive/2022/texmf-dist/tex/generic/pgf/utilities/pgfrcs.code.tex
(d:/texlive/2022/texmf-dist/tex/generic/pgf/pgf.revision.tex)
Package: pgfrcs 2021/05/15 v3.1.9a (3.1.9a)
))
Package: pgf 2021/05/15 v3.1.9a (3.1.9a)

(d:/texlive/2022/texmf-dist/tex/latex/pgf/basiclayer/pgfcore.sty
(d:/texlive/2022/texmf-dist/tex/latex/pgf/systemlayer/pgfsys.sty
(d:/texlive/2022/texmf-dist/tex/generic/pgf/systemlayer/pgfsys.code.tex
Package: pgfsys 2021/05/15 v3.1.9a (3.1.9a)

(d:/texlive/2022/texmf-dist/tex/generic/pgf/utilities/pgfkeys.code.tex
\pgfkeys@pathtoks=\toks39
\pgfkeys@temptoks=\toks40

(d:/texlive/2022/texmf-dist/tex/generic/pgf/utilities/pgfkeysfiltered.code.tex
\pgfkeys@tmptoks=\toks41
))
\pgf@x=\dimen294
\pgf@y=\dimen295
\pgf@xa=\dimen296
\pgf@ya=\dimen297
\pgf@xb=\dimen298
\pgf@yb=\dimen299
\pgf@xc=\dimen300
\pgf@yc=\dimen301
\pgf@xd=\dimen302
\pgf@yd=\dimen303
\w@pgf@writea=\write3
\r@pgf@reada=\read2
\c@pgf@counta=\count328
\c@pgf@countb=\count329
\c@pgf@countc=\count330
\c@pgf@countd=\count331
\t@pgf@toka=\toks42
\t@pgf@tokb=\toks43
\t@pgf@tokc=\toks44
\pgf@sys@id@count=\count332
 (d:/texlive/2022/texmf-dist/tex/generic/pgf/systemlayer/pgf.cfg
File: pgf.cfg 2021/05/15 v3.1.9a (3.1.9a)
)
Driver file for pgf: pgfsys-pdftex.def

(d:/texlive/2022/texmf-dist/tex/generic/pgf/systemlayer/pgfsys-pdftex.def
File: pgfsys-pdftex.def 2021/05/15 v3.1.9a (3.1.9a)

(d:/texlive/2022/texmf-dist/tex/generic/pgf/systemlayer/pgfsys-common-pdf.def
File: pgfsys-common-pdf.def 2021/05/15 v3.1.9a (3.1.9a)
)))
(d:/texlive/2022/texmf-dist/tex/generic/pgf/systemlayer/pgfsyssoftpath.code.tex
File: pgfsyssoftpath.code.tex 2021/05/15 v3.1.9a (3.1.9a)
\pgfsyssoftpath@smallbuffer@items=\count333
\pgfsyssoftpath@bigbuffer@items=\count334
)
(d:/texlive/2022/texmf-dist/tex/generic/pgf/systemlayer/pgfsysprotocol.code.tex
File: pgfsysprotocol.code.tex 2021/05/15 v3.1.9a (3.1.9a)
)) (d:/texlive/2022/texmf-dist/tex/latex/xcolor/xcolor.sty
Package: xcolor 2021/10/31 v2.13 LaTeX color extensions (UK)

(d:/texlive/2022/texmf-dist/tex/latex/graphics-cfg/color.cfg
File: color.cfg 2016/01/02 v1.6 sample color configuration
)
Package xcolor Info: Driver file: pdftex.def on input line 227.
LaTeX Info: Redefining \color on input line 711.
Package xcolor Info: Model `cmy' substituted by `cmy0' on input line 1352.
Package xcolor Info: Model `hsb' substituted by `rgb' on input line 1356.
Package xcolor Info: Model `RGB' extended on input line 1368.
Package xcolor Info: Model `HTML' substituted by `rgb' on input line 1370.
Package xcolor Info: Model `Hsb' substituted by `hsb' on input line 1371.
Package xcolor Info: Model `tHsb' substituted by `hsb' on input line 1372.
Package xcolor Info: Model `HSB' substituted by `hsb' on input line 1373.
Package xcolor Info: Model `Gray' substituted by `gray' on input line 1374.
Package xcolor Info: Model `wave' substituted by `hsb' on input line 1375.
)
(d:/texlive/2022/texmf-dist/tex/generic/pgf/basiclayer/pgfcore.code.tex
Package: pgfcore 2021/05/15 v3.1.9a (3.1.9a)

(d:/texlive/2022/texmf-dist/tex/generic/pgf/math/pgfmath.code.tex
(d:/texlive/2022/texmf-dist/tex/generic/pgf/math/pgfmathcalc.code.tex
(d:/texlive/2022/texmf-dist/tex/generic/pgf/math/pgfmathutil.code.tex)
(d:/texlive/2022/texmf-dist/tex/generic/pgf/math/pgfmathparser.code.tex
\pgfmath@dimen=\dimen304
\pgfmath@count=\count335
\pgfmath@box=\box95
\pgfmath@toks=\toks45
\pgfmath@stack@operand=\toks46
\pgfmath@stack@operation=\toks47
)
(d:/texlive/2022/texmf-dist/tex/generic/pgf/math/pgfmathfunctions.code.tex
(d:/texlive/2022/texmf-dist/tex/generic/pgf/math/pgfmathfunctions.basic.code.te
x)
(d:/texlive/2022/texmf-dist/tex/generic/pgf/math/pgfmathfunctions.trigonometric
.code.tex)
(d:/texlive/2022/texmf-dist/tex/generic/pgf/math/pgfmathfunctions.random.code.t
ex)
(d:/texlive/2022/texmf-dist/tex/generic/pgf/math/pgfmathfunctions.comparison.co
de.tex)
(d:/texlive/2022/texmf-dist/tex/generic/pgf/math/pgfmathfunctions.base.code.tex
)
(d:/texlive/2022/texmf-dist/tex/generic/pgf/math/pgfmathfunctions.round.code.te
x)
(d:/texlive/2022/texmf-dist/tex/generic/pgf/math/pgfmathfunctions.misc.code.tex
)
(d:/texlive/2022/texmf-dist/tex/generic/pgf/math/pgfmathfunctions.integerarithm
etics.code.tex)))
(d:/texlive/2022/texmf-dist/tex/generic/pgf/math/pgfmathfloat.code.tex
\c@pgfmathroundto@lastzeros=\count336
))
(d:/texlive/2022/texmf-dist/tex/generic/pgf/math/pgfint.code.tex)
(d:/texlive/2022/texmf-dist/tex/generic/pgf/basiclayer/pgfcorepoints.code.tex
File: pgfcorepoints.code.tex 2021/05/15 v3.1.9a (3.1.9a)
\pgf@picminx=\dimen305
\pgf@picmaxx=\dimen306
\pgf@picminy=\dimen307
\pgf@picmaxy=\dimen308
\pgf@pathminx=\dimen309
\pgf@pathmaxx=\dimen310
\pgf@pathminy=\dimen311
\pgf@pathmaxy=\dimen312
\pgf@xx=\dimen313
\pgf@xy=\dimen314
\pgf@yx=\dimen315
\pgf@yy=\dimen316
\pgf@zx=\dimen317
\pgf@zy=\dimen318
)
(d:/texlive/2022/texmf-dist/tex/generic/pgf/basiclayer/pgfcorepathconstruct.cod
e.tex
File: pgfcorepathconstruct.code.tex 2021/05/15 v3.1.9a (3.1.9a)
\pgf@path@lastx=\dimen319
\pgf@path@lasty=\dimen320
)
(d:/texlive/2022/texmf-dist/tex/generic/pgf/basiclayer/pgfcorepathusage.code.te
x
File: pgfcorepathusage.code.tex 2021/05/15 v3.1.9a (3.1.9a)
\pgf@shorten@end@additional=\dimen321
\pgf@shorten@start@additional=\dimen322
)
(d:/texlive/2022/texmf-dist/tex/generic/pgf/basiclayer/pgfcorescopes.code.tex
File: pgfcorescopes.code.tex 2021/05/15 v3.1.9a (3.1.9a)
\pgfpic=\box96
\pgf@hbox=\box97
\pgf@layerbox@main=\box98
\pgf@picture@serial@count=\count337
)
(d:/texlive/2022/texmf-dist/tex/generic/pgf/basiclayer/pgfcoregraphicstate.code
.tex
File: pgfcoregraphicstate.code.tex 2021/05/15 v3.1.9a (3.1.9a)
\pgflinewidth=\dimen323
)
(d:/texlive/2022/texmf-dist/tex/generic/pgf/basiclayer/pgfcoretransformations.c
ode.tex
File: pgfcoretransformations.code.tex 2021/05/15 v3.1.9a (3.1.9a)
\pgf@pt@x=\dimen324
\pgf@pt@y=\dimen325
\pgf@pt@temp=\dimen326
)
(d:/texlive/2022/texmf-dist/tex/generic/pgf/basiclayer/pgfcorequick.code.tex
File: pgfcorequick.code.tex 2021/05/15 v3.1.9a (3.1.9a)
)
(d:/texlive/2022/texmf-dist/tex/generic/pgf/basiclayer/pgfcoreobjects.code.tex
File: pgfcoreobjects.code.tex 2021/05/15 v3.1.9a (3.1.9a)
)
(d:/texlive/2022/texmf-dist/tex/generic/pgf/basiclayer/pgfcorepathprocessing.co
de.tex
File: pgfcorepathprocessing.code.tex 2021/05/15 v3.1.9a (3.1.9a)
)
(d:/texlive/2022/texmf-dist/tex/generic/pgf/basiclayer/pgfcorearrows.code.tex
File: pgfcorearrows.code.tex 2021/05/15 v3.1.9a (3.1.9a)
\pgfarrowsep=\dimen327
)
(d:/texlive/2022/texmf-dist/tex/generic/pgf/basiclayer/pgfcoreshade.code.tex
File: pgfcoreshade.code.tex 2021/05/15 v3.1.9a (3.1.9a)
\pgf@max=\dimen328
\pgf@sys@shading@range@num=\count338
\pgf@shadingcount=\count339
)
(d:/texlive/2022/texmf-dist/tex/generic/pgf/basiclayer/pgfcoreimage.code.tex
File: pgfcoreimage.code.tex 2021/05/15 v3.1.9a (3.1.9a)

(d:/texlive/2022/texmf-dist/tex/generic/pgf/basiclayer/pgfcoreexternal.code.tex
File: pgfcoreexternal.code.tex 2021/05/15 v3.1.9a (3.1.9a)
\pgfexternal@startupbox=\box99
))
(d:/texlive/2022/texmf-dist/tex/generic/pgf/basiclayer/pgfcorelayers.code.tex
File: pgfcorelayers.code.tex 2021/05/15 v3.1.9a (3.1.9a)
)
(d:/texlive/2022/texmf-dist/tex/generic/pgf/basiclayer/pgfcoretransparency.code
.tex
File: pgfcoretransparency.code.tex 2021/05/15 v3.1.9a (3.1.9a)
)
(d:/texlive/2022/texmf-dist/tex/generic/pgf/basiclayer/pgfcorepatterns.code.tex
File: pgfcorepatterns.code.tex 2021/05/15 v3.1.9a (3.1.9a)
) (d:/texlive/2022/texmf-dist/tex/generic/pgf/basiclayer/pgfcorerdf.code.tex
File: pgfcorerdf.code.tex 2021/05/15 v3.1.9a (3.1.9a)
))) (d:/texlive/2022/texmf-dist/tex/generic/pgf/modules/pgfmoduleshapes.code.te
x
File: pgfmoduleshapes.code.tex 2021/05/15 v3.1.9a (3.1.9a)
\pgfnodeparttextbox=\box100
)
(d:/texlive/2022/texmf-dist/tex/generic/pgf/modules/pgfmoduleplot.code.tex
File: pgfmoduleplot.code.tex 2021/05/15 v3.1.9a (3.1.9a)
)
(d:/texlive/2022/texmf-dist/tex/latex/pgf/compatibility/pgfcomp-version-0-65.st
y
Package: pgfcomp-version-0-65 2021/05/15 v3.1.9a (3.1.9a)
\pgf@nodesepstart=\dimen329
\pgf@nodesepend=\dimen330
)
(d:/texlive/2022/texmf-dist/tex/latex/pgf/compatibility/pgfcomp-version-1-18.st
y
Package: pgfcomp-version-1-18 2021/05/15 v3.1.9a (3.1.9a)
)) (d:/texlive/2022/texmf-dist/tex/latex/pgf/utilities/pgffor.sty
(d:/texlive/2022/texmf-dist/tex/latex/pgf/utilities/pgfkeys.sty
(d:/texlive/2022/texmf-dist/tex/generic/pgf/utilities/pgfkeys.code.tex))
(d:/texlive/2022/texmf-dist/tex/latex/pgf/math/pgfmath.sty
(d:/texlive/2022/texmf-dist/tex/generic/pgf/math/pgfmath.code.tex))
(d:/texlive/2022/texmf-dist/tex/generic/pgf/utilities/pgffor.code.tex
Package: pgffor 2021/05/15 v3.1.9a (3.1.9a)

(d:/texlive/2022/texmf-dist/tex/generic/pgf/math/pgfmath.code.tex)
\pgffor@iter=\dimen331
\pgffor@skip=\dimen332
\pgffor@stack=\toks48
\pgffor@toks=\toks49
))
(d:/texlive/2022/texmf-dist/tex/generic/pgf/frontendlayer/tikz/tikz.code.tex
Package: tikz 2021/05/15 v3.1.9a (3.1.9a)

(d:/texlive/2022/texmf-dist/tex/generic/pgf/libraries/pgflibraryplothandlers.co
de.tex
File: pgflibraryplothandlers.code.tex 2021/05/15 v3.1.9a (3.1.9a)
\pgf@plot@mark@count=\count340
\pgfplotmarksize=\dimen333
)
\tikz@lastx=\dimen334
\tikz@lasty=\dimen335
\tikz@lastxsaved=\dimen336
\tikz@lastysaved=\dimen337
\tikz@lastmovetox=\dimen338
\tikz@lastmovetoy=\dimen339
\tikzleveldistance=\dimen340
\tikzsiblingdistance=\dimen341
\tikz@figbox=\box101
\tikz@figbox@bg=\box102
\tikz@tempbox=\box103
\tikz@tempbox@bg=\box104
\tikztreelevel=\count341
\tikznumberofchildren=\count342
\tikznumberofcurrentchild=\count343
\tikz@fig@count=\count344

(d:/texlive/2022/texmf-dist/tex/generic/pgf/modules/pgfmodulematrix.code.tex
File: pgfmodulematrix.code.tex 2021/05/15 v3.1.9a (3.1.9a)
\pgfmatrixcurrentrow=\count345
\pgfmatrixcurrentcolumn=\count346
\pgf@matrix@numberofcolumns=\count347
)
\tikz@expandcount=\count348

(d:/texlive/2022/texmf-dist/tex/generic/pgf/frontendlayer/tikz/libraries/tikzli
brarytopaths.code.tex
File: tikzlibrarytopaths.code.tex 2021/05/15 v3.1.9a (3.1.9a)
)))
(d:/texlive/2022/texmf-dist/tex/generic/pgf/frontendlayer/tikz/libraries/tikzli
brary3d.code.tex
File: tikzlibrary3d.code.tex 2021/05/15 v3.1.9a (3.1.9a)
)
\@indexfile=\write4
\openout4 = `speedmeVSLPDUv2.idx'.


Writing index file speedmeVSLPDUv2.idx

LaTeX Warning: Unused global option(s):
    [jkps].

(./speedmeVSLPDUv2.aux)
\openout1 = `speedmeVSLPDUv2.aux'.

LaTeX Font Info:    Checking defaults for OML/cmm/m/it on input line 155.
LaTeX Font Info:    ... okay on input line 155.
LaTeX Font Info:    Checking defaults for OMS/cmsy/m/n on input line 155.
LaTeX Font Info:    ... okay on input line 155.
LaTeX Font Info:    Checking defaults for OT1/cmr/m/n on input line 155.
LaTeX Font Info:    ... okay on input line 155.
LaTeX Font Info:    Checking defaults for T1/cmr/m/n on input line 155.
LaTeX Font Info:    ... okay on input line 155.
LaTeX Font Info:    Checking defaults for TS1/cmr/m/n on input line 155.
LaTeX Font Info:    ... okay on input line 155.
LaTeX Font Info:    Checking defaults for OMX/cmex/m/n on input line 155.
LaTeX Font Info:    ... okay on input line 155.
LaTeX Font Info:    Checking defaults for U/cmr/m/n on input line 155.
LaTeX Font Info:    ... okay on input line 155.
LaTeX Font Info:    Checking defaults for C00/song/m/n on input line 155.
LaTeX Font Info:    ... okay on input line 155.
LaTeX Font Info:    Checking defaults for C05/song/m/n on input line 155.
LaTeX Font Info:    ... okay on input line 155.
LaTeX Font Info:    Checking defaults for C09/song/m/n on input line 155.
LaTeX Font Info:    ... okay on input line 155.
LaTeX Font Info:    Checking defaults for C10/song/m/n on input line 155.
LaTeX Font Info:    ... okay on input line 155.
LaTeX Font Info:    Checking defaults for C20/song/m/n on input line 155.
LaTeX Font Info:    ... okay on input line 155.
LaTeX Font Info:    Checking defaults for C19/song/m/n on input line 155.
LaTeX Font Info:    ... okay on input line 155.
LaTeX Font Info:    Checking defaults for C40/song/m/n on input line 155.
LaTeX Font Info:    ... okay on input line 155.
LaTeX Font Info:    Checking defaults for C42/song/m/n on input line 155.
LaTeX Font Info:    ... okay on input line 155.
LaTeX Font Info:    Checking defaults for C43/song/m/n on input line 155.
LaTeX Font Info:    ... okay on input line 155.
LaTeX Font Info:    Checking defaults for C50/song/m/n on input line 155.
LaTeX Font Info:    ... okay on input line 155.
LaTeX Font Info:    Checking defaults for C52/song/m/n on input line 155.
LaTeX Font Info:    ... okay on input line 155.
LaTeX Font Info:    Checking defaults for C49/song/m/n on input line 155.
LaTeX Font Info:    ... okay on input line 155.
LaTeX Font Info:    Checking defaults for C60/mj/m/n on input line 155.
LaTeX Font Info:    ... okay on input line 155.
LaTeX Font Info:    Checking defaults for C61/mj/m/n on input line 155.
LaTeX Font Info:    ... okay on input line 155.
LaTeX Font Info:    Checking defaults for C63/mj/m/n on input line 155.
LaTeX Font Info:    ... okay on input line 155.
LaTeX Font Info:    Checking defaults for C64/mj/m/n on input line 155.
LaTeX Font Info:    ... okay on input line 155.
LaTeX Font Info:    Checking defaults for C65/mj/m/n on input line 155.
LaTeX Font Info:    ... okay on input line 155.
LaTeX Font Info:    Checking defaults for C70/song/m/n on input line 155.
LaTeX Font Info:    ... okay on input line 155.
LaTeX Font Info:    Checking defaults for C31/song/m/n on input line 155.
LaTeX Font Info:    ... okay on input line 155.
LaTeX Font Info:    Checking defaults for C32/song/m/n on input line 155.
LaTeX Font Info:    ... okay on input line 155.
LaTeX Font Info:    Checking defaults for C33/song/m/n on input line 155.
LaTeX Font Info:    ... okay on input line 155.
LaTeX Font Info:    Checking defaults for C34/song/m/n on input line 155.
LaTeX Font Info:    ... okay on input line 155.
LaTeX Font Info:    Checking defaults for C35/song/m/n on input line 155.
LaTeX Font Info:    ... okay on input line 155.
LaTeX Font Info:    Checking defaults for C36/song/m/n on input line 155.
LaTeX Font Info:    ... okay on input line 155.
LaTeX Font Info:    Checking defaults for C37/song/m/n on input line 155.
LaTeX Font Info:    ... okay on input line 155.
LaTeX Font Info:    Checking defaults for C80/song/m/n on input line 155.
LaTeX Font Info:    ... okay on input line 155.
LaTeX Font Info:    Checking defaults for C81/song/m/n on input line 155.
LaTeX Font Info:    ... okay on input line 155.
LaTeX Font Info:    Checking defaults for C01/song/m/n on input line 155.
LaTeX Font Info:    ... okay on input line 155.
LaTeX Font Info:    Checking defaults for C11/song/m/n on input line 155.
LaTeX Font Info:    ... okay on input line 155.
LaTeX Font Info:    Checking defaults for C21/song/m/n on input line 155.
LaTeX Font Info:    ... okay on input line 155.
LaTeX Font Info:    Checking defaults for C41/song/m/n on input line 155.
LaTeX Font Info:    ... okay on input line 155.
LaTeX Font Info:    Checking defaults for C62/song/m/n on input line 155.
LaTeX Font Info:    ... okay on input line 155.
LaTeX Font Info:    Checking defaults for LUC/nanummj/m/n on input line 155.
LaTeX Font Info:    Trying to load font information for LUC+nanummj on input li
ne 155.

(d:/texlive/2022/texmf-dist/tex/latex/nanumtype1/lucnanummj.fd
File: lucnanummj.fd 2013/02/12 v0.1 Nanum Myeongjo font definitions
)
LaTeX Font Info:    ... okay on input line 155.
LaTeX Font Info:    Checking defaults for PD1/pdf/m/n on input line 155.
LaTeX Font Info:    ... okay on input line 155.
LaTeX Font Info:    Checking defaults for PU/pdf/m/n on input line 155.
LaTeX Font Info:    ... okay on input line 155.
Class revtex4 Info: Unrecognized array package. Please update this document cla
ss! (Proceeding with fingers crossed.) on input line 155.
Class revtex4 Info: cite was not loaded (OK!) on input line 155.
Class revtex4 Info: multicol was not loaded (OK!) on input line 155.

(d:/texlive/2022/texmf-dist/tex/context/base/mkii/supp-pdf.mkii
[Loading MPS to PDF converter (version 2006.09.02).]
\scratchcounter=\count349
\scratchdimen=\dimen342
\scratchbox=\box105
\nofMPsegments=\count350
\nofMParguments=\count351
\everyMPshowfont=\toks50
\MPscratchCnt=\count352
\MPscratchDim=\dimen343
\MPnumerator=\count353
\makeMPintoPDFobject=\count354
\everyMPtoPDFconversion=\toks51
)
Package caption Info: Begin \AtBeginDocument code.
Package caption Info: hyperref package is loaded.
Package caption Info: subfigure package is loaded.
Package caption Info: End \AtBeginDocument code.
 (d:/texlive/2022/texmf-dist/tex/latex/ninecolors/ninecolors.sty
Package: ninecolors 2022-02-13 vv2022D Select colors with proper color contrast


(d:/texlive/2022/texmf-dist/tex/latex/l3packages/xparse/xparse.sty
Package: xparse 2022-01-12 L3 Experimental document command parser
))

Package hyperref Warning: Height of page (\paperheight) is invalid (0.0pt),
(hyperref)                using 11in.

Package hyperref Info: Link coloring ON on input line 155.
(d:/texlive/2022/texmf-dist/tex/latex/hyperref/nameref.sty
Package: nameref 2021-04-02 v2.47 Cross-referencing by name of section

(d:/texlive/2022/texmf-dist/tex/latex/refcount/refcount.sty
Package: refcount 2019/12/15 v3.6 Data extraction from label references (HO)
)
(d:/texlive/2022/texmf-dist/tex/generic/gettitlestring/gettitlestring.sty
Package: gettitlestring 2019/12/15 v1.6 Cleanup title references (HO)
)
\c@section@level=\count355
)
LaTeX Info: Redefining \ref on input line 155.
LaTeX Info: Redefining \pageref on input line 155.
LaTeX Info: Redefining \nameref on input line 155.

(./speedmeVSLPDUv2.out) (./speedmeVSLPDUv2.out)
\@outlinefile=\write5
\openout5 = `speedmeVSLPDUv2.out'.


(d:/texlive/2022/texmf-dist/tex/latex/cjk/texinput/UTF8/UTF8.bdg
File: UTF8.bdg 2021/10/16 4.8.5
)
(d:/texlive/2022/texmf-dist/tex/latex/cjk/texinput/UTF8/UTF8.enc
File: UTF8.enc 2021/10/16 4.8.5
)
(d:/texlive/2022/texmf-dist/tex/latex/cjk/texinput/UTF8/UTF8.chr
File: UTF8.chr 2021/10/16 4.8.5
)
LaTeX Font Info:    Trying to load font information for C70+gbsn on input line 
167.

(d:/texlive/2022/texmf-dist/tex/latex/cjk/texinput/UTF8/c70gbsn.fd
File: c70gbsn.fd 2021/10/16 4.8.5
)
(d:/texlive/2022/texmf-dist/tex/latex/cjk/texinput/UTF8/c70gbsn.fdx
File: c70gbsn.fdx 2021/10/16 4.8.5
)
LaTeX Font Info:    Trying to load font information for LUC+uhcmj on input line
 167.

(d:/texlive/2022/texmf-dist/tex/latex/kotex-utf/lucuhcmj.fd
File: lucuhcmj.fd 2013/09/26 UHC Myeongjo font definitions
)
LaTeX Font Info:    Trying to load font information for U+msa on input line 167
.

(d:/texlive/2022/texmf-dist/tex/latex/amsfonts/umsa.fd
File: umsa.fd 2013/01/14 v3.01 AMS symbols A
)
LaTeX Font Info:    Trying to load font information for U+msb on input line 167
.

(d:/texlive/2022/texmf-dist/tex/latex/amsfonts/umsb.fd
File: umsb.fd 2013/01/14 v3.01 AMS symbols B
)

LaTeX Font Warning: Font shape `LUC/uhcmj/bx/n' undefined
(Font)              using `LUC/uhcmj/m/n' instead on input line 170.

[0{d:/texlive/2022/texmf-var/fonts/map/pdftex/updmap/pdftex.map}]
(./speedmeVSLPDUv2.toc
Overfull \hbox (0.87494pt too wide) detected at line 4
 \OT1/cmr/m/n/12 1
 []


Overfull \hbox (0.87494pt too wide) detected at line 5
 \OT1/cmr/m/n/12 2
 []


Overfull \hbox (0.87494pt too wide) detected at line 6
 \OT1/cmr/m/n/12 4
 []


Overfull \hbox (0.87494pt too wide) detected at line 7
 \OT1/cmr/m/n/12 7
 []


Overfull \hbox (0.87494pt too wide) detected at line 8
 \OT1/cmr/m/n/12 8
 []


Overfull \hbox (0.87494pt too wide) detected at line 9
 \OT1/cmr/m/n/12 8
 []


Overfull \hbox (0.87494pt too wide) detected at line 10
 \OT1/cmr/m/n/12 9
 []


Overfull \hbox (6.74988pt too wide) detected at line 11
 \OT1/cmr/m/n/12 10
 []


Overfull \hbox (6.74988pt too wide) detected at line 12
 \OT1/cmr/m/n/12 11
 []


Overfull \hbox (6.74988pt too wide) detected at line 13
 \OT1/cmr/m/n/12 13
 []


Overfull \hbox (6.74988pt too wide) detected at line 14
 \OT1/cmr/m/n/12 13
 []


Overfull \hbox (6.74988pt too wide) detected at line 15
 \OT1/cmr/m/n/12 14
 []

)
\tf@toc=\write6
\openout6 = `speedmeVSLPDUv2.toc'.

 [1] [2] [3]
<Fig1.pdf, id=318, 313.80836pt x 204.79109pt>
File: Fig1.pdf Graphic file (type pdf)
<use Fig1.pdf>
Package pdftex.def Info: Fig1.pdf  used on input line 252.
(pdftex.def)             Requested size: 421.19714pt x 274.89362pt.
 [4] [5 <./Fig1.pdf>] [6] [7] [8] [9] [10]
<Fig2.pdf, id=478, 398.84409pt x 186.51884pt>
File: Fig2.pdf Graphic file (type pdf)
<use Fig2.pdf>
Package pdftex.def Info: Fig2.pdf  used on input line 405.
(pdftex.def)             Requested size: 421.19714pt x 196.98611pt.
 [11] [12 <./Fig2.pdf>]
Underfull \hbox (badness 1997) in paragraph at lines 432--433
[]\C70/gbsn/m/n/12/67 , \C70/gbsn/bx/n/12/78 ^^T \C70/gbsn/m/n/12/7a v \C70/gbs
n/m/n/12/75 1 \C70/gbsn/m/n/12/97 é \C70/gbsn/m/n/12/56 ý ý \C70/gbsn/bx/n/12/5
b ¶ \C70/gbsn/bx/n/12/78 ^^T \C70/gbsn/m/n/12/7a v \C70/gbsn/m/n/12/57 ú \C70/g
bsn/m/n/12/91 Ñ \C70/gbsn/m/n/12/4f ^^Z\OT1/cmr/m/n/12 (NRF)\C70/gbsn/bx/n/12/8
d D \C70/gbsn/bx/n/12/52 ©[]\C70/gbsn/m/n/12/65 Y \C70/gbsn/m/n/12/80 ² \C70/gb
sn/m/n/12/90 è \C70/gbsn/m/n/12/62 è \C70/gbsn/m/n/12/6b >\OT1/cmr/m/n/12 (\C70
/gbsn/bx/n/12/98 y \C70/gbsn/m/n/12/76 î \C70/gbsn/bx/n/12/7f ^^V \C70/gbsn/m/n
/12/53 ÷\OT1/cmr/m/n/12 NRF-
 []

[13]
Underfull \hbox (badness 1635) in paragraph at lines 455--459
[]\OT1/cmr/m/n/10.95 S. Lee, Class. Quant. Grav. \OT1/cmr/bx/n/10.95 42\OT1/cmr
/m/n/10.95 , no.2, 025026 (2025) doi:10.1088/1361-6382/ada2d5
 []


Underfull \hbox (badness 10000) in paragraph at lines 475--479
[]\OT1/cmr/m/n/10.95 M. Szyd-lowski and A. Kraw-iec, Phys. Rev. D \OT1/cmr/bx/n
/10.95 68\OT1/cmr/m/n/10.95 , 063511 (2003)
 []


Underfull \hbox (badness 2846) in paragraph at lines 480--484
[]\OT1/cmr/m/n/10.95 J. Magueijo, Rept. Prog. Phys. \OT1/cmr/bx/n/10.95 66\OT1/
cmr/m/n/10.95 , 2025 (2003) doi:10.1088/0034-4885/66/11/R04
 []


Underfull \hbox (badness 10000) in paragraph at lines 495--499
[]\OT1/cmr/m/n/10.95 A. Bal-cerzak and M. P. Dabrowski, Phys. Lett. B \OT1/cmr/
bx/n/10.95 728\OT1/cmr/m/n/10.95 , 15-18 (2014)
 []


Underfull \hbox (badness 7012) in paragraph at lines 500--504
[]\OT1/cmr/m/n/10.95 A. Bal-cerzak and M. P. Dabrowski, JCAP \OT1/cmr/bx/n/10.9
5 06\OT1/cmr/m/n/10.95 , 035 (2014) doi:10.1088/1475-
 []

[14]
Underfull \hbox (badness 10000) in paragraph at lines 513--517
[]\OT1/cmr/m/n/10.95 F. Skara and L. Perivolaropou-los, Phys. Rev. D \OT1/cmr/b
x/n/10.95 101\OT1/cmr/m/n/10.95 , no.6, 063521 (2020)
 []


Underfull \hbox (badness 2772) in paragraph at lines 518--522
[]\OT1/cmr/m/n/10.95 S. Bhat-tachar-jee \C70/gbsn/bx/n/10.95/4e ^^N\OT1/cmr/m/n
/10.95 P. K. Sahoo[] []\C70/gbsn/m/n/10.95/6b ' \C70/gbsn/m/n/10.95/6d 2 \C70/g
bsn/bx/n/10.95/72 i \C70/gbsn/bx/n/10.95/74 ^^F \C70/gbsn/bx/n/10.95/67 B \C70/
gbsn/bx/n/10.95/5f ×\OT1/cmr/m/n/10.95 Plus[]\OT1/cmr/bx/n/10.95 135[]\C70/gbsn
/m/n/10.95/7b ,\OT1/cmr/m/n/10.95 1\C70/gbsn/bx/n/10.95/67 ^^_[]\OT1/cmr/m/n/10
.95 86\C70/gbsn/m/n/10.95/98 u[]\OT1/cmr/m/n/10.95 2020\C70/gbsn/bx/n/10.95/5e 
t[]
 []


Underfull \hbox (badness 10000) in paragraph at lines 551--555
[]\OT1/cmr/m/n/10.95 A. Al-brecht \C70/gbsn/m/n/10.95/54 \OT1/cmr/m/n/10.95 J.
 Magueijo[] []\C70/gbsn/bx/n/10.95/72 i \C70/gbsn/bx/n/10.95/74 ^^F \C70/gbsn/b
x/n/10.95/8b Ä º\OT1/cmr/m/n/10.95 D[]\OT1/cmr/bx/n/10.95 59[]\OT1/cmr/m/n/10.9
5 043516[]1999\C70/gbsn/bx/n/10.95/5e t[]
 []


Underfull \hbox (badness 10000) in paragraph at lines 570--574
[]\OT1/cmr/m/n/10.95 T. Ja-cob-son \C70/gbsn/m/n/10.95/54 \OT1/cmr/m/n/10.95 D
. Mattingly[] []\C70/gbsn/bx/n/10.95/72 i \C70/gbsn/bx/n/10.95/74 ^^F \C70/gbsn
/bx/n/10.95/8b Ä º\OT1/cmr/m/n/10.95 D[]\OT1/cmr/bx/n/10.95 64[]\OT1/cmr/m/n/10
.95 024028[]2001\C70/gbsn/bx/n/10.95/5e t[]
 []

[15]
Underfull \hbox (badness 2103) in paragraph at lines 598--602
[]\OT1/cmr/m/n/10.95 M. A. Clay-ton \C70/gbsn/m/n/10.95/54 \OT1/cmr/m/n/10.95 
J. W. Moffat[] []\C70/gbsn/bx/n/10.95/73 ° \C70/gbsn/bx/n/10.95/4e ã \C70/gbsn/
bx/n/10.95/72 i \C70/gbsn/bx/n/10.95/74 ^^F \C70/gbsn/bx/n/10.95/56 ý \C70/gbsn
/m/n/10.95/96 E \C70/gbsn/bx/n/10.95/67 ^^_ \C70/gbsn/bx/n/10.95/52 
\OT1/cmr/m/n/10.95 D[]\OT1/cmr/bx/n/10.95 11[]\OT1/cmr/m/n/10.95 187-206\C70/gb
sn/m/n/10.95/98 u[]\OT1/cmr/m/n/10.95 2002\C70/gbsn/bx/n/10.95/5e t[]
 []


Underfull \hbox (badness 10000) in paragraph at lines 623--627
[]\OT1/cmr/m/n/10.95 G. Amelino-Camelia \C70/gbsn/m/n/10.95/54 \OT1/cmr/m/n/10
.95 T. Piran[] []\C70/gbsn/bx/n/10.95/72 i \C70/gbsn/bx/n/10.95/74 ^^F \C70/gbs
n/bx/n/10.95/8b Ä º\OT1/cmr/m/n/10.95 D[]\OT1/cmr/bx/n/10.95 64[]\OT1/cmr/m/n/1
0.95 036005[]2001\C70/gbsn/bx/n/10.95/5e t[]
 []


Underfull \hbox (badness 10000) in paragraph at lines 628--632
[]\OT1/cmr/m/n/10.95 G. Amelino-Camelia[] []\C70/gbsn/bx/n/10.95/72 i \C70/gbsn
/bx/n/10.95/74 ^^F \C70/gbsn/bx/n/10.95/5f ë \C70/gbsn/m/n/10.95/62 ¥\OT1/cmr/m
/n/10.95 B[]\OT1/cmr/bx/n/10.95 510[]\OT1/cmr/m/n/10.95 255-263\C70/gbsn/m/n/10
.95/98 u[]\OT1/cmr/m/n/10.95 2001\C70/gbsn/bx/n/10.95/5e t[] \OT1/cmr/m/n/10.95
 doi:10.1016/S0370-
 []


Underfull \hbox (badness 10000) in paragraph at lines 648--652
[]\OT1/cmr/m/n/10.95 J. Magueijo \C70/gbsn/m/n/10.95/54 \OT1/cmr/m/n/10.95 L. 
Smolin[] []\C70/gbsn/bx/n/10.95/72 i \C70/gbsn/bx/n/10.95/74 ^^F \C70/gbsn/bx/n
/10.95/8b Ä º \C70/gbsn/bx/n/10.95/5f ë \C70/gbsn/m/n/10.95/62 ¥[]\OT1/cmr/bx/n
/10.95 88\OT1/cmr/m/n/10.95 , 190403 (2002)
 []


Underfull \hbox (badness 10000) in paragraph at lines 653--657
[]\OT1/cmr/m/n/10.95 G. Amelino-Camelia[] []\C70/gbsn/bx/n/10.95/73 ° \C70/gbsn
/bx/n/10.95/4e ã \C70/gbsn/bx/n/10.95/72 i \C70/gbsn/bx/n/10.95/74 ^^F \C70/gbs
n/bx/n/10.95/56 ý \C70/gbsn/m/n/10.95/96 E \C70/gbsn/bx/n/10.95/67 ^^_ \C70/gbs
n/bx/n/10.95/52 
\OT1/cmr/m/n/10.95 D[]\OT1/cmr/bx/n/10.95 11\OT1/cmr/m/n/10.95 , 1643 (2002)
 []


Underfull \hbox (badness 10000) in paragraph at lines 658--662
[]\OT1/cmr/m/n/10.95 J. Magueijo \C70/gbsn/m/n/10.95/54 \OT1/cmr/m/n/10.95 L. 
Pogosian[] []\C70/gbsn/bx/n/10.95/72 i \C70/gbsn/bx/n/10.95/74 ^^F \C70/gbsn/bx
/n/10.95/8b Ä º\OT1/cmr/m/n/10.95 D[]\OT1/cmr/bx/n/10.95 67\OT1/cmr/m/n/10.95 ,
 043518 (2003)
 []

[16]
Underfull \hbox (badness 2057) in paragraph at lines 676--680
[]\OT1/cmr/m/n/10.95 S. S. Stepanov[] []\C70/gbsn/bx/n/10.95/72 i \C70/gbsn/bx/
n/10.95/74 ^^F \C70/gbsn/bx/n/10.95/8b Ä º\OT1/cmr/m/n/10.95 D[]\OT1/cmr/bx/n/1
0.95 62\OT1/cmr/m/n/10.95 , 023507 (2000) doi:10.1103/PhysRevD.62.023507
 []


Underfull \hbox (badness 10000) in paragraph at lines 692--696
[]\OT1/cmr/m/n/10.95 L. Ran-dall \C70/gbsn/m/n/10.95/54 \OT1/cmr/m/n/10.95 R. 
Sundrum[] []\C70/gbsn/bx/n/10.95/72 i \C70/gbsn/bx/n/10.95/74 ^^F \C70/gbsn/bx/
n/10.95/8b Ä º \C70/gbsn/bx/n/10.95/5f ë \C70/gbsn/m/n/10.95/62 ¥[]\OT1/cmr/bx/
n/10.95 83\OT1/cmr/m/n/10.95 , 3370-3373 (1999)
 []


Underfull \hbox (badness 10000) in paragraph at lines 697--701
[]\OT1/cmr/m/n/10.95 L. Ran-dall \C70/gbsn/m/n/10.95/54 \OT1/cmr/m/n/10.95 R. 
Sundrum[] []\C70/gbsn/bx/n/10.95/72 i \C70/gbsn/bx/n/10.95/74 ^^F \C70/gbsn/bx/
n/10.95/8b Ä º \C70/gbsn/bx/n/10.95/5f ë \C70/gbsn/m/n/10.95/62 ¥[]\OT1/cmr/bx/
n/10.95 83\OT1/cmr/m/n/10.95 , 4690-4693 (1999)
 []


Underfull \hbox (badness 10000) in paragraph at lines 707--711
[]\OT1/cmr/m/n/10.95 D. J. H. Chung \C70/gbsn/m/n/10.95/54 \OT1/cmr/m/n/10.95 
K. Freese[] []\C70/gbsn/bx/n/10.95/72 i \C70/gbsn/bx/n/10.95/74 ^^F \C70/gbsn/b
x/n/10.95/8b Ä º\OT1/cmr/m/n/10.95 D[]\OT1/cmr/bx/n/10.95 62\OT1/cmr/m/n/10.95 
, 063513 (2000)
 []

[17]
Underfull \hbox (badness 10000) in paragraph at lines 745--748
[]\OT1/cmr/m/n/10.95 I. T. Drum-mond \C70/gbsn/m/n/10.95/54 \OT1/cmr/m/n/10.95
 S. J. Hathrell[] []\C70/gbsn/bx/n/10.95/72 i \C70/gbsn/bx/n/10.95/74 ^^F \C70/
gbsn/bx/n/10.95/8b Ä º\OT1/cmr/m/n/10.95 D[]\OT1/cmr/bx/n/10.95 22\OT1/cmr/m/n/
10.95 , 343 (1980)
 []


Underfull \hbox (badness 10000) in paragraph at lines 769--773
[]\OT1/cmr/m/n/10.95 D. Col-la-day \C70/gbsn/bx/n/10.95/4e ^^N\OT1/cmr/m/n/10.9
5 V. A. Kost-elecky, \C70/gbsn/bx/n/10.95/72 i \C70/gbsn/bx/n/10.95/74 ^^F \C70
/gbsn/bx/n/10.95/8b Ä º\OT1/cmr/m/n/10.95 D \OT1/cmr/bx/n/10.95 52\OT1/cmr/m/n/
10.95 , 6224-6230 (1995)
 []


Underfull \hbox (badness 10000) in paragraph at lines 775--779
[]\OT1/cmr/m/n/10.95 S. R. Cole-man \C70/gbsn/m/n/10.95/54 \OT1/cmr/m/n/10.95 
S. L. Glashow, \C70/gbsn/bx/n/10.95/72 i \C70/gbsn/bx/n/10.95/74 ^^F \C70/gbsn/
bx/n/10.95/8b Ä º\OT1/cmr/m/n/10.95 D \OT1/cmr/bx/n/10.95 59\OT1/cmr/m/n/10.95 
, 116008 (1999)
 []


Underfull \hbox (badness 10000) in paragraph at lines 781--785
[]\OT1/cmr/m/n/10.95 O. Berto-lami \C70/gbsn/bx/n/10.95/4e ^^N\OT1/cmr/m/n/10.9
5 C. S. Car-valho, \C70/gbsn/bx/n/10.95/72 i \C70/gbsn/bx/n/10.95/74 ^^F \C70/g
bsn/bx/n/10.95/8b Ä º\OT1/cmr/m/n/10.95 D \OT1/cmr/bx/n/10.95 61\OT1/cmr/m/n/10
.95 , 103002 (2000)
 []


Underfull \hbox (badness 5161) in paragraph at lines 810--814
[]\OT1/cmr/m/n/10.95 M. Bla-sone, J. Magueijo \C70/gbsn/m/n/10.95/54 \OT1/cmr/
m/n/10.95 P. Pires-Pacheco, \C70/gbsn/m/n/10.95/6b ' \C70/gbsn/m/n/10.95/6d 2 \
C70/gbsn/bx/n/10.95/72 i \C70/gbsn/bx/n/10.95/74 ^^F \C70/gbsn/bx/n/10.95/5f ë 
\C70/gbsn/m/n/10.95/62 ¥\OT1/cmr/bx/n/10.95 70\OT1/cmr/m/n/10.95 , 600 (2005)
 []


Underfull \hbox (badness 2913) in paragraph at lines 816--820
[]\OT1/cmr/m/n/10.95 S. Alexan-der, R. Bran-den-berger \C70/gbsn/m/n/10.95/54 
\OT1/cmr/m/n/10.95 J. Magueijo, \C70/gbsn/bx/n/10.95/72 i \C70/gbsn/bx/n/10.95/
74 ^^F \C70/gbsn/bx/n/10.95/8b Ä º\OT1/cmr/m/n/10.95 D \OT1/cmr/bx/n/10.95 67\O
T1/cmr/m/n/10.95 , 081301 (2003)
 []


LaTeX Font Warning: Font shape `C70/gbsn/m/it' undefined
(Font)              using `C70/gbsn/m/n' instead on input line 828.

[18]
Underfull \hbox (badness 3291) in paragraph at lines 867--871
[]\OT1/cmr/m/n/10.95 R. M. T. White \C70/gbsn/m/n/10.95/7b I\OT1/cmr/m/n/10.95 
[DES], \C70/gbsn/m/it/10.95/76  \C70/gbsn/m/it/10.95/5b ¶ \C70/gbsn/bx/n/10.95
/59 ) \C70/gbsn/bx/n/10.95/65  \C70/gbsn/m/it/10.95/5b f \C70/gbsn/bx/n/10.95/
4f ^^Z \C70/gbsn/bx/n/10.95/67 ^^H \C70/gbsn/bx/n/10.95/52 
\OT1/cmr/bx/n/10.95 533\OT1/cmr/m/n/10.95 , \C70/gbsn/m/n/10.95/7b ,\OT1/cmr/m/
n/10.95 3\C70/gbsn/bx/n/10.95/67 ^^_\OT1/cmr/m/n/10.95 , 3365-3378 (2024)
 []


Underfull \hbox (badness 1515) in paragraph at lines 897--901
[]\OT1/cmr/m/n/10.95 A. Meszaros \C70/gbsn/m/n/10.95/54 \OT1/cmr/m/n/10.95 P. 
Meszaros[] []\C70/gbsn/bx/n/10.95/59 ) \C70/gbsn/bx/n/10.95/4f S \C70/gbsn/bx/n
/10.95/72 i \C70/gbsn/bx/n/10.95/74 ^^F \C70/gbsn/m/it/10.95/5b f \C70/gbsn/m/n
/10.95/62 ¥[]\OT1/cmr/bx/n/10.95 466\OT1/cmr/m/n/10.95 , 29 (1996) doi:10.1086/
177491
 []

[19] [20] (./speedmeVSLPDUv2.aux)

LaTeX Font Warning: Some font shapes were not available, defaults substituted.

Package rerunfilecheck Info: File `speedmeVSLPDUv2.out' has not changed.
(rerunfilecheck)             Checksum: CA2BE47E47795E9294D2ECED76C8B39C;1517.
 ) 
Here is how much of TeX's memory you used:
 31152 strings out of 478268
 568388 string characters out of 5850345
 851373 words of memory out of 5000000
 48286 multiletter control sequences out of 15000+600000
 543029 words of font info for 276 fonts, out of 8000000 for 9000
 1141 hyphenation exceptions out of 8191
 88i,17n,91p,1576b,2185s stack positions out of 10000i,1000n,20000p,200000b,200000s
{d:/texlive/2022/texmf-dist/fonts/enc/dvips/cm-super/cm-super-ts1.enc}<d:/tex
live/2022/texmf-dist/fonts/type1/public/amsfonts/cm/cmbx10.pfb><d:/texlive/2022
/texmf-dist/fonts/type1/public/amsfonts/cm/cmbx12.pfb><d:/texlive/2022/texmf-di
st/fonts/type1/public/amsfonts/cm/cmex10.pfb><d:/texlive/2022/texmf-dist/fonts/
type1/public/amsfonts/cm/cmmi10.pfb><d:/texlive/2022/texmf-dist/fonts/type1/pub
lic/amsfonts/cm/cmmi12.pfb><d:/texlive/2022/texmf-dist/fonts/type1/public/amsfo
nts/cm/cmmi6.pfb><d:/texlive/2022/texmf-dist/fonts/type1/public/amsfonts/cm/cmm
i7.pfb><d:/texlive/2022/texmf-dist/fonts/type1/public/amsfonts/cm/cmmi8.pfb><d:
/texlive/2022/texmf-dist/fonts/type1/public/amsfonts/cm/cmr10.pfb><d:/texlive/2
022/texmf-dist/fonts/type1/public/amsfonts/cm/cmr12.pfb><d:/texlive/2022/texmf-
dist/fonts/type1/public/amsfonts/cm/cmr6.pfb><d:/texlive/2022/texmf-dist/fonts/
type1/public/amsfonts/cm/cmr7.pfb><d:/texlive/2022/texmf-dist/fonts/type1/publi
c/amsfonts/cm/cmr8.pfb><d:/texlive/2022/texmf-dist/fonts/type1/public/amsfonts/
cm/cmsy10.pfb><d:/texlive/2022/texmf-dist/fonts/type1/public/amsfonts/cm/cmsy6.
pfb><d:/texlive/2022/texmf-dist/fonts/type1/public/amsfonts/cm/cmsy7.pfb><d:/te
xlive/2022/texmf-dist/fonts/type1/public/amsfonts/cm/cmsy8.pfb><d:/texlive/2022
/texmf-dist/fonts/type1/public/amsfonts/cm/cmti12.pfb><d:/texlive/2022/texmf-di
st/fonts/type1/arphic/gbsnu/gbsnu4e.pfb><d:/texlive/2022/texmf-dist/fonts/type1
/arphic/gbsnu/gbsnu4f.pfb><d:/texlive/2022/texmf-dist/fonts/type1/arphic/gbsnu/
gbsnu50.pfb><d:/texlive/2022/texmf-dist/fonts/type1/arphic/gbsnu/gbsnu51.pfb><d
:/texlive/2022/texmf-dist/fonts/type1/arphic/gbsnu/gbsnu52.pfb><d:/texlive/2022
/texmf-dist/fonts/type1/arphic/gbsnu/gbsnu53.pfb><d:/texlive/2022/texmf-dist/fo
nts/type1/arphic/gbsnu/gbsnu54.pfb><d:/texlive/2022/texmf-dist/fonts/type1/arph
ic/gbsnu/gbsnu55.pfb><d:/texlive/2022/texmf-dist/fonts/type1/arphic/gbsnu/gbsnu
56.pfb><d:/texlive/2022/texmf-dist/fonts/type1/arphic/gbsnu/gbsnu57.pfb><d:/tex
live/2022/texmf-dist/fonts/type1/arphic/gbsnu/gbsnu58.pfb><d:/texlive/2022/texm
f-dist/fonts/type1/arphic/gbsnu/gbsnu59.pfb><d:/texlive/2022/texmf-dist/fonts/t
ype1/arphic/gbsnu/gbsnu5b.pfb><d:/texlive/2022/texmf-dist/fonts/type1/arphic/gb
snu/gbsnu5c.pfb><d:/texlive/2022/texmf-dist/fonts/type1/arphic/gbsnu/gbsnu5d.pf
b><d:/texlive/2022/texmf-dist/fonts/type1/arphic/gbsnu/gbsnu5e.pfb><d:/texlive/
2022/texmf-dist/fonts/type1/arphic/gbsnu/gbsnu5f.pfb><d:/texlive/2022/texmf-dis
t/fonts/type1/arphic/gbsnu/gbsnu60.pfb><d:/texlive/2022/texmf-dist/fonts/type1/
arphic/gbsnu/gbsnu61.pfb><d:/texlive/2022/texmf-dist/fonts/type1/arphic/gbsnu/g
bsnu62.pfb><d:/texlive/2022/texmf-dist/fonts/type1/arphic/gbsnu/gbsnu63.pfb><d:
/texlive/2022/texmf-dist/fonts/type1/arphic/gbsnu/gbsnu64.pfb><d:/texlive/2022/
texmf-dist/fonts/type1/arphic/gbsnu/gbsnu65.pfb><d:/texlive/2022/texmf-dist/fon
ts/type1/arphic/gbsnu/gbsnu66.pfb><d:/texlive/2022/texmf-dist/fonts/type1/arphi
c/gbsnu/gbsnu67.pfb><d:/texlive/2022/texmf-dist/fonts/type1/arphic/gbsnu/gbsnu6
8.pfb><d:/texlive/2022/texmf-dist/fonts/type1/arphic/gbsnu/gbsnu69.pfb><d:/texl
ive/2022/texmf-dist/fonts/type1/arphic/gbsnu/gbsnu6a.pfb><d:/texlive/2022/texmf
-dist/fonts/type1/arphic/gbsnu/gbsnu6b.pfb><d:/texlive/2022/texmf-dist/fonts/ty
pe1/arphic/gbsnu/gbsnu6c.pfb><d:/texlive/2022/texmf-dist/fonts/type1/arphic/gbs
nu/gbsnu6d.pfb><d:/texlive/2022/texmf-dist/fonts/type1/arphic/gbsnu/gbsnu6e.pfb
><d:/texlive/2022/texmf-dist/fonts/type1/arphic/gbsnu/gbsnu6f.pfb><d:/texlive/2
022/texmf-dist/fonts/type1/arphic/gbsnu/gbsnu70.pfb><d:/texlive/2022/texmf-dist
/fonts/type1/arphic/gbsnu/gbsnu71.pfb><d:/texlive/2022/texmf-dist/fonts/type1/a
rphic/gbsnu/gbsnu72.pfb><d:/texlive/2022/texmf-dist/fonts/type1/arphic/gbsnu/gb
snu73.pfb><d:/texlive/2022/texmf-dist/fonts/type1/arphic/gbsnu/gbsnu74.pfb><d:/
texlive/2022/texmf-dist/fonts/type1/arphic/gbsnu/gbsnu75.pfb><d:/texlive/2022/t
exmf-dist/fonts/type1/arphic/gbsnu/gbsnu76.pfb><d:/texlive/2022/texmf-dist/font
s/type1/arphic/gbsnu/gbsnu77.pfb><d:/texlive/2022/texmf-dist/fonts/type1/arphic
/gbsnu/gbsnu78.pfb><d:/texlive/2022/texmf-dist/fonts/type1/arphic/gbsnu/gbsnu79
.pfb><d:/texlive/2022/texmf-dist/fonts/type1/arphic/gbsnu/gbsnu7a.pfb><d:/texli
ve/2022/texmf-dist/fonts/type1/arphic/gbsnu/gbsnu7b.pfb><d:/texlive/2022/texmf-
dist/fonts/type1/arphic/gbsnu/gbsnu7c.pfb><d:/texlive/2022/texmf-dist/fonts/typ
e1/arphic/gbsnu/gbsnu7d.pfb><d:/texlive/2022/texmf-dist/fonts/type1/arphic/gbsn
u/gbsnu7e.pfb><d:/texlive/2022/texmf-dist/fonts/type1/arphic/gbsnu/gbsnu7f.pfb>
<d:/texlive/2022/texmf-dist/fonts/type1/arphic/gbsnu/gbsnu80.pfb><d:/texlive/20
22/texmf-dist/fonts/type1/arphic/gbsnu/gbsnu81.pfb><d:/texlive/2022/texmf-dist/
fonts/type1/arphic/gbsnu/gbsnu82.pfb><d:/texlive/2022/texmf-dist/fonts/type1/ar
phic/gbsnu/gbsnu83.pfb><d:/texlive/2022/texmf-dist/fonts/type1/arphic/gbsnu/gbs
nu84.pfb><d:/texlive/2022/texmf-dist/fonts/type1/arphic/gbsnu/gbsnu86.pfb><d:/t
exlive/2022/texmf-dist/fonts/type1/arphic/gbsnu/gbsnu88.pfb><d:/texlive/2022/te
xmf-dist/fonts/type1/arphic/gbsnu/gbsnu89.pfb><d:/texlive/2022/texmf-dist/fonts
/type1/arphic/gbsnu/gbsnu8a.pfb><d:/texlive/2022/texmf-dist/fonts/type1/arphic/
gbsnu/gbsnu8b.pfb><d:/texlive/2022/texmf-dist/fonts/type1/arphic/gbsnu/gbsnu8c.
pfb><d:/texlive/2022/texmf-dist/fonts/type1/arphic/gbsnu/gbsnu8d.pfb><d:/texliv
e/2022/texmf-dist/fonts/type1/arphic/gbsnu/gbsnu8e.pfb><d:/texlive/2022/texmf-d
ist/fonts/type1/arphic/gbsnu/gbsnu8f.pfb><d:/texlive/2022/texmf-dist/fonts/type
1/arphic/gbsnu/gbsnu90.pfb><d:/texlive/2022/texmf-dist/fonts/type1/arphic/gbsnu
/gbsnu91.pfb><d:/texlive/2022/texmf-dist/fonts/type1/arphic/gbsnu/gbsnu92.pfb><
d:/texlive/2022/texmf-dist/fonts/type1/arphic/gbsnu/gbsnu94.pfb><d:/texlive/202
2/texmf-dist/fonts/type1/arphic/gbsnu/gbsnu95.pfb><d:/texlive/2022/texmf-dist/f
onts/type1/arphic/gbsnu/gbsnu96.pfb><d:/texlive/2022/texmf-dist/fonts/type1/arp
hic/gbsnu/gbsnu97.pfb><d:/texlive/2022/texmf-dist/fonts/type1/arphic/gbsnu/gbsn
u98.pfb><d:/texlive/2022/texmf-dist/fonts/type1/arphic/gbsnu/gbsnu9a.pfb><d:/te
xlive/2022/texmf-dist/fonts/type1/arphic/gbsnu/gbsnu9e.pfb><d:/texlive/2022/tex
mf-dist/fonts/type1/public/amsfonts/symbols/msam10.pfb><d:/texlive/2022/texmf-d
ist/fonts/type1/public/amsfonts/symbols/msbm10.pfb><d:/texlive/2022/texmf-dist/
fonts/type1/public/cm-super/sfrm1095.pfb><d:/texlive/2022/texmf-dist/fonts/type
1/public/cm-super/sfrm1200.pfb><d:/texlive/2022/texmf-dist/fonts/type1/uhc/umj/
umj00.pfb><d:/texlive/2022/texmf-dist/fonts/type1/uhc/umj/umj02.pfb><d:/texlive
/2022/texmf-dist/fonts/type1/urw/zapfding/uzdr.pfb>
Output written on speedmeVSLPDUv2.pdf (21 pages, 900407 bytes).
PDF statistics:
 1067 PDF objects out of 1200 (max. 8388607)
 756 compressed objects within 8 object streams
 180 named destinations out of 1000 (max. 500000)
 419 words of extra memory for PDF output out of 10000 (max. 10000000)

