This is pdfTeX, Version 3.141592653-2.6-1.40.24 (TeX Live 2022/Debian) (preloaded format=pdflatex 2025.7.11)  17 JUL 2025 03:43
entering extended mode
 restricted \write18 enabled.
 file:line:error style messages enabled.
 %&-line parsing enabled.
**speedmeVSLPDUv2.tex
(./speedmeVSLPDUv2.tex
LaTeX2e <2022-11-01> patch level 1
L3 programming layer <2023-01-16>
(/usr/share/texlive/texmf-dist/tex/latex/revtex4/revtex4.cls
Document Class: revtex4 2020/09/30 v4.0a (http://publish.aps.org/revtex4/ for d
ocumentation)
 Copyright (c) 2001 The American Physical Society.
 mailto:revtex@aps.org
 Licensed under the LPPL:
http://www.ctan.org/tex-archive/macros/latex/base/lppl.txt
 Arthur Ogawa <ogawa@teleport.com>
 Based on work by David Carlisle <david@dcarlisle.demon.co.uk>.
ltxutil: portions licensed from W. E. Baxter (web@superscript.com)
Class revtex4 Info: Repairing broken LateX \@sect on input line 640.
\intertabularlinepenalty=\count185
\@tbpen=\count186
\@arstrutbox@hline=\box51
Class revtex4 Info: Repairing broken LaTeX \@xbitor on input line 1654.
ltxgrid: portions licensed from W. E. Baxter (web@superscript.com)
\c@linecount=\count187
\output=\toks16
\@protection@box=\box52
\@topmark@saved=\toks17
\footins@saved=\box53
\pagesofar=\box54
\footbox=\box55
\pagegrid@col=\count188
Class revtex4 Info: Incorporating package {textcase}  [1998/11/12 v0.06 Text on
ly upper/lower case changing (DPC)]. on input line 3736.
(/usr/share/texlive/texmf-dist/tex/latex/base/fleqn.clo
File: fleqn.clo 2016/12/29 v1.2b Standard LaTeX option (flush left equations)
\mathindent=\skip48
Applying: [2015/01/01] Make \[ robust on input line 50.
LaTeX Info: Redefining \[ on input line 51.
Already applied: [0000/00/00] Make \[ robust on input line 62.
Applying: [2015/01/01] Make \] robust on input line 74.
LaTeX Info: Redefining \] on input line 75.
Already applied: [0000/00/00] Make \] robust on input line 83.
)
(/usr/share/texlive/texmf-dist/tex/latex/url/url.sty
\Urlmuskip=\muskip16
Package: url 2013/09/16  ver 3.4  Verb mode for urls, etc.
)
\c@affil=\count189
\absbox=\box56
\c@part=\count190
\c@section=\count191
\c@subsection=\count192
\c@subsubsection=\count193
\c@paragraph=\count194
\c@subparagraph=\count195
\abovecaptionskip=\skip49
\belowcaptionskip=\skip50
\c@figure=\count196
\c@table=\count197

(/usr/share/texlive/texmf-dist/tex/latex/natbib/natbib.sty
Package: natbib 2010/09/13 8.31b (PWD, AO)
\bibhang=\skip51
\bibsep=\skip52
LaTeX Info: Redefining \cite on input line 694.
\c@NAT@ctr=\count198
)
\widetext@top=\box57
\widetext@bot=\box58

(/usr/share/texlive/texmf-dist/tex/latex/revtex4/revsymb.sty
Package: revsymb 2020/09/30 v4.0a (http://publish.aps.org/revtex4/ for document
ation)
LaTeX Info: Redefining \REV@mathfrak on input line 118.
))

Class revtex4 Warning: No Society specified, using generic APS style.

(/usr/share/texlive/texmf-dist/tex/latex/revtex4/aps.rtx
File: aps.rtx 2020/09/30 v4.0a (http://publish.aps.org/revtex4/ for documentati
on)
)
(/usr/share/texlive/texmf-dist/tex/latex/revtex4/12pt.rtx
File: 12pt.rtx 2020/09/30 v4.0a (http://publish.aps.org/revtex4/ for documentat
ion)
)
(/usr/share/texmf/tex/latex/CJK/CJKutf8.sty
Package: CJKutf8 2021/10/16 4.8.5

(/usr/share/texlive/texmf-dist/tex/generic/iftex/ifpdf.sty
Package: ifpdf 2019/10/25 v3.4 ifpdf legacy package. Use iftex instead.

(/usr/share/texlive/texmf-dist/tex/generic/iftex/iftex.sty
Package: iftex 2022/02/03 v1.0f TeX engine tests
))
(/usr/share/texlive/texmf-dist/tex/latex/base/inputenc.sty
Package: inputenc 2021/02/14 v1.3d Input encoding file
\inpenc@prehook=\toks18
\inpenc@posthook=\toks19
)
(/usr/share/texmf/tex/latex/CJK/CJK.sty
Package: CJK 2021/10/16 4.8.5

(/usr/share/texmf/tex/latex/CJK/mule/MULEenc.sty
Package: MULEenc 2021/10/16 4.8.5
)
(/usr/share/texmf/tex/latex/CJK/CJK.enc
File: CJK.enc 2021/10/16 4.8.5
Now handling font encoding C00 ...
... no UTF-8 mapping file for font encoding C00
Now handling font encoding C05 ...
... no UTF-8 mapping file for font encoding C05
Now handling font encoding C09 ...
... no UTF-8 mapping file for font encoding C09
Now handling font encoding C10 ...
... no UTF-8 mapping file for font encoding C10
Now handling font encoding C20 ...
... no UTF-8 mapping file for font encoding C20
Now handling font encoding C19 ...
... no UTF-8 mapping file for font encoding C19
Now handling font encoding C40 ...
... no UTF-8 mapping file for font encoding C40
Now handling font encoding C42 ...
... no UTF-8 mapping file for font encoding C42
Now handling font encoding C43 ...
... no UTF-8 mapping file for font encoding C43
Now handling font encoding C50 ...
... no UTF-8 mapping file for font encoding C50
Now handling font encoding C52 ...
... no UTF-8 mapping file for font encoding C52
Now handling font encoding C49 ...
... no UTF-8 mapping file for font encoding C49
Now handling font encoding C60 ...
... no UTF-8 mapping file for font encoding C60
Now handling font encoding C61 ...
... no UTF-8 mapping file for font encoding C61
Now handling font encoding C63 ...
... no UTF-8 mapping file for font encoding C63
Now handling font encoding C64 ...
... no UTF-8 mapping file for font encoding C64
Now handling font encoding C65 ...
... no UTF-8 mapping file for font encoding C65
Now handling font encoding C70 ...
... no UTF-8 mapping file for font encoding C70
Now handling font encoding C31 ...
... no UTF-8 mapping file for font encoding C31
Now handling font encoding C32 ...
... no UTF-8 mapping file for font encoding C32
Now handling font encoding C33 ...
... no UTF-8 mapping file for font encoding C33
Now handling font encoding C34 ...
... no UTF-8 mapping file for font encoding C34
Now handling font encoding C35 ...
... no UTF-8 mapping file for font encoding C35
Now handling font encoding C36 ...
... no UTF-8 mapping file for font encoding C36
Now handling font encoding C37 ...
... no UTF-8 mapping file for font encoding C37
Now handling font encoding C80 ...
... no UTF-8 mapping file for font encoding C80
Now handling font encoding C81 ...
... no UTF-8 mapping file for font encoding C81
Now handling font encoding C01 ...
... no UTF-8 mapping file for font encoding C01
Now handling font encoding C11 ...
... no UTF-8 mapping file for font encoding C11
Now handling font encoding C21 ...
... no UTF-8 mapping file for font encoding C21
Now handling font encoding C41 ...
... no UTF-8 mapping file for font encoding C41
Now handling font encoding C62 ...
... no UTF-8 mapping file for font encoding C62
)
\CJK@indent=\box59
)
(/usr/share/texlive/texmf-dist/tex/latex/base/fontenc.sty
Package: fontenc 2021/04/29 v2.0v Standard LaTeX package
))
(/usr/share/texlive/texmf-dist/tex/latex/graphics/graphicx.sty
Package: graphicx 2021/09/16 v1.2d Enhanced LaTeX Graphics (DPC,SPQR)

(/usr/share/texlive/texmf-dist/tex/latex/graphics/keyval.sty
Package: keyval 2022/05/29 v1.15 key=value parser (DPC)
\KV@toks@=\toks20
)
(/usr/share/texlive/texmf-dist/tex/latex/graphics/graphics.sty
Package: graphics 2022/03/10 v1.4e Standard LaTeX Graphics (DPC,SPQR)

(/usr/share/texlive/texmf-dist/tex/latex/graphics/trig.sty
Package: trig 2021/08/11 v1.11 sin cos tan (DPC)
)
(/usr/share/texlive/texmf-dist/tex/latex/graphics-cfg/graphics.cfg
File: graphics.cfg 2016/06/04 v1.11 sample graphics configuration
)
Package graphics Info: Driver file: pdftex.def on input line 107.

(/usr/share/texlive/texmf-dist/tex/latex/graphics-def/pdftex.def
File: pdftex.def 2022/09/22 v1.2b Graphics/color driver for pdftex
))
\Gin@req@height=\dimen140
\Gin@req@width=\dimen141
)
(/usr/share/texlive/texmf-dist/tex/latex/amsfonts/amssymb.sty
Package: amssymb 2013/01/14 v3.01 AMS font symbols

(/usr/share/texlive/texmf-dist/tex/latex/amsfonts/amsfonts.sty
Package: amsfonts 2013/01/14 v3.01 Basic AMSFonts support
\@emptytoks=\toks21
\symAMSa=\mathgroup4
\symAMSb=\mathgroup5
LaTeX Font Info:    Redeclaring math symbol \hbar on input line 98.
LaTeX Font Info:    Overwriting math alphabet `\mathfrak' in version `bold'
(Font)                  U/euf/m/n --> U/euf/b/n on input line 106.
LaTeX Info: Redefining \frak on input line 111.
LaTeX Info: Redefining \Bbb on input line 113.
))
(/usr/share/texlive/texmf-dist/tex/latex/amsmath/amsmath.sty
Package: amsmath 2022/04/08 v2.17n AMS math features
\@mathmargin=\skip53

For additional information on amsmath, use the `?' option.
(/usr/share/texlive/texmf-dist/tex/latex/amsmath/amstext.sty
Package: amstext 2021/08/26 v2.01 AMS text

(/usr/share/texlive/texmf-dist/tex/latex/amsmath/amsgen.sty
File: amsgen.sty 1999/11/30 v2.0 generic functions
\@emptytoks=\toks22
\ex@=\dimen142
))
(/usr/share/texlive/texmf-dist/tex/latex/amsmath/amsbsy.sty
Package: amsbsy 1999/11/29 v1.2d Bold Symbols
\pmbraise@=\dimen143
)
(/usr/share/texlive/texmf-dist/tex/latex/amsmath/amsopn.sty
Package: amsopn 2022/04/08 v2.04 operator names
)
\inf@bad=\count199
LaTeX Info: Redefining \frac on input line 234.
\uproot@=\count266
\leftroot@=\count267
LaTeX Info: Redefining \overline on input line 399.
LaTeX Info: Redefining \colon on input line 410.
\classnum@=\count268
\DOTSCASE@=\count269
LaTeX Info: Redefining \ldots on input line 496.
LaTeX Info: Redefining \dots on input line 499.
LaTeX Info: Redefining \cdots on input line 620.
\Mathstrutbox@=\box60
\strutbox@=\box61
LaTeX Info: Redefining \big on input line 722.
LaTeX Info: Redefining \Big on input line 723.
LaTeX Info: Redefining \bigg on input line 724.
LaTeX Info: Redefining \Bigg on input line 725.
\big@size=\dimen144
LaTeX Font Info:    Redeclaring font encoding OML on input line 743.
LaTeX Font Info:    Redeclaring font encoding OMS on input line 744.
\macc@depth=\count270
LaTeX Info: Redefining \bmod on input line 905.
LaTeX Info: Redefining \pmod on input line 910.
LaTeX Info: Redefining \smash on input line 940.
LaTeX Info: Redefining \relbar on input line 970.
LaTeX Info: Redefining \Relbar on input line 971.
\c@MaxMatrixCols=\count271
\dotsspace@=\muskip17
\c@parentequation=\count272
\dspbrk@lvl=\count273
\tag@help=\toks23
\row@=\count274
\column@=\count275
\maxfields@=\count276
\andhelp@=\toks24
\eqnshift@=\dimen145
\alignsep@=\dimen146
\tagshift@=\dimen147
\tagwidth@=\dimen148
\totwidth@=\dimen149
\lineht@=\dimen150
\@envbody=\toks25
\multlinegap=\skip54
\multlinetaggap=\skip55
\mathdisplay@stack=\toks26
LaTeX Info: Redefining \[ on input line 2953.
LaTeX Info: Redefining \] on input line 2954.
)
(/usr/share/texlive/texmf-dist/tex/latex/tools/bm.sty
Package: bm 2022/01/05 v1.2f Bold Symbol Support (DPC/FMi)
\symboldoperators=\mathgroup6
\symboldletters=\mathgroup7
\symboldsymbols=\mathgroup8
Package bm Info: No bold for \OMX/cmex/m/n, using \pmb.
Package bm Info: No bold for \U/msa/m/n, using \pmb.
Package bm Info: No bold for \U/msb/m/n, using \pmb.
LaTeX Font Info:    Redeclaring math alphabet \mathbf on input line 149.
)
(/usr/share/texlive/texmf-dist/tex/latex/psnfss/pifont.sty
Package: pifont 2020/03/25 PSNFSS-v9.3 Pi font support (SPQR) 
LaTeX Font Info:    Trying to load font information for U+pzd on input line 63.


(/usr/share/texlive/texmf-dist/tex/latex/psnfss/upzd.fd
File: upzd.fd 2001/06/04 font definitions for U/pzd.
)
LaTeX Font Info:    Trying to load font information for U+psy on input line 64.


(/usr/share/texlive/texmf-dist/tex/latex/psnfss/upsy.fd
File: upsy.fd 2001/06/04 font definitions for U/psy.
))
(/usr/share/texlive/texmf-dist/tex/latex/booktabs/booktabs.sty
Package: booktabs 2020/01/12 v1.61803398 Publication quality tables
\heavyrulewidth=\dimen151
\lightrulewidth=\dimen152
\cmidrulewidth=\dimen153
\belowrulesep=\dimen154
\belowbottomsep=\dimen155
\aboverulesep=\dimen156
\abovetopsep=\dimen157
\cmidrulesep=\dimen158
\cmidrulekern=\dimen159
\defaultaddspace=\dimen160
\@cmidla=\count277
\@cmidlb=\count278
\@aboverulesep=\dimen161
\@belowrulesep=\dimen162
\@thisruleclass=\count279
\@lastruleclass=\count280
\@thisrulewidth=\dimen163
)
(/usr/share/texlive/texmf-dist/tex/latex/tools/array.sty
Package: array 2022/09/04 v2.5g Tabular extension package (FMi)
\col@sep=\dimen164
\ar@mcellbox=\box62
\extrarowheight=\dimen165
\NC@list=\toks27
\extratabsurround=\skip56
\backup@length=\skip57
\ar@cellbox=\box63
)
(/usr/share/texlive/texmf-dist/tex/latex/float/float.sty
Package: float 2001/11/08 v1.3d Float enhancements (AL)
\c@float@type=\count281
\float@exts=\toks28
\float@box=\box64
\@float@everytoks=\toks29
\@floatcapt=\box65
)
(/usr/share/texlive/texmf-dist/tex/latex/epstopdf-pkg/epstopdf.sty
Package: epstopdf 2020-01-24 v2.11 Conversion with epstopdf on the fly (HO)

(/usr/share/texlive/texmf-dist/tex/generic/infwarerr/infwarerr.sty
Package: infwarerr 2019/12/03 v1.5 Providing info/warning/error messages (HO)
)
(/usr/share/texlive/texmf-dist/tex/latex/grfext/grfext.sty
Package: grfext 2019/12/03 v1.3 Manage graphics extensions (HO)

(/usr/share/texlive/texmf-dist/tex/generic/kvdefinekeys/kvdefinekeys.sty
Package: kvdefinekeys 2019-12-19 v1.6 Define keys (HO)
))
(/usr/share/texlive/texmf-dist/tex/latex/kvoptions/kvoptions.sty
Package: kvoptions 2022-06-15 v3.15 Key value format for package options (HO)

(/usr/share/texlive/texmf-dist/tex/generic/ltxcmds/ltxcmds.sty
Package: ltxcmds 2020-05-10 v1.25 LaTeX kernel commands for general use (HO)
)
(/usr/share/texlive/texmf-dist/tex/latex/kvsetkeys/kvsetkeys.sty
Package: kvsetkeys 2022-10-05 v1.19 Key value parser (HO)
))
(/usr/share/texlive/texmf-dist/tex/generic/pdftexcmds/pdftexcmds.sty
Package: pdftexcmds 2020-06-27 v0.33 Utility functions of pdfTeX for LuaTeX (HO
)
Package pdftexcmds Info: \pdf@primitive is available.
Package pdftexcmds Info: \pdf@ifprimitive is available.
Package pdftexcmds Info: \pdfdraftmode found.
)
(/usr/share/texlive/texmf-dist/tex/latex/epstopdf-pkg/epstopdf-base.sty
Package: epstopdf-base 2020-01-24 v2.11 Base part for package epstopdf
Package epstopdf-base Info: Redefining graphics rule for `.eps' on input line 4
85.
Package grfext Info: Graphics extension search list:
(grfext)             [.pdf,.png,.jpg,.mps,.jpeg,.jbig2,.jb2,.PDF,.PNG,.JPG,.JPE
G,.JBIG2,.JB2,.eps]
(grfext)             \AppendGraphicsExtensions on input line 504.

(/usr/share/texlive/texmf-dist/tex/latex/latexconfig/epstopdf-sys.cfg
File: epstopdf-sys.cfg 2010/07/13 v1.3 Configuration of (r)epstopdf for TeX Liv
e
)))
(/usr/share/texlive/texmf-dist/tex/latex/caption/caption.sty
Package: caption 2022/03/01 v3.6b Customizing captions (AR)

(/usr/share/texlive/texmf-dist/tex/latex/caption/caption3.sty
Package: caption3 2022/03/17 v2.3b caption3 kernel (AR)
\caption@tempdima=\dimen166
\captionmargin=\dimen167
\caption@leftmargin=\dimen168
\caption@rightmargin=\dimen169
\caption@width=\dimen170
\caption@indent=\dimen171
\caption@parindent=\dimen172
\caption@hangindent=\dimen173
Package caption Info: Unknown document class (or package),
(caption)             standard defaults will be used.
Package caption Info: \@makecaption = \long macro:#1#2->\par \vskip \abovecapti
onskip \begingroup \small \rmfamily \sbox \@tempboxa {\let \\\heading@cr #1: #2
}\@ifdim {\wd \@tempboxa >\hsize }{\begingroup \samepage \flushing \let \footno
te \@footnotemark@gobble #1: #2\par \endgroup }{\global \@minipagefalse \hb@xt@
 \hsize {\hfil \unhbox \@tempboxa \hfil }}\endgroup \vskip \belowcaptionskip  o
n input line 1176.
)

Package caption Warning: Unknown document class (or package),
(caption)                standard defaults will be used.
See the caption package documentation for explanation.

\c@caption@flags=\count282
\c@continuedfloat=\count283
Package caption Info: float package is loaded.
) (/usr/share/texlive/texmf-dist/tex/latex/subfigure/subfigure.sty
Package: subfigure 2002/03/15 v2.1.5 subfigure package
\subfigtopskip=\skip58
\subfigcapskip=\skip59
\subfigcaptopadj=\dimen174
\subfigbottomskip=\skip60
\subfigcapmargin=\dimen175
\subfiglabelskip=\skip61
\c@subfigure=\count284
\c@lofdepth=\count285
\c@subtable=\count286
\c@lotdepth=\count287

****************************************
* Local config file subfigure.cfg used *
****************************************
(/usr/share/texlive/texmf-dist/tex/latex/subfigure/subfigure.cfg)
\subfig@top=\skip62
\subfig@bottom=\skip63
)
(/usr/share/texlive/texmf-dist/tex/latex/graphics/epsfig.sty
Package: epsfig 2017/06/25 v1.7b (e)psfig emulation (SPQR)
\epsfxsize=\dimen176
\epsfysize=\dimen177
)
(/usr/share/texlive/texmf-dist/tex/latex/graphics/color.sty
Package: color 2022/01/06 v1.3d Standard LaTeX Color (DPC)

(/usr/share/texlive/texmf-dist/tex/latex/graphics-cfg/color.cfg
File: color.cfg 2016/01/02 v1.6 sample color configuration
)
Package color Info: Driver file: pdftex.def on input line 149.

(/usr/share/texlive/texmf-dist/tex/latex/graphics/mathcolor.ltx))
(/usr/share/texlive/texmf-dist/tex/latex/multirow/multirow.sty
Package: multirow 2021/03/15 v2.8 Span multiple rows of a table
\multirow@colwidth=\skip64
\multirow@cntb=\count288
\multirow@dima=\skip65
\bigstrutjot=\dimen178
)
(/usr/share/texlive/texmf-dist/tex/latex/tensor/tensor.sty
Package: tensor 2004/12/20 v2.1 tensor indices package (PGR)
LaTeX Info: Redefining \tensor on input line 24.
\tnsr@Sps=\toks30
\tnsr@Sbs=\toks31
\tnsr@Spe=\toks32
\tnsr@Sbe=\toks33
\ncld@Mno=\toks34
)
(/usr/share/texlive/texmf-dist/tex/latex/adjustbox/adjustbox.sty
Package: adjustbox 2022/10/17 v1.3a Adjusting TeX boxes (trim, clip, ...)

(/usr/share/texlive/texmf-dist/tex/latex/xkeyval/xkeyval.sty
Package: xkeyval 2022/06/16 v2.9 package option processing (HA)

(/usr/share/texlive/texmf-dist/tex/generic/xkeyval/xkeyval.tex
(/usr/share/texlive/texmf-dist/tex/generic/xkeyval/xkvutils.tex
\XKV@toks=\toks35
\XKV@tempa@toks=\toks36
)
\XKV@depth=\count289
File: xkeyval.tex 2014/12/03 v2.7a key=value parser (HA)
))
(/usr/share/texlive/texmf-dist/tex/latex/adjustbox/adjcalc.sty
Package: adjcalc 2012/05/16 v1.1 Provides advanced setlength with multiple back
-ends (calc, etex, pgfmath)
)
(/usr/share/texlive/texmf-dist/tex/latex/adjustbox/trimclip.sty
Package: trimclip 2020/08/19 v1.2 Trim and clip general TeX material

(/usr/share/texlive/texmf-dist/tex/latex/collectbox/collectbox.sty
Package: collectbox 2022/10/17 v0.4c Collect macro arguments as boxes
\collectedbox=\box66
)
\tc@llx=\dimen179
\tc@lly=\dimen180
\tc@urx=\dimen181
\tc@ury=\dimen182
Package trimclip Info: Using driver 'tc-pdftex.def'.

(/usr/share/texlive/texmf-dist/tex/latex/adjustbox/tc-pdftex.def
File: tc-pdftex.def 2019/01/04 v2.2 Clipping driver for pdftex
))
\adjbox@Width=\dimen183
\adjbox@Height=\dimen184
\adjbox@Depth=\dimen185
\adjbox@Totalheight=\dimen186
\adjbox@pwidth=\dimen187
\adjbox@pheight=\dimen188
\adjbox@pdepth=\dimen189
\adjbox@ptotalheight=\dimen190

(/usr/share/texlive/texmf-dist/tex/latex/ifoddpage/ifoddpage.sty
Package: ifoddpage 2022/10/18 v1.2 Conditionals for odd/even page detection
\c@checkoddpage=\count290
)
(/usr/share/texlive/texmf-dist/tex/latex/varwidth/varwidth.sty
Package: varwidth 2009/03/30 ver 0.92;  Variable-width minipages
\@vwid@box=\box67
\sift@deathcycles=\count291
\@vwid@loff=\dimen191
\@vwid@roff=\dimen192
))
(/usr/share/texlive/texmf-dist/tex/latex/tabularray/tabularray.sty
(/usr/share/texlive/texmf-dist/tex/latex/l3kernel/expl3.sty
Package: expl3 2023-01-16 L3 programming layer (loader) 

(/usr/share/texlive/texmf-dist/tex/latex/l3backend/l3backend-pdftex.def
File: l3backend-pdftex.def 2023-01-16 L3 backend support: PDF output (pdfTeX)
\l__color_backend_stack_int=\count292
\l__pdf_internal_box=\box68
))
Package: tabularray 2022-11-01 v2022D Typeset tabulars and arrays with LaTeX3
\l__tblr_a_int=\count293
\l__tblr_c_int=\count294
\l__tblr_r_int=\count295
\l__tblr_d_dim=\dimen193
\l__tblr_h_dim=\dimen194
\l__tblr_o_dim=\dimen195
\l__tblr_p_dim=\dimen196
\l__tblr_q_dim=\dimen197
\l__tblr_r_dim=\dimen198
\l__tblr_s_dim=\dimen199
\l__tblr_t_dim=\dimen256
\l__tblr_v_dim=\dimen257
\l__tblr_w_dim=\dimen258
\l__tblr_a_box=\box69
\l__tblr_b_box=\box70
\l__tblr_c_box=\box71
\l__tblr_d_box=\box72
\g__tblr_table_count_int=\count296
\c@rownum=\count297
\c@colnum=\count298
\c@rowcount=\count299
\c@colcount=\count300
\abovesep=\dimen259
\belowsep=\dimen260
\leftsep=\dimen261
\rightsep=\dimen262
\g_tblr_level_int=\count301
\g__tblr_data_row_key_count_int=\count302
\g__tblr_data_column_key_count_int=\count303
\g__tblr_data_cell_key_count_int=\count304
\g__tblr_array_int=\count305
\l__tblr_key_count_int=\count306
\l__tblr_key_quotient_int=\count307
\l__tblr_key_quotient_two_int=\count308
\l__tblr_key_remainder_int=\count309
\g__tblr_data_str_value_count_int=\count310
\rulewidth=\dimen263
\l__tblr_strut_dp_dim=\dimen264
\l__tblr_strut_ht_dim=\dimen265
\g__tblr_cell_wd_dim=\dimen266
\g__tblr_cell_ht_dim=\dimen267
\g__tblr_cell_head_dim=\dimen268
\g__tblr_cell_foot_dim=\dimen269
\l__column_target_dim=\dimen270
\l__tblr_caption_box=\box73
\l__tblr_caption_left_box=\box74
\l__tblr_row_head_box=\box75
\l__tblr_row_foot_box=\box76
\l__tblr_row_head_foot_dim=\dimen271
\tablewidth=\dimen272
\l__tblr_table_firsthead_box=\box77
\l__tblr_table_middlehead_box=\box78
\l__tblr_table_lasthead_box=\box79
\l__tblr_table_firstfoot_box=\box80
\l__tblr_table_middlefoot_box=\box81
\l__tblr_table_lastfoot_box=\box82
\l__tblr_remain_height_dim=\dimen273
\l__tblr_long_from_int=\count311
\l__tblr_long_to_int=\count312
\l__tblr_curr_i_int=\count313
\l__tblr_prev_i_int=\count314
\l__tblr_table_page_int=\count315
\l__tblr_table_head_box=\box83
\l__tblr_table_foot_box=\box84
\l__tblr_table_head_foot_dim=\dimen274
\l__tblr_table_head_body_foot_dim=\dimen275
\l__tblr_table_box=\box85
\l__tblr_table_hlines_box=\box86
\l__tblr_hline_box=\box87
\l__tblr_row_box=\box88
\l__tblr_col_o_wd_dim=\dimen276
\l__tblr_col_b_wd_dim=\dimen277
\l__tblr_hline_leftskip_dim=\dimen278
\l__tblr_hline_rightskip_dim=\dimen279
\l__tblr_row_ht_dim=\dimen280
\l__tblr_row_dp_dim=\dimen281
\l__tblr_row_abovesep_dim=\dimen282
\l__tblr_row_belowsep_dim=\dimen283
\l__tblr_row_vlines_box=\box89
\l__tblr_vline_box=\box90
\l__tblr_cell_box=\box91
\l__row_upper_dim=\dimen284
\l__row_lower_dim=\dimen285
\l__row_vpace_dim=\dimen286
\l__tblr_vline_aboveskip_dim=\dimen287
\l__tblr_vline_belowskip_dim=\dimen288
\l__tblr_cell_wd_dim=\dimen289
\l__tblr_cell_ht_dim=\dimen290
\l__tblr_diag_box=\box92
)
(/usr/share/texlive/texmf-dist/tex/latex/hyperref/hyperref.sty
Package: hyperref 2022-11-13 v7.00u Hypertext links for LaTeX

(/usr/share/texlive/texmf-dist/tex/generic/pdfescape/pdfescape.sty
Package: pdfescape 2019/12/09 v1.15 Implements pdfTeX's escape features (HO)
)
(/usr/share/texlive/texmf-dist/tex/latex/hycolor/hycolor.sty
Package: hycolor 2020-01-27 v1.10 Color options for hyperref/bookmark (HO)
)
(/usr/share/texlive/texmf-dist/tex/latex/letltxmacro/letltxmacro.sty
Package: letltxmacro 2019/12/03 v1.6 Let assignment for LaTeX macros (HO)
)
(/usr/share/texlive/texmf-dist/tex/latex/auxhook/auxhook.sty
Package: auxhook 2019-12-17 v1.6 Hooks for auxiliary files (HO)
)
(/usr/share/texlive/texmf-dist/tex/latex/hyperref/nameref.sty
Package: nameref 2022-05-17 v2.50 Cross-referencing by name of section

(/usr/share/texlive/texmf-dist/tex/latex/refcount/refcount.sty
Package: refcount 2019/12/15 v3.6 Data extraction from label references (HO)
)
(/usr/share/texlive/texmf-dist/tex/generic/gettitlestring/gettitlestring.sty
Package: gettitlestring 2019/12/15 v1.6 Cleanup title references (HO)
)
\c@section@level=\count316
)
\@linkdim=\dimen291
\Hy@linkcounter=\count317
\Hy@pagecounter=\count318

(/usr/share/texlive/texmf-dist/tex/latex/hyperref/pd1enc.def
File: pd1enc.def 2022-11-13 v7.00u Hyperref: PDFDocEncoding definition (HO)
Now handling font encoding PD1 ...
... no UTF-8 mapping file for font encoding PD1
)
(/usr/share/texlive/texmf-dist/tex/generic/intcalc/intcalc.sty
Package: intcalc 2019/12/15 v1.3 Expandable calculations with integers (HO)
)
(/usr/share/texlive/texmf-dist/tex/generic/etexcmds/etexcmds.sty
Package: etexcmds 2019/12/15 v1.7 Avoid name clashes with e-TeX commands (HO)
)
\Hy@SavedSpaceFactor=\count319

(/usr/share/texlive/texmf-dist/tex/latex/hyperref/puenc.def
File: puenc.def 2022-11-13 v7.00u Hyperref: PDF Unicode definition (HO)
Now handling font encoding PU ...
... no UTF-8 mapping file for font encoding PU
)
Package hyperref Info: Hyper figures OFF on input line 4162.
Package hyperref Info: Link nesting OFF on input line 4167.
Package hyperref Info: Hyper index ON on input line 4170.
Package hyperref Info: Plain pages OFF on input line 4177.
Package hyperref Info: Backreferencing OFF on input line 4182.
Package hyperref Info: Implicit mode ON; LaTeX internals redefined.
Package hyperref Info: Bookmarks ON on input line 4410.
\c@Hy@tempcnt=\count320
LaTeX Info: Redefining \url on input line 4748.
\XeTeXLinkMargin=\dimen292

(/usr/share/texlive/texmf-dist/tex/generic/bitset/bitset.sty
Package: bitset 2019/12/09 v1.3 Handle bit-vector datatype (HO)

(/usr/share/texlive/texmf-dist/tex/generic/bigintcalc/bigintcalc.sty
Package: bigintcalc 2019/12/15 v1.5 Expandable calculations on big integers (HO
)
))
\Fld@menulength=\count321
\Field@Width=\dimen293
\Fld@charsize=\dimen294
Package hyperref Info: Hyper figures OFF on input line 6027.
Package hyperref Info: Link nesting OFF on input line 6032.
Package hyperref Info: Hyper index ON on input line 6035.
Package hyperref Info: backreferencing OFF on input line 6042.
Package hyperref Info: Link coloring OFF on input line 6047.
Package hyperref Info: Link coloring with OCG OFF on input line 6052.
Package hyperref Info: PDF/A mode OFF on input line 6057.

(/usr/share/texlive/texmf-dist/tex/latex/base/atbegshi-ltx.sty
Package: atbegshi-ltx 2021/01/10 v1.0c Emulation of the original atbegshi
package with kernel methods
)
\Hy@abspage=\count322
\c@Item=\count323
\c@Hfootnote=\count324
)
Package hyperref Info: Driver (autodetected): hpdftex.

(/usr/share/texlive/texmf-dist/tex/latex/hyperref/hpdftex.def
File: hpdftex.def 2022-11-13 v7.00u Hyperref driver for pdfTeX

(/usr/share/texlive/texmf-dist/tex/latex/base/atveryend-ltx.sty
Package: atveryend-ltx 2020/08/19 v1.0a Emulation of the original atveryend pac
kage
with kernel methods
)
\Fld@listcount=\count325
\c@bookmark@seq@number=\count326

(/usr/share/texlive/texmf-dist/tex/latex/rerunfilecheck/rerunfilecheck.sty
Package: rerunfilecheck 2022-07-10 v1.10 Rerun checks for auxiliary files (HO)

(/usr/share/texlive/texmf-dist/tex/generic/uniquecounter/uniquecounter.sty
Package: uniquecounter 2019/12/15 v1.4 Provide unlimited unique counter (HO)
)
Package uniquecounter Info: New unique counter `rerunfilecheck' on input line 2
85.
)
\Hy@SectionHShift=\skip66
)
Package hyperref Info: Option `colorlinks' set `true' on input line 40.

(/usr/share/texlive/texmf-dist/tex/latex/pgf/frontendlayer/tikz.sty
(/usr/share/texlive/texmf-dist/tex/latex/pgf/basiclayer/pgf.sty
(/usr/share/texlive/texmf-dist/tex/latex/pgf/utilities/pgfrcs.sty
(/usr/share/texlive/texmf-dist/tex/generic/pgf/utilities/pgfutil-common.tex
\pgfutil@everybye=\toks37
\pgfutil@tempdima=\dimen295
\pgfutil@tempdimb=\dimen296
)
(/usr/share/texlive/texmf-dist/tex/generic/pgf/utilities/pgfutil-latex.def
\pgfutil@abb=\box93
)
(/usr/share/texlive/texmf-dist/tex/generic/pgf/utilities/pgfrcs.code.tex
(/usr/share/texlive/texmf-dist/tex/generic/pgf/pgf.revision.tex)
Package: pgfrcs 2023-01-15 v3.1.10 (3.1.10)
))
Package: pgf 2023-01-15 v3.1.10 (3.1.10)

(/usr/share/texlive/texmf-dist/tex/latex/pgf/basiclayer/pgfcore.sty
(/usr/share/texlive/texmf-dist/tex/latex/pgf/systemlayer/pgfsys.sty
(/usr/share/texlive/texmf-dist/tex/generic/pgf/systemlayer/pgfsys.code.tex
Package: pgfsys 2023-01-15 v3.1.10 (3.1.10)

(/usr/share/texlive/texmf-dist/tex/generic/pgf/utilities/pgfkeys.code.tex
\pgfkeys@pathtoks=\toks38
\pgfkeys@temptoks=\toks39

(/usr/share/texlive/texmf-dist/tex/generic/pgf/utilities/pgfkeyslibraryfiltered
.code.tex
\pgfkeys@tmptoks=\toks40
))
\pgf@x=\dimen297
\pgf@y=\dimen298
\pgf@xa=\dimen299
\pgf@ya=\dimen300
\pgf@xb=\dimen301
\pgf@yb=\dimen302
\pgf@xc=\dimen303
\pgf@yc=\dimen304
\pgf@xd=\dimen305
\pgf@yd=\dimen306
\w@pgf@writea=\write3
\r@pgf@reada=\read2
\c@pgf@counta=\count327
\c@pgf@countb=\count328
\c@pgf@countc=\count329
\c@pgf@countd=\count330
\t@pgf@toka=\toks41
\t@pgf@tokb=\toks42
\t@pgf@tokc=\toks43
\pgf@sys@id@count=\count331
 (/usr/share/texlive/texmf-dist/tex/generic/pgf/systemlayer/pgf.cfg
File: pgf.cfg 2023-01-15 v3.1.10 (3.1.10)
)
Driver file for pgf: pgfsys-pdftex.def
(/usr/share/texlive/texmf-dist/tex/generic/pgf/systemlayer/pgfsys-pdftex.def
File: pgfsys-pdftex.def 2023-01-15 v3.1.10 (3.1.10)

(/usr/share/texlive/texmf-dist/tex/generic/pgf/systemlayer/pgfsys-common-pdf.de
f
File: pgfsys-common-pdf.def 2023-01-15 v3.1.10 (3.1.10)
)))
(/usr/share/texlive/texmf-dist/tex/generic/pgf/systemlayer/pgfsyssoftpath.code.
tex
File: pgfsyssoftpath.code.tex 2023-01-15 v3.1.10 (3.1.10)
\pgfsyssoftpath@smallbuffer@items=\count332
\pgfsyssoftpath@bigbuffer@items=\count333
)
(/usr/share/texlive/texmf-dist/tex/generic/pgf/systemlayer/pgfsysprotocol.code.
tex
File: pgfsysprotocol.code.tex 2023-01-15 v3.1.10 (3.1.10)
)) (/usr/share/texlive/texmf-dist/tex/latex/xcolor/xcolor.sty
Package: xcolor 2022/06/12 v2.14 LaTeX color extensions (UK)

(/usr/share/texlive/texmf-dist/tex/latex/graphics-cfg/color.cfg
File: color.cfg 2016/01/02 v1.6 sample color configuration
)
Package xcolor Info: Driver file: pdftex.def on input line 227.
LaTeX Info: Redefining \color on input line 711.

(/usr/share/texlive/texmf-dist/tex/latex/graphics/mathcolor.ltx)
Package xcolor Info: Model `cmy' substituted by `cmy0' on input line 1353.
Package xcolor Info: Model `hsb' substituted by `rgb' on input line 1357.
Package xcolor Info: Model `RGB' extended on input line 1369.
Package xcolor Info: Model `HTML' substituted by `rgb' on input line 1371.
Package xcolor Info: Model `Hsb' substituted by `hsb' on input line 1372.
Package xcolor Info: Model `tHsb' substituted by `hsb' on input line 1373.
Package xcolor Info: Model `HSB' substituted by `hsb' on input line 1374.
Package xcolor Info: Model `Gray' substituted by `gray' on input line 1375.
Package xcolor Info: Model `wave' substituted by `hsb' on input line 1376.
)
(/usr/share/texlive/texmf-dist/tex/generic/pgf/basiclayer/pgfcore.code.tex
Package: pgfcore 2023-01-15 v3.1.10 (3.1.10)

(/usr/share/texlive/texmf-dist/tex/generic/pgf/math/pgfmath.code.tex
(/usr/share/texlive/texmf-dist/tex/generic/pgf/math/pgfmathutil.code.tex)
(/usr/share/texlive/texmf-dist/tex/generic/pgf/math/pgfmathparser.code.tex
\pgfmath@dimen=\dimen307
\pgfmath@count=\count334
\pgfmath@box=\box94
\pgfmath@toks=\toks44
\pgfmath@stack@operand=\toks45
\pgfmath@stack@operation=\toks46
)
(/usr/share/texlive/texmf-dist/tex/generic/pgf/math/pgfmathfunctions.code.tex)
(/usr/share/texlive/texmf-dist/tex/generic/pgf/math/pgfmathfunctions.basic.code
.tex)
(/usr/share/texlive/texmf-dist/tex/generic/pgf/math/pgfmathfunctions.trigonomet
ric.code.tex)
(/usr/share/texlive/texmf-dist/tex/generic/pgf/math/pgfmathfunctions.random.cod
e.tex)
(/usr/share/texlive/texmf-dist/tex/generic/pgf/math/pgfmathfunctions.comparison
.code.tex)
(/usr/share/texlive/texmf-dist/tex/generic/pgf/math/pgfmathfunctions.base.code.
tex)
(/usr/share/texlive/texmf-dist/tex/generic/pgf/math/pgfmathfunctions.round.code
.tex)
(/usr/share/texlive/texmf-dist/tex/generic/pgf/math/pgfmathfunctions.misc.code.
tex)
(/usr/share/texlive/texmf-dist/tex/generic/pgf/math/pgfmathfunctions.integerari
thmetics.code.tex)
(/usr/share/texlive/texmf-dist/tex/generic/pgf/math/pgfmathcalc.code.tex)
(/usr/share/texlive/texmf-dist/tex/generic/pgf/math/pgfmathfloat.code.tex
\c@pgfmathroundto@lastzeros=\count335
))
(/usr/share/texlive/texmf-dist/tex/generic/pgf/math/pgfint.code.tex)
(/usr/share/texlive/texmf-dist/tex/generic/pgf/basiclayer/pgfcorepoints.code.te
x
File: pgfcorepoints.code.tex 2023-01-15 v3.1.10 (3.1.10)
\pgf@picminx=\dimen308
\pgf@picmaxx=\dimen309
\pgf@picminy=\dimen310
\pgf@picmaxy=\dimen311
\pgf@pathminx=\dimen312
\pgf@pathmaxx=\dimen313
\pgf@pathminy=\dimen314
\pgf@pathmaxy=\dimen315
\pgf@xx=\dimen316
\pgf@xy=\dimen317
\pgf@yx=\dimen318
\pgf@yy=\dimen319
\pgf@zx=\dimen320
\pgf@zy=\dimen321
)
(/usr/share/texlive/texmf-dist/tex/generic/pgf/basiclayer/pgfcorepathconstruct.
code.tex
File: pgfcorepathconstruct.code.tex 2023-01-15 v3.1.10 (3.1.10)
\pgf@path@lastx=\dimen322
\pgf@path@lasty=\dimen323
)
(/usr/share/texlive/texmf-dist/tex/generic/pgf/basiclayer/pgfcorepathusage.code
.tex
File: pgfcorepathusage.code.tex 2023-01-15 v3.1.10 (3.1.10)
\pgf@shorten@end@additional=\dimen324
\pgf@shorten@start@additional=\dimen325
)
(/usr/share/texlive/texmf-dist/tex/generic/pgf/basiclayer/pgfcorescopes.code.te
x
File: pgfcorescopes.code.tex 2023-01-15 v3.1.10 (3.1.10)
\pgfpic=\box95
\pgf@hbox=\box96
\pgf@layerbox@main=\box97
\pgf@picture@serial@count=\count336
)
(/usr/share/texlive/texmf-dist/tex/generic/pgf/basiclayer/pgfcoregraphicstate.c
ode.tex
File: pgfcoregraphicstate.code.tex 2023-01-15 v3.1.10 (3.1.10)
\pgflinewidth=\dimen326
)
(/usr/share/texlive/texmf-dist/tex/generic/pgf/basiclayer/pgfcoretransformation
s.code.tex
File: pgfcoretransformations.code.tex 2023-01-15 v3.1.10 (3.1.10)
\pgf@pt@x=\dimen327
\pgf@pt@y=\dimen328
\pgf@pt@temp=\dimen329
)
(/usr/share/texlive/texmf-dist/tex/generic/pgf/basiclayer/pgfcorequick.code.tex
File: pgfcorequick.code.tex 2023-01-15 v3.1.10 (3.1.10)
)
(/usr/share/texlive/texmf-dist/tex/generic/pgf/basiclayer/pgfcoreobjects.code.t
ex
File: pgfcoreobjects.code.tex 2023-01-15 v3.1.10 (3.1.10)
)
(/usr/share/texlive/texmf-dist/tex/generic/pgf/basiclayer/pgfcorepathprocessing
.code.tex
File: pgfcorepathprocessing.code.tex 2023-01-15 v3.1.10 (3.1.10)
)
(/usr/share/texlive/texmf-dist/tex/generic/pgf/basiclayer/pgfcorearrows.code.te
x
File: pgfcorearrows.code.tex 2023-01-15 v3.1.10 (3.1.10)
\pgfarrowsep=\dimen330
)
(/usr/share/texlive/texmf-dist/tex/generic/pgf/basiclayer/pgfcoreshade.code.tex
File: pgfcoreshade.code.tex 2023-01-15 v3.1.10 (3.1.10)
\pgf@max=\dimen331
\pgf@sys@shading@range@num=\count337
\pgf@shadingcount=\count338
)
(/usr/share/texlive/texmf-dist/tex/generic/pgf/basiclayer/pgfcoreimage.code.tex
File: pgfcoreimage.code.tex 2023-01-15 v3.1.10 (3.1.10)
)
(/usr/share/texlive/texmf-dist/tex/generic/pgf/basiclayer/pgfcoreexternal.code.
tex
File: pgfcoreexternal.code.tex 2023-01-15 v3.1.10 (3.1.10)
\pgfexternal@startupbox=\box98
)
(/usr/share/texlive/texmf-dist/tex/generic/pgf/basiclayer/pgfcorelayers.code.te
x
File: pgfcorelayers.code.tex 2023-01-15 v3.1.10 (3.1.10)
)
(/usr/share/texlive/texmf-dist/tex/generic/pgf/basiclayer/pgfcoretransparency.c
ode.tex
File: pgfcoretransparency.code.tex 2023-01-15 v3.1.10 (3.1.10)
)
(/usr/share/texlive/texmf-dist/tex/generic/pgf/basiclayer/pgfcorepatterns.code.
tex
File: pgfcorepatterns.code.tex 2023-01-15 v3.1.10 (3.1.10)
)
(/usr/share/texlive/texmf-dist/tex/generic/pgf/basiclayer/pgfcorerdf.code.tex
File: pgfcorerdf.code.tex 2023-01-15 v3.1.10 (3.1.10)
)))
(/usr/share/texlive/texmf-dist/tex/generic/pgf/modules/pgfmoduleshapes.code.tex
File: pgfmoduleshapes.code.tex 2023-01-15 v3.1.10 (3.1.10)
\pgfnodeparttextbox=\box99
) (/usr/share/texlive/texmf-dist/tex/generic/pgf/modules/pgfmoduleplot.code.tex
File: pgfmoduleplot.code.tex 2023-01-15 v3.1.10 (3.1.10)
)
(/usr/share/texlive/texmf-dist/tex/latex/pgf/compatibility/pgfcomp-version-0-65
.sty
Package: pgfcomp-version-0-65 2023-01-15 v3.1.10 (3.1.10)
\pgf@nodesepstart=\dimen332
\pgf@nodesepend=\dimen333
)
(/usr/share/texlive/texmf-dist/tex/latex/pgf/compatibility/pgfcomp-version-1-18
.sty
Package: pgfcomp-version-1-18 2023-01-15 v3.1.10 (3.1.10)
)) (/usr/share/texlive/texmf-dist/tex/latex/pgf/utilities/pgffor.sty
(/usr/share/texlive/texmf-dist/tex/latex/pgf/utilities/pgfkeys.sty
(/usr/share/texlive/texmf-dist/tex/generic/pgf/utilities/pgfkeys.code.tex))
(/usr/share/texlive/texmf-dist/tex/latex/pgf/math/pgfmath.sty
(/usr/share/texlive/texmf-dist/tex/generic/pgf/math/pgfmath.code.tex))
(/usr/share/texlive/texmf-dist/tex/generic/pgf/utilities/pgffor.code.tex
Package: pgffor 2023-01-15 v3.1.10 (3.1.10)
\pgffor@iter=\dimen334
\pgffor@skip=\dimen335
\pgffor@stack=\toks47
\pgffor@toks=\toks48
))
(/usr/share/texlive/texmf-dist/tex/generic/pgf/frontendlayer/tikz/tikz.code.tex
Package: tikz 2023-01-15 v3.1.10 (3.1.10)

(/usr/share/texlive/texmf-dist/tex/generic/pgf/libraries/pgflibraryplothandlers
.code.tex
File: pgflibraryplothandlers.code.tex 2023-01-15 v3.1.10 (3.1.10)
\pgf@plot@mark@count=\count339
\pgfplotmarksize=\dimen336
)
\tikz@lastx=\dimen337
\tikz@lasty=\dimen338
\tikz@lastxsaved=\dimen339
\tikz@lastysaved=\dimen340
\tikz@lastmovetox=\dimen341
\tikz@lastmovetoy=\dimen342
\tikzleveldistance=\dimen343
\tikzsiblingdistance=\dimen344
\tikz@figbox=\box100
\tikz@figbox@bg=\box101
\tikz@tempbox=\box102
\tikz@tempbox@bg=\box103
\tikztreelevel=\count340
\tikznumberofchildren=\count341
\tikznumberofcurrentchild=\count342
\tikz@fig@count=\count343

(/usr/share/texlive/texmf-dist/tex/generic/pgf/modules/pgfmodulematrix.code.tex
File: pgfmodulematrix.code.tex 2023-01-15 v3.1.10 (3.1.10)
\pgfmatrixcurrentrow=\count344
\pgfmatrixcurrentcolumn=\count345
\pgf@matrix@numberofcolumns=\count346
)
\tikz@expandcount=\count347

(/usr/share/texlive/texmf-dist/tex/generic/pgf/frontendlayer/tikz/libraries/tik
zlibrarytopaths.code.tex
File: tikzlibrarytopaths.code.tex 2023-01-15 v3.1.10 (3.1.10)
)))
(/usr/share/texlive/texmf-dist/tex/generic/pgf/frontendlayer/tikz/libraries/tik
zlibrary3d.code.tex
File: tikzlibrary3d.code.tex 2023-01-15 v3.1.10 (3.1.10)
)
\@indexfile=\write4
\openout4 = `speedmeVSLPDUv2.idx'.


Writing index file speedmeVSLPDUv2.idx

LaTeX Warning: Unused global option(s):
    [jkps].

(./speedmeVSLPDUv2.aux)
\openout1 = `speedmeVSLPDUv2.aux'.

LaTeX Font Info:    Checking defaults for OML/cmm/m/it on input line 153.
LaTeX Font Info:    ... okay on input line 153.
LaTeX Font Info:    Checking defaults for OMS/cmsy/m/n on input line 153.
LaTeX Font Info:    ... okay on input line 153.
LaTeX Font Info:    Checking defaults for OT1/cmr/m/n on input line 153.
LaTeX Font Info:    ... okay on input line 153.
LaTeX Font Info:    Checking defaults for T1/cmr/m/n on input line 153.
LaTeX Font Info:    ... okay on input line 153.
LaTeX Font Info:    Checking defaults for TS1/cmr/m/n on input line 153.
LaTeX Font Info:    ... okay on input line 153.
LaTeX Font Info:    Checking defaults for OMX/cmex/m/n on input line 153.
LaTeX Font Info:    ... okay on input line 153.
LaTeX Font Info:    Checking defaults for U/cmr/m/n on input line 153.
LaTeX Font Info:    ... okay on input line 153.
LaTeX Font Info:    Checking defaults for C00/song/m/n on input line 153.
LaTeX Font Info:    ... okay on input line 153.
LaTeX Font Info:    Checking defaults for C05/song/m/n on input line 153.
LaTeX Font Info:    ... okay on input line 153.
LaTeX Font Info:    Checking defaults for C09/song/m/n on input line 153.
LaTeX Font Info:    ... okay on input line 153.
LaTeX Font Info:    Checking defaults for C10/song/m/n on input line 153.
LaTeX Font Info:    ... okay on input line 153.
LaTeX Font Info:    Checking defaults for C20/song/m/n on input line 153.
LaTeX Font Info:    ... okay on input line 153.
LaTeX Font Info:    Checking defaults for C19/song/m/n on input line 153.
LaTeX Font Info:    ... okay on input line 153.
LaTeX Font Info:    Checking defaults for C40/song/m/n on input line 153.
LaTeX Font Info:    ... okay on input line 153.
LaTeX Font Info:    Checking defaults for C42/song/m/n on input line 153.
LaTeX Font Info:    ... okay on input line 153.
LaTeX Font Info:    Checking defaults for C43/song/m/n on input line 153.
LaTeX Font Info:    ... okay on input line 153.
LaTeX Font Info:    Checking defaults for C50/song/m/n on input line 153.
LaTeX Font Info:    ... okay on input line 153.
LaTeX Font Info:    Checking defaults for C52/song/m/n on input line 153.
LaTeX Font Info:    ... okay on input line 153.
LaTeX Font Info:    Checking defaults for C49/song/m/n on input line 153.
LaTeX Font Info:    ... okay on input line 153.
LaTeX Font Info:    Checking defaults for C60/mj/m/n on input line 153.
LaTeX Font Info:    ... okay on input line 153.
LaTeX Font Info:    Checking defaults for C61/mj/m/n on input line 153.
LaTeX Font Info:    ... okay on input line 153.
LaTeX Font Info:    Checking defaults for C63/mj/m/n on input line 153.
LaTeX Font Info:    ... okay on input line 153.
LaTeX Font Info:    Checking defaults for C64/mj/m/n on input line 153.
LaTeX Font Info:    ... okay on input line 153.
LaTeX Font Info:    Checking defaults for C65/mj/m/n on input line 153.
LaTeX Font Info:    ... okay on input line 153.
LaTeX Font Info:    Checking defaults for C70/song/m/n on input line 153.
LaTeX Font Info:    ... okay on input line 153.
LaTeX Font Info:    Checking defaults for C31/song/m/n on input line 153.
LaTeX Font Info:    ... okay on input line 153.
LaTeX Font Info:    Checking defaults for C32/song/m/n on input line 153.
LaTeX Font Info:    ... okay on input line 153.
LaTeX Font Info:    Checking defaults for C33/song/m/n on input line 153.
LaTeX Font Info:    ... okay on input line 153.
LaTeX Font Info:    Checking defaults for C34/song/m/n on input line 153.
LaTeX Font Info:    ... okay on input line 153.
LaTeX Font Info:    Checking defaults for C35/song/m/n on input line 153.
LaTeX Font Info:    ... okay on input line 153.
LaTeX Font Info:    Checking defaults for C36/song/m/n on input line 153.
LaTeX Font Info:    ... okay on input line 153.
LaTeX Font Info:    Checking defaults for C37/song/m/n on input line 153.
LaTeX Font Info:    ... okay on input line 153.
LaTeX Font Info:    Checking defaults for C80/song/m/n on input line 153.
LaTeX Font Info:    ... okay on input line 153.
LaTeX Font Info:    Checking defaults for C81/song/m/n on input line 153.
LaTeX Font Info:    ... okay on input line 153.
LaTeX Font Info:    Checking defaults for C01/song/m/n on input line 153.
LaTeX Font Info:    ... okay on input line 153.
LaTeX Font Info:    Checking defaults for C11/song/m/n on input line 153.
LaTeX Font Info:    ... okay on input line 153.
LaTeX Font Info:    Checking defaults for C21/song/m/n on input line 153.
LaTeX Font Info:    ... okay on input line 153.
LaTeX Font Info:    Checking defaults for C41/song/m/n on input line 153.
LaTeX Font Info:    ... okay on input line 153.
LaTeX Font Info:    Checking defaults for C62/song/m/n on input line 153.
LaTeX Font Info:    ... okay on input line 153.
LaTeX Font Info:    Checking defaults for PD1/pdf/m/n on input line 153.
LaTeX Font Info:    ... okay on input line 153.
LaTeX Font Info:    Checking defaults for PU/pdf/m/n on input line 153.
LaTeX Font Info:    ... okay on input line 153.
Class revtex4 Info: Unrecognized array package. Please update this document cla
ss! (Proceeding with fingers crossed.) on input line 153.
Class revtex4 Info: cite was not loaded (OK!) on input line 153.
Class revtex4 Info: multicol was not loaded (OK!) on input line 153.

(/usr/share/texlive/texmf-dist/tex/context/base/mkii/supp-pdf.mkii
[Loading MPS to PDF converter (version 2006.09.02).]
\scratchcounter=\count348
\scratchdimen=\dimen345
\scratchbox=\box104
\nofMPsegments=\count349
\nofMParguments=\count350
\everyMPshowfont=\toks49
\MPscratchCnt=\count351
\MPscratchDim=\dimen346
\MPnumerator=\count352
\makeMPintoPDFobject=\count353
\everyMPtoPDFconversion=\toks50
)
Package caption Info: Begin \AtBeginDocument code.
Package caption Info: hyperref package is loaded.
Package caption Info: subfigure package is loaded.
Package caption Info: End \AtBeginDocument code.
 (/usr/share/texlive/texmf-dist/tex/latex/ninecolors/ninecolors.sty
Package: ninecolors 2022-02-13 vv2022D Select colors with proper color contrast


(/usr/share/texlive/texmf-dist/tex/latex/l3packages/xparse/xparse.sty
Package: xparse 2023-01-16 L3 Experimental document command parser
))

Package hyperref Warning: Height of page (\paperheight) is invalid (0.0pt),
(hyperref)                using 11in.

Package hyperref Info: Link coloring ON on input line 153.
(./speedmeVSLPDUv2.out) (./speedmeVSLPDUv2.out)
\@outlinefile=\write5
\openout5 = `speedmeVSLPDUv2.out'.


(/usr/share/texmf/tex/latex/CJK/UTF8/UTF8.bdg
File: UTF8.bdg 2021/10/16 4.8.5
)
(/usr/share/texmf/tex/latex/CJK/UTF8/UTF8.enc
File: UTF8.enc 2021/10/16 4.8.5
)
(/usr/share/texmf/tex/latex/CJK/UTF8/UTF8.chr
File: UTF8.chr 2021/10/16 4.8.5
)
LaTeX Font Info:    Trying to load font information for C70+gbsn on input line 
165.

(/usr/share/texmf/tex/latex/CJK/UTF8/c70gbsn.fd
File: c70gbsn.fd 2008/10/03 4.8.1
)
(/usr/share/texmf/tex/latex/CJK/UTF8/c70gbsn.fdx
File: c70gbsn.fdx 2012/05/07 4.8.3
)
LaTeX Font Info:    Trying to load font information for U+msa on input line 165
.

(/usr/share/texlive/texmf-dist/tex/latex/amsfonts/umsa.fd
File: umsa.fd 2013/01/14 v3.01 AMS symbols A
)
LaTeX Font Info:    Trying to load font information for U+msb on input line 165
.

(/usr/share/texlive/texmf-dist/tex/latex/amsfonts/umsb.fd
File: umsb.fd 2013/01/14 v3.01 AMS symbols B
) [0{/var/lib/texmf/fonts/map/pdftex/updmap/pdftex.map}] (./speedmeVSLPDUv2.toc

Overfull \hbox (0.87494pt too wide) detected at line 4
 \OT1/cmr/m/n/12 1
 []


Overfull \hbox (0.87494pt too wide) detected at line 5
 \OT1/cmr/m/n/12 2
 []


Overfull \hbox (0.87494pt too wide) detected at line 6
 \OT1/cmr/m/n/12 4
 []


Overfull \hbox (0.87494pt too wide) detected at line 7
 \OT1/cmr/m/n/12 7
 []


Overfull \hbox (0.87494pt too wide) detected at line 8
 \OT1/cmr/m/n/12 8
 []


Overfull \hbox (0.87494pt too wide) detected at line 9
 \OT1/cmr/m/n/12 8
 []


Overfull \hbox (0.87494pt too wide) detected at line 10
 \OT1/cmr/m/n/12 9
 []


Overfull \hbox (6.74988pt too wide) detected at line 11
 \OT1/cmr/m/n/12 10
 []


Overfull \hbox (6.74988pt too wide) detected at line 12
 \OT1/cmr/m/n/12 11
 []


Overfull \hbox (6.74988pt too wide) detected at line 13
 \OT1/cmr/m/n/12 13
 []


Overfull \hbox (6.74988pt too wide) detected at line 14
 \OT1/cmr/m/n/12 13
 []


Overfull \hbox (6.74988pt too wide) detected at line 15
 \OT1/cmr/m/n/12 14
 []

)
\tf@toc=\write6
\openout6 = `speedmeVSLPDUv2.toc'.

 [1] [2] [3]
<Fig1.pdf, id=321, 313.80836pt x 204.79109pt>
File: Fig1.pdf Graphic file (type pdf)
<use Fig1.pdf>
Package pdftex.def Info: Fig1.pdf  used on input line 250.
(pdftex.def)             Requested size: 421.19714pt x 274.89362pt.
 [4] [5 <./Fig1.pdf>] [6] [7] [8] [9] [10]
<Fig2.pdf, id=482, 398.84409pt x 186.51884pt>
File: Fig2.pdf Graphic file (type pdf)
<use Fig2.pdf>
Package pdftex.def Info: Fig2.pdf  used on input line 399.
(pdftex.def)             Requested size: 421.19714pt x 196.98611pt.
 [11] [12 <./Fig2.pdf>]
[13]
Underfull \hbox (badness 10000) in paragraph at lines 444--448
[]\OT1/cmr/m/n/10.95 S. Lee, Phys. Dark Univ. \OT1/cmr/bx/n/10.95 42\OT1/cmr/m/
n/10.95 , 101286 (2023) doi:10.1016/j.dark.2023.101286
 []


Underfull \hbox (badness 1286) in paragraph at lines 449--453
[]\OT1/cmr/m/n/10.95 S. Lee, Class. Quant. Grav. \OT1/cmr/bx/n/10.95 42\OT1/cmr
/m/n/10.95 , no.2, 025026 (2025) doi:10.1088/1361-6382/ada2d5
 []


Underfull \hbox (badness 10000) in paragraph at lines 469--473
[]\OT1/cmr/m/n/10.95 M. Szyd-lowski and A. Kraw-iec, Phys. Rev. D \OT1/cmr/bx/n
/10.95 68\OT1/cmr/m/n/10.95 , 063511 (2003)
 []


Underfull \hbox (badness 2376) in paragraph at lines 474--478
[]\OT1/cmr/m/n/10.95 J. Magueijo, Rept. Prog. Phys. \OT1/cmr/bx/n/10.95 66\OT1/
cmr/m/n/10.95 , 2025 (2003) doi:10.1088/0034-4885/66/11/R04
 []


Underfull \hbox (badness 10000) in paragraph at lines 489--493
[]\OT1/cmr/m/n/10.95 A. Bal-cerzak and M. P. Dabrowski, Phys. Lett. B \OT1/cmr/
bx/n/10.95 728\OT1/cmr/m/n/10.95 , 15-18 (2014)
 []


Underfull \hbox (badness 6063) in paragraph at lines 494--498
[]\OT1/cmr/m/n/10.95 A. Bal-cerzak and M. P. Dabrowski, JCAP \OT1/cmr/bx/n/10.9
5 06\OT1/cmr/m/n/10.95 , 035 (2014) doi:10.1088/1475-
 []

[14]
Underfull \hbox (badness 6893) in paragraph at lines 507--511
[]\OT1/cmr/m/n/10.95 F. Skara and L. Perivolaropou-los, Phys. Rev. D \OT1/cmr/b
x/n/10.95 101\OT1/cmr/m/n/10.95 , no.6, 063521 (2020)
 []


Underfull \hbox (badness 3989) in paragraph at lines 512--516
[]\OT1/cmr/m/n/10.95 S. Bhat-tachar-jee \C70/gbsn/bx/n/10.95/4e ^^N\OT1/cmr/m/n
/10.95 P. K. Sa-hoo\C70/gbsn/m/n/10.95/ff ^^L \C70/gbsn/m/n/10.95/30 
 \C70/gbsn/m/n/10.95/6b ' \C70/gbsn/m/n/10.95/6d 2 \C70/gbsn/bx/n/10.95/72 i \C
70/gbsn/bx/n/10.95/74 ^^F \C70/gbsn/bx/n/10.95/67 B \C70/gbsn/bx/n/10.95/5f ×\O
T1/cmr/m/n/10.95 Plus\C70/gbsn/m/n/10.95/30 \OT1/cmr/bx/n/10.95 135\C70/gbsn/m
/n/10.95/ff ^^L \C70/gbsn/m/n/10.95/7b ,\OT1/cmr/m/n/10.95 1\C70/gbsn/bx/n/10.9
5/67 ^^_ \C70/gbsn/m/n/10.95/ff ^^L\OT1/cmr/m/n/10.95 86\C70/gbsn/m/n/10.95/98 
u
 []


Underfull \hbox (badness 1158) in paragraph at lines 531--535
[]\OT1/cmr/m/n/10.95 R. R. Cuz-i-natto\C70/gbsn/m/n/10.95/30 ^^A\OT1/cmr/m/n/10
.95 R. P. Gupta \C70/gbsn/m/n/10.95/54 Œ\OT1/cmr/m/n/10.95 P. J. Pom-peia\C70/g
bsn/m/n/10.95/ff ^^L \C70/gbsn/m/n/10.95/30 
 \C70/gbsn/m/n/10.95/5b ù \C70/gbsn/m/n/10.95/79 ð \C70/gbsn/bx/n/10.95/60 ' \C
70/gbsn/m/n/10.95/30 \OT1/cmr/bx/n/10.95 15\C70/gbsn/m/n/10.95/ff ^^L \C70/gbs
n/m/n/10.95/7b ,\OT1/cmr/m/n/10.95 3\C70/gbsn/bx/n/10.95/67 ^^_ \C70/gbsn/m/n/1
0.95/ff ^^L\OT1/cmr/m/n/10.95 709\C70/gbsn/m/n/10.95/98 u
 []


Underfull \hbox (badness 10000) in paragraph at lines 540--544
[]\OT1/cmr/m/n/10.95 S. R. Cole-man \C70/gbsn/m/n/10.95/54 Œ\OT1/cmr/m/n/10.95 
S. L. Glashow\C70/gbsn/m/n/10.95/ff ^^L \C70/gbsn/m/n/10.95/30 
 \C70/gbsn/bx/n/10.95/72 i \C70/gbsn/bx/n/10.95/74 ^^F \C70/gbsn/bx/n/10.95/5f 
ë \C70/gbsn/m/n/10.95/62 ¥\OT1/cmr/m/n/10.95 B\C70/gbsn/m/n/10.95/30 \OT1/cmr/
bx/n/10.95 405\C70/gbsn/m/n/10.95/ff ^^L\OT1/cmr/m/n/10.95 249-252\C70/gbsn/m/n
/10.95/98 u
 []


Overfull \hbox (39.02362pt too wide) in paragraph at lines 545--549
[]\OT1/cmr/m/n/10.95 A. Al-brecht \C70/gbsn/m/n/10.95/54 Œ\OT1/cmr/m/n/10.95 J.
 Magueijo\C70/gbsn/m/n/10.95/ff ^^L \C70/gbsn/m/n/10.95/30 
 \C70/gbsn/bx/n/10.95/72 i \C70/gbsn/bx/n/10.95/74 ^^F \C70/gbsn/bx/n/10.95/8b 
Ä º\OT1/cmr/m/n/10.95 D\C70/gbsn/m/n/10.95/30 \OT1/cmr/bx/n/10.95 59\C70/gbsn/
m/n/10.95/ff ^^L\OT1/cmr/m/n/10.95 043516\C70/gbsn/m/n/10.95/ff ^^H\OT1/cmr/m/n
/10.95 1999\C70/gbsn/bx/n/10.95/5e t \C70/gbsn/m/n/10.95/ff 	\OT1/cmr/m/n/10.95
 doi:10.1103/PhysRevD.59.043516
 []


Underfull \hbox (badness 10000) in paragraph at lines 559--563
[]\OT1/cmr/m/n/10.95 B. A. Bas-sett\C70/gbsn/m/n/10.95/30 ^^A\OT1/cmr/m/n/10.95
 S. Liberati\C70/gbsn/m/n/10.95/30 ^^A\OT1/cmr/m/n/10.95 C. Molina-Paris \C70/g
bsn/m/n/10.95/54 Œ\OT1/cmr/m/n/10.95 M. Visser\C70/gbsn/m/n/10.95/ff ^^L \C70/g
bsn/m/n/10.95/30 
 \C70/gbsn/bx/n/10.95/72 i \C70/gbsn/bx/n/10.95/74 ^^F \C70/gbsn/bx/n/10.95/8b 
Ä
 []


Underfull \hbox (badness 10000) in paragraph at lines 559--563
\C70/gbsn/bx/n/10.95/8b º\OT1/cmr/m/n/10.95 D\C70/gbsn/m/n/10.95/30 \OT1/cmr/b
x/n/10.95 62\C70/gbsn/m/n/10.95/ff ^^L\OT1/cmr/m/n/10.95 103518\C70/gbsn/m/n/10
.95/ff ^^H\OT1/cmr/m/n/10.95 2000\C70/gbsn/bx/n/10.95/5e t \C70/gbsn/m/n/10.95/
ff 	\OT1/cmr/m/n/10.95 doi:10.1103/PhysRevD.62.103518 [arXiv:astro-ph/0001441
 []


Overfull \hbox (47.41869pt too wide) in paragraph at lines 564--568
[]\OT1/cmr/m/n/10.95 T. Ja-cob-son \C70/gbsn/m/n/10.95/54 Œ\OT1/cmr/m/n/10.95 D
. Mat-tingly\C70/gbsn/m/n/10.95/ff ^^L \C70/gbsn/m/n/10.95/30 
 \C70/gbsn/bx/n/10.95/72 i \C70/gbsn/bx/n/10.95/74 ^^F \C70/gbsn/bx/n/10.95/8b 
Ä º\OT1/cmr/m/n/10.95 D\C70/gbsn/m/n/10.95/30 \OT1/cmr/bx/n/10.95 64\C70/gbsn/
m/n/10.95/ff ^^L\OT1/cmr/m/n/10.95 024028\C70/gbsn/m/n/10.95/ff ^^H\OT1/cmr/m/n
/10.95 2001\C70/gbsn/bx/n/10.95/5e t \C70/gbsn/m/n/10.95/ff 	\OT1/cmr/m/n/10.95
 doi:10.1103/PhysRevD.64.024028
 []


Underfull \hbox (badness 1178) in paragraph at lines 569--573
[]\OT1/cmr/m/n/10.95 J. Magueijo\C70/gbsn/m/n/10.95/ff ^^L \C70/gbsn/m/n/10.95/
30 
 \C70/gbsn/bx/n/10.95/72 i \C70/gbsn/bx/n/10.95/74 ^^F \C70/gbsn/bx/n/10.95/8b 
Ä º\OT1/cmr/m/n/10.95 D\C70/gbsn/m/n/10.95/30 \OT1/cmr/bx/n/10.95 62\C70/gbsn/
m/n/10.95/ff ^^L\OT1/cmr/m/n/10.95 103521\C70/gbsn/m/n/10.95/ff ^^H\OT1/cmr/m/n
/10.95 2000\C70/gbsn/bx/n/10.95/5e t \C70/gbsn/m/n/10.95/ff 	\OT1/cmr/m/n/10.95
 doi:10.1103/PhysRevD.62.103521
 []


Underfull \hbox (badness 10000) in paragraph at lines 574--578
[]\OT1/cmr/m/n/10.95 M. A. Clay-ton \C70/gbsn/m/n/10.95/54 Œ\OT1/cmr/m/n/10.95 
J. W. Mof-fat\C70/gbsn/m/n/10.95/ff ^^L \C70/gbsn/m/n/10.95/30 
 \C70/gbsn/bx/n/10.95/72 i \C70/gbsn/bx/n/10.95/74 ^^F \C70/gbsn/bx/n/10.95/5f 
ë \C70/gbsn/m/n/10.95/62 ¥\OT1/cmr/m/n/10.95 B\C70/gbsn/m/n/10.95/30 \OT1/cmr/
bx/n/10.95 460\C70/gbsn/m/n/10.95/ff ^^L\OT1/cmr/m/n/10.95 263-270\C70/gbsn/m/n
/10.95/98 u
 []

[15]
Underfull \hbox (badness 10000) in paragraph at lines 582--586
[]\OT1/cmr/m/n/10.95 M. A. Clay-ton \C70/gbsn/m/n/10.95/54 Œ\OT1/cmr/m/n/10.95 
J. W. Mof-fat\C70/gbsn/m/n/10.95/ff ^^L \C70/gbsn/m/n/10.95/30 
 \C70/gbsn/bx/n/10.95/72 i \C70/gbsn/bx/n/10.95/74 ^^F \C70/gbsn/bx/n/10.95/5f 
ë \C70/gbsn/m/n/10.95/62 ¥\OT1/cmr/m/n/10.95 B\C70/gbsn/m/n/10.95/30 \OT1/cmr/
bx/n/10.95 477\C70/gbsn/m/n/10.95/ff ^^L\OT1/cmr/m/n/10.95 269-275\C70/gbsn/m/n
/10.95/98 u
 []


Underfull \hbox (badness 5417) in paragraph at lines 592--596
[]\OT1/cmr/m/n/10.95 M. A. Clay-ton \C70/gbsn/m/n/10.95/54 Œ\OT1/cmr/m/n/10.95 
J. W. Mof-fat\C70/gbsn/m/n/10.95/ff ^^L \C70/gbsn/m/n/10.95/30 
 \C70/gbsn/bx/n/10.95/73 ° \C70/gbsn/bx/n/10.95/4e ã \C70/gbsn/bx/n/10.95/72 i 
\C70/gbsn/bx/n/10.95/74 ^^F \C70/gbsn/bx/n/10.95/56 ý \C70/gbsn/m/n/10.95/96 E 
\C70/gbsn/bx/n/10.95/67 ^^_ \C70/gbsn/bx/n/10.95/52 
\OT1/cmr/m/n/10.95 D\C70/gbsn/m/n/10.95/30 \OT1/cmr/bx/n/10.95 11\C70/gbsn/m/n
/10.95/ff ^^L\OT1/cmr/m/n/10.95 187-206\C70/gbsn/m/n/10.95/98 u
 []


Overfull \hbox (65.56221pt too wide) in paragraph at lines 617--621
[]\OT1/cmr/m/n/10.95 G. Amelino-Camelia \C70/gbsn/m/n/10.95/54 Œ\OT1/cmr/m/n/10
.95 T. Pi-ran\C70/gbsn/m/n/10.95/ff ^^L \C70/gbsn/m/n/10.95/30 
 \C70/gbsn/bx/n/10.95/72 i \C70/gbsn/bx/n/10.95/74 ^^F \C70/gbsn/bx/n/10.95/8b 
Ä º\OT1/cmr/m/n/10.95 D\C70/gbsn/m/n/10.95/30 \OT1/cmr/bx/n/10.95 64\C70/gbsn/
m/n/10.95/ff ^^L\OT1/cmr/m/n/10.95 036005\C70/gbsn/m/n/10.95/ff ^^H\OT1/cmr/m/n
/10.95 2001\C70/gbsn/bx/n/10.95/5e t \C70/gbsn/m/n/10.95/ff 	\OT1/cmr/m/n/10.95
 doi:10.1103/PhysRevD.64.036005
 []


Underfull \hbox (badness 1515) in paragraph at lines 622--626
[]\OT1/cmr/m/n/10.95 G. Amelino-Camelia\C70/gbsn/m/n/10.95/ff ^^L \C70/gbsn/m/n
/10.95/30 
 \C70/gbsn/bx/n/10.95/72 i \C70/gbsn/bx/n/10.95/74 ^^F \C70/gbsn/bx/n/10.95/5f 
ë \C70/gbsn/m/n/10.95/62 ¥\OT1/cmr/m/n/10.95 B\C70/gbsn/m/n/10.95/30 \OT1/cmr/
bx/n/10.95 510\C70/gbsn/m/n/10.95/ff ^^L\OT1/cmr/m/n/10.95 255-263\C70/gbsn/m/n
/10.95/98 u \C70/gbsn/m/n/10.95/ff ^^H\OT1/cmr/m/n/10.95 2001\C70/gbsn/bx/n/10.
95/5e t \C70/gbsn/m/n/10.95/ff 	\OT1/cmr/m/n/10.95 doi:10.1016/S0370-
 []


Underfull \hbox (badness 10000) in paragraph at lines 642--646
[]\OT1/cmr/m/n/10.95 J. Magueijo \C70/gbsn/m/n/10.95/54 Œ\OT1/cmr/m/n/10.95 L. 
Smolin, \C70/gbsn/m/n/10.95/30 
 \C70/gbsn/bx/n/10.95/72 i \C70/gbsn/bx/n/10.95/74 ^^F \C70/gbsn/bx/n/10.95/8b 
Ä º \C70/gbsn/bx/n/10.95/5f ë \C70/gbsn/m/n/10.95/62 ¥ \C70/gbsn/m/n/10.95/30 
\OT1/cmr/bx/n/10.95 88\OT1/cmr/m/n/10.95 , 190403 (2002)
 []


Underfull \hbox (badness 10000) in paragraph at lines 647--651
[]\OT1/cmr/m/n/10.95 G. Amelino-Camelia, \C70/gbsn/m/n/10.95/30 
 \C70/gbsn/bx/n/10.95/56 ý \C70/gbsn/m/n/10.95/96 E \C70/gbsn/bx/n/10.95/73 ° \
C70/gbsn/bx/n/10.95/4e ã \C70/gbsn/bx/n/10.95/72 i \C70/gbsn/bx/n/10.95/74 ^^F\
OT1/cmr/m/n/10.95 D \C70/gbsn/bx/n/10.95/8f ‘ \C70/gbsn/m/n/10.95/30 \OT1/cmr/
bx/n/10.95 11\OT1/cmr/m/n/10.95 , 1643 (2002)
 []

[16]
Underfull \hbox (badness 10000) in paragraph at lines 652--656
[]\OT1/cmr/m/n/10.95 J. Magueijo \C70/gbsn/m/n/10.95/54 Œ\OT1/cmr/m/n/10.95 L. 
Pogosian, \C70/gbsn/m/n/10.95/30 
 \C70/gbsn/bx/n/10.95/72 i \C70/gbsn/bx/n/10.95/74 ^^F \C70/gbsn/bx/n/10.95/8b 
Ä º\OT1/cmr/m/n/10.95 D\C70/gbsn/m/n/10.95/30 \OT1/cmr/bx/n/10.95 67\OT1/cmr/m
/n/10.95 , 043518 (2003)
 []


Underfull \hbox (badness 3108) in paragraph at lines 675--679
[]\OT1/cmr/m/n/10.95 J. Magueijo, \C70/gbsn/m/n/10.95/30 
 \C70/gbsn/bx/n/10.95/72 i \C70/gbsn/bx/n/10.95/74 ^^F \C70/gbsn/bx/n/10.95/8b 
Ä º\OT1/cmr/m/n/10.95 D\C70/gbsn/m/n/10.95/30 \OT1/cmr/bx/n/10.95 63\OT1/cmr/m
/n/10.95 , 043502 (2001) doi:10.1103/PhysRevD.63.043502
 []


Underfull \hbox (badness 10000) in paragraph at lines 686--690
[]\OT1/cmr/m/n/10.95 L. Ran-dall \C70/gbsn/m/n/10.95/54 Œ\OT1/cmr/m/n/10.95 R. 
Sun-drum, \C70/gbsn/m/n/10.95/30 
 \C70/gbsn/bx/n/10.95/72 i \C70/gbsn/bx/n/10.95/74 ^^F \C70/gbsn/bx/n/10.95/8b 
Ä º \C70/gbsn/bx/n/10.95/5f ë \C70/gbsn/m/n/10.95/62 ¥ \C70/gbsn/m/n/10.95/30 
\OT1/cmr/bx/n/10.95 83\OT1/cmr/m/n/10.95 , 3370-3373 (1999)
 []


Underfull \hbox (badness 10000) in paragraph at lines 691--695
[]\OT1/cmr/m/n/10.95 L. Ran-dall \C70/gbsn/m/n/10.95/54 Œ\OT1/cmr/m/n/10.95 R. 
Sun-drum, \C70/gbsn/m/n/10.95/30 
 \C70/gbsn/bx/n/10.95/72 i \C70/gbsn/bx/n/10.95/74 ^^F \C70/gbsn/bx/n/10.95/8b 
Ä º \C70/gbsn/bx/n/10.95/5f ë \C70/gbsn/m/n/10.95/62 ¥ \C70/gbsn/m/n/10.95/30 
\OT1/cmr/bx/n/10.95 83\OT1/cmr/m/n/10.95 , 4690-4693 (1999)
 []


Underfull \hbox (badness 10000) in paragraph at lines 701--705
[]\OT1/cmr/m/n/10.95 D. J. H. Chung \C70/gbsn/m/n/10.95/54 Œ\OT1/cmr/m/n/10.95 
K. Freese, \C70/gbsn/m/n/10.95/30 
 \C70/gbsn/bx/n/10.95/72 i \C70/gbsn/bx/n/10.95/74 ^^F \C70/gbsn/bx/n/10.95/8b 
Ä º\OT1/cmr/m/n/10.95 D\C70/gbsn/m/n/10.95/30 \OT1/cmr/bx/n/10.95 62\OT1/cmr/m
/n/10.95 , 063513 (2000)
 []

[17]
Underfull \hbox (badness 10000) in paragraph at lines 739--742
[]\OT1/cmr/m/n/10.95 I. T. Drum-mond \C70/gbsn/m/n/10.95/54 Œ\OT1/cmr/m/n/10.95
 S. J. Hathrell, \C70/gbsn/m/n/10.95/30 
 \C70/gbsn/bx/n/10.95/72 i \C70/gbsn/bx/n/10.95/74 ^^F \C70/gbsn/bx/n/10.95/8b 
Ä º\OT1/cmr/m/n/10.95 D\C70/gbsn/m/n/10.95/30 \OT1/cmr/bx/n/10.95 22\OT1/cmr/m
/n/10.95 , 343 (1980)
 []


Underfull \hbox (badness 10000) in paragraph at lines 743--746
[]\OT1/cmr/m/n/10.95 M. Nov-ello \C70/gbsn/m/n/10.95/54 Œ\OT1/cmr/m/n/10.95 S. 
D. Jorda, \C70/gbsn/m/n/10.95/30 
 \C70/gbsn/bx/n/10.95/73 ° \C70/gbsn/bx/n/10.95/4e ã \C70/gbsn/bx/n/10.95/72 i 
\C70/gbsn/bx/n/10.95/74 ^^F \C70/gbsn/bx/n/10.95/5f ë \C70/gbsn/m/n/10.95/62 ¥\
OT1/cmr/m/n/10.95 A\C70/gbsn/m/n/10.95/30 \OT1/cmr/bx/n/10.95 4\OT1/cmr/m/n/10
.95 , 1809 (1989)
 []


Underfull \hbox (badness 3724) in paragraph at lines 761--765
[]\OT1/cmr/m/n/10.95 D. \C70/gbsn/m/n/10.95/79 Ñ \C70/gbsn/m/n/10.95/62 É 4 \C7
0/gbsn/bx/n/10.95/4e ^^N\OT1/cmr/m/n/10.95 V. A. \C70/gbsn/m/n/10.95/79 Ñ \C70/
gbsn/bx/n/10.95/65 ¯ \C70/gbsn/bx/n/10.95/72 y \C70/gbsn/m/n/10.95/83 ± ( \C70/
gbsn/bx/n/10.95/57 ú\OT1/cmr/m/n/10.95 , \C70/gbsn/bx/n/10.95/72 i \C70/gbsn/bx
/n/10.95/74 ^^F \C70/gbsn/bx/n/10.95/8b Ä º\OT1/cmr/m/n/10.95 D \OT1/cmr/bx/n/1
0.95 52\OT1/cmr/m/n/10.95 , 6224-6230\C70/gbsn/m/n/10.95/98 u\OT1/cmr/m/n/10.95
 (1995\C70/gbsn/bx/n/10.95/5e t\OT1/cmr/m/n/10.95 )
 []


Underfull \hbox (badness 10000) in paragraph at lines 766--770
[]\OT1/cmr/m/n/10.95 S. R. \C70/gbsn/m/n/10.95/79 Ñ \C70/gbsn/bx/n/10.95/5c ^^T
 \C70/gbsn/bx/n/10.95/66 ü \C70/gbsn/bx/n/10.95/4e ^^N\OT1/cmr/m/n/10.95 S. L. 
\C70/gbsn/m/n/10.95/68 < \C70/gbsn/m/n/10.95/62 É \C70/gbsn/bx/n/10.95/80 –\OT1
/cmr/m/n/10.95 , \C70/gbsn/bx/n/10.95/72 i \C70/gbsn/bx/n/10.95/74 ^^F \C70/gbs
n/bx/n/10.95/8b Ä º\OT1/cmr/m/n/10.95 D \OT1/cmr/bx/n/10.95 59\OT1/cmr/m/n/10.9
5 , 116008 (1999\C70/gbsn/bx/n/10.95/5e t\OT1/cmr/m/n/10.95 )
 []


Underfull \hbox (badness 10000) in paragraph at lines 771--775
[]\OT1/cmr/m/n/10.95 O. \C70/gbsn/m/n/10.95/8d ^^] \C70/gbsn/bx/n/10.95/5c ^^T 
\C70/gbsn/m/n/10.95/62 X É \C70/gbsn/m/n/10.95/7c s \C70/gbsn/bx/n/10.95/4e ^^N
\OT1/cmr/m/n/10.95 C. S. \C70/gbsn/bx/n/10.95/53 a \C70/gbsn/bx/n/10.95/74 æ \C
70/gbsn/bx/n/10.95/75 e\OT1/cmr/m/n/10.95 , \C70/gbsn/bx/n/10.95/72 i \C70/gbsn
/bx/n/10.95/74 ^^F \C70/gbsn/bx/n/10.95/8b Ä º\OT1/cmr/m/n/10.95 D \OT1/cmr/bx/
n/10.95 61\OT1/cmr/m/n/10.95 , 103002 (2000\C70/gbsn/bx/n/10.95/5e t\OT1/cmr/m/
n/10.95 )
 []


Underfull \hbox (badness 1308) in paragraph at lines 800--804
[]\OT1/cmr/m/n/10.95 S. \C70/gbsn/bx/n/10.95/4e š \C70/gbsn/bx/n/10.95/53 † \C7
0/gbsn/bx/n/10.95/5c q \C70/gbsn/bx/n/10.95/59 '\OT1/cmr/m/n/10.95 , R. \C70/gb
sn/bx/n/10.95/5e ^^C \C70/gbsn/bx/n/10.95/51 p \C70/gbsn/bx/n/10.95/76 { \C70/g
bsn/bx/n/10.95/4f / \C70/gbsn/m/n/10.95/68 < \C70/gbsn/bx/n/10.95/4e ^^N\OT1/cm
r/m/n/10.95 J. \C70/gbsn/m/n/10.95/9a l \C70/gbsn/bx/n/10.95/57 - \C70/gbsn/m/n
/10.95/97 ^^M\OT1/cmr/m/n/10.95 , \C70/gbsn/bx/n/10.95/72 i \C70/gbsn/bx/n/10.9
5/74 ^^F \C70/gbsn/bx/n/10.95/8b Ä º\OT1/cmr/m/n/10.95 D \OT1/cmr/bx/n/10.95 67
\OT1/cmr/m/n/10.95 , 081301 (2003\C70/gbsn/bx/n/10.95/5e t\OT1/cmr/m/n/10.95 )
 []

[18]

LaTeX Font Warning: Font shape `C70/gbsn/m/it' undefined
(Font)              using `C70/gbsn/m/n' instead on input line 809.


Underfull \hbox (badness 2351) in paragraph at lines 841--845
[]\OT1/cmr/m/n/10.95 R. M. T. \C70/gbsn/bx/n/10.95/60 ^^@ \C70/gbsn/bx/n/10.95/
72 y \C70/gbsn/m/n/10.95/7b I\OT1/cmr/m/n/10.95 [DES], \C70/gbsn/m/it/10.95/76 
‡ \C70/gbsn/m/it/10.95/5b ¶ \C70/gbsn/bx/n/10.95/59 ) \C70/gbsn/bx/n/10.95/65 ‡
 \C70/gbsn/m/it/10.95/5b f \C70/gbsn/bx/n/10.95/4f ^^Z \C70/gbsn/bx/n/10.95/67 
^^H \C70/gbsn/m/n/10.95/62 ¥\OT1/cmr/bx/n/10.95 533\OT1/cmr/m/n/10.95 , \C70/gb
sn/m/n/10.95/7b ,\OT1/cmr/m/n/10.95 3\C70/gbsn/bx/n/10.95/67 ^^_\OT1/cmr/m/n/10
.95 , 3365-3378\C70/gbsn/m/n/10.95/98 u\OT1/cmr/m/n/10.95 (2024\C70/gbsn/bx/n/1
0.95/5e t\OT1/cmr/m/n/10.95 )
 []

[19] [20] (./speedmeVSLPDUv2.aux)

LaTeX Font Warning: Some font shapes were not available, defaults substituted.

Package rerunfilecheck Info: File `speedmeVSLPDUv2.out' has not changed.
(rerunfilecheck)             Checksum: 2AEAA00CB27652BDDCF60CE790FADABB;1496.
 ) 
Here is how much of TeX's memory you used:
 30912 strings out of 476091
 564517 string characters out of 5794081
 1906330 words of memory out of 5000000
 50265 multiletter control sequences out of 15000+600000
 575011 words of font info for 257 fonts, out of 8000000 for 9000
 1141 hyphenation exceptions out of 8191
 88i,17n,91p,1567b,2330s stack positions out of 10000i,1000n,20000p,200000b,200000s
{/usr/share/texmf/fonts/enc/dvips/cm-super/cm-super-ts1.enc}</usr/share/texli
ve/texmf-dist/fonts/type1/public/amsfonts/cm/cmbx10.pfb></usr/share/texlive/tex
mf-dist/fonts/type1/public/amsfonts/cm/cmbx12.pfb></usr/share/texlive/texmf-dis
t/fonts/type1/public/amsfonts/cm/cmex10.pfb></usr/share/texlive/texmf-dist/font
s/type1/public/amsfonts/cm/cmmi10.pfb></usr/share/texlive/texmf-dist/fonts/type
1/public/amsfonts/cm/cmmi12.pfb></usr/share/texlive/texmf-dist/fonts/type1/publ
ic/amsfonts/cm/cmmi6.pfb></usr/share/texlive/texmf-dist/fonts/type1/public/amsf
onts/cm/cmmi7.pfb></usr/share/texlive/texmf-dist/fonts/type1/public/amsfonts/cm
/cmmi8.pfb></usr/share/texlive/texmf-dist/fonts/type1/public/amsfonts/cm/cmr10.
pfb></usr/share/texlive/texmf-dist/fonts/type1/public/amsfonts/cm/cmr12.pfb></u
sr/share/texlive/texmf-dist/fonts/type1/public/amsfonts/cm/cmr6.pfb></usr/share
/texlive/texmf-dist/fonts/type1/public/amsfonts/cm/cmr7.pfb></usr/share/texlive
/texmf-dist/fonts/type1/public/amsfonts/cm/cmr8.pfb></usr/share/texlive/texmf-d
ist/fonts/type1/public/amsfonts/cm/cmsy10.pfb></usr/share/texlive/texmf-dist/fo
nts/type1/public/amsfonts/cm/cmsy6.pfb></usr/share/texlive/texmf-dist/fonts/typ
e1/public/amsfonts/cm/cmsy7.pfb></usr/share/texlive/texmf-dist/fonts/type1/publ
ic/amsfonts/cm/cmsy8.pfb></usr/share/texlive/texmf-dist/fonts/type1/public/amsf
onts/cm/cmti12.pfb></usr/share/texmf/fonts/type1/arphic/gbsnu/gbsnu30.pfb></usr
/share/texmf/fonts/type1/arphic/gbsnu/gbsnu4e.pfb></usr/share/texmf/fonts/type1
/arphic/gbsnu/gbsnu4f.pfb></usr/share/texmf/fonts/type1/arphic/gbsnu/gbsnu50.pf
b></usr/share/texmf/fonts/type1/arphic/gbsnu/gbsnu51.pfb></usr/share/texmf/font
s/type1/arphic/gbsnu/gbsnu52.pfb></usr/share/texmf/fonts/type1/arphic/gbsnu/gbs
nu53.pfb></usr/share/texmf/fonts/type1/arphic/gbsnu/gbsnu54.pfb></usr/share/tex
mf/fonts/type1/arphic/gbsnu/gbsnu55.pfb></usr/share/texmf/fonts/type1/arphic/gb
snu/gbsnu56.pfb></usr/share/texmf/fonts/type1/arphic/gbsnu/gbsnu57.pfb></usr/sh
are/texmf/fonts/type1/arphic/gbsnu/gbsnu58.pfb></usr/share/texmf/fonts/type1/ar
phic/gbsnu/gbsnu59.pfb></usr/share/texmf/fonts/type1/arphic/gbsnu/gbsnu5b.pfb><
/usr/share/texmf/fonts/type1/arphic/gbsnu/gbsnu5c.pfb></usr/share/texmf/fonts/t
ype1/arphic/gbsnu/gbsnu5d.pfb></usr/share/texmf/fonts/type1/arphic/gbsnu/gbsnu5
e.pfb></usr/share/texmf/fonts/type1/arphic/gbsnu/gbsnu5f.pfb></usr/share/texmf/
fonts/type1/arphic/gbsnu/gbsnu60.pfb></usr/share/texmf/fonts/type1/arphic/gbsnu
/gbsnu61.pfb></usr/share/texmf/fonts/type1/arphic/gbsnu/gbsnu62.pfb></usr/share
/texmf/fonts/type1/arphic/gbsnu/gbsnu63.pfb></usr/share/texmf/fonts/type1/arphi
c/gbsnu/gbsnu64.pfb></usr/share/texmf/fonts/type1/arphic/gbsnu/gbsnu65.pfb></us
r/share/texmf/fonts/type1/arphic/gbsnu/gbsnu66.pfb></usr/share/texmf/fonts/type
1/arphic/gbsnu/gbsnu67.pfb></usr/share/texmf/fonts/type1/arphic/gbsnu/gbsnu68.p
fb></usr/share/texmf/fonts/type1/arphic/gbsnu/gbsnu69.pfb></usr/share/texmf/fon
ts/type1/arphic/gbsnu/gbsnu6a.pfb></usr/share/texmf/fonts/type1/arphic/gbsnu/gb
snu6b.pfb></usr/share/texmf/fonts/type1/arphic/gbsnu/gbsnu6c.pfb></usr/share/te
xmf/fonts/type1/arphic/gbsnu/gbsnu6d.pfb></usr/share/texmf/fonts/type1/arphic/g
bsnu/gbsnu6e.pfb></usr/share/texmf/fonts/type1/arphic/gbsnu/gbsnu6f.pfb></usr/s
hare/texmf/fonts/type1/arphic/gbsnu/gbsnu70.pfb></usr/share/texmf/fonts/type1/a
rphic/gbsnu/gbsnu71.pfb></usr/share/texmf/fonts/type1/arphic/gbsnu/gbsnu72.pfb>
</usr/share/texmf/fonts/type1/arphic/gbsnu/gbsnu73.pfb></usr/share/texmf/fonts/
type1/arphic/gbsnu/gbsnu74.pfb></usr/share/texmf/fonts/type1/arphic/gbsnu/gbsnu
75.pfb></usr/share/texmf/fonts/type1/arphic/gbsnu/gbsnu76.pfb></usr/share/texmf
/fonts/type1/arphic/gbsnu/gbsnu77.pfb></usr/share/texmf/fonts/type1/arphic/gbsn
u/gbsnu78.pfb></usr/share/texmf/fonts/type1/arphic/gbsnu/gbsnu79.pfb></usr/shar
e/texmf/fonts/type1/arphic/gbsnu/gbsnu7a.pfb></usr/share/texmf/fonts/type1/arph
ic/gbsnu/gbsnu7b.pfb></usr/share/texmf/fonts/type1/arphic/gbsnu/gbsnu7c.pfb></u
sr/share/texmf/fonts/type1/arphic/gbsnu/gbsnu7d.pfb></usr/share/texmf/fonts/typ
e1/arphic/gbsnu/gbsnu7e.pfb></usr/share/texmf/fonts/type1/arphic/gbsnu/gbsnu7f.
pfb></usr/share/texmf/fonts/type1/arphic/gbsnu/gbsnu80.pfb></usr/share/texmf/fo
nts/type1/arphic/gbsnu/gbsnu81.pfb></usr/share/texmf/fonts/type1/arphic/gbsnu/g
bsnu82.pfb></usr/share/texmf/fonts/type1/arphic/gbsnu/gbsnu83.pfb></usr/share/t
exmf/fonts/type1/arphic/gbsnu/gbsnu84.pfb></usr/share/texmf/fonts/type1/arphic/
gbsnu/gbsnu86.pfb></usr/share/texmf/fonts/type1/arphic/gbsnu/gbsnu87.pfb></usr/
share/texmf/fonts/type1/arphic/gbsnu/gbsnu88.pfb></usr/share/texmf/fonts/type1/
arphic/gbsnu/gbsnu89.pfb></usr/share/texmf/fonts/type1/arphic/gbsnu/gbsnu8a.pfb
></usr/share/texmf/fonts/type1/arphic/gbsnu/gbsnu8b.pfb></usr/share/texmf/fonts
/type1/arphic/gbsnu/gbsnu8c.pfb></usr/share/texmf/fonts/type1/arphic/gbsnu/gbsn
u8d.pfb></usr/share/texmf/fonts/type1/arphic/gbsnu/gbsnu8e.pfb></usr/share/texm
f/fonts/type1/arphic/gbsnu/gbsnu8f.pfb></usr/share/texmf/fonts/type1/arphic/gbs
nu/gbsnu90.pfb></usr/share/texmf/fonts/type1/arphic/gbsnu/gbsnu91.pfb></usr/sha
re/texmf/fonts/type1/arphic/gbsnu/gbsnu92.pfb></usr/share/texmf/fonts/type1/arp
hic/gbsnu/gbsnu94.pfb></usr/share/texmf/fonts/type1/arphic/gbsnu/gbsnu95.pfb></
usr/share/texmf/fonts/type1/arphic/gbsnu/gbsnu96.pfb></usr/share/texmf/fonts/ty
pe1/arphic/gbsnu/gbsnu97.pfb></usr/share/texmf/fonts/type1/arphic/gbsnu/gbsnu98
.pfb></usr/share/texmf/fonts/type1/arphic/gbsnu/gbsnu9a.pfb></usr/share/texmf/f
onts/type1/arphic/gbsnu/gbsnu9e.pfb></usr/share/texmf/fonts/type1/arphic/gbsnu/
gbsnuff.pfb></usr/share/texlive/texmf-dist/fonts/type1/public/amsfonts/symbols/
msam10.pfb></usr/share/texlive/texmf-dist/fonts/type1/public/amsfonts/symbols/m
sbm10.pfb></usr/share/texmf/fonts/type1/public/cm-super/sfrm1095.pfb></usr/shar
e/texmf/fonts/type1/public/cm-super/sfrm1200.pfb></usr/share/texlive/texmf-dist
/fonts/type1/urw/zapfding/uzdr.pfb>
Output written on speedmeVSLPDUv2.pdf (21 pages, 904157 bytes).
PDF statistics:
 1075 PDF objects out of 1200 (max. 8388607)
 759 compressed objects within 8 object streams
 180 named destinations out of 1000 (max. 500000)
 431 words of extra memory for PDF output out of 10000 (max. 10000000)

