This is pdfTeX, Version 3.141592653-2.6-1.40.24 (TeX Live 2022/Debian) (preloaded format=pdflatex 2025.7.11)  17 JUL 2025 08:03
entering extended mode
 restricted \write18 enabled.
 file:line:error style messages enabled.
 %&-line parsing enabled.
**arxiv.tex
(./arxiv.tex
LaTeX2e <2022-11-01> patch level 1
L3 programming layer <2023-01-16>
(/usr/share/texlive/texmf-dist/tex/latex/revtex/revtex4-2.cls
Document Class: revtex4-2 2020/10/03 4.2e (https://journals.aps.org/revtex/ for
 documentation)
 Copyright (c) 2019 American Physical Society.
 mailto:revtex@aps.org
 Licensed under the LPPL:
http://www.ctan.org/tex-archive/macros/latex/base/lppl.txt
 Arthur Ogawa <arthur_ogawa at sbcglobal dot net>
 Based on work by David Carlisle <david at dcarlisle.demon.co.uk>
 Version (4.2d,4.2e): Modified by Mark Doyle and Phelype Oleinik
 .
ltxutil[2020/10/03 4.2e utilities package (portions licensed from W. E. Baxter 
web at superscript.com)]
LaTeX Info: Redefining \@centercr on input line 356.
Class revtex4-2 Info: Repairing hyperref-unfriendly LaTeX definition of \mpfoot
note on input line 481.
Class revtex4-2 Info: Repairing broken LateX \@sect on input line 803.
\intertabularlinepenalty=\count185
\@tbpen=\count186
\@arstrutbox@hline=\box51
Class revtex4-2 Info: Repairing broken LaTeX \@xbitor on input line 1834.
Class revtex4-2 Info: Making \typeout \long on input line 2099.
ltxfront[2020/10/03 4.2e frontmatter package (AO,DPC,MD)]
\c@affil=\count187
\c@collab=\count188
\absbox=\box52
ltxgrid[2020/10/03 4.2e page grid package (portions licensed from W. E. Baxter 
web at superscript.com)]
\c@linecount=\count189
\output@latex=\toks16
\box@size@1=\box53
\box@size@2=\box54
\@protection@box=\box55
\@topmark@saved=\toks17
\footins@saved=\box56
\footins@recovered=\box57
\column@recovered=\box58
\pagesofar=\box59
\footsofar=\box60
\pagegrid@col=\count190
Class revtex4-2 Info: Overriding \@vspace, \@vspacer, \@no@pgbk, \@newline, and
 \\  on input line 5665.
\c@part=\count191
\c@section=\count192
\c@subsection=\count193
\c@subsubsection=\count194
\c@paragraph=\count195
\c@subparagraph=\count196
\abovecaptionskip=\skip48
\belowcaptionskip=\skip49
\c@figure=\count197
\fbox@1=\box61
\c@table=\count198
\fbox@2=\box62
\c@video=\count199
\fbox@4=\box63
\@bibdataout=\write3
\widetext@top=\box64
\widetext@bot=\box65
Class revtex4-2 Info: Selecting society aps on input line 7658.
(/usr/share/texlive/texmf-dist/tex/latex/revtex/aps4-2.rtx
File: aps4-2 2020/10/03 4.2e (https://journals.aps.org/revtex/ for documentatio
n)
Class revtex4-2 Info: RevTeX society APS selected on input line 40.
)
Class revtex4-2 Info: Selecting journal prl on input line 7660.
Class revtex4-2 Info: APS journal PRL selected on input line 7661.

(/usr/share/texlive/texmf-dist/tex/latex/revtex/aps10pt4-2.rtx
File: aps10pt4-2 2020/10/03 4.2e (https://journals.aps.org/revtex/ for document
ation)
Class revtex4-2 Info: RevTeX pointsize 10pt selected on input line 39.
)
(/usr/share/texlive/texmf-dist/tex/latex/textcase/textcase.sty
Package: textcase 2022/07/10 v1.03 Text only upper/lower case changing (DPC)
Package textcase Info: Defining Legacy names on input line 20.
)
(/usr/share/texlive/texmf-dist/tex/latex/url/url.sty
\Urlmuskip=\muskip16
Package: url 2013/09/16  ver 3.4  Verb mode for urls, etc.
)
(/usr/share/texlive/texmf-dist/tex/latex/natbib/natbib.sty
Package: natbib 2010/09/13 8.31b (PWD, AO)
\bibhang=\skip50
\bibsep=\skip51
LaTeX Info: Redefining \cite on input line 694.
\c@NAT@ctr=\count266
)
Class revtex4-2 Info: Repairing natbib's \BibitemShut on input line 7665.

(/usr/share/texlive/texmf-dist/tex/latex/revtex/revsymb4-2.sty
Package: revsymb4-2 2020/10/03 4.2e (https://journals.aps.org/revtex/ for docum
entation)
LaTeX Info: Redefining \REV@mathfrak on input line 128.
))
(/usr/share/texmf/tex/latex/CJK/CJKutf8.sty
Package: CJKutf8 2021/10/16 4.8.5

(/usr/share/texlive/texmf-dist/tex/generic/iftex/ifpdf.sty
Package: ifpdf 2019/10/25 v3.4 ifpdf legacy package. Use iftex instead.

(/usr/share/texlive/texmf-dist/tex/generic/iftex/iftex.sty
Package: iftex 2022/02/03 v1.0f TeX engine tests
))
(/usr/share/texlive/texmf-dist/tex/latex/base/inputenc.sty
Package: inputenc 2021/02/14 v1.3d Input encoding file
\inpenc@prehook=\toks18
\inpenc@posthook=\toks19
)
(/usr/share/texmf/tex/latex/CJK/CJK.sty
Package: CJK 2021/10/16 4.8.5

(/usr/share/texmf/tex/latex/CJK/mule/MULEenc.sty
Package: MULEenc 2021/10/16 4.8.5
)
(/usr/share/texmf/tex/latex/CJK/CJK.enc
File: CJK.enc 2021/10/16 4.8.5
Now handling font encoding C00 ...
... no UTF-8 mapping file for font encoding C00
Now handling font encoding C05 ...
... no UTF-8 mapping file for font encoding C05
Now handling font encoding C09 ...
... no UTF-8 mapping file for font encoding C09
Now handling font encoding C10 ...
... no UTF-8 mapping file for font encoding C10
Now handling font encoding C20 ...
... no UTF-8 mapping file for font encoding C20
Now handling font encoding C19 ...
... no UTF-8 mapping file for font encoding C19
Now handling font encoding C40 ...
... no UTF-8 mapping file for font encoding C40
Now handling font encoding C42 ...
... no UTF-8 mapping file for font encoding C42
Now handling font encoding C43 ...
... no UTF-8 mapping file for font encoding C43
Now handling font encoding C50 ...
... no UTF-8 mapping file for font encoding C50
Now handling font encoding C52 ...
... no UTF-8 mapping file for font encoding C52
Now handling font encoding C49 ...
... no UTF-8 mapping file for font encoding C49
Now handling font encoding C60 ...
... no UTF-8 mapping file for font encoding C60
Now handling font encoding C61 ...
... no UTF-8 mapping file for font encoding C61
Now handling font encoding C63 ...
... no UTF-8 mapping file for font encoding C63
Now handling font encoding C64 ...
... no UTF-8 mapping file for font encoding C64
Now handling font encoding C65 ...
... no UTF-8 mapping file for font encoding C65
Now handling font encoding C70 ...
... no UTF-8 mapping file for font encoding C70
Now handling font encoding C31 ...
... no UTF-8 mapping file for font encoding C31
Now handling font encoding C32 ...
... no UTF-8 mapping file for font encoding C32
Now handling font encoding C33 ...
... no UTF-8 mapping file for font encoding C33
Now handling font encoding C34 ...
... no UTF-8 mapping file for font encoding C34
Now handling font encoding C35 ...
... no UTF-8 mapping file for font encoding C35
Now handling font encoding C36 ...
... no UTF-8 mapping file for font encoding C36
Now handling font encoding C37 ...
... no UTF-8 mapping file for font encoding C37
Now handling font encoding C80 ...
... no UTF-8 mapping file for font encoding C80
Now handling font encoding C81 ...
... no UTF-8 mapping file for font encoding C81
Now handling font encoding C01 ...
... no UTF-8 mapping file for font encoding C01
Now handling font encoding C11 ...
... no UTF-8 mapping file for font encoding C11
Now handling font encoding C21 ...
... no UTF-8 mapping file for font encoding C21
Now handling font encoding C41 ...
... no UTF-8 mapping file for font encoding C41
Now handling font encoding C62 ...
... no UTF-8 mapping file for font encoding C62
)
\CJK@indent=\box66
)
(/usr/share/texlive/texmf-dist/tex/latex/base/fontenc.sty
Package: fontenc 2021/04/29 v2.0v Standard LaTeX package
))
(/usr/share/texlive/texmf-dist/tex/latex/graphics/graphicx.sty
Package: graphicx 2021/09/16 v1.2d Enhanced LaTeX Graphics (DPC,SPQR)

(/usr/share/texlive/texmf-dist/tex/latex/graphics/keyval.sty
Package: keyval 2022/05/29 v1.15 key=value parser (DPC)
\KV@toks@=\toks20
)
(/usr/share/texlive/texmf-dist/tex/latex/graphics/graphics.sty
Package: graphics 2022/03/10 v1.4e Standard LaTeX Graphics (DPC,SPQR)

(/usr/share/texlive/texmf-dist/tex/latex/graphics/trig.sty
Package: trig 2021/08/11 v1.11 sin cos tan (DPC)
)
(/usr/share/texlive/texmf-dist/tex/latex/graphics-cfg/graphics.cfg
File: graphics.cfg 2016/06/04 v1.11 sample graphics configuration
)
Package graphics Info: Driver file: pdftex.def on input line 107.

(/usr/share/texlive/texmf-dist/tex/latex/graphics-def/pdftex.def
File: pdftex.def 2022/09/22 v1.2b Graphics/color driver for pdftex
))
\Gin@req@height=\dimen140
\Gin@req@width=\dimen141
)
(/usr/share/texlive/texmf-dist/tex/latex/hyperref/hyperref.sty
Package: hyperref 2022-11-13 v7.00u Hypertext links for LaTeX

(/usr/share/texlive/texmf-dist/tex/generic/ltxcmds/ltxcmds.sty
Package: ltxcmds 2020-05-10 v1.25 LaTeX kernel commands for general use (HO)
)
(/usr/share/texlive/texmf-dist/tex/generic/pdftexcmds/pdftexcmds.sty
Package: pdftexcmds 2020-06-27 v0.33 Utility functions of pdfTeX for LuaTeX (HO
)

(/usr/share/texlive/texmf-dist/tex/generic/infwarerr/infwarerr.sty
Package: infwarerr 2019/12/03 v1.5 Providing info/warning/error messages (HO)
)
Package pdftexcmds Info: \pdf@primitive is available.
Package pdftexcmds Info: \pdf@ifprimitive is available.
Package pdftexcmds Info: \pdfdraftmode found.
)
(/usr/share/texlive/texmf-dist/tex/latex/kvsetkeys/kvsetkeys.sty
Package: kvsetkeys 2022-10-05 v1.19 Key value parser (HO)
)
(/usr/share/texlive/texmf-dist/tex/generic/kvdefinekeys/kvdefinekeys.sty
Package: kvdefinekeys 2019-12-19 v1.6 Define keys (HO)
)
(/usr/share/texlive/texmf-dist/tex/generic/pdfescape/pdfescape.sty
Package: pdfescape 2019/12/09 v1.15 Implements pdfTeX's escape features (HO)
)
(/usr/share/texlive/texmf-dist/tex/latex/hycolor/hycolor.sty
Package: hycolor 2020-01-27 v1.10 Color options for hyperref/bookmark (HO)
)
(/usr/share/texlive/texmf-dist/tex/latex/letltxmacro/letltxmacro.sty
Package: letltxmacro 2019/12/03 v1.6 Let assignment for LaTeX macros (HO)
)
(/usr/share/texlive/texmf-dist/tex/latex/auxhook/auxhook.sty
Package: auxhook 2019-12-17 v1.6 Hooks for auxiliary files (HO)
)
(/usr/share/texlive/texmf-dist/tex/latex/hyperref/nameref.sty
Package: nameref 2022-05-17 v2.50 Cross-referencing by name of section

(/usr/share/texlive/texmf-dist/tex/latex/refcount/refcount.sty
Package: refcount 2019/12/15 v3.6 Data extraction from label references (HO)
)
(/usr/share/texlive/texmf-dist/tex/generic/gettitlestring/gettitlestring.sty
Package: gettitlestring 2019/12/15 v1.6 Cleanup title references (HO)

(/usr/share/texlive/texmf-dist/tex/latex/kvoptions/kvoptions.sty
Package: kvoptions 2022-06-15 v3.15 Key value format for package options (HO)
))
\c@section@level=\count267
)
\@linkdim=\dimen142
\Hy@linkcounter=\count268
\Hy@pagecounter=\count269

(/usr/share/texlive/texmf-dist/tex/latex/hyperref/pd1enc.def
File: pd1enc.def 2022-11-13 v7.00u Hyperref: PDFDocEncoding definition (HO)
Now handling font encoding PD1 ...
... no UTF-8 mapping file for font encoding PD1
)
(/usr/share/texlive/texmf-dist/tex/generic/intcalc/intcalc.sty
Package: intcalc 2019/12/15 v1.3 Expandable calculations with integers (HO)
)
(/usr/share/texlive/texmf-dist/tex/generic/etexcmds/etexcmds.sty
Package: etexcmds 2019/12/15 v1.7 Avoid name clashes with e-TeX commands (HO)
)
\Hy@SavedSpaceFactor=\count270

(/usr/share/texlive/texmf-dist/tex/latex/hyperref/puenc.def
File: puenc.def 2022-11-13 v7.00u Hyperref: PDF Unicode definition (HO)
Now handling font encoding PU ...
... no UTF-8 mapping file for font encoding PU
)
Package hyperref Info: Hyper figures OFF on input line 4162.
Package hyperref Info: Link nesting OFF on input line 4167.
Package hyperref Info: Hyper index ON on input line 4170.
Package hyperref Info: Plain pages OFF on input line 4177.
Package hyperref Info: Backreferencing OFF on input line 4182.
Package hyperref Info: Implicit mode ON; LaTeX internals redefined.
Package hyperref Info: Bookmarks ON on input line 4410.
LaTeX Info: Redefining \href on input line 4659.
\c@Hy@tempcnt=\count271
LaTeX Info: Redefining \url on input line 4748.
\XeTeXLinkMargin=\dimen143

(/usr/share/texlive/texmf-dist/tex/generic/bitset/bitset.sty
Package: bitset 2019/12/09 v1.3 Handle bit-vector datatype (HO)

(/usr/share/texlive/texmf-dist/tex/generic/bigintcalc/bigintcalc.sty
Package: bigintcalc 2019/12/15 v1.5 Expandable calculations on big integers (HO
)
))
\Fld@menulength=\count272
\Field@Width=\dimen144
\Fld@charsize=\dimen145
Package hyperref Info: Hyper figures OFF on input line 6027.
Package hyperref Info: Link nesting OFF on input line 6032.
Package hyperref Info: Hyper index ON on input line 6035.
Package hyperref Info: backreferencing OFF on input line 6042.
Package hyperref Info: Link coloring OFF on input line 6047.
Package hyperref Info: Link coloring with OCG OFF on input line 6052.
Package hyperref Info: PDF/A mode OFF on input line 6057.

(/usr/share/texlive/texmf-dist/tex/latex/base/atbegshi-ltx.sty
Package: atbegshi-ltx 2021/01/10 v1.0c Emulation of the original atbegshi
package with kernel methods
)
\Hy@abspage=\count273
\c@Item=\count274
\c@Hfootnote=\count275
)
Package hyperref Info: Driver (autodetected): hpdftex.

(/usr/share/texlive/texmf-dist/tex/latex/hyperref/hpdftex.def
File: hpdftex.def 2022-11-13 v7.00u Hyperref driver for pdfTeX

(/usr/share/texlive/texmf-dist/tex/latex/base/atveryend-ltx.sty
Package: atveryend-ltx 2020/08/19 v1.0a Emulation of the original atveryend pac
kage
with kernel methods
)
\Fld@listcount=\count276
\c@bookmark@seq@number=\count277

(/usr/share/texlive/texmf-dist/tex/latex/rerunfilecheck/rerunfilecheck.sty
Package: rerunfilecheck 2022-07-10 v1.10 Rerun checks for auxiliary files (HO)

(/usr/share/texlive/texmf-dist/tex/generic/uniquecounter/uniquecounter.sty
Package: uniquecounter 2019/12/15 v1.4 Provide unlimited unique counter (HO)
)
Package uniquecounter Info: New unique counter `rerunfilecheck' on input line 2
85.
)
\Hy@SectionHShift=\skip52
)
(/usr/share/texlive/texmf-dist/tex/latex/tools/bm.sty
Package: bm 2022/01/05 v1.2f Bold Symbol Support (DPC/FMi)
\symboldoperators=\mathgroup4
\symboldletters=\mathgroup5
\symboldsymbols=\mathgroup6
Package bm Info: No bold for \OMX/cmex/m/n, using \pmb.
LaTeX Font Info:    Redeclaring math alphabet \mathbf on input line 149.
LaTeX Info: Redefining \bm on input line 219.
)
(/usr/share/texlive/texmf-dist/tex/latex/physics/physics.sty
Package: physics 

(/usr/share/texlive/texmf-dist/tex/latex/l3packages/xparse/xparse.sty
(/usr/share/texlive/texmf-dist/tex/latex/l3kernel/expl3.sty
Package: expl3 2023-01-16 L3 programming layer (loader) 

(/usr/share/texlive/texmf-dist/tex/latex/l3backend/l3backend-pdftex.def
File: l3backend-pdftex.def 2023-01-16 L3 backend support: PDF output (pdfTeX)
\l__color_backend_stack_int=\count278
\l__pdf_internal_box=\box67
))
Package: xparse 2023-01-16 L3 Experimental document command parser
)
(/usr/share/texlive/texmf-dist/tex/latex/amsmath/amsmath.sty
Package: amsmath 2022/04/08 v2.17n AMS math features
\@mathmargin=\skip53

For additional information on amsmath, use the `?' option.
(/usr/share/texlive/texmf-dist/tex/latex/amsmath/amstext.sty
Package: amstext 2021/08/26 v2.01 AMS text

(/usr/share/texlive/texmf-dist/tex/latex/amsmath/amsgen.sty
File: amsgen.sty 1999/11/30 v2.0 generic functions
\@emptytoks=\toks21
\ex@=\dimen146
)
LaTeX Info: Redefining \text on input line 28.
)
(/usr/share/texlive/texmf-dist/tex/latex/amsmath/amsbsy.sty
Package: amsbsy 1999/11/29 v1.2d Bold Symbols
LaTeX Info: Redefining \boldsymbol on input line 28.
\pmbraise@=\dimen147
)
(/usr/share/texlive/texmf-dist/tex/latex/amsmath/amsopn.sty
Package: amsopn 2022/04/08 v2.04 operator names
)
\inf@bad=\count279
LaTeX Info: Redefining \frac on input line 234.
\uproot@=\count280
\leftroot@=\count281
LaTeX Info: Redefining \overline on input line 399.
LaTeX Info: Redefining \colon on input line 410.
\classnum@=\count282
\DOTSCASE@=\count283
LaTeX Info: Redefining \ldots on input line 496.
LaTeX Info: Redefining \dots on input line 499.
LaTeX Info: Redefining \cdots on input line 620.
\Mathstrutbox@=\box68
\strutbox@=\box69
LaTeX Info: Redefining \big on input line 722.
LaTeX Info: Redefining \Big on input line 723.
LaTeX Info: Redefining \bigg on input line 724.
LaTeX Info: Redefining \Bigg on input line 725.
\big@size=\dimen148
LaTeX Font Info:    Redeclaring font encoding OML on input line 743.
LaTeX Font Info:    Redeclaring font encoding OMS on input line 744.
\macc@depth=\count284
LaTeX Info: Redefining \bmod on input line 905.
LaTeX Info: Redefining \pmod on input line 910.
LaTeX Info: Redefining \smash on input line 940.
LaTeX Info: Redefining \relbar on input line 970.
LaTeX Info: Redefining \Relbar on input line 971.
\c@MaxMatrixCols=\count285
\dotsspace@=\muskip17
\c@parentequation=\count286
\dspbrk@lvl=\count287
\tag@help=\toks22
\row@=\count288
\column@=\count289
\maxfields@=\count290
\andhelp@=\toks23
\eqnshift@=\dimen149
\alignsep@=\dimen150
\tagshift@=\dimen151
\tagwidth@=\dimen152
\totwidth@=\dimen153
\lineht@=\dimen154
\@envbody=\toks24
\multlinegap=\skip54
\multlinetaggap=\skip55
\mathdisplay@stack=\toks25
LaTeX Info: Redefining \[ on input line 2953.
LaTeX Info: Redefining \] on input line 2954.
))
(/usr/share/texlive/texmf-dist/tex/latex/amsfonts/amssymb.sty
Package: amssymb 2013/01/14 v3.01 AMS font symbols

(/usr/share/texlive/texmf-dist/tex/latex/amsfonts/amsfonts.sty
Package: amsfonts 2013/01/14 v3.01 Basic AMSFonts support
\symAMSa=\mathgroup7
\symAMSb=\mathgroup8
LaTeX Font Info:    Redeclaring math symbol \hbar on input line 98.
LaTeX Font Info:    Overwriting math alphabet `\mathfrak' in version `bold'
(Font)                  U/euf/m/n --> U/euf/b/n on input line 106.
LaTeX Info: Redefining \frak on input line 111.
LaTeX Info: Redefining \Bbb on input line 113.
))
(/usr/share/texlive/texmf-dist/tex/latex/xcolor/xcolor.sty
Package: xcolor 2022/06/12 v2.14 LaTeX color extensions (UK)

(/usr/share/texlive/texmf-dist/tex/latex/graphics-cfg/color.cfg
File: color.cfg 2016/01/02 v1.6 sample color configuration
)
Package xcolor Info: Driver file: pdftex.def on input line 227.

(/usr/share/texlive/texmf-dist/tex/latex/graphics/mathcolor.ltx)
Package xcolor Info: Model `cmy' substituted by `cmy0' on input line 1353.
Package xcolor Info: Model `hsb' substituted by `rgb' on input line 1357.
Package xcolor Info: Model `RGB' extended on input line 1369.
Package xcolor Info: Model `HTML' substituted by `rgb' on input line 1371.
Package xcolor Info: Model `Hsb' substituted by `hsb' on input line 1372.
Package xcolor Info: Model `tHsb' substituted by `hsb' on input line 1373.
Package xcolor Info: Model `HSB' substituted by `hsb' on input line 1374.
Package xcolor Info: Model `Gray' substituted by `gray' on input line 1375.
Package xcolor Info: Model `wave' substituted by `hsb' on input line 1376.
)
(/usr/share/texlive/texmf-dist/tex/generic/ulem/ulem.sty
\UL@box=\box70
\UL@hyphenbox=\box71
\UL@skip=\skip56
\UL@hook=\toks26
\UL@height=\dimen155
\UL@pe=\count291
\UL@pixel=\dimen156
\ULC@box=\box72
Package: ulem 2019/11/18
\ULdepth=\dimen157
)
(/usr/share/texlive/texmf-dist/tex/latex/oberdiek/centernot.sty
Package: centernot 2016/05/16 v1.4 Centers the not symbol horizontally (HO)
)
(/usr/share/texlive/texmf-dist/tex/latex/braket/braket.sty)
(/usr/share/texlive/texmf-dist/tex/latex/tools/tabularx.sty
Package: tabularx 2020/01/15 v2.11c `tabularx' package (DPC)

(/usr/share/texlive/texmf-dist/tex/latex/tools/array.sty
Package: array 2022/09/04 v2.5g Tabular extension package (FMi)
\col@sep=\dimen158
\ar@mcellbox=\box73
\extrarowheight=\dimen159
\NC@list=\toks27
\extratabsurround=\skip57
\backup@length=\skip58
\ar@cellbox=\box74
)
\TX@col@width=\dimen160
\TX@old@table=\dimen161
\TX@old@col=\dimen162
\TX@target=\dimen163
\TX@delta=\dimen164
\TX@cols=\count292
\TX@ftn=\toks28
)
(/usr/share/texlive/texmf-dist/tex/latex/booktabs/booktabs.sty
Package: booktabs 2020/01/12 v1.61803398 Publication quality tables
\heavyrulewidth=\dimen165
\lightrulewidth=\dimen166
\cmidrulewidth=\dimen167
\belowrulesep=\dimen168
\belowbottomsep=\dimen169
\aboverulesep=\dimen170
\abovetopsep=\dimen171
\cmidrulesep=\dimen172
\cmidrulekern=\dimen173
\defaultaddspace=\dimen174
\@cmidla=\count293
\@cmidlb=\count294
\@aboverulesep=\dimen175
\@belowrulesep=\dimen176
\@thisruleclass=\count295
\@lastruleclass=\count296
\@thisrulewidth=\dimen177
)
(/usr/share/texlive/texmf-dist/tex/latex/psnfss/pifont.sty
Package: pifont 2020/03/25 PSNFSS-v9.3 Pi font support (SPQR) 
LaTeX Font Info:    Trying to load font information for U+pzd on input line 63.


(/usr/share/texlive/texmf-dist/tex/latex/psnfss/upzd.fd
File: upzd.fd 2001/06/04 font definitions for U/pzd.
)
LaTeX Font Info:    Trying to load font information for U+psy on input line 64.


(/usr/share/texlive/texmf-dist/tex/latex/psnfss/upsy.fd
File: upsy.fd 2001/06/04 font definitions for U/psy.
))
(/usr/share/texlive/texmf-dist/tex/latex/colortbl/colortbl.sty
Package: colortbl 2022/06/20 v1.0f Color table columns (DPC)
\everycr=\toks29
\minrowclearance=\skip59
\rownum=\count297
)
(/usr/share/texlive/texmf-dist/tex/latex/amscls/amsthm.sty
Package: amsthm 2020/05/29 v2.20.6
\thm@style=\toks30
\thm@bodyfont=\toks31
\thm@headfont=\toks32
\thm@notefont=\toks33
\thm@headpunct=\toks34
\thm@preskip=\skip60
\thm@postskip=\skip61
\thm@headsep=\skip62
\dth@everypar=\toks35
)
(/usr/share/texlive/texmf-dist/tex/generic/soul/soul.sty
Package: soul 2003/11/17 v2.4 letterspacing/underlining (mf)
\SOUL@word=\toks36
\SOUL@lasttoken=\toks37
\SOUL@cmds=\toks38
\SOUL@buffer=\toks39
\SOUL@token=\toks40
\SOUL@spaceskip=\skip63
\SOUL@ttwidth=\dimen178
\SOUL@uldp=\dimen179
\SOUL@ulht=\dimen180
)
(/usr/share/texlive/texmf-dist/tex/latex/graphics/epsfig.sty
Package: epsfig 2017/06/25 v1.7b (e)psfig emulation (SPQR)
\epsfxsize=\dimen181
\epsfysize=\dimen182
)
(/usr/share/texlive/texmf-dist/tex/latex/titlesec/titlesec.sty
Package: titlesec 2021/07/05 v2.14 Sectioning titles
\ttl@box=\box75
\beforetitleunit=\skip64
\aftertitleunit=\skip65
\ttl@plus=\dimen183
\ttl@minus=\dimen184
\ttl@toksa=\toks41
\titlewidth=\dimen185
\titlewidthlast=\dimen186
\titlewidthfirst=\dimen187
)
\c@theorem=\count298

(/usr/share/texlive/texmf-dist/tex/latex/printlen/printlen.sty
Package: printlen 2009/09/03 v1.1a print lengths with units
)
Class revtex4-2 Info: colortbl package is loaded. (Proceeding with fingers cros
sed.) on input line 56.
Class revtex4-2 Info: cite was not loaded (OK!) on input line 56.
Class revtex4-2 Info: mcite was not loaded (OK!) on input line 56.
Class revtex4-2 Info: multicol was not loaded (OK!) on input line 56.
 (./arxiv.aux

Package natbib Warning: Citation `MAIER2001' multiply defined.


Package natbib Warning: Citation `barkholtz2023' multiply defined.


Package natbib Warning: Citation `Brown1989' multiply defined.


Package natbib Warning: Citation `qian2023' multiply defined.


Package natbib Warning: Citation `Koch2019' multiply defined.


Package natbib Warning: Citation `deutsche1970' multiply defined.


Package natbib Warning: Citation `Holzwarth1974' multiply defined.


Package natbib Warning: Citation `Miles2021' multiply defined.


Package natbib Warning: Citation `Allen1992' multiply defined.


Package natbib Warning: Citation `ANDREWS2004' multiply defined.


Package natbib Warning: Citation `Ye2019' multiply defined.


Package natbib Warning: Citation `Li2021' multiply defined.


Package natbib Warning: Citation `Forbes2018' multiply defined.


Package natbib Warning: Citation `Forbes2019' multiply defined.


Package natbib Warning: Citation `Forbes2021' multiply defined.


Package natbib Warning: Citation `Araoka2005' multiply defined.


Package natbib Warning: Citation `Loeffler2011' multiply defined.


Package natbib Warning: Citation `Rusak2019' multiply defined.


Package natbib Warning: Citation `Zhang2020' multiply defined.


Package natbib Warning: Citation `Rouxel2022' multiply defined.


Package natbib Warning: Citation `Begin2023' multiply defined.


Package natbib Warning: Citation `Jain2023' multiply defined.


Package natbib Warning: Citation `Maslov2024' multiply defined.


Package natbib Warning: Citation `Maslov_Thesis' multiply defined.


Package natbib Warning: Citation `Bliokh2015' multiply defined.


Package natbib Warning: Citation `Stephens1985' multiply defined.


Package natbib Warning: Citation `BUCKINGHAM1987' multiply defined.


Package natbib Warning: Citation `Mun2019' multiply defined.


Package natbib Warning: Citation `Lovesey2019' multiply defined.


Package natbib Warning: Citation `Patterson2013' multiply defined.


Package natbib Warning: Citation `Patterson2013PRL' multiply defined.


Package natbib Warning: Citation `Ordonez2018' multiply defined.


Package natbib Warning: Citation `Ayuso2022' multiply defined.


Package natbib Warning: Citation `Ji2024' multiply defined.


Package natbib Warning: Citation `Note1' multiply defined.


Package natbib Warning: Citation `Bernath' multiply defined.


Package natbib Warning: Citation `Bliokh2023' multiply defined.


Package natbib Warning: Citation `Forbes2021nonparaxial' multiply defined.


Package natbib Warning: Citation `Forbes2021longitudinal' multiply defined.


Package natbib Warning: Citation `Lax1975' multiply defined.


Package natbib Warning: Citation `Buckingham1971' multiply defined.


Package natbib Warning: Citation `Power1975' multiply defined.


Package natbib Warning: Citation `Leibscher2022' multiply defined.


LaTeX Warning: Label `LastBibItem' multiply defined.

)
\openout1 = `arxiv.aux'.

LaTeX Font Info:    Checking defaults for OML/cmm/m/it on input line 56.
LaTeX Font Info:    ... okay on input line 56.
LaTeX Font Info:    Checking defaults for OMS/cmsy/m/n on input line 56.
LaTeX Font Info:    ... okay on input line 56.
LaTeX Font Info:    Checking defaults for OT1/cmr/m/n on input line 56.
LaTeX Font Info:    ... okay on input line 56.
LaTeX Font Info:    Checking defaults for T1/cmr/m/n on input line 56.
LaTeX Font Info:    ... okay on input line 56.
LaTeX Font Info:    Checking defaults for TS1/cmr/m/n on input line 56.
LaTeX Font Info:    ... okay on input line 56.
LaTeX Font Info:    Checking defaults for OMX/cmex/m/n on input line 56.
LaTeX Font Info:    ... okay on input line 56.
LaTeX Font Info:    Checking defaults for U/cmr/m/n on input line 56.
LaTeX Font Info:    ... okay on input line 56.
LaTeX Font Info:    Checking defaults for C00/song/m/n on input line 56.
LaTeX Font Info:    ... okay on input line 56.
LaTeX Font Info:    Checking defaults for C05/song/m/n on input line 56.
LaTeX Font Info:    ... okay on input line 56.
LaTeX Font Info:    Checking defaults for C09/song/m/n on input line 56.
LaTeX Font Info:    ... okay on input line 56.
LaTeX Font Info:    Checking defaults for C10/song/m/n on input line 56.
LaTeX Font Info:    ... okay on input line 56.
LaTeX Font Info:    Checking defaults for C20/song/m/n on input line 56.
LaTeX Font Info:    ... okay on input line 56.
LaTeX Font Info:    Checking defaults for C19/song/m/n on input line 56.
LaTeX Font Info:    ... okay on input line 56.
LaTeX Font Info:    Checking defaults for C40/song/m/n on input line 56.
LaTeX Font Info:    ... okay on input line 56.
LaTeX Font Info:    Checking defaults for C42/song/m/n on input line 56.
LaTeX Font Info:    ... okay on input line 56.
LaTeX Font Info:    Checking defaults for C43/song/m/n on input line 56.
LaTeX Font Info:    ... okay on input line 56.
LaTeX Font Info:    Checking defaults for C50/song/m/n on input line 56.
LaTeX Font Info:    ... okay on input line 56.
LaTeX Font Info:    Checking defaults for C52/song/m/n on input line 56.
LaTeX Font Info:    ... okay on input line 56.
LaTeX Font Info:    Checking defaults for C49/song/m/n on input line 56.
LaTeX Font Info:    ... okay on input line 56.
LaTeX Font Info:    Checking defaults for C60/mj/m/n on input line 56.
LaTeX Font Info:    ... okay on input line 56.
LaTeX Font Info:    Checking defaults for C61/mj/m/n on input line 56.
LaTeX Font Info:    ... okay on input line 56.
LaTeX Font Info:    Checking defaults for C63/mj/m/n on input line 56.
LaTeX Font Info:    ... okay on input line 56.
LaTeX Font Info:    Checking defaults for C64/mj/m/n on input line 56.
LaTeX Font Info:    ... okay on input line 56.
LaTeX Font Info:    Checking defaults for C65/mj/m/n on input line 56.
LaTeX Font Info:    ... okay on input line 56.
LaTeX Font Info:    Checking defaults for C70/song/m/n on input line 56.
LaTeX Font Info:    ... okay on input line 56.
LaTeX Font Info:    Checking defaults for C31/song/m/n on input line 56.
LaTeX Font Info:    ... okay on input line 56.
LaTeX Font Info:    Checking defaults for C32/song/m/n on input line 56.
LaTeX Font Info:    ... okay on input line 56.
LaTeX Font Info:    Checking defaults for C33/song/m/n on input line 56.
LaTeX Font Info:    ... okay on input line 56.
LaTeX Font Info:    Checking defaults for C34/song/m/n on input line 56.
LaTeX Font Info:    ... okay on input line 56.
LaTeX Font Info:    Checking defaults for C35/song/m/n on input line 56.
LaTeX Font Info:    ... okay on input line 56.
LaTeX Font Info:    Checking defaults for C36/song/m/n on input line 56.
LaTeX Font Info:    ... okay on input line 56.
LaTeX Font Info:    Checking defaults for C37/song/m/n on input line 56.
LaTeX Font Info:    ... okay on input line 56.
LaTeX Font Info:    Checking defaults for C80/song/m/n on input line 56.
LaTeX Font Info:    ... okay on input line 56.
LaTeX Font Info:    Checking defaults for C81/song/m/n on input line 56.
LaTeX Font Info:    ... okay on input line 56.
LaTeX Font Info:    Checking defaults for C01/song/m/n on input line 56.
LaTeX Font Info:    ... okay on input line 56.
LaTeX Font Info:    Checking defaults for C11/song/m/n on input line 56.
LaTeX Font Info:    ... okay on input line 56.
LaTeX Font Info:    Checking defaults for C21/song/m/n on input line 56.
LaTeX Font Info:    ... okay on input line 56.
LaTeX Font Info:    Checking defaults for C41/song/m/n on input line 56.
LaTeX Font Info:    ... okay on input line 56.
LaTeX Font Info:    Checking defaults for C62/song/m/n on input line 56.
LaTeX Font Info:    ... okay on input line 56.
LaTeX Font Info:    Checking defaults for PD1/pdf/m/n on input line 56.
LaTeX Font Info:    ... okay on input line 56.
LaTeX Font Info:    Checking defaults for PU/pdf/m/n on input line 56.
LaTeX Font Info:    ... okay on input line 56.
 (/usr/share/texlive/texmf-dist/tex/context/base/mkii/supp-pdf.mkii
[Loading MPS to PDF converter (version 2006.09.02).]
\scratchcounter=\count299
\scratchdimen=\dimen188
\scratchbox=\box76
\nofMPsegments=\count300
\nofMParguments=\count301
\everyMPshowfont=\toks42
\MPscratchCnt=\count302
\MPscratchDim=\dimen189
\MPnumerator=\count303
\makeMPintoPDFobject=\count304
\everyMPtoPDFconversion=\toks43
) (/usr/share/texlive/texmf-dist/tex/latex/epstopdf-pkg/epstopdf-base.sty
Package: epstopdf-base 2020-01-24 v2.11 Base part for package epstopdf
Package epstopdf-base Info: Redefining graphics rule for `.eps' on input line 4
85.

(/usr/share/texlive/texmf-dist/tex/latex/latexconfig/epstopdf-sys.cfg
File: epstopdf-sys.cfg 2010/07/13 v1.3 Configuration of (r)epstopdf for TeX Liv
e
))
Package hyperref Info: Link coloring OFF on input line 56.

(./arxiv.out) (./arxiv.out)
\@outlinefile=\write4
\openout4 = `arxiv.out'.

Class revtex4-2 Info: Taking \maketitle back from hyperref on input line 56.
\openout3 = `arxivNotes.bib'.

 (/usr/share/texmf/tex/latex/CJK/UTF8/UTF8.bdg
File: UTF8.bdg 2021/10/16 4.8.5
)
(/usr/share/texmf/tex/latex/CJK/UTF8/UTF8.enc
File: UTF8.enc 2021/10/16 4.8.5
)
(/usr/share/texmf/tex/latex/CJK/UTF8/UTF8.chr
File: UTF8.chr 2021/10/16 4.8.5
)
LaTeX Font Info:    Trying to load font information for C70+gbsn on input line 
73.

(/usr/share/texmf/tex/latex/CJK/UTF8/c70gbsn.fd
File: c70gbsn.fd 2008/10/03 4.8.1
)
(/usr/share/texmf/tex/latex/CJK/UTF8/c70gbsn.fdx
File: c70gbsn.fdx 2012/05/07 4.8.3
)
LaTeX Font Info:    Trying to load font information for U+msa on input line 75.


(/usr/share/texlive/texmf-dist/tex/latex/amsfonts/umsa.fd
File: umsa.fd 2013/01/14 v3.01 AMS symbols A
)
LaTeX Font Info:    Trying to load font information for U+msb on input line 75.


(/usr/share/texlive/texmf-dist/tex/latex/amsfonts/umsb.fd
File: umsb.fd 2013/01/14 v3.01 AMS symbols B
)

LaTeX Font Warning: Font shape `C70/gbsn/m/it' undefined
(Font)              using `C70/gbsn/m/n' instead on input line 75.

[1{/var/lib/texmf/fonts/map/pdftex/updmap/pdftex.map}]

LaTeX Warning: A float is stuck (cannot be placed); try class option [floatfix]
 on input line 106.


Underfull \hbox (badness 1881) in paragraph at lines 107--108
[]\C70/gbsn/m/it/10/4e ^^M \C70/gbsn/m/it/10/5b ˘ \C70/gbsn/m/it/10/79  \C70/g
bsn/m/n/10/96 @ \C70/gbsn/m/n/10/87 ∫ \C70/gbsn/m/it/10/8f l \C70/gbsn/m/it/10/
5b P \C70/gbsn/m/it/10/54 » \C70/gbsn/m/it/10/5b ∆ \C70/gbsn/m/n/10/98 ^^? \C70
/gbsn/m/n/10/91 œ \C70/gbsn/m/it/10/76 Ñ \C70/gbsn/m/it/10/67 , \C70/gbsn/m/n/1
0/5f Å \C70/gbsn/m/it/10/60 ^^A \C70/gbsn/m/it/10/4e Â \C70/gbsn/m/it/10/8f l \
C70/gbsn/m/it/10/52 ® \C70/gbsn/m/it/10/57 ˙
 []

<Figure1.pdf, id=271, 246.04828pt x 246.04828pt>
File: Figure1.pdf Graphic file (type pdf)
<use Figure1.pdf>
Package pdftex.def Info: Figure1.pdf  used on input line 143.
(pdftex.def)             Requested size: 246.0pt x 245.99886pt.
[2 <./Figure1.pdf>]
<Figure2.pdf, id=368, 190.7125pt x 214.8025pt>
File: Figure2.pdf Graphic file (type pdf)
<use Figure2.pdf>
Package pdftex.def Info: Figure2.pdf  used on input line 157.
(pdftex.def)             Requested size: 246.0pt x 277.08653pt.

Underfull \hbox (badness 10000) in paragraph at lines 158--158
[]\OT1/cmr/m/n/9 FIG. 2. []\C70/gbsn/m/it/9/5b ˘ \C70/gbsn/m/n/9/66   \C70/gbsn
/m/n/9/5f ^^B \C70/gbsn/m/it/9/67 Ñ \C70/gbsn/m/n/9/4f S \C70/gbsn/m/it/9/57 ( 
\C70/gbsn/m/it/9/62 … \C70/gbsn/m/n/9/76 ÷ \C70/gbsn/m/n/9/5c ^^T\OT1/cmr/m/n/9
 -\C70/gbsn/m/n/9/9a ÿ \C70/gbsn/m/it/9/65 Ø \C70/gbsn/m/it/9/51 I \C70/gbsn/m/
it/9/67 _ \C70/gbsn/m/n/9/80 & \C70/gbsn/m/n/9/54 ^^H
 []


Underfull \hbox (badness 10000) in paragraph at lines 174--175

 []

(./arxiv.bbl [3 <./Figure2.pdf>]
Underfull \hbox (badness 2020) in paragraph at lines 178--186
 []\OT1/cmr/m/n/9 L. Ye, J. R. Rouxel, S. As-ban, B. R^^?osner, and
 []


Underfull \hbox (badness 1303) in paragraph at lines 178--186
 \OT1/cmr/m/n/9 angular-momentum-carrying x-ray pulses, []Jour-nal of
 []


Underfull \hbox (badness 3758) in paragraph at lines 264--270
 []\OT1/cmr/m/n/9 E. Rusak, J. Straubel, P. G ladysz, M. G^^?oddel,
 []


Underfull \hbox (badness 1430) in paragraph at lines 384--390
 \OT1/cmr/m/n/9 dependent prop-erty sur-faces and the the-ory of vi-
 []

[4]) (./arxiv.bbl
pdfTeX warning (ext4): destination with the same identifier (name{frontmatter.1
}) has been already used, duplicate ignored
<to be read again> 
                   \relax 
l.9 \begin{thebibliography}{43}
                               %
pdfTeX warning (ext4): destination with the same identifier (name{frontmatter.2
}) has been already used, duplicate ignored
<to be read again> 
                   \relax 
l.9 \begin{thebibliography}{43}
                               %
pdfTeX warning (ext4): destination with the same identifier (name{frontmatter.3
}) has been already used, duplicate ignored
<to be read again> 
                   \relax 
l.9 \begin{thebibliography}{43}
                               %
pdfTeX warning (ext4): destination with the same identifier (name{frontmatter.4
}) has been already used, duplicate ignored
<to be read again> 
                   \relax 
l.9 \begin{thebibliography}{43}
                               %
pdfTeX warning (ext4): destination with the same identifier (name{cite.MAIER200
1}) has been already used, duplicate ignored
<to be read again> 
                   \relax 
l.54 ... and\ \citenamefont {Lindner}}]{MAIER2001}
                                                  %
pdfTeX warning (ext4): destination with the same identifier (name{cite.barkholt
z2023}) has been already used, duplicate ignored
<to be read again> 
                   \relax 
l.67   {Miles}}]{barkholtz2023}
                               %
pdfTeX warning (ext4): destination with the same identifier (name{cite.Brown198
9}) has been already used, duplicate ignored
<to be read again> 
                   \relax 
l.79   {Davies}(1989)}]{Brown1989}
                                  %
pdfTeX warning (ext4): destination with the same identifier (name{cite.qian2023
}) has been already used, duplicate ignored
<to be read again> 
                   \relax 
l.88 ...Xu},\ and\ \citenamefont {Yan}}]{qian2023}
                                                  %
pdfTeX warning (ext4): destination with the same identifier (name{cite.Koch2019
}) has been already used, duplicate ignored
<to be read again> 
                   \relax 
l.99 ...},\ and\ \citenamefont {Sugny}}]{Koch2019}
                                                  %
pdfTeX warning (ext4): destination with the same identifier (name{cite.deutsche
1970}) has been already used, duplicate ignored
<to be read again> 
                   \relax 
l.109   {Moscowitz}(1970)}]{deutsche1970}
                                         %
pdfTeX warning (ext4): destination with the same identifier (name{cite.Holzwart
h1974}) has been already used, duplicate ignored
<to be read again> 
                   \relax 
l.121 ...citenamefont {Moscowitz}}]{Holzwarth1974}
                                                  %
pdfTeX warning (ext4): destination with the same identifier (name{cite.Miles202
1}) has been already used, duplicate ignored
<to be read again> 
                   \relax 
l.134 ...and\ \citenamefont {Wallace}}]{Miles2021}
                                                  %
pdfTeX warning (ext4): destination with the same identifier (name{cite.Allen199
2}) has been already used, duplicate ignored
<to be read again> 
                   \relax 
l.146   {Woerdman}}]{Allen1992}
                               %
pdfTeX warning (ext4): destination with the same identifier (name{cite.ANDREWS2
004}) has been already used, duplicate ignored
<to be read again> 
                   \relax 
l.159   {Babiker}}]{ANDREWS2004}
                                %
pdfTeX warning (ext4): destination with the same identifier (name{cite.Ye2019})
 has been already used, duplicate ignored
<to be read again> 
                   \relax 
l.172   \citenamefont {Mukamel}}]{Ye2019}
                                         %
Underfull \hbox (badness 2020) in paragraph at lines 178--186
 []\OT1/cmr/m/n/9 L. Ye, J. R. Rouxel, S. As-ban, B. R^^?osner, and
 []


Underfull \hbox (badness 1303) in paragraph at lines 178--186
 \OT1/cmr/m/n/9 angular-momentum-carrying x-ray pulses, []Jour-nal of
 []


pdfTeX warning (ext4): destination with the same identifier (name{cite.Li2021})
 has been already used, duplicate ignored
<to be read again> 
                   \relax 
l.186   \citenamefont {Yao}}]{Li2021}
                                     %
pdfTeX warning (ext4): destination with the same identifier (name{cite.Forbes20
18}) has been already used, duplicate ignored
<to be read again> 
                   \relax 
l.199   {Andrews}(2018)}]{Forbes2018}
                                     %
pdfTeX warning (ext4): destination with the same identifier (name{cite.Forbes20
19}) has been already used, duplicate ignored
<to be read again> 
                   \relax 
l.209   {Andrews}(2019)}]{Forbes2019}
                                     %
pdfTeX warning (ext4): destination with the same identifier (name{cite.Forbes20
21}) has been already used, duplicate ignored
<to be read again> 
                   \relax 
l.219 ...citenamefont {Forbes}(2021)}]{Forbes2021}
                                                  %
pdfTeX warning (ext4): destination with the same identifier (name{cite.Araoka20
05}) has been already used, duplicate ignored
<to be read again> 
                   \relax 
l.228   {Persoons}}]{Araoka2005}
                                %
pdfTeX warning (ext4): destination with the same identifier (name{cite.Loeffler
2011}) has been already used, duplicate ignored
<to be read again> 
                   \relax 
l.241   {Woerdman}}]{Loeffler2011}
                                  %
pdfTeX warning (ext4): destination with the same identifier (name{cite.Rusak201
9}) has been already used, duplicate ignored
<to be read again> 
                   \relax 
l.254 ...and\ \citenamefont {S≈Çowik}}]{Rusak2019}
                                                  %
Underfull \hbox (badness 3758) in paragraph at lines 264--270
 []\OT1/cmr/m/n/9 E. Rusak, J. Straubel, P. G ladysz, M. G^^?oddel,
 []


pdfTeX warning (ext4): destination with the same identifier (name{cite.Zhang202
0}) has been already used, duplicate ignored
<to be read again> 
                   \relax 
l.270 ...d\ \citenamefont {Cui}(2020)}]{Zhang2020}
                                                  %
pdfTeX warning (ext4): destination with the same identifier (name{cite.Rouxel20
22}) has been already used, duplicate ignored
<to be read again> 
                   \relax 
l.285   \citenamefont {{Chergui}}}]{Rouxel2022}
                                               %
pdfTeX warning (ext4): destination with the same identifier (name{cite.Begin202
3}) has been already used, duplicate ignored
<to be read again> 
                   \relax 
l.308 ...\ \citenamefont {{Bhardwaj}}}]{Begin2023}
                                                  %
pdfTeX warning (ext4): destination with the same identifier (name{cite.Jain2023
}) has been already used, duplicate ignored
<to be read again> 
                   \relax 
l.324 ...and\ \citenamefont {Bhardwaj}}]{Jain2023}
                                                  %
pdfTeX warning (ext4): destination with the same identifier (name{cite.Maslov20
24}) has been already used, duplicate ignored
<to be read again> 
                   \relax 
l.336 ...d\ \citenamefont {Lemeshko}}]{Maslov2024}
                                                  %
pdfTeX warning (ext4): destination with the same identifier (name{cite.Maslov_T
hesis}) has been already used, duplicate ignored
<to be read again> 
                   \relax 
l.348 ...enamefont {Maslov}(2025)}]{Maslov_Thesis}
                                                  %
pdfTeX warning (ext4): destination with the same identifier (name{cite.Bliokh20
15}) has been already used, duplicate ignored
<to be read again> 
                   \relax 
l.358   \citenamefont {Zayats}}]{Bliokh2015}
                                            %
pdfTeX warning (ext4): destination with the same identifier (name{cite.Stephens
1985}) has been already used, duplicate ignored
<to be read again> 
                   \relax 
l.369 ...namefont {Stephens}(1985)}]{Stephens1985}
                                                  %
pdfTeX warning (ext4): destination with the same identifier (name{cite.BUCKINGH
AM1987}) has been already used, duplicate ignored
<to be read again> 
                   \relax 
l.379   {Galwas}}]{BUCKINGHAM1987}
                                  %
Underfull \hbox (badness 1430) in paragraph at lines 384--390
 \OT1/cmr/m/n/9 dependent prop-erty sur-faces and the the-ory of vi-
 []


pdfTeX warning (ext4): destination with the same identifier (name{cite.Mun2019}
) has been already used, duplicate ignored
<to be read again> 
                   \relax 
l.390 ...and\ \citenamefont {Rho}(2019)}]{Mun2019}
                                                  %
pdfTeX warning (ext4): destination with the same identifier (name{cite.Lovesey2
019}) has been already used, duplicate ignored
<to be read again> 
                   \relax 
l.401   {Collins}}]{Lovesey2019}
                                %
pdfTeX warning (ext4): destination with the same identifier (name{cite.Patterso
n2013}) has been already used, duplicate ignored
<to be read again> 
                   \relax 
l.413   {Doyle}}]{Patterson2013}
                                %
pdfTeX warning (ext4): destination with the same identifier (name{cite.Patterso
n2013PRL}) has been already used, duplicate ignored
<to be read again> 
                   \relax 
l.424   {Doyle}(2013)}]{Patterson2013PRL}
                                         %
pdfTeX warning (ext4): destination with the same identifier (name{cite.Ordonez2
018}) has been already used, duplicate ignored
<to be read again> 
                   \relax 
l.434   {Smirnova}(2018)}]{Ordonez2018}
                                       % [5]
pdfTeX warning (ext4): destination with the same identifier (name{cite.Ayuso202
2}) has been already used, duplicate ignored
<to be read again> 
                   \relax 
l.445   and\ \citenamefont {Smirnova}}]{Ayuso2022}
                                                  %
pdfTeX warning (ext4): destination with the same identifier (name{cite.Ji2024})
 has been already used, duplicate ignored
<to be read again> 
                   \relax 
l.461   \citenamefont {Li}}]{Ji2024}
                                    %
pdfTeX warning (ext4): destination with the same identifier (name{cite.Note1}) 
has been already used, duplicate ignored
<to be read again> 
                   \relax 
l.479 \bibitem [{Note1()}]{Note1}
                                 %
pdfTeX warning (ext4): destination with the same identifier (name{cite.Bernath}
) has been already used, duplicate ignored
<to be read again> 
                   \relax 
l.484 ...{\citenamefont {Bernath}(2005)}]{Bernath}
                                                  %
pdfTeX warning (ext4): destination with the same identifier (name{cite.Bliokh20
23}) has been already used, duplicate ignored
<to be read again> 
                   \relax 
l.508 ...\ \citenamefont {Marquardt}}]{Bliokh2023}
                                                  %
pdfTeX warning (ext4): destination with the same identifier (name{cite.Forbes20
21nonparaxial}) has been already used, duplicate ignored
<to be read again> 
                   \relax 
l.561   {Jones}(2021)}]{Forbes2021nonparaxial}
                                              %
pdfTeX warning (ext4): destination with the same identifier (name{cite.Forbes20
21longitudinal}) has been already used, duplicate ignored
<to be read again> 
                   \relax 
l.571 ...amefont {Jones}}]{Forbes2021longitudinal}
                                                  %
pdfTeX warning (ext4): destination with the same identifier (name{cite.Lax1975}
) has been already used, duplicate ignored
<to be read again> 
                   \relax 
l.582 ... and\ \citenamefont {McKnight}}]{Lax1975}
                                                  %
pdfTeX warning (ext4): destination with the same identifier (name{cite.Buckingh
am1971}) has been already used, duplicate ignored
<to be read again> 
                   \relax 
l.593   {Dunn}(1971)}]{Buckingham1971}
                                      %
pdfTeX warning (ext4): destination with the same identifier (name{cite.Power197
5}) has been already used, duplicate ignored
<to be read again> 
                   \relax 
l.601 ...{\citenamefont {Power}(1975)}]{Power1975}
                                                  %
pdfTeX warning (ext4): destination with the same identifier (name{cite.Leibsche
r2022}) has been already used, duplicate ignored
<to be read again> 
                   \relax 
l.612   \citenamefont {Koch}}]{Leibscher2022}
                                             %)

Package natbib Warning: There were multiply defined citations.

[6] (./arxiv.aux)

LaTeX Font Warning: Some font shapes were not available, defaults substituted.


LaTeX Warning: There were multiply-defined labels.

Package rerunfilecheck Info: File `arxiv.out' has not changed.
(rerunfilecheck)             Checksum: ABB2CCE0BD68DBFAD8190CC1C410FBDC;587.
 ) 
Here is how much of TeX's memory you used:
 16976 strings out of 476091
 247671 string characters out of 5794081
 1964330 words of memory out of 5000000
 36742 multiletter control sequences out of 15000+600000
 565140 words of font info for 222 fonts, out of 8000000 for 9000
 1141 hyphenation exceptions out of 8191
 75i,13n,77p,1133b,1977s stack positions out of 10000i,1000n,20000p,200000b,200000s
</usr/share/texlive/texmf-dist/fonts/type1/public/amsfonts/cm/cmbsy10.pfb></u
sr/share/texlive/texmf-dist/fonts/type1/public/amsfonts/cm/cmbx10.pfb></usr/sha
re/texlive/texmf-dist/fonts/type1/public/amsfonts/cm/cmbx9.pfb></usr/share/texl
ive/texmf-dist/fonts/type1/public/amsfonts/cm/cmex10.pfb></usr/share/texlive/te
xmf-dist/fonts/type1/public/amsfonts/cmextra/cmex7.pfb></usr/share/texlive/texm
f-dist/fonts/type1/public/amsfonts/cm/cmmi10.pfb></usr/share/texlive/texmf-dist
/fonts/type1/public/amsfonts/cm/cmmi5.pfb></usr/share/texlive/texmf-dist/fonts/
type1/public/amsfonts/cm/cmmi6.pfb></usr/share/texlive/texmf-dist/fonts/type1/p
ublic/amsfonts/cm/cmmi7.pfb></usr/share/texlive/texmf-dist/fonts/type1/public/a
msfonts/cm/cmmi9.pfb></usr/share/texlive/texmf-dist/fonts/type1/public/amsfonts
/cm/cmmib10.pfb></usr/share/texlive/texmf-dist/fonts/type1/public/amsfonts/cm/c
mr10.pfb></usr/share/texlive/texmf-dist/fonts/type1/public/amsfonts/cm/cmr5.pfb
></usr/share/texlive/texmf-dist/fonts/type1/public/amsfonts/cm/cmr6.pfb></usr/s
hare/texlive/texmf-dist/fonts/type1/public/amsfonts/cm/cmr7.pfb></usr/share/tex
live/texmf-dist/fonts/type1/public/amsfonts/cm/cmr9.pfb></usr/share/texlive/tex
mf-dist/fonts/type1/public/amsfonts/cm/cmsy10.pfb></usr/share/texlive/texmf-dis
t/fonts/type1/public/amsfonts/cm/cmsy5.pfb></usr/share/texlive/texmf-dist/fonts
/type1/public/amsfonts/cm/cmsy6.pfb></usr/share/texlive/texmf-dist/fonts/type1/
public/amsfonts/cm/cmsy7.pfb></usr/share/texlive/texmf-dist/fonts/type1/public/
amsfonts/cm/cmsy9.pfb></usr/share/texlive/texmf-dist/fonts/type1/public/amsfont
s/cm/cmti9.pfb></usr/share/texmf/fonts/type1/arphic/gbsnu/gbsnu30.pfb></usr/sha
re/texmf/fonts/type1/arphic/gbsnu/gbsnu4e.pfb></usr/share/texmf/fonts/type1/arp
hic/gbsnu/gbsnu4f.pfb></usr/share/texmf/fonts/type1/arphic/gbsnu/gbsnu50.pfb></
usr/share/texmf/fonts/type1/arphic/gbsnu/gbsnu51.pfb></usr/share/texmf/fonts/ty
pe1/arphic/gbsnu/gbsnu52.pfb></usr/share/texmf/fonts/type1/arphic/gbsnu/gbsnu53
.pfb></usr/share/texmf/fonts/type1/arphic/gbsnu/gbsnu54.pfb></usr/share/texmf/f
onts/type1/arphic/gbsnu/gbsnu55.pfb></usr/share/texmf/fonts/type1/arphic/gbsnu/
gbsnu56.pfb></usr/share/texmf/fonts/type1/arphic/gbsnu/gbsnu57.pfb></usr/share/
texmf/fonts/type1/arphic/gbsnu/gbsnu58.pfb></usr/share/texmf/fonts/type1/arphic
/gbsnu/gbsnu59.pfb></usr/share/texmf/fonts/type1/arphic/gbsnu/gbsnu5b.pfb></usr
/share/texmf/fonts/type1/arphic/gbsnu/gbsnu5c.pfb></usr/share/texmf/fonts/type1
/arphic/gbsnu/gbsnu5d.pfb></usr/share/texmf/fonts/type1/arphic/gbsnu/gbsnu5e.pf
b></usr/share/texmf/fonts/type1/arphic/gbsnu/gbsnu5f.pfb></usr/share/texmf/font
s/type1/arphic/gbsnu/gbsnu60.pfb></usr/share/texmf/fonts/type1/arphic/gbsnu/gbs
nu61.pfb></usr/share/texmf/fonts/type1/arphic/gbsnu/gbsnu62.pfb></usr/share/tex
mf/fonts/type1/arphic/gbsnu/gbsnu63.pfb></usr/share/texmf/fonts/type1/arphic/gb
snu/gbsnu64.pfb></usr/share/texmf/fonts/type1/arphic/gbsnu/gbsnu65.pfb></usr/sh
are/texmf/fonts/type1/arphic/gbsnu/gbsnu66.pfb></usr/share/texmf/fonts/type1/ar
phic/gbsnu/gbsnu67.pfb></usr/share/texmf/fonts/type1/arphic/gbsnu/gbsnu68.pfb><
/usr/share/texmf/fonts/type1/arphic/gbsnu/gbsnu69.pfb></usr/share/texmf/fonts/t
ype1/arphic/gbsnu/gbsnu6a.pfb></usr/share/texmf/fonts/type1/arphic/gbsnu/gbsnu6
b.pfb></usr/share/texmf/fonts/type1/arphic/gbsnu/gbsnu6c.pfb></usr/share/texmf/
fonts/type1/arphic/gbsnu/gbsnu6d.pfb></usr/share/texmf/fonts/type1/arphic/gbsnu
/gbsnu6e.pfb></usr/share/texmf/fonts/type1/arphic/gbsnu/gbsnu70.pfb></usr/share
/texmf/fonts/type1/arphic/gbsnu/gbsnu71.pfb></usr/share/texmf/fonts/type1/arphi
c/gbsnu/gbsnu72.pfb></usr/share/texmf/fonts/type1/arphic/gbsnu/gbsnu73.pfb></us
r/share/texmf/fonts/type1/arphic/gbsnu/gbsnu74.pfb></usr/share/texmf/fonts/type
1/arphic/gbsnu/gbsnu75.pfb></usr/share/texmf/fonts/type1/arphic/gbsnu/gbsnu76.p
fb></usr/share/texmf/fonts/type1/arphic/gbsnu/gbsnu77.pfb></usr/share/texmf/fon
ts/type1/arphic/gbsnu/gbsnu78.pfb></usr/share/texmf/fonts/type1/arphic/gbsnu/gb
snu79.pfb></usr/share/texmf/fonts/type1/arphic/gbsnu/gbsnu7a.pfb></usr/share/te
xmf/fonts/type1/arphic/gbsnu/gbsnu7b.pfb></usr/share/texmf/fonts/type1/arphic/g
bsnu/gbsnu7c.pfb></usr/share/texmf/fonts/type1/arphic/gbsnu/gbsnu7d.pfb></usr/s
hare/texmf/fonts/type1/arphic/gbsnu/gbsnu7e.pfb></usr/share/texmf/fonts/type1/a
rphic/gbsnu/gbsnu7f.pfb></usr/share/texmf/fonts/type1/arphic/gbsnu/gbsnu80.pfb>
</usr/share/texmf/fonts/type1/arphic/gbsnu/gbsnu81.pfb></usr/share/texmf/fonts/
type1/arphic/gbsnu/gbsnu82.pfb></usr/share/texmf/fonts/type1/arphic/gbsnu/gbsnu
83.pfb></usr/share/texmf/fonts/type1/arphic/gbsnu/gbsnu84.pfb></usr/share/texmf
/fonts/type1/arphic/gbsnu/gbsnu86.pfb></usr/share/texmf/fonts/type1/arphic/gbsn
u/gbsnu87.pfb></usr/share/texmf/fonts/type1/arphic/gbsnu/gbsnu88.pfb></usr/shar
e/texmf/fonts/type1/arphic/gbsnu/gbsnu89.pfb></usr/share/texmf/fonts/type1/arph
ic/gbsnu/gbsnu8a.pfb></usr/share/texmf/fonts/type1/arphic/gbsnu/gbsnu8b.pfb></u
sr/share/texmf/fonts/type1/arphic/gbsnu/gbsnu8c.pfb></usr/share/texmf/fonts/typ
e1/arphic/gbsnu/gbsnu8d.pfb></usr/share/texmf/fonts/type1/arphic/gbsnu/gbsnu8f.
pfb></usr/share/texmf/fonts/type1/arphic/gbsnu/gbsnu90.pfb></usr/share/texmf/fo
nts/type1/arphic/gbsnu/gbsnu91.pfb></usr/share/texmf/fonts/type1/arphic/gbsnu/g
bsnu92.pfb></usr/share/texmf/fonts/type1/arphic/gbsnu/gbsnu95.pfb></usr/share/t
exmf/fonts/type1/arphic/gbsnu/gbsnu96.pfb></usr/share/texmf/fonts/type1/arphic/
gbsnu/gbsnu97.pfb></usr/share/texmf/fonts/type1/arphic/gbsnu/gbsnu98.pfb></usr/
share/texmf/fonts/type1/arphic/gbsnu/gbsnu99.pfb></usr/share/texmf/fonts/type1/
arphic/gbsnu/gbsnu9a.pfb></usr/share/texmf/fonts/type1/arphic/gbsnu/gbsnu9f.pfb
></usr/share/texmf/fonts/type1/arphic/gbsnu/gbsnuff.pfb></usr/share/texlive/tex
mf-dist/fonts/type1/urw/zapfding/uzdr.pfb>
Output written on arxiv.pdf (6 pages, 1259805 bytes).
PDF statistics:
 969 PDF objects out of 1000 (max. 8388607)
 676 compressed objects within 7 object streams
 64 named destinations out of 1000 (max. 500000)
 347 words of extra memory for PDF output out of 10000 (max. 10000000)

