\BOOKMARK [1][-]{section.1}{\376\377\137\025\212\000}{}% 1
\BOOKMARK [1][-]{section.2}{\376\377\166\370\121\163\135\345\117\134}{}% 2
\BOOKMARK [2][-]{subsection.2.1}{\376\377\126\376\120\317\150\300\175\042}{section.2}% 3
\BOOKMARK [2][-]{subsection.2.2}{\376\377\211\306\211\311\117\115\177\156\213\306\122\053}{section.2}% 4
\BOOKMARK [1][-]{section.3}{\376\377\143\320\121\372\166\204\145\271\154\325}{}% 5
\BOOKMARK [2][-]{subsection.3.1}{\376\377\121\150\134\100\226\066\153\265}{section.3}% 6
\BOOKMARK [3][-]{subsubsection.3.1.1}{\376\377\121\150\134\100\162\171\137\201\143\320\123\326\126\150}{subsection.3.1}% 7
\BOOKMARK [3][-]{subsubsection.3.1.2}{\376\377\121\150\134\100\150\300\175\042}{subsection.3.1}% 8
\BOOKMARK [2][-]{subsection.3.2}{\376\377\134\100\220\350\226\066\153\265}{section.3}% 9
\BOOKMARK [3][-]{subsubsection.3.2.1}{\376\377\133\236\117\213\122\006\122\162}{subsection.3.2}% 10
\BOOKMARK [3][-]{subsubsection.3.2.2}{\376\377\141\037\123\327\221\316\142\151\134\125\126\150}{subsection.3.2}% 11
\BOOKMARK [3][-]{subsubsection.3.2.3}{\376\377\227\142\124\021\133\371\214\141\166\204\176\306\123\026}{subsection.3.2}% 12
\BOOKMARK [2][-]{subsection.3.3}{\376\377\176\306\174\222\136\246\226\066\153\265}{section.3}% 13
\BOOKMARK [3][-]{subsubsection.3.3.1}{\376\377\176\306\174\222\136\246\150\300\175\042}{subsection.3.3}% 14
\BOOKMARK [1][-]{section.4}{\376\377\133\236\232\214\176\323\147\234}{}% 15
\BOOKMARK [2][-]{subsection.4.1}{\376\377\145\160\143\156\226\306}{section.4}% 16
\BOOKMARK [2][-]{subsection.4.2}{\376\377\145\160\143\156\136\223\230\204\131\004\164\006}{section.4}% 17
\BOOKMARK [2][-]{subsection.4.3}{\376\377\133\236\232\214\151\202\217\360}{section.4}% 18
\BOOKMARK [2][-]{subsection.4.4}{\376\377\145\164\117\123\140\047\200\375\153\324\217\203}{section.4}% 19
\BOOKMARK [2][-]{subsection.4.5}{\376\377\143\011\176\304\122\053\166\204\140\047\200\375\153\324\217\203}{section.4}% 20
\BOOKMARK [2][-]{subsection.4.6}{\376\377\173\241\220\123\160\165\155\073\140\047\213\304\117\060}{section.4}% 21
\BOOKMARK [3][-]{subsubsection.4.6.1}{\376\377\121\150\134\100\162\171\137\201\143\320\123\326\126\150}{subsection.4.6}% 22
\BOOKMARK [3][-]{subsubsection.4.6.2}{\376\377\133\236\117\213\122\006\122\162}{subsection.4.6}% 23
\BOOKMARK [3][-]{subsubsection.4.6.3}{\376\377\166\356\150\007\162\171\137\201\143\320\123\326\126\150}{subsection.4.6}% 24
\BOOKMARK [3][-]{subsubsection.4.6.4}{\376\377\227\142\124\021\133\371\214\141\213\304\122\006}{subsection.4.6}% 25
\BOOKMARK [2][-]{subsection.4.7}{\376\377\155\210\207\215\170\024\172\166}{section.4}% 26
\BOOKMARK [2][-]{subsection.4.8}{\376\377\134\100\226\120\140\047}{section.4}% 27
\BOOKMARK [1][-]{section.5}{\376\377\176\323\213\272}{}% 28
\BOOKMARK [1][-]{section.6}{\376\377\145\160\143\156\226\306}{}% 29
\BOOKMARK [1][-]{section.7}{\376\377\133\236\232\214\176\306\202\202}{}% 30
\BOOKMARK [2][-]{subsection.7.1}{\376\377\145\164\117\123\140\047\200\375\153\324\217\203}{section.7}% 31
\BOOKMARK [2][-]{subsection.7.2}{\376\377\143\011\176\304\140\047\200\375\153\324\217\203}{section.7}% 32
\BOOKMARK [2][-]{subsection.7.3}{\376\377\173\241\220\123\160\165\155\073\140\047\213\304\117\060}{section.7}% 33
\BOOKMARK [3][-]{subsubsection.7.3.1}{\376\377\121\150\134\100\162\171\137\201\143\320\123\326\126\150}{subsection.7.3}% 34
\BOOKMARK [3][-]{subsubsection.7.3.2}{\376\377\133\236\117\213\122\006\122\162}{subsection.7.3}% 35
\BOOKMARK [1][-]{section.8}{\376\377\131\047\211\304\152\041\213\304\117\060}{}% 36
\BOOKMARK [1][-]{section.9}{\376\377\133\244\121\205\133\232\117\115\145\160\143\156\226\306\213\304\117\060}{}% 37
\BOOKMARK [1][-]{section.10}{\376\377\217\320\210\114\145\366\122\006\147\220}{}% 38
