This is XeTeX, Version 3.141592653-2.6-0.999997 (MiKTeX 25.4) (preloaded format=xelatex 2025.7.9)  11 JUL 2025 15:11
entering extended mode
 restricted \write18 enabled.
 file:line:error style messages enabled.
 %&-line parsing enabled.
**./main-neurips.tex
(main-neurips.tex
LaTeX2e <2025-06-01> patch level 1
L3 programming layer <2025-06-09>
(D:\apps\miktex\tex/latex/base\article.cls
Document Class: article 2025/01/22 v1.4n Standard LaTeX document class
(D:\apps\miktex\tex/latex/base\size10.clo
File: size10.clo 2025/01/22 v1.4n Standard LaTeX file (size option)
)
\c@part=\count271
\c@section=\count272
\c@subsection=\count273
\c@subsubsection=\count274
\c@paragraph=\count275
\c@subparagraph=\count276
\c@figure=\count277
\c@table=\count278
\abovecaptionskip=\skip49
\belowcaptionskip=\skip50
\bibindent=\dimen148
)
(D:\apps\miktex\tex/xelatex/xecjk\xeCJK.sty
(D:\apps\miktex\tex/latex/l3kernel\expl3.sty
Package: expl3 2025-06-09 L3 programming layer (loader) 

(D:\apps\miktex\tex/latex/l3backend\l3backend-xetex.def
File: l3backend-xetex.def 2025-06-09 L3 backend support: XeTeX
\g__graphics_track_int=\count279
\g__pdfannot_backend_int=\count280
\g__pdfannot_backend_link_int=\count281
))
Package: xeCJK 2022/08/05 v3.9.1 Typesetting CJK scripts with XeLaTeX

(D:\apps\miktex\tex/latex/ctex\ctexhook.sty
Package: ctexhook 2022/07/14 v2.5.10 Document and package hooks (CTEX)
)
(D:\apps\miktex\tex/latex/l3packages/xtemplate\xtemplate.sty
Package: xtemplate 2024-08-16 L3 Experimental prototype document functions
)
\l__xeCJK_tmp_int=\count282
\l__xeCJK_tmp_box=\box53
\l__xeCJK_tmp_dim=\dimen149
\l__xeCJK_tmp_skip=\skip51
\g__xeCJK_space_factor_int=\count283
\l__xeCJK_begin_int=\count284
\l__xeCJK_end_int=\count285
\c__xeCJK_CJK_class_int=\XeTeXcharclass1
\c__xeCJK_FullLeft_class_int=\XeTeXcharclass2
\c__xeCJK_FullRight_class_int=\XeTeXcharclass3
\c__xeCJK_HalfLeft_class_int=\XeTeXcharclass4
\c__xeCJK_HalfRight_class_int=\XeTeXcharclass5
\c__xeCJK_NormalSpace_class_int=\XeTeXcharclass6
\c__xeCJK_CM_class_int=\XeTeXcharclass7
\c__xeCJK_HangulJamo_class_int=\XeTeXcharclass8
\l__xeCJK_last_skip=\skip52
\c__xeCJK_none_node=\count286
\g__xeCJK_node_int=\count287
\c__xeCJK_CJK_node_dim=\dimen150
\c__xeCJK_CJK-space_node_dim=\dimen151
\c__xeCJK_default_node_dim=\dimen152
\c__xeCJK_CJK-widow_node_dim=\dimen153
\c__xeCJK_normalspace_node_dim=\dimen154
\c__xeCJK_default-space_node_skip=\skip53
\l__xeCJK_ccglue_skip=\skip54
\l__xeCJK_ecglue_skip=\skip55
\l__xeCJK_punct_kern_skip=\skip56
\l__xeCJK_indent_box=\box54
\l__xeCJK_last_penalty_int=\count288
\l__xeCJK_last_bound_dim=\dimen155
\l__xeCJK_last_kern_dim=\dimen156
\l__xeCJK_widow_penalty_int=\count289

LaTeX template Info: Declaring template type 'xeCJK/punctuation' taking 0
(template)           argument(s) on line 2396.

\l__xeCJK_fixed_punct_width_dim=\dimen157
\l__xeCJK_mixed_punct_width_dim=\dimen158
\l__xeCJK_middle_punct_width_dim=\dimen159
\l__xeCJK_fixed_margin_width_dim=\dimen160
\l__xeCJK_mixed_margin_width_dim=\dimen161
\l__xeCJK_middle_margin_width_dim=\dimen162
\l__xeCJK_bound_punct_width_dim=\dimen163
\l__xeCJK_bound_margin_width_dim=\dimen164
\l__xeCJK_margin_minimum_dim=\dimen165
\l__xeCJK_kerning_total_width_dim=\dimen166
\l__xeCJK_same_align_margin_dim=\dimen167
\l__xeCJK_different_align_margin_dim=\dimen168
\l__xeCJK_kerning_margin_width_dim=\dimen169
\l__xeCJK_kerning_margin_minimum_dim=\dimen170
\l__xeCJK_bound_dim=\dimen171
\l__xeCJK_reverse_bound_dim=\dimen172
\l__xeCJK_margin_dim=\dimen173
\l__xeCJK_minimum_bound_dim=\dimen174
\l__xeCJK_kerning_margin_dim=\dimen175
\g__xeCJK_family_int=\count290
\l__xeCJK_fam_int=\count291
\g__xeCJK_fam_allocation_int=\count292
\l__xeCJK_verb_case_int=\count293
\l__xeCJK_verb_exspace_skip=\skip57

(D:\apps\miktex\tex/latex/fontspec\fontspec.sty
(D:\apps\miktex\tex/latex/l3packages/xparse\xparse.sty
Package: xparse 2024-08-16 L3 Experimental document command parser
)
Package: fontspec 2024/05/11 v2.9e Font selection for XeLaTeX and LuaLaTeX

(D:\apps\miktex\tex/latex/fontspec\fontspec-xetex.sty
Package: fontspec-xetex 2024/05/11 v2.9e Font selection for XeLaTeX and LuaLaTe
X
\l__fontspec_script_int=\count294
\l__fontspec_language_int=\count295
\l__fontspec_strnum_int=\count296
\l__fontspec_tmp_int=\count297
\l__fontspec_tmpa_int=\count298
\l__fontspec_tmpb_int=\count299
\l__fontspec_tmpc_int=\count300
\l__fontspec_em_int=\count301
\l__fontspec_emdef_int=\count302
\l__fontspec_strong_int=\count303
\l__fontspec_strongdef_int=\count304
\l__fontspec_tmpa_dim=\dimen176
\l__fontspec_tmpb_dim=\dimen177
\l__fontspec_tmpc_dim=\dimen178

(D:\apps\miktex\tex/latex/base\fontenc.sty
Package: fontenc 2024/12/21 v2.1c Standard LaTeX package
)
(D:\apps\miktex\tex/latex/fontspec\fontspec.cfg)))
(D:\apps\miktex\tex/xelatex/xecjk\xeCJK.cfg
File: xeCJK.cfg 2022/08/05 v3.9.1 Configuration file for xeCJK package
))

Package fontspec Info: 
(fontspec)             Could not resolve font "SimSun/BI" (it probably doesn't
(fontspec)             exist).


Package fontspec Info: 
(fontspec)             Could not resolve font "SimSun/B" (it probably doesn't
(fontspec)             exist).


Package fontspec Info: 
(fontspec)             Could not resolve font "SimSun/I" (it probably doesn't
(fontspec)             exist).


Package fontspec Info: 
(fontspec)             Font family 'SimSun(0)' created for font 'SimSun' with
(fontspec)             options [Script={CJK}].
(fontspec)              
(fontspec)              This font family consists of the following NFSS
(fontspec)             series/shapes:
(fontspec)              
(fontspec)             - 'normal' (m/n) with NFSS spec.:
(fontspec)             <->"SimSun/OT:script=hani;language=dflt;"

 (sty/neurips_2024.sty

LaTeX Warning: You have requested package `sty/neurips_2024',
               but the package provides `neurips_2024'.

Package: neurips_2024 2024/03/31 NeurIPS 2024 submission/camera-ready style fil
e
(D:\apps\miktex\tex/latex/environ\environ.sty
Package: environ 2014/05/04 v0.3 A new way to define environments

(D:\apps\miktex\tex/latex/trimspaces\trimspaces.sty
Package: trimspaces 2009/09/17 v1.1 Trim spaces around a token list
)
\@envbody=\toks17
)
(D:\apps\miktex\tex/latex/geometry\geometry.sty
Package: geometry 2020/01/02 v5.9 Page Geometry

(D:\apps\miktex\tex/latex/graphics\keyval.sty
Package: keyval 2022/05/29 v1.15 key=value parser (DPC)
\KV@toks@=\toks18
)
(D:\apps\miktex\tex/generic/iftex\ifvtex.sty
Package: ifvtex 2019/10/25 v1.7 ifvtex legacy package. Use iftex instead.

(D:\apps\miktex\tex/generic/iftex\iftex.sty
Package: iftex 2024/12/12 v1.0g TeX engine tests
))
\Gm@cnth=\count305
\Gm@cntv=\count306
\c@Gm@tempcnt=\count307
\Gm@bindingoffset=\dimen179
\Gm@wd@mp=\dimen180
\Gm@odd@mp=\dimen181
\Gm@even@mp=\dimen182
\Gm@layoutwidth=\dimen183
\Gm@layoutheight=\dimen184
\Gm@layouthoffset=\dimen185
\Gm@layoutvoffset=\dimen186
\Gm@dimlist=\toks19

(D:\apps\miktex\tex/latex/geometry\geometry.cfg))
\@neuripsabovecaptionskip=\skip58
\@neuripsbelowcaptionskip=\skip59
) (sty/mymath.sty
(D:\apps\miktex\tex/latex/relsize\relsize.sty
Package: relsize 2013/03/29 ver 4.1
)
(D:\apps\miktex\tex/latex/amsmath\amsmath.sty
Package: amsmath 2025/06/16 v2.17y AMS math features
\@mathmargin=\skip60

For additional information on amsmath, use the `?' option.
(D:\apps\miktex\tex/latex/amsmath\amstext.sty
Package: amstext 2024/11/17 v2.01 AMS text

(D:\apps\miktex\tex/latex/amsmath\amsgen.sty
File: amsgen.sty 1999/11/30 v2.0 generic functions
\@emptytoks=\toks20
\ex@=\dimen187
))
(D:\apps\miktex\tex/latex/amsmath\amsbsy.sty
Package: amsbsy 1999/11/29 v1.2d Bold Symbols
\pmbraise@=\dimen188
)
(D:\apps\miktex\tex/latex/amsmath\amsopn.sty
Package: amsopn 2022/04/08 v2.04 operator names
)
\inf@bad=\count308
LaTeX Info: Redefining \frac on input line 233.
\uproot@=\count309
\leftroot@=\count310
LaTeX Info: Redefining \overline on input line 398.
LaTeX Info: Redefining \colon on input line 409.
\classnum@=\count311
\DOTSCASE@=\count312
LaTeX Info: Redefining \ldots on input line 495.
LaTeX Info: Redefining \dots on input line 498.
LaTeX Info: Redefining \cdots on input line 619.
\Mathstrutbox@=\box55
\strutbox@=\box56
LaTeX Info: Redefining \big on input line 721.
LaTeX Info: Redefining \Big on input line 722.
LaTeX Info: Redefining \bigg on input line 723.
LaTeX Info: Redefining \Bigg on input line 724.
\big@size=\dimen189
LaTeX Font Info:    Redeclaring font encoding OML on input line 742.
LaTeX Font Info:    Redeclaring font encoding OMS on input line 743.
\macc@depth=\count313
LaTeX Info: Redefining \bmod on input line 904.
LaTeX Info: Redefining \pmod on input line 909.
LaTeX Info: Redefining \smash on input line 939.
LaTeX Info: Redefining \relbar on input line 969.
LaTeX Info: Redefining \Relbar on input line 970.
\c@MaxMatrixCols=\count314
\dotsspace@=\muskip17
\c@parentequation=\count315
\dspbrk@lvl=\count316
\tag@help=\toks21
\row@=\count317
\column@=\count318
\maxfields@=\count319
\andhelp@=\toks22
\eqnshift@=\dimen190
\alignsep@=\dimen191
\tagshift@=\dimen192
\tagwidth@=\dimen193
\totwidth@=\dimen194
\lineht@=\dimen195
\@envbody=\toks23
\multlinegap=\skip61
\multlinetaggap=\skip62
\mathdisplay@stack=\toks24
LaTeX Info: Redefining \[ on input line 2949.
LaTeX Info: Redefining \] on input line 2950.
)
(D:\apps\miktex\tex/latex/amsfonts\amsfonts.sty
Package: amsfonts 2013/01/14 v3.01 Basic AMSFonts support
\symAMSa=\mathgroup4
\symAMSb=\mathgroup5
LaTeX Font Info:    Redeclaring math symbol \hbar on input line 98.
LaTeX Font Info:    Overwriting math alphabet `\mathfrak' in version `bold'
(Font)                  U/euf/m/n --> U/euf/b/n on input line 106.
)
(D:\apps\miktex\tex/latex/amsfonts\amssymb.sty
Package: amssymb 2013/01/14 v3.01 AMS font symbols
)
(D:\apps\miktex\tex/latex/amscls\amsthm.sty
Package: amsthm 2020/05/29 v2.20.6
\thm@style=\toks25
\thm@bodyfont=\toks26
\thm@headfont=\toks27
\thm@notefont=\toks28
\thm@headpunct=\toks29
\thm@preskip=\skip63
\thm@postskip=\skip64
\thm@headsep=\skip65
\dth@everypar=\toks30
)
(D:\apps\miktex\tex/latex/bbm\bbm.sty
Package: bbm 1999/03/15 V 1.2 provides fonts for set symbols - TH
LaTeX Font Info:    Overwriting math alphabet `\mathbbm' in version `bold'
(Font)                  U/bbm/m/n --> U/bbm/bx/n on input line 33.
LaTeX Font Info:    Overwriting math alphabet `\mathbbmss' in version `bold'
(Font)                  U/bbmss/m/n --> U/bbmss/bx/n on input line 35.
)
(D:\apps\miktex\tex/latex/mathtools\mathtools.sty
Package: mathtools 2024/10/04 v1.31 mathematical typesetting tools

(D:\apps\miktex\tex/latex/tools\calc.sty
Package: calc 2025/03/01 v4.3b Infix arithmetic (KKT,FJ)
\calc@Acount=\count320
\calc@Bcount=\count321
\calc@Adimen=\dimen196
\calc@Bdimen=\dimen197
\calc@Askip=\skip66
\calc@Bskip=\skip67
LaTeX Info: Redefining \setlength on input line 86.
LaTeX Info: Redefining \addtolength on input line 87.
\calc@Ccount=\count322
\calc@Cskip=\skip68
)
(D:\apps\miktex\tex/latex/mathtools\mhsetup.sty
Package: mhsetup 2021/03/18 v1.4 programming setup (MH)
)
\g_MT_multlinerow_int=\count323
\l_MT_multwidth_dim=\dimen198
\origjot=\skip69
\l_MT_shortvdotswithinadjustabove_dim=\dimen199
\l_MT_shortvdotswithinadjustbelow_dim=\dimen256
\l_MT_above_intertext_sep=\dimen257
\l_MT_below_intertext_sep=\dimen258
\l_MT_above_shortintertext_sep=\dimen259
\l_MT_below_shortintertext_sep=\dimen260
\xmathstrut@box=\box57
\xmathstrut@dim=\dimen261
)
(D:\apps\miktex\tex/latex/tools\bm.sty
Package: bm 2023/12/19 v1.2f Bold Symbol Support (DPC/FMi)
\symboldoperators=\mathgroup6
\symboldletters=\mathgroup7
\symboldsymbols=\mathgroup8
Package bm Info: No bold for \OMX/cmex/m/n, using \pmb.
Package bm Info: No bold for \U/msa/m/n, using \pmb.
Package bm Info: No bold for \U/msb/m/n, using \pmb.
LaTeX Font Info:    Redeclaring math alphabet \mathbf on input line 149.
)
(D:\apps\miktex\tex/latex/tools\multicol.sty
Package: multicol 2025/05/25 v2.0a multicolumn formatting (FMi)
\c@tracingmulticols=\count324
\mult@box=\box58
\multicol@leftmargin=\dimen262
\c@unbalance=\count325
\c@collectmore=\count326
\doublecol@number=\count327
\multicoltolerance=\count328
\multicolpretolerance=\count329
\full@width=\dimen263
\page@free=\dimen264
\premulticols=\dimen265
\postmulticols=\dimen266
\multicolsep=\skip70
\multicolbaselineskip=\skip71
\partial@page=\box59
\last@line=\box60
\mc@boxedresult=\box61
\maxbalancingoverflow=\dimen267
\mult@rightbox=\box62
\mult@grightbox=\box63
\mult@firstbox=\box64
\mult@gfirstbox=\box65
\@tempa=\box66
\@tempa=\box67
\@tempa=\box68
\@tempa=\box69
\@tempa=\box70
\@tempa=\box71
\@tempa=\box72
\@tempa=\box73
\@tempa=\box74
\@tempa=\box75
\@tempa=\box76
\@tempa=\box77
\@tempa=\box78
\@tempa=\box79
\@tempa=\box80
\@tempa=\box81
\@tempa=\box82
\@tempa=\box83
\@tempa=\box84
\@tempa=\box85
\@tempa=\box86
\@tempa=\box87
\@tempa=\box88
\@tempa=\box89
\@tempa=\box90
\@tempa=\box91
\@tempa=\box92
\@tempa=\box93
\@tempa=\box94
\@tempa=\box95
\@tempa=\box96
\@tempa=\box97
\@tempa=\box98
\@tempa=\box99
\@tempa=\box100
\@tempa=\box101
\c@minrows=\count330
\c@columnbadness=\count331
\c@finalcolumnbadness=\count332
\last@try=\dimen268
\multicolovershoot=\dimen269
\multicolundershoot=\dimen270
\mult@nat@firstbox=\box102
\colbreak@box=\box103
\mc@col@check@num=\count333
\g__mc_curr_col_int=\count334
)
(D:\apps\miktex\tex/latex/hyperref\hyperref.sty
Package: hyperref 2025-06-21 v7.01n Hypertext links for LaTeX

(D:\apps\miktex\tex/latex/kvsetkeys\kvsetkeys.sty
Package: kvsetkeys 2022-10-05 v1.19 Key value parser (HO)
)
(D:\apps\miktex\tex/generic/kvdefinekeys\kvdefinekeys.sty
Package: kvdefinekeys 2019-12-19 v1.6 Define keys (HO)
)
(D:\apps\miktex\tex/generic/pdfescape\pdfescape.sty
Package: pdfescape 2019/12/09 v1.15 Implements pdfTeX's escape features (HO)

(D:\apps\miktex\tex/generic/ltxcmds\ltxcmds.sty
Package: ltxcmds 2023-12-04 v1.26 LaTeX kernel commands for general use (HO)
)
(D:\apps\miktex\tex/generic/pdftexcmds\pdftexcmds.sty
Package: pdftexcmds 2020-06-27 v0.33 Utility functions of pdfTeX for LuaTeX (HO
)

(D:\apps\miktex\tex/generic/infwarerr\infwarerr.sty
Package: infwarerr 2019/12/03 v1.5 Providing info/warning/error messages (HO)
)
Package pdftexcmds Info: \pdf@primitive is available.
Package pdftexcmds Info: \pdf@ifprimitive is available.
Package pdftexcmds Info: \pdfdraftmode not found.
))
(D:\apps\miktex\tex/latex/hycolor\hycolor.sty
Package: hycolor 2020-01-27 v1.10 Color options for hyperref/bookmark (HO)
)
(D:\apps\miktex\tex/latex/hyperref\nameref.sty
Package: nameref 2025-06-21 v2.57 Cross-referencing by name of section

(D:\apps\miktex\tex/latex/refcount\refcount.sty
Package: refcount 2019/12/15 v3.6 Data extraction from label references (HO)
)
(D:\apps\miktex\tex/generic/gettitlestring\gettitlestring.sty
Package: gettitlestring 2019/12/15 v1.6 Cleanup title references (HO)

(D:\apps\miktex\tex/latex/kvoptions\kvoptions.sty
Package: kvoptions 2022-06-15 v3.15 Key value format for package options (HO)
))
\c@section@level=\count335
)
(D:\apps\miktex\tex/latex/etoolbox\etoolbox.sty
Package: etoolbox 2025/02/11 v2.5l e-TeX tools for LaTeX (JAW)
\etb@tempcnta=\count336
)
(D:\apps\miktex\tex/generic/stringenc\stringenc.sty
Package: stringenc 2019/11/29 v1.12 Convert strings between diff. encodings (HO
)
)
\@linkdim=\dimen271
\Hy@linkcounter=\count337
\Hy@pagecounter=\count338

(D:\apps\miktex\tex/latex/hyperref\pd1enc.def
File: pd1enc.def 2025-06-21 v7.01n Hyperref: PDFDocEncoding definition (HO)
)
(D:\apps\miktex\tex/generic/intcalc\intcalc.sty
Package: intcalc 2019/12/15 v1.3 Expandable calculations with integers (HO)
)
\Hy@SavedSpaceFactor=\count339

(D:\apps\miktex\tex/latex/hyperref\puenc.def
File: puenc.def 2025-06-21 v7.01n Hyperref: PDF Unicode definition (HO)
)
Package hyperref Info: Hyper figures OFF on input line 4181.
Package hyperref Info: Link nesting OFF on input line 4186.
Package hyperref Info: Hyper index ON on input line 4189.
Package hyperref Info: Plain pages OFF on input line 4196.
Package hyperref Info: Backreferencing OFF on input line 4201.
Package hyperref Info: Implicit mode ON; LaTeX internals redefined.
Package hyperref Info: Bookmarks ON on input line 4448.
\c@Hy@tempcnt=\count340

(D:\apps\miktex\tex/latex/url\url.sty
\Urlmuskip=\muskip18
Package: url 2013/09/16  ver 3.4  Verb mode for urls, etc.
)
LaTeX Info: Redefining \url on input line 4787.
\XeTeXLinkMargin=\dimen272

(D:\apps\miktex\tex/generic/bitset\bitset.sty
Package: bitset 2019/12/09 v1.3 Handle bit-vector datatype (HO)

(D:\apps\miktex\tex/generic/bigintcalc\bigintcalc.sty
Package: bigintcalc 2019/12/15 v1.5 Expandable calculations on big integers (HO
)
))
\Fld@menulength=\count341
\Field@Width=\dimen273
\Fld@charsize=\dimen274
Package hyperref Info: Hyper figures OFF on input line 6066.
Package hyperref Info: Link nesting OFF on input line 6071.
Package hyperref Info: Hyper index ON on input line 6074.
Package hyperref Info: backreferencing OFF on input line 6081.
Package hyperref Info: Link coloring OFF on input line 6086.
Package hyperref Info: Link coloring with OCG OFF on input line 6091.
Package hyperref Info: PDF/A mode OFF on input line 6096.
\Hy@abspage=\count342
\c@Item=\count343
\c@Hfootnote=\count344
)
Package hyperref Info: Driver (autodetected): hxetex.

(D:\apps\miktex\tex/latex/hyperref\hxetex.def
File: hxetex.def 2025-06-21 v7.01n Hyperref driver for XeTeX
\pdfm@box=\box104
\c@Hy@AnnotLevel=\count345
\HyField@AnnotCount=\count346
\Fld@listcount=\count347
\c@bookmark@seq@number=\count348

(D:\apps\miktex\tex/latex/rerunfilecheck\rerunfilecheck.sty
Package: rerunfilecheck 2025-06-21 v1.11 Rerun checks for auxiliary files (HO)

(D:\apps\miktex\tex/generic/uniquecounter\uniquecounter.sty
Package: uniquecounter 2019/12/15 v1.4 Provide unlimited unique counter (HO)
)
Package uniquecounter Info: New unique counter `rerunfilecheck' on input line 2
84.
)
\Hy@SectionHShift=\skip72
)
(D:\apps\miktex\tex/latex/framed\framed.sty
Package: framed 2011/10/22 v 0.96: framed or shaded text with page breaks
\OuterFrameSep=\skip73
\fb@frw=\dimen275
\fb@frh=\dimen276
\FrameRule=\dimen277
\FrameSep=\dimen278
)
(D:\apps\miktex\tex/latex/psnfss\pifont.sty
Package: pifont 2020/03/25 PSNFSS-v9.3 Pi font support (SPQR) 
LaTeX Font Info:    Trying to load font information for U+pzd on input line 63.


(D:\apps\miktex\tex/latex/psnfss\upzd.fd
File: upzd.fd 2001/06/04 font definitions for U/pzd.
)
LaTeX Font Info:    Trying to load font information for U+psy on input line 64.


(D:\apps\miktex\tex/latex/psnfss\upsy.fd
File: upsy.fd 2001/06/04 font definitions for U/psy.
))
(D:\apps\miktex\tex/generic/soul\soul.sty
Package: soul 2023-06-14 v3.1 Permit use of UTF-8 characters in soul (HO)

(D:\apps\miktex\tex/generic/soul\soul-ori.sty
Package: soul-ori 2023-06-14 v3.1 letterspacing/underlining (mf)
\SOUL@word=\toks31
\SOUL@lasttoken=\toks32
\SOUL@syllable=\toks33
\SOUL@cmds=\toks34
\SOUL@buffer=\toks35
\SOUL@token=\toks36
\SOUL@syllgoal=\dimen279
\SOUL@syllwidth=\dimen280
\SOUL@charkern=\dimen281
\SOUL@hyphkern=\dimen282
\SOUL@dimen=\dimen283
\SOUL@dimeni=\dimen284
\SOUL@minus=\count349
\SOUL@comma=\count350
\SOUL@apo=\count351
\SOUL@grave=\count352
\SOUL@spaceskip=\skip74
\SOUL@ttwidth=\dimen285
\SOUL@uldp=\dimen286
\SOUL@ulht=\dimen287
)
(D:\apps\miktex\tex/generic/etexcmds\etexcmds.sty
Package: etexcmds 2019/12/15 v1.7 Avoid name clashes with e-TeX commands (HO)
))
Package hyperref Info: Option `colorlinks' set `true' on input line 18.
\c@theorem=\count353
\c@fact=\count354
\c@definition=\count355
\c@example=\count356
)
(D:\apps\miktex\tex/latex/base\inputenc.sty
Package: inputenc 2024/02/08 v1.3d Input encoding file
\inpenc@prehook=\toks37
\inpenc@posthook=\toks38


Package inputenc Warning: inputenc package ignored with utf8 based engines.

) (D:\apps\miktex\tex/latex/base\fontenc.sty
Package: fontenc 2024/12/21 v2.1c Standard LaTeX package
LaTeX Font Info:    Trying to load font information for T1+ptm on input line 11
6.

(D:\apps\miktex\tex/latex/psnfss\t1ptm.fd
File: t1ptm.fd 2001/06/04 font definitions for T1/ptm.
))
(D:\apps\miktex\tex/latex/biblatex\biblatex.sty
Package: biblatex 2024/03/21 v3.20 programmable bibliographies (PK/MW)

(D:\apps\miktex\tex/latex/logreq\logreq.sty
Package: logreq 2010/08/04 v1.0 xml request logger
\lrq@indent=\count357

(D:\apps\miktex\tex/latex/logreq\logreq.def
File: logreq.def 2010/08/04 v1.0 logreq spec v1.0
))
(D:\apps\miktex\tex/latex/base\ifthen.sty
Package: ifthen 2024/03/16 v1.1e Standard LaTeX ifthen package (DPC)
)
\c@tabx@nest=\count358
\c@listtotal=\count359
\c@listcount=\count360
\c@liststart=\count361
\c@liststop=\count362
\c@citecount=\count363
\c@citetotal=\count364
\c@multicitecount=\count365
\c@multicitetotal=\count366
\c@instcount=\count367
\c@maxnames=\count368
\c@minnames=\count369
\c@maxitems=\count370
\c@minitems=\count371
\c@citecounter=\count372
\c@maxcitecounter=\count373
\c@savedcitecounter=\count374
\c@uniquelist=\count375
\c@uniquename=\count376
\c@refsection=\count377
\c@refsegment=\count378
\c@maxextratitle=\count379
\c@maxextratitleyear=\count380
\c@maxextraname=\count381
\c@maxextradate=\count382
\c@maxextraalpha=\count383
\c@abbrvpenalty=\count384
\c@highnamepenalty=\count385
\c@lownamepenalty=\count386
\c@maxparens=\count387
\c@parenlevel=\count388
\blx@tempcnta=\count389
\blx@tempcntb=\count390
\blx@tempcntc=\count391
\c@blx@maxsection=\count392
\blx@maxsegment@0=\count393
\blx@notetype=\count394
\blx@parenlevel@text=\count395
\blx@parenlevel@foot=\count396
\blx@sectionciteorder@0=\count397
\blx@sectionciteorderinternal@0=\count398
\blx@entrysetcounter=\count399
\blx@biblioinstance=\count400
\labelnumberwidth=\skip75
\labelalphawidth=\skip76
\biblabelsep=\skip77
\bibitemsep=\skip78
\bibnamesep=\skip79
\bibinitsep=\skip80
\bibparsep=\skip81
\bibhang=\skip82
\blx@bcfin=\read2
\blx@bcfout=\write3
\blx@langwohyphens=\language79
\c@mincomprange=\count401
\c@maxcomprange=\count402
\c@mincompwidth=\count403
Package biblatex Info: Trying to load biblatex default data model...
Package biblatex Info: ... file 'blx-dm.def' found.

(D:\apps\miktex\tex/latex/biblatex\blx-dm.def
File: blx-dm.def 2024/03/21 v3.20 biblatex datamodel (PK/MW)
)
Package biblatex Info: Trying to load biblatex style data model...
Package biblatex Info: ... file 'alphabetic.dbx' not found.
Package biblatex Info: Trying to load biblatex custom data model...
Package biblatex Info: ... file 'biblatex-dm.cfg' not found.
\c@afterword=\count404
\c@savedafterword=\count405
\c@annotator=\count406
\c@savedannotator=\count407
\c@author=\count408
\c@savedauthor=\count409
\c@bookauthor=\count410
\c@savedbookauthor=\count411
\c@commentator=\count412
\c@savedcommentator=\count413
\c@editor=\count414
\c@savededitor=\count415
\c@editora=\count416
\c@savededitora=\count417
\c@editorb=\count418
\c@savededitorb=\count419
\c@editorc=\count420
\c@savededitorc=\count421
\c@foreword=\count422
\c@savedforeword=\count423
\c@holder=\count424
\c@savedholder=\count425
\c@introduction=\count426
\c@savedintroduction=\count427
\c@namea=\count428
\c@savednamea=\count429
\c@nameb=\count430
\c@savednameb=\count431
\c@namec=\count432
\c@savednamec=\count433
\c@translator=\count434
\c@savedtranslator=\count435
\c@shortauthor=\count436
\c@savedshortauthor=\count437
\c@shorteditor=\count438
\c@savedshorteditor=\count439
\c@labelname=\count440
\c@savedlabelname=\count441
\c@institution=\count442
\c@savedinstitution=\count443
\c@lista=\count444
\c@savedlista=\count445
\c@listb=\count446
\c@savedlistb=\count447
\c@listc=\count448
\c@savedlistc=\count449
\c@listd=\count450
\c@savedlistd=\count451
\c@liste=\count452
\c@savedliste=\count453
\c@listf=\count454
\c@savedlistf=\count455
\c@location=\count456
\c@savedlocation=\count457
\c@organization=\count458
\c@savedorganization=\count459
\c@origlocation=\count460
\c@savedoriglocation=\count461
\c@origpublisher=\count462
\c@savedorigpublisher=\count463
\c@publisher=\count464
\c@savedpublisher=\count465
\c@language=\count466
\c@savedlanguage=\count467
\c@origlanguage=\count468
\c@savedoriglanguage=\count469
\c@pageref=\count470
\c@savedpageref=\count471
\shorthandwidth=\skip83
\shortjournalwidth=\skip84
\shortserieswidth=\skip85
\shorttitlewidth=\skip86
\shortauthorwidth=\skip87
\shorteditorwidth=\skip88
\locallabelnumberwidth=\skip89
\locallabelalphawidth=\skip90
\localshorthandwidth=\skip91
\localshortjournalwidth=\skip92
\localshortserieswidth=\skip93
\localshorttitlewidth=\skip94
\localshortauthorwidth=\skip95
\localshorteditorwidth=\skip96
Package biblatex Info: Trying to load enhanced support for Unicode engines...
Package biblatex Info: ... file 'blx-unicode.def' found.

(D:\apps\miktex\tex/latex/biblatex\blx-unicode.def)
Package biblatex Info: Trying to load compatibility code...
Package biblatex Info: ... file 'blx-compat.def' found.

(D:\apps\miktex\tex/latex/biblatex\blx-compat.def
File: blx-compat.def 2024/03/21 v3.20 biblatex compatibility (PK/MW)
)
Package biblatex Info: Trying to load generic definitions...
Package biblatex Info: ... file 'biblatex.def' found.

(D:\apps\miktex\tex/latex/biblatex\biblatex.def
File: biblatex.def 2024/03/21 v3.20 biblatex compatibility (PK/MW)
\c@textcitecount=\count472
\c@textcitetotal=\count473
\c@textcitemaxnames=\count474
\c@biburlbigbreakpenalty=\count475
\c@biburlbreakpenalty=\count476
\c@biburlnumpenalty=\count477
\c@biburlucpenalty=\count478
\c@biburllcpenalty=\count479
\biburlbigskip=\muskip19
\biburlnumskip=\muskip20
\biburlucskip=\muskip21
\biburllcskip=\muskip22
\c@smartand=\count480
)
Package biblatex Info: Trying to load bibliography style 'alphabetic'...
Package biblatex Info: ... file 'alphabetic.bbx' found.

(D:\apps\miktex\tex/latex/biblatex/bbx\alphabetic.bbx
File: alphabetic.bbx 2024/03/21 v3.20 biblatex bibliography style (PK/MW)
Package biblatex Info: Trying to load bibliography style 'standard'...
Package biblatex Info: ... file 'standard.bbx' found.

(D:\apps\miktex\tex/latex/biblatex/bbx\standard.bbx
File: standard.bbx 2024/03/21 v3.20 biblatex bibliography style (PK/MW)
\c@bbx:relatedcount=\count481
\c@bbx:relatedtotal=\count482
))
Package biblatex Info: Trying to load citation style 'alphabetic'...
Package biblatex Info: ... file 'alphabetic.cbx' found.

(D:\apps\miktex\tex/latex/biblatex/cbx\alphabetic.cbx
File: alphabetic.cbx 2024/03/21 v3.20 biblatex citation style (PK/MW)
Package biblatex Info: Redefining '\cite'.
Package biblatex Info: Redefining '\parencite'.
Package biblatex Info: Redefining '\footcite'.
Package biblatex Info: Redefining '\footcitetext'.
Package biblatex Info: Redefining '\smartcite'.
Package biblatex Info: Redefining '\textcite'.
Package biblatex Info: Redefining '\textcites'.
Package biblatex Info: Redefining '\cites'.
Package biblatex Info: Redefining '\parencites'.
Package biblatex Info: Redefining '\smartcites'.
)
Package biblatex Info: Trying to load configuration file...
Package biblatex Info: ... file 'biblatex.cfg' found.

(D:\apps\miktex\tex/latex/biblatex\biblatex.cfg
File: biblatex.cfg 
)
Package biblatex Info: XeTeX detected.
(biblatex)             Assuming input encoding 'utf8'.
Package biblatex Info: Document encoding is UTF8 ....
Package biblatex Info: ... and expl3
(biblatex)             2025-06-09 L3 programming layer (loader) 
(biblatex)             is new enough (at least 2020/04/06),
(biblatex)             setting 'casechanger=expl3'.

(D:\apps\miktex\tex/latex/biblatex\blx-case-expl3.sty
Package: blx-case-expl3 2024/03/21 v3.20 expl3 case changing code for biblatex
))
Package hyperref Info: Option `colorlinks' set `true' on input line 33.

(D:\apps\miktex\tex/latex/jknappen\mathrsfs.sty
Package: mathrsfs 1996/01/01 Math RSFS package v1.0 (jk)
\symrsfs=\mathgroup9
)
(D:\apps\miktex\tex/latex/units\nicefrac.sty
Package: nicefrac 1998/08/04 v0.9b Nice fractions
\L@UnitsRaiseDisplaystyle=\skip97
\L@UnitsRaiseTextstyle=\skip98
\L@UnitsRaiseScriptstyle=\skip99
)
(D:\apps\miktex\tex/latex/xfrac\xfrac.sty
(D:\apps\miktex\tex/latex/graphics\graphicx.sty
Package: graphicx 2024/12/31 v1.2e Enhanced LaTeX Graphics (DPC,SPQR)

(D:\apps\miktex\tex/latex/graphics\graphics.sty
Package: graphics 2024/08/06 v1.4g Standard LaTeX Graphics (DPC,SPQR)

(D:\apps\miktex\tex/latex/graphics\trig.sty
Package: trig 2023/12/02 v1.11 sin cos tan (DPC)
)
(D:\apps\miktex\tex/latex/graphics-cfg\graphics.cfg
File: graphics.cfg 2016/06/04 v1.11 sample graphics configuration
)
Package graphics Info: Driver file: xetex.def on input line 106.

(D:\apps\miktex\tex/latex/graphics-def\xetex.def
File: xetex.def 2022/09/22 v5.0n Graphics/color driver for xetex
))
\Gin@req@height=\dimen288
\Gin@req@width=\dimen289
)
Package: xfrac 2024-06-04 Split-level fractions
\l__xfrac_slash_box=\box105
\l__xfrac_tmp_box=\box106
\l__xfrac_denominator_bot_sep_dim=\dimen290
\l__xfrac_numerator_bot_sep_dim=\dimen291
\l__xfrac_numerator_top_sep_dim=\dimen292
\l__xfrac_slash_left_sep_dim=\dimen293
\l__xfrac_slash_right_sep_dim=\dimen294
\l__xfrac_slash_left_muskip=\muskip23
\l__xfrac_slash_right_muskip=\muskip24

LaTeX template Info: Declaring template type 'xfrac' taking 3 argument(s) on
(template)           line 100.


LaTeX template Info: Declaring instance 'cmr' of type xfrac on line 392.


LaTeX template Info: Declaring instance 'cmss' of type xfrac on line 392.


LaTeX template Info: Declaring instance 'cmtt' of type xfrac on line 392.

)
(D:\apps\miktex\tex/latex/subdepth\subdepth.sty
Package: subdepth 2007/09/02 v0.1 Unify subscript depths
)
(D:\apps\miktex\tex/latex/tools\array.sty
Package: array 2025/06/08 v2.6j Tabular extension package (FMi)
\col@sep=\dimen295
\ar@mcellbox=\box107
\extrarowheight=\dimen296
\NC@list=\toks39
\extratabsurround=\skip100
\backup@length=\skip101
\ar@cellbox=\box108
)
(D:\apps\miktex\tex/latex/booktabs\booktabs.sty
Package: booktabs 2020/01/12 v1.61803398 Publication quality tables
\heavyrulewidth=\dimen297
\lightrulewidth=\dimen298
\cmidrulewidth=\dimen299
\belowrulesep=\dimen300
\belowbottomsep=\dimen301
\aboverulesep=\dimen302
\abovetopsep=\dimen303
\cmidrulesep=\dimen304
\cmidrulekern=\dimen305
\defaultaddspace=\dimen306
\@cmidla=\count483
\@cmidlb=\count484
\@aboverulesep=\dimen307
\@belowrulesep=\dimen308
\@thisruleclass=\count485
\@lastruleclass=\count486
\@thisrulewidth=\dimen309
)
(D:\apps\miktex\tex/latex/microtype\microtype.sty
Package: microtype 2025/02/11 v3.2a Micro-typographical refinements (RS)
\MT@toks=\toks40
\MT@tempbox=\box109
\MT@count=\count487
LaTeX Info: Redefining \noprotrusionifhmode on input line 1087.
LaTeX Info: Redefining \leftprotrusion on input line 1088.
\MT@prot@toks=\toks41
LaTeX Info: Redefining \rightprotrusion on input line 1107.
LaTeX Info: Redefining \textls on input line 1449.
\MT@outer@kern=\dimen310
LaTeX Info: Redefining \microtypecontext on input line 2053.
LaTeX Info: Redefining \textmicrotypecontext on input line 2070.
\MT@listname@count=\count488

(D:\apps\miktex\tex/latex/microtype\microtype-xetex.def
File: microtype-xetex.def 2025/02/11 v3.2a Definitions specific to xetex (RS)
LaTeX Info: Redefining \lsstyle on input line 443.
LaTeX Info: Redefining \lslig on input line 451.
\MT@outer@space=\skip102
)
Package microtype Info: Loading configuration file microtype.cfg.

(D:\apps\miktex\tex/latex/microtype\microtype.cfg
File: microtype.cfg 2025/02/11 v3.2a microtype main configuration file (RS)
)
LaTeX Info: Redefining \microtypesetup on input line 3065.
)
(D:\apps\miktex\tex/latex/cleveref\cleveref.sty
Package: cleveref 2018/03/27 v0.21.4 Intelligent cross-referencing
Package cleveref Info: `hyperref' support loaded on input line 2370.
LaTeX Info: Redefining \cref on input line 2370.
LaTeX Info: Redefining \Cref on input line 2370.
LaTeX Info: Redefining \crefrange on input line 2370.
LaTeX Info: Redefining \Crefrange on input line 2370.
LaTeX Info: Redefining \cpageref on input line 2370.
LaTeX Info: Redefining \Cpageref on input line 2370.
LaTeX Info: Redefining \cpagerefrange on input line 2370.
LaTeX Info: Redefining \Cpagerefrange on input line 2370.
LaTeX Info: Redefining \labelcref on input line 2370.
LaTeX Info: Redefining \labelcpageref on input line 2370.
Package cleveref Info: `amsthm' support loaded on input line 3026.
Package cleveref Info: always capitalise cross-reference names on input line 78
25.
Package cleveref Info: include cross-reference names in hyperlinks on input lin
e 7836.
Package cleveref Info: include cross-reference names in hyperlinks on input lin
e 7852.
Package cleveref Info: always capitalise cross-reference names on input line 78
52.
)
==> First Aid for cleveref.sty applied!
(D:\apps\miktex\tex/latex/caption\caption.sty
Package: caption 2023/08/05 v3.6o Customizing captions (AR)

(D:\apps\miktex\tex/latex/caption\caption3.sty
Package: caption3 2023/07/31 v2.4d caption3 kernel (AR)
\caption@tempdima=\dimen311
\captionmargin=\dimen312
\caption@leftmargin=\dimen313
\caption@rightmargin=\dimen314
\caption@width=\dimen315
\caption@indent=\dimen316
\caption@parindent=\dimen317
\caption@hangindent=\dimen318
Package caption Info: Standard document class detected.
)
\c@caption@flags=\count489
\c@continuedfloat=\count490
Package caption Info: hyperref package is loaded.
)
(D:\apps\miktex\tex/latex/caption\subcaption.sty
Package: subcaption 2023/07/28 v1.6b Sub-captions (AR)
Package caption Info: New subtype `subfigure' on input line 238.
\c@subfigure=\count491
Package caption Info: New subtype `subtable' on input line 238.
\c@subtable=\count492
)
(D:\apps\miktex\tex/latex/adjustbox\adjustbox.sty
Package: adjustbox 2025/02/26 v1.3c Adjusting TeX boxes (trim, clip, ...)

(D:\apps\miktex\tex/latex/xkeyval\xkeyval.sty
Package: xkeyval 2022/06/16 v2.9 package option processing (HA)

(D:\apps\miktex\tex/generic/xkeyval\xkeyval.tex
(D:\apps\miktex\tex/generic/xkeyval\xkvutils.tex
\XKV@toks=\toks42
\XKV@tempa@toks=\toks43
)
\XKV@depth=\count493
File: xkeyval.tex 2014/12/03 v2.7a key=value parser (HA)
))
(D:\apps\miktex\tex/latex/adjustbox\adjcalc.sty
Package: adjcalc 2012/05/16 v1.1 Provides advanced setlength with multiple back
-ends (calc, etex, pgfmath)
)
(D:\apps\miktex\tex/latex/adjustbox\trimclip.sty
Package: trimclip 2025/02/21 v1.2a Trim and clip general TeX material

(D:\apps\miktex\tex/latex/collectbox\collectbox.sty
Package: collectbox 2022/10/17 v0.4c Collect macro arguments as boxes
\collectedbox=\box110
)
\tc@llx=\dimen319
\tc@lly=\dimen320
\tc@urx=\dimen321
\tc@ury=\dimen322
Package trimclip Info: Using driver 'tc-xetex.def'.

(D:\apps\miktex\tex/latex/adjustbox\tc-xetex.def
File: tc-xetex.def 2019/01/04 v2.2 Clipping driver for xetex
))
\adjbox@Width=\dimen323
\adjbox@Height=\dimen324
\adjbox@Depth=\dimen325
\adjbox@Totalheight=\dimen326
\adjbox@pwidth=\dimen327
\adjbox@pheight=\dimen328
\adjbox@pdepth=\dimen329
\adjbox@ptotalheight=\dimen330

(D:\apps\miktex\tex/latex/ifoddpage\ifoddpage.sty
Package: ifoddpage 2022/10/18 v1.2 Conditionals for odd/even page detection
\c@checkoddpage=\count494
)
(D:\apps\miktex\tex/latex/varwidth\varwidth.sty
Package: varwidth 2009/03/30 ver 0.92;  Variable-width minipages
\@vwid@box=\box111
\sift@deathcycles=\count495
\@vwid@loff=\dimen331
\@vwid@roff=\dimen332
)
==> First Aid for varwidth.sty applied!
) (D:\apps\miktex\tex/latex/graphics\color.sty
Package: color 2025/01/14 v1.3e Standard LaTeX Color (DPC)

(D:\apps\miktex\tex/latex/graphics-cfg\color.cfg
File: color.cfg 2016/01/02 v1.6 sample color configuration
)
Package color Info: Driver file: xetex.def on input line 149.

(D:\apps\miktex\tex/latex/graphics\mathcolor.ltx))
(D:\apps\miktex\tex/latex/xcolor\xcolor.sty
Package: xcolor 2024/09/29 v3.02 LaTeX color extensions (UK)

(D:\apps\miktex\tex/latex/graphics-cfg\color.cfg
File: color.cfg 2016/01/02 v1.6 sample color configuration
)
Package xcolor Info: Driver file: xetex.def on input line 274.
LaTeX Info: Redefining \color on input line 762.

(D:\apps\miktex\tex/latex/graphics\mathcolor.ltx)
Package xcolor Info: Model `cmy' substituted by `cmy0' on input line 1349.
Package xcolor Info: Model `RGB' extended on input line 1365.
Package xcolor Info: Model `HTML' substituted by `rgb' on input line 1367.
Package xcolor Info: Model `Hsb' substituted by `hsb' on input line 1368.
Package xcolor Info: Model `tHsb' substituted by `hsb' on input line 1369.
Package xcolor Info: Model `HSB' substituted by `hsb' on input line 1370.
Package xcolor Info: Model `Gray' substituted by `gray' on input line 1371.
Package xcolor Info: Model `wave' substituted by `hsb' on input line 1372.
)
(D:\apps\miktex\tex/latex/wrapfig\wrapfig.sty
\wrapoverhang=\dimen333
\WF@size=\dimen334
\c@WF@wrappedlines=\count496
\WF@box=\box112
\WF@everypar=\toks44
Package: wrapfig 2003/01/31  v 3.6
)
(D:\apps\miktex\tex/latex/multirow\multirow.sty
Package: multirow 2024/11/12 v2.9 Span multiple rows of a table
\multirow@colwidth=\skip103
\multirow@cntb=\count497
\multirow@dima=\skip104
\bigstrutjot=\dimen335
)
(D:\apps\miktex\tex/latex/sidecap\sidecap.sty
Package: sidecap 2023/01/24 v1.7a SideCap Package (RN/HjG)
\SC@BOXWD=\dimen336
\SC@CAPWD=\dimen337
\SC@tempdima=\dimen338
\SC@tempdimb=\dimen339
\c@SC@C=\count498
\SC@BOX=\box113
)
(D:\apps\miktex\tex/latex/marginnote\marginnote.sty
Package: marginnote 2018/08/09 1.4b non floating margin notes for LaTeX
\c@mn@abspage=\count499
)
(D:\apps\miktex\tex/latex/tcolorbox\tcolorbox.sty
Package: tcolorbox 2025/06/04 version 6.6.0 text color boxes

(D:\apps\miktex\tex/latex/pgf/frontendlayer\tikz.sty
(D:\apps\miktex\tex/latex/pgf/basiclayer\pgf.sty
(D:\apps\miktex\tex/latex/pgf/utilities\pgfrcs.sty
(D:\apps\miktex\tex/generic/pgf/utilities\pgfutil-common.tex
\pgfutil@everybye=\toks45
\pgfutil@tempdima=\dimen340
\pgfutil@tempdimb=\dimen341
)
(D:\apps\miktex\tex/generic/pgf/utilities\pgfutil-latex.def
\pgfutil@abb=\box114
)
(D:\apps\miktex\tex/generic/pgf/utilities\pgfrcs.code.tex
(D:\apps\miktex\tex/generic/pgf\pgf.revision.tex)
Package: pgfrcs 2023-01-15 v3.1.10 (3.1.10)
))
Package: pgf 2023-01-15 v3.1.10 (3.1.10)

(D:\apps\miktex\tex/latex/pgf/basiclayer\pgfcore.sty
(D:\apps\miktex\tex/latex/pgf/systemlayer\pgfsys.sty
(D:\apps\miktex\tex/generic/pgf/systemlayer\pgfsys.code.tex
Package: pgfsys 2023-01-15 v3.1.10 (3.1.10)

(D:\apps\miktex\tex/generic/pgf/utilities\pgfkeys.code.tex
\pgfkeys@pathtoks=\toks46
\pgfkeys@temptoks=\toks47

(D:\apps\miktex\tex/generic/pgf/utilities\pgfkeyslibraryfiltered.code.tex
\pgfkeys@tmptoks=\toks48
))
\pgf@x=\dimen342
\pgf@y=\dimen343
\pgf@xa=\dimen344
\pgf@ya=\dimen345
\pgf@xb=\dimen346
\pgf@yb=\dimen347
\pgf@xc=\dimen348
\pgf@yc=\dimen349
\pgf@xd=\dimen350
\pgf@yd=\dimen351
\w@pgf@writea=\write4
\r@pgf@reada=\read3
\c@pgf@counta=\count500
\c@pgf@countb=\count501
\c@pgf@countc=\count502
\c@pgf@countd=\count503
\t@pgf@toka=\toks49
\t@pgf@tokb=\toks50
\t@pgf@tokc=\toks51
\pgf@sys@id@count=\count504

(D:\apps\miktex\tex/generic/pgf/systemlayer\pgf.cfg
File: pgf.cfg 2023-01-15 v3.1.10 (3.1.10)
)
Driver file for pgf: pgfsys-xetex.def

(D:\apps\miktex\tex/generic/pgf/systemlayer\pgfsys-xetex.def
File: pgfsys-xetex.def 2023-01-15 v3.1.10 (3.1.10)

(D:\apps\miktex\tex/generic/pgf/systemlayer\pgfsys-dvipdfmx.def
File: pgfsys-dvipdfmx.def 2023-01-15 v3.1.10 (3.1.10)

(D:\apps\miktex\tex/generic/pgf/systemlayer\pgfsys-common-pdf.def
File: pgfsys-common-pdf.def 2023-01-15 v3.1.10 (3.1.10)
)
\pgfsys@objnum=\count505
)))
(D:\apps\miktex\tex/generic/pgf/systemlayer\pgfsyssoftpath.code.tex
File: pgfsyssoftpath.code.tex 2023-01-15 v3.1.10 (3.1.10)
\pgfsyssoftpath@smallbuffer@items=\count506
\pgfsyssoftpath@bigbuffer@items=\count507
)
(D:\apps\miktex\tex/generic/pgf/systemlayer\pgfsysprotocol.code.tex
File: pgfsysprotocol.code.tex 2023-01-15 v3.1.10 (3.1.10)
))
(D:\apps\miktex\tex/generic/pgf/basiclayer\pgfcore.code.tex
Package: pgfcore 2023-01-15 v3.1.10 (3.1.10)

(D:\apps\miktex\tex/generic/pgf/math\pgfmath.code.tex
(D:\apps\miktex\tex/generic/pgf/math\pgfmathutil.code.tex)
(D:\apps\miktex\tex/generic/pgf/math\pgfmathparser.code.tex
\pgfmath@dimen=\dimen352
\pgfmath@count=\count508
\pgfmath@box=\box115
\pgfmath@toks=\toks52
\pgfmath@stack@operand=\toks53
\pgfmath@stack@operation=\toks54
)
(D:\apps\miktex\tex/generic/pgf/math\pgfmathfunctions.code.tex)
(D:\apps\miktex\tex/generic/pgf/math\pgfmathfunctions.basic.code.tex)
(D:\apps\miktex\tex/generic/pgf/math\pgfmathfunctions.trigonometric.code.tex)
(D:\apps\miktex\tex/generic/pgf/math\pgfmathfunctions.random.code.tex)
(D:\apps\miktex\tex/generic/pgf/math\pgfmathfunctions.comparison.code.tex)
(D:\apps\miktex\tex/generic/pgf/math\pgfmathfunctions.base.code.tex)
(D:\apps\miktex\tex/generic/pgf/math\pgfmathfunctions.round.code.tex)
(D:\apps\miktex\tex/generic/pgf/math\pgfmathfunctions.misc.code.tex)
(D:\apps\miktex\tex/generic/pgf/math\pgfmathfunctions.integerarithmetics.code.t
ex) (D:\apps\miktex\tex/generic/pgf/math\pgfmathcalc.code.tex)
(D:\apps\miktex\tex/generic/pgf/math\pgfmathfloat.code.tex
\c@pgfmathroundto@lastzeros=\count509
))
(D:\apps\miktex\tex/generic/pgf/math\pgfint.code.tex)
(D:\apps\miktex\tex/generic/pgf/basiclayer\pgfcorepoints.code.tex
File: pgfcorepoints.code.tex 2023-01-15 v3.1.10 (3.1.10)
\pgf@picminx=\dimen353
\pgf@picmaxx=\dimen354
\pgf@picminy=\dimen355
\pgf@picmaxy=\dimen356
\pgf@pathminx=\dimen357
\pgf@pathmaxx=\dimen358
\pgf@pathminy=\dimen359
\pgf@pathmaxy=\dimen360
\pgf@xx=\dimen361
\pgf@xy=\dimen362
\pgf@yx=\dimen363
\pgf@yy=\dimen364
\pgf@zx=\dimen365
\pgf@zy=\dimen366
)
(D:\apps\miktex\tex/generic/pgf/basiclayer\pgfcorepathconstruct.code.tex
File: pgfcorepathconstruct.code.tex 2023-01-15 v3.1.10 (3.1.10)
\pgf@path@lastx=\dimen367
\pgf@path@lasty=\dimen368
)
(D:\apps\miktex\tex/generic/pgf/basiclayer\pgfcorepathusage.code.tex
File: pgfcorepathusage.code.tex 2023-01-15 v3.1.10 (3.1.10)
\pgf@shorten@end@additional=\dimen369
\pgf@shorten@start@additional=\dimen370
)
(D:\apps\miktex\tex/generic/pgf/basiclayer\pgfcorescopes.code.tex
File: pgfcorescopes.code.tex 2023-01-15 v3.1.10 (3.1.10)
\pgfpic=\box116
\pgf@hbox=\box117
\pgf@layerbox@main=\box118
\pgf@picture@serial@count=\count510
)
(D:\apps\miktex\tex/generic/pgf/basiclayer\pgfcoregraphicstate.code.tex
File: pgfcoregraphicstate.code.tex 2023-01-15 v3.1.10 (3.1.10)
\pgflinewidth=\dimen371
)
(D:\apps\miktex\tex/generic/pgf/basiclayer\pgfcoretransformations.code.tex
File: pgfcoretransformations.code.tex 2023-01-15 v3.1.10 (3.1.10)
\pgf@pt@x=\dimen372
\pgf@pt@y=\dimen373
\pgf@pt@temp=\dimen374
)
(D:\apps\miktex\tex/generic/pgf/basiclayer\pgfcorequick.code.tex
File: pgfcorequick.code.tex 2023-01-15 v3.1.10 (3.1.10)
)
(D:\apps\miktex\tex/generic/pgf/basiclayer\pgfcoreobjects.code.tex
File: pgfcoreobjects.code.tex 2023-01-15 v3.1.10 (3.1.10)
)
(D:\apps\miktex\tex/generic/pgf/basiclayer\pgfcorepathprocessing.code.tex
File: pgfcorepathprocessing.code.tex 2023-01-15 v3.1.10 (3.1.10)
)
(D:\apps\miktex\tex/generic/pgf/basiclayer\pgfcorearrows.code.tex
File: pgfcorearrows.code.tex 2023-01-15 v3.1.10 (3.1.10)
\pgfarrowsep=\dimen375
)
(D:\apps\miktex\tex/generic/pgf/basiclayer\pgfcoreshade.code.tex
File: pgfcoreshade.code.tex 2023-01-15 v3.1.10 (3.1.10)
\pgf@max=\dimen376
\pgf@sys@shading@range@num=\count511
\pgf@shadingcount=\count512
)
(D:\apps\miktex\tex/generic/pgf/basiclayer\pgfcoreimage.code.tex
File: pgfcoreimage.code.tex 2023-01-15 v3.1.10 (3.1.10)
)
(D:\apps\miktex\tex/generic/pgf/basiclayer\pgfcoreexternal.code.tex
File: pgfcoreexternal.code.tex 2023-01-15 v3.1.10 (3.1.10)
\pgfexternal@startupbox=\box119
)
(D:\apps\miktex\tex/generic/pgf/basiclayer\pgfcorelayers.code.tex
File: pgfcorelayers.code.tex 2023-01-15 v3.1.10 (3.1.10)
)
(D:\apps\miktex\tex/generic/pgf/basiclayer\pgfcoretransparency.code.tex
File: pgfcoretransparency.code.tex 2023-01-15 v3.1.10 (3.1.10)
)
(D:\apps\miktex\tex/generic/pgf/basiclayer\pgfcorepatterns.code.tex
File: pgfcorepatterns.code.tex 2023-01-15 v3.1.10 (3.1.10)
)
(D:\apps\miktex\tex/generic/pgf/basiclayer\pgfcorerdf.code.tex
File: pgfcorerdf.code.tex 2023-01-15 v3.1.10 (3.1.10)
)))
(D:\apps\miktex\tex/generic/pgf/modules\pgfmoduleshapes.code.tex
File: pgfmoduleshapes.code.tex 2023-01-15 v3.1.10 (3.1.10)
\pgfnodeparttextbox=\box120
)
(D:\apps\miktex\tex/generic/pgf/modules\pgfmoduleplot.code.tex
File: pgfmoduleplot.code.tex 2023-01-15 v3.1.10 (3.1.10)
)
(D:\apps\miktex\tex/latex/pgf/compatibility\pgfcomp-version-0-65.sty
Package: pgfcomp-version-0-65 2023-01-15 v3.1.10 (3.1.10)
\pgf@nodesepstart=\dimen377
\pgf@nodesepend=\dimen378
)
(D:\apps\miktex\tex/latex/pgf/compatibility\pgfcomp-version-1-18.sty
Package: pgfcomp-version-1-18 2023-01-15 v3.1.10 (3.1.10)
))
(D:\apps\miktex\tex/latex/pgf/utilities\pgffor.sty
(D:\apps\miktex\tex/latex/pgf/utilities\pgfkeys.sty
(D:\apps\miktex\tex/generic/pgf/utilities\pgfkeys.code.tex))
(D:\apps\miktex\tex/latex/pgf/math\pgfmath.sty
(D:\apps\miktex\tex/generic/pgf/math\pgfmath.code.tex))
(D:\apps\miktex\tex/generic/pgf/utilities\pgffor.code.tex
Package: pgffor 2023-01-15 v3.1.10 (3.1.10)
\pgffor@iter=\dimen379
\pgffor@skip=\dimen380
\pgffor@stack=\toks55
\pgffor@toks=\toks56
))
(D:\apps\miktex\tex/generic/pgf/frontendlayer/tikz\tikz.code.tex
Package: tikz 2023-01-15 v3.1.10 (3.1.10)

(D:\apps\miktex\tex/generic/pgf/libraries\pgflibraryplothandlers.code.tex
File: pgflibraryplothandlers.code.tex 2023-01-15 v3.1.10 (3.1.10)
\pgf@plot@mark@count=\count513
\pgfplotmarksize=\dimen381
)
\tikz@lastx=\dimen382
\tikz@lasty=\dimen383
\tikz@lastxsaved=\dimen384
\tikz@lastysaved=\dimen385
\tikz@lastmovetox=\dimen386
\tikz@lastmovetoy=\dimen387
\tikzleveldistance=\dimen388
\tikzsiblingdistance=\dimen389
\tikz@figbox=\box121
\tikz@figbox@bg=\box122
\tikz@tempbox=\box123
\tikz@tempbox@bg=\box124
\tikztreelevel=\count514
\tikznumberofchildren=\count515
\tikznumberofcurrentchild=\count516
\tikz@fig@count=\count517

(D:\apps\miktex\tex/generic/pgf/modules\pgfmodulematrix.code.tex
File: pgfmodulematrix.code.tex 2023-01-15 v3.1.10 (3.1.10)
\pgfmatrixcurrentrow=\count518
\pgfmatrixcurrentcolumn=\count519
\pgf@matrix@numberofcolumns=\count520
)
\tikz@expandcount=\count521

(D:\apps\miktex\tex/generic/pgf/frontendlayer/tikz/libraries\tikzlibrarytopaths
.code.tex
File: tikzlibrarytopaths.code.tex 2023-01-15 v3.1.10 (3.1.10)
))) (D:\apps\miktex\tex/latex/tools\verbatim.sty
Package: verbatim 2024-01-22 v1.5x LaTeX2e package for verbatim enhancements
\every@verbatim=\toks57
\verbatim@line=\toks58
\verbatim@in@stream=\read4
)
\tcb@titlebox=\box125
\tcb@upperbox=\box126
\tcb@lowerbox=\box127
\tcb@phantombox=\box128
\c@tcbbreakpart=\count522
\c@tcblayer=\count523
\c@tcolorbox@number=\count524
\l__tcobox_tmpa_box=\box129
\l__tcobox_tmpa_dim=\dimen390
\tcb@temp=\box130
\tcb@temp=\box131
\tcb@temp=\box132
\tcb@temp=\box133
)
(D:\apps\miktex\tex/latex/enumitem\enumitem.sty
Package: enumitem 2025/02/06 v3.11 Customized lists
\labelindent=\skip105
\enit@outerparindent=\dimen391
\enit@toks=\toks59
\enit@inbox=\box134
\enit@count@id=\count525
\enitdp@description=\count526
)
(D:\apps\miktex\tex/latex/tcolorbox\tcbtheorems.code.tex
Library (tcolorbox): 'tcbtheorems.code.tex' version '6.6.0'
) (D:\apps\miktex\tex/latex/tcolorbox\tcbbreakable.code.tex
Library (tcolorbox): 'tcbbreakable.code.tex' version '6.6.0'
(D:\apps\miktex\tex/latex/pdfcol\pdfcol.sty
Package: pdfcol 2022-09-21 v1.7 Handle new color stacks for pdfTeX (HO)
Package pdfcol Info: Interface disabled because of missing PDF mode of pdfTeX.
)
Package pdfcol Info: pdfTeX's color stacks are not available.
\tcb@testbox=\box135
\tcb@totalupperbox=\box136
\tcb@totallowerbox=\box137
)
(D:\apps\miktex\tex/latex/tcolorbox\tcbskins.code.tex
Library (tcolorbox): 'tcbskins.code.tex' version '6.6.0'
(D:\apps\miktex\tex/latex/tikzfill\tikzfill.image.sty
Package: tikzfill.image 2023/08/08 v1.0.1 Image filling library for TikZ

(D:\apps\miktex\tex/latex/tikzfill\tikzfill-common.sty
Package: tikzfill-common 2023/08/08 v1.0.1 Auxiliary code for tikzfill
)
(D:\apps\miktex\tex/latex/tikzfill\tikzlibraryfill.image.code.tex
File: tikzlibraryfill.image.code.tex 2023/08/08 v1.0.1 Image filling library
\l__tikzfill_img_box=\box138
))
(D:\apps\miktex\tex/latex/tcolorbox\tcbskinsjigsaw.code.tex
Library (tcolorbox): 'tcbskinsjigsaw.code.tex' version '6.6.0'
))
\@quotelevel=\count527
\@quotereset=\count528
 (main-neurips.aux)
\openout1 = `main-neurips.aux'.

LaTeX Font Info:    Checking defaults for OML/cmm/m/it on input line 145.
LaTeX Font Info:    ... okay on input line 145.
LaTeX Font Info:    Checking defaults for OMS/cmsy/m/n on input line 145.
LaTeX Font Info:    ... okay on input line 145.
LaTeX Font Info:    Checking defaults for OT1/cmr/m/n on input line 145.
LaTeX Font Info:    ... okay on input line 145.
LaTeX Font Info:    Checking defaults for T1/cmr/m/n on input line 145.
LaTeX Font Info:    ... okay on input line 145.
LaTeX Font Info:    Checking defaults for TS1/cmr/m/n on input line 145.
LaTeX Font Info:    ... okay on input line 145.
LaTeX Font Info:    Checking defaults for TU/lmr/m/n on input line 145.
LaTeX Font Info:    ... okay on input line 145.
LaTeX Font Info:    Checking defaults for OMX/cmex/m/n on input line 145.
LaTeX Font Info:    ... okay on input line 145.
LaTeX Font Info:    Checking defaults for U/cmr/m/n on input line 145.
LaTeX Font Info:    ... okay on input line 145.
LaTeX Font Info:    Checking defaults for PD1/pdf/m/n on input line 145.
LaTeX Font Info:    ... okay on input line 145.
LaTeX Font Info:    Checking defaults for PU/pdf/m/n on input line 145.
LaTeX Font Info:    ... okay on input line 145.

Package fontspec Info: 
(fontspec)             Adjusting the maths setup (use [no-math] to avoid
(fontspec)             this).

\symlegacymaths=\mathgroup10
LaTeX Font Info:    Overwriting symbol font `legacymaths' in version `bold'
(Font)                  OT1/cmr/m/n --> OT1/cmr/bx/n on input line 145.
LaTeX Font Info:    Redeclaring math accent \acute on input line 145.
LaTeX Font Info:    Redeclaring math accent \grave on input line 145.
LaTeX Font Info:    Redeclaring math accent \ddot on input line 145.
LaTeX Font Info:    Redeclaring math accent \tilde on input line 145.
LaTeX Font Info:    Redeclaring math accent \bar on input line 145.
LaTeX Font Info:    Redeclaring math accent \breve on input line 145.
LaTeX Font Info:    Redeclaring math accent \check on input line 145.
LaTeX Font Info:    Redeclaring math accent \hat on input line 145.
LaTeX Font Info:    Redeclaring math accent \dot on input line 145.
LaTeX Font Info:    Redeclaring math accent \mathring on input line 145.
LaTeX Font Info:    Redeclaring math symbol \Gamma on input line 145.
LaTeX Font Info:    Redeclaring math symbol \Delta on input line 145.
LaTeX Font Info:    Redeclaring math symbol \Theta on input line 145.
LaTeX Font Info:    Redeclaring math symbol \Lambda on input line 145.
LaTeX Font Info:    Redeclaring math symbol \Xi on input line 145.
LaTeX Font Info:    Redeclaring math symbol \Pi on input line 145.
LaTeX Font Info:    Redeclaring math symbol \Sigma on input line 145.
LaTeX Font Info:    Redeclaring math symbol \Upsilon on input line 145.
LaTeX Font Info:    Redeclaring math symbol \Phi on input line 145.
LaTeX Font Info:    Redeclaring math symbol \Psi on input line 145.
LaTeX Font Info:    Redeclaring math symbol \Omega on input line 145.
LaTeX Font Info:    Redeclaring math symbol \mathdollar on input line 145.
LaTeX Font Info:    Redeclaring symbol font `operators' on input line 145.
LaTeX Font Info:    Encoding `OT1' has changed to `TU' for symbol font
(Font)              `operators' in the math version `normal' on input line 145.

LaTeX Font Info:    Overwriting symbol font `operators' in version `normal'
(Font)                  OT1/cmr/m/n --> TU/ptm/m/n on input line 145.
LaTeX Font Info:    Encoding `OT1' has changed to `TU' for symbol font
(Font)              `operators' in the math version `bold' on input line 145.
LaTeX Font Info:    Overwriting symbol font `operators' in version `bold'
(Font)                  OT1/cmr/bx/n --> TU/ptm/m/n on input line 145.
LaTeX Font Info:    Overwriting symbol font `operators' in version `normal'
(Font)                  TU/ptm/m/n --> TU/ptm/m/n on input line 145.
LaTeX Font Info:    Overwriting math alphabet `\mathit' in version `normal'
(Font)                  OT1/cmr/m/it --> TU/ptm/m/it on input line 145.
LaTeX Font Info:    Overwriting math alphabet `\mathbf' in version `normal'
(Font)                  OT1/cmr/bx/n --> TU/ptm/b/n on input line 145.
LaTeX Font Info:    Overwriting math alphabet `\mathsf' in version `normal'
(Font)                  OT1/cmss/m/n --> TU/phv/m/n on input line 145.
LaTeX Font Info:    Overwriting math alphabet `\mathtt' in version `normal'
(Font)                  OT1/cmtt/m/n --> TU/lmtt/m/n on input line 145.
LaTeX Font Info:    Overwriting symbol font `operators' in version `bold'
(Font)                  TU/ptm/m/n --> TU/ptm/b/n on input line 145.
LaTeX Font Info:    Overwriting math alphabet `\mathit' in version `bold'
(Font)                  OT1/cmr/bx/it --> TU/ptm/b/it on input line 145.
LaTeX Font Info:    Overwriting math alphabet `\mathsf' in version `bold'
(Font)                  OT1/cmss/bx/n --> TU/phv/b/n on input line 145.
LaTeX Font Info:    Overwriting math alphabet `\mathtt' in version `bold'
(Font)                  OT1/cmtt/m/n --> TU/lmtt/b/n on input line 145.

*geometry* driver: auto-detecting
*geometry* detected driver: xetex
*geometry* verbose mode - [ preamble ] result:
* driver: xetex
* paper: letterpaper
* layout: <same size as paper>
* layoutoffset:(h,v)=(0.0pt,0.0pt)
* modes: 
* h-part:(L,W,R)=(92.14519pt, 430.00462pt, 92.14519pt)
* v-part:(T,H,B)=(95.39737pt, 556.47656pt, 143.09605pt)
* \paperwidth=614.295pt
* \paperheight=794.96999pt
* \textwidth=430.00462pt
* \textheight=556.47656pt
* \oddsidemargin=19.8752pt
* \evensidemargin=19.8752pt
* \topmargin=-13.87262pt
* \headheight=12.0pt
* \headsep=25.0pt
* \topskip=10.0pt
* \footskip=30.0pt
* \marginparwidth=65.0pt
* \marginparsep=11.0pt
* \columnsep=10.0pt
* \skip\footins=9.0pt plus 4.0pt minus 2.0pt
* \hoffset=0.0pt
* \voffset=0.0pt
* \mag=1000
* \@twocolumnfalse
* \@twosidefalse
* \@mparswitchfalse
* \@reversemarginfalse
* (1in=72.27pt=25.4mm, 1cm=28.453pt)

*geometry* verbose mode - [ newgeometry ] result:
* driver: xetex
* paper: letterpaper
* layout: <same size as paper>
* layoutoffset:(h,v)=(0.0pt,0.0pt)
* modes: 
* h-part:(L,W,R)=(108.405pt, 397.48499pt, 108.40501pt)
* v-part:(T,H,B)=(72.26999pt, 650.43pt, 72.27pt)
* \paperwidth=614.295pt
* \paperheight=794.96999pt
* \textwidth=397.48499pt
* \textheight=650.43pt
* \oddsidemargin=36.13501pt
* \evensidemargin=36.13501pt
* \topmargin=-37.0pt
* \headheight=12.0pt
* \headsep=25.0pt
* \topskip=10.0pt
* \footskip=30.0pt
* \marginparwidth=65.0pt
* \marginparsep=11.0pt
* \columnsep=10.0pt
* \skip\footins=9.0pt plus 4.0pt minus 2.0pt
* \hoffset=0.0pt
* \voffset=0.0pt
* \mag=1000
* \@twocolumnfalse
* \@twosidefalse
* \@mparswitchfalse
* \@reversemarginfalse
* (1in=72.27pt=25.4mm, 1cm=28.453pt)

Package hyperref Info: Link coloring ON on input line 145.
(main-neurips.out) (main-neurips.out)
\@outlinefile=\write5
\openout5 = `main-neurips.out'.

Package biblatex Info: Trying to load language 'english'...
Package biblatex Info: ... file 'english.lbx' found.

(D:\apps\miktex\tex/latex/biblatex/lbx\english.lbx
File: english.lbx 2024/03/21 v3.20 biblatex localization (PK/MW)
)
Package biblatex Info: XeTeX detected.
(biblatex)             Assuming input encoding 'utf8'.
Package biblatex Info: Automatic encoding selection.
(biblatex)             Assuming data encoding 'utf8'.
\openout3 = `main-neurips.bcf'.

Package biblatex Info: Trying to load bibliographic data...
Package biblatex Info: ... file 'main-neurips.bbl' found.
 (main-neurips.bbl)
Package biblatex Info: Reference section=0 on input line 145.
Package biblatex Info: Reference segment=0 on input line 145.
Package microtype Info: Patching varwidth to enable character protrusion.
\MT@vwid@leftmargin=\dimen392
\MT@vwid@rightmargin=\dimen393
LaTeX Info: Redefining \microtypecontext on input line 145.
Package microtype Info: Applying patch `item' on input line 145.
Package microtype Info: Applying patch `toc' on input line 145.
Package microtype Info: Applying patch `eqnum' on input line 145.
Package microtype Info: Applying patch `footnote' on input line 145.
Package microtype Info: Applying patch `verbatim' on input line 145.
LaTeX Info: Redefining \microtypesetup on input line 145.
Package microtype Info: Character protrusion enabled (level 2).
Package microtype Info: Using default protrusion set `alltext'.
Package microtype Info: No adjustment of tracking.
Package microtype Info: No adjustment of spacing.
Package microtype Info: No adjustment of kerning.

(D:\apps\miktex\tex/latex/microtype\mt-ptm.cfg
File: mt-ptm.cfg 2006/04/20 v1.7 microtype config. file: Times (RS)
)
Package caption Info: Begin \AtBeginDocument code.
Package caption Info: sidecap package is loaded.
Package caption Info: wrapfig package is loaded.
Package caption Info: End \AtBeginDocument code.

(D:\apps\miktex\tex/latex/ragged2e\ragged2e.sty
Package: ragged2e 2023/06/22 v3.6 ragged2e Package
\CenteringLeftskip=\skip106
\RaggedLeftLeftskip=\skip107
\RaggedRightLeftskip=\skip108
\CenteringRightskip=\skip109
\RaggedLeftRightskip=\skip110
\RaggedRightRightskip=\skip111
\CenteringParfillskip=\skip112
\RaggedLeftParfillskip=\skip113
\RaggedRightParfillskip=\skip114
\JustifyingParfillskip=\skip115
\CenteringParindent=\skip116
\RaggedLeftParindent=\skip117
\RaggedRightParindent=\skip118
\JustifyingParindent=\skip119
)

LaTeX Font Warning: Font shape `TU/SimSun(0)/b/n' undefined
(Font)              using `TU/SimSun(0)/m/n' instead on input line 148.

LaTeX Font Info:    Trying to load font information for TU+ptm on input line 14
8.
LaTeX Font Info:    No file TUptm.fd. on input line 148.

LaTeX Font Warning: Font shape `TU/ptm/m/n' undefined
(Font)              using `TU/lmr/m/n' instead on input line 148.

(D:\apps\miktex\tex/latex/microtype\mt-LatinModernRoman.cfg
File: mt-LatinModernRoman.cfg 2021/02/21 v1.1 microtype config. file: Latin Mod
ern Roman (RS)
)
Package microtype Info: Loading generic protrusion settings for font family
(microtype)             `ptm' (encoding: TU).
(microtype)             For optimal results, create family-specific settings.
(microtype)             See the microtype manual for details.
LaTeX Font Info:    Trying to load font information for U+msa on input line 148
.

(D:\apps\miktex\tex/latex/amsfonts\umsa.fd
File: umsa.fd 2013/01/14 v3.01 AMS symbols A
)
(D:\apps\miktex\tex/latex/microtype\mt-msa.cfg
File: mt-msa.cfg 2006/02/04 v1.1 microtype config. file: AMS symbols (a) (RS)
)
LaTeX Font Info:    Trying to load font information for U+msb on input line 148
.

(D:\apps\miktex\tex/latex/amsfonts\umsb.fd
File: umsb.fd 2013/01/14 v3.01 AMS symbols B
)
(D:\apps\miktex\tex/latex/microtype\mt-msb.cfg
File: mt-msb.cfg 2005/06/01 v1.0 microtype config. file: AMS symbols (b) (RS)
)
(D:\apps\miktex\tex/latex/microtype\mt-cmr.cfg
File: mt-cmr.cfg 2013/05/19 v2.2 microtype config. file: Computer Modern Roman 
(RS)
)
LaTeX Font Info:    Trying to load font information for U+rsfs on input line 14
8.

(D:\apps\miktex\tex/latex/jknappen\ursfs.fd
File: ursfs.fd 1998/03/24 rsfs font definition file (jk)
)

Package fontspec Info: 
(fontspec)             Could not resolve font "FangSong/BI" (it probably
(fontspec)             doesn't exist).


Package fontspec Info: 
(fontspec)             Could not resolve font "FangSong/B" (it probably
(fontspec)             doesn't exist).


Package fontspec Info: 
(fontspec)             Could not resolve font "FangSong/I" (it probably
(fontspec)             doesn't exist).

LaTeX Font Info:    Trying to load font information for T1+lmtt on input line 1
48.

(D:\apps\miktex\tex/latex/lm\t1lmtt.fd
File: t1lmtt.fd 2015/05/01 v1.6.1 Font defs for Latin Modern
)
Package microtype Info: Loading generic protrusion settings for font family
(microtype)             `lmtt' (encoding: T1).
(microtype)             For optimal results, create family-specific settings.
(microtype)             See the microtype manual for details.

Package fontspec Info: 
(fontspec)             Font family 'FangSong(0)' created for font 'FangSong'
(fontspec)             with options [Script={CJK}].
(fontspec)              
(fontspec)              This font family consists of the following NFSS
(fontspec)             series/shapes:
(fontspec)              
(fontspec)             - 'normal' (m/n) with NFSS spec.:
(fontspec)             <->"FangSong/OT:script=hani;language=dflt;"

 (paratext/abstract.tex)
(sections/01-introduction.tex

LaTeX Font Warning: Font shape `TU/SimSun(0)/m/it' undefined
(Font)              using `TU/SimSun(0)/m/n' instead on input line 4.

) (figures/sim-real-gabors/fig.tex
File: figures/sim-real-gabors/ringach/1-real.pdf Graphic file (type pdf)
<use figures/sim-real-gabors/ringach/1-real.pdf>
File: figures/sim-real-gabors/ringach/5-real.pdf Graphic file (type pdf)
<use figures/sim-real-gabors/ringach/5-real.pdf>
File: figures/sim-real-gabors/ringach/2-real.pdf Graphic file (type pdf)
<use figures/sim-real-gabors/ringach/2-real.pdf>
File: figures/sim-real-gabors/ringach/6-real.pdf Graphic file (type pdf)
<use figures/sim-real-gabors/ringach/6-real.pdf>
File: figures/sim-real-gabors/ringach/3-real.pdf Graphic file (type pdf)
<use figures/sim-real-gabors/ringach/3-real.pdf>
File: figures/sim-real-gabors/ringach/7-real.pdf Graphic file (type pdf)
<use figures/sim-real-gabors/ringach/7-real.pdf>
File: figures/sim-real-gabors/ringach/4-real.pdf Graphic file (type pdf)
<use figures/sim-real-gabors/ringach/4-real.pdf>
File: figures/sim-real-gabors/ringach/8-real.pdf Graphic file (type pdf)
<use figures/sim-real-gabors/ringach/8-real.pdf>
File: figures/sim-real-gabors/decharms/fig2-d.pdf Graphic file (type pdf)
<use figures/sim-real-gabors/decharms/fig2-d.pdf>
File: figures/sim-real-gabors/decharms/fig2-e.pdf Graphic file (type pdf)
<use figures/sim-real-gabors/decharms/fig2-e.pdf>
File: figures/sim-real-gabors/decharms/fig2-f.pdf Graphic file (type pdf)
<use figures/sim-real-gabors/decharms/fig2-f.pdf>
File: figures/sim-real-gabors/decharms/fig2-h.pdf Graphic file (type pdf)
<use figures/sim-real-gabors/decharms/fig2-h.pdf>
File: figures/sim-real-gabors/singer/fig2-a1.pdf Graphic file (type pdf)
<use figures/sim-real-gabors/singer/fig2-a1.pdf>
File: figures/sim-real-gabors/singer/fig2-a2.pdf Graphic file (type pdf)
<use figures/sim-real-gabors/singer/fig2-a2.pdf>
File: figures/sim-real-gabors/singer/fig2-a4.pdf Graphic file (type pdf)
<use figures/sim-real-gabors/singer/fig2-a4.pdf>
File: figures/sim-real-gabors/singer/fig2-a5.pdf Graphic file (type pdf)
<use figures/sim-real-gabors/singer/fig2-a5.pdf>
File: figures/sim-real-gabors/alexnet.png Graphic file (type bmp)
<figures/sim-real-gabors/alexnet.png>
File: figures/sim-real-gabors/ica/1-2d-blob.pdf Graphic file (type pdf)
<use figures/sim-real-gabors/ica/1-2d-blob.pdf>
File: figures/sim-real-gabors/ica/2-2d-blob.pdf Graphic file (type pdf)
<use figures/sim-real-gabors/ica/2-2d-blob.pdf>
File: figures/sim-real-gabors/ica/3-2d-blob.pdf Graphic file (type pdf)
<use figures/sim-real-gabors/ica/3-2d-blob.pdf>
File: figures/sim-real-gabors/ica/4-2d-blob.pdf Graphic file (type pdf)
<use figures/sim-real-gabors/ica/4-2d-blob.pdf>
File: figures/sim-real-gabors/ica/5-2d-blob.pdf Graphic file (type pdf)
<use figures/sim-real-gabors/ica/5-2d-blob.pdf>
File: figures/sim-real-gabors/ica/6-2d-blob.pdf Graphic file (type pdf)
<use figures/sim-real-gabors/ica/6-2d-blob.pdf>
File: figures/sim-real-gabors/ica/7-2d-blob.pdf Graphic file (type pdf)
<use figures/sim-real-gabors/ica/7-2d-blob.pdf>
File: figures/sim-real-gabors/ica/8-2d-blob.pdf Graphic file (type pdf)
<use figures/sim-real-gabors/ica/8-2d-blob.pdf>
File: figures/sim-real-gabors/2d-blobs/1-2d-blob.pdf Graphic file (type pdf)
<use figures/sim-real-gabors/2d-blobs/1-2d-blob.pdf>
File: figures/sim-real-gabors/2d-blobs/2-2d-blob.pdf Graphic file (type pdf)
<use figures/sim-real-gabors/2d-blobs/2-2d-blob.pdf>
File: figures/sim-real-gabors/2d-blobs/3-2d-blob.pdf Graphic file (type pdf)
<use figures/sim-real-gabors/2d-blobs/3-2d-blob.pdf>
File: figures/sim-real-gabors/2d-blobs/4-2d-blob.pdf Graphic file (type pdf)
<use figures/sim-real-gabors/2d-blobs/4-2d-blob.pdf>
File: figures/sim-real-gabors/2d-blobs/5-2d-blob.pdf Graphic file (type pdf)
<use figures/sim-real-gabors/2d-blobs/5-2d-blob.pdf>
File: figures/sim-real-gabors/2d-blobs/6-2d-blob.pdf Graphic file (type pdf)
<use figures/sim-real-gabors/2d-blobs/6-2d-blob.pdf>
File: figures/sim-real-gabors/2d-blobs/7-2d-blob.pdf Graphic file (type pdf)
<use figures/sim-real-gabors/2d-blobs/7-2d-blob.pdf>
File: figures/sim-real-gabors/2d-blobs/8-2d-blob.pdf Graphic file (type pdf)
<use figures/sim-real-gabors/2d-blobs/8-2d-blob.pdf>
) (sections/02-model.tex

[1


]
\c@modelenumi=\count529


LaTeX Font Warning: Font shape `TU/ptm/b/n' undefined
(Font)              using `TU/ptm/m/n' instead on input line 19.



[2]
\c@propenumi=\count530
LaTeX Font Info:    Trying to load font information for U+bbm on input line 56.

 (D:\apps\miktex\tex/latex/bbm\ubbm.fd
File: ubbm.fd 1999/03/15 V 1.2 Font definition for bbm font - TH
)
Overfull \hbox (6.22293pt too wide) detected at line 56
\OML/cmm/m/it/10 ^^K\OT1/cmr/m/n/10 (\OML/cmm/m/it/10 N\OT1/cmr/m/n/10 ) \U/msa
/m/n/10 , [] \OMS/cmsy/m/n/10 j []\OT1/cmr/m/n/10 (\OML/cmm/m/it/10 X[] \OMS/cm
sy/m/n/10 2 \OML/cmm/m/it/10 A; X[] \OMS/cmsy/m/n/10 2 \OML/cmm/m/it/10 B\OT1/c
mr/m/n/10 ) \OMS/cmsy/m/n/10 ^^@ []\OT1/cmr/m/n/10 (\OML/cmm/m/it/10 X[] \OMS/c
msy/m/n/10 2 \OML/cmm/m/it/10 A\OT1/cmr/m/n/10 ) [](\OML/cmm/m/it/10 X[] \OMS/c
msy/m/n/10 2 \OML/cmm/m/it/10 B\OT1/cmr/m/n/10 )\OMS/cmsy/m/n/10 j ! \OT1/cmr/m
/n/10 0 \OML/cmm/m/it/10 ;
 []


Underfull \hbox (badness 2478) in paragraph at lines 47--73
[][]\T1/ptm/m/n/10 Ingrosso and Goldt [[][]IG22[][]] \TU/SimSun(0)/b/n/10   
            |       
 []


Underfull \hbox (badness 2529) in paragraph at lines 47--73
\TU/SimSun(0)/b/n/10     [][]\T1/ptm/m/n/10 Sec-tion 3[][] \TU/SimSun(0)/b/
n/10     |               |    
 []


Underfull \hbox (badness 1688) in paragraph at lines 47--73
\TU/SimSun(0)/b/n/10       |            |          
    
 []


Underfull \hbox (badness 2277) in paragraph at lines 47--73
\TU/SimSun(0)/b/n/10  |    |       $[][]$    $\OML/cmm/m/it/10 p
$ \TU/SimSun(0)/b/n/10       $[]$|       |
 []

LaTeX Font Info:    Font shape `T1/lmtt/bx/n' in size <10> not available
(Font)              Font shape `T1/lmtt/b/n' tried instead on input line 93.
(figures/task/fig.tex
Overfull \hbox (3.36688pt too wide) in paragraph at lines 49--49
[]|[]| 
 []

File: figures/task/samples_long/ising.pdf Graphic file (type pdf)
<use figures/task/samples_long/ising.pdf>
File: figures/task/samples_short/ising.pdf Graphic file (type pdf)
<use figures/task/samples_short/ising.pdf>

Overfull \hbox (3.36688pt too wide) in paragraph at lines 49--49
[]|[]| 
 []

File: figures/task/cov/ising.pdf Graphic file (type pdf)
<use figures/task/cov/ising.pdf>

Overfull \hbox (4.23839pt too wide) in paragraph at lines 49--49
[]|[]| 
 []

File: figures/task/marginal/ising.pdf Graphic file (type pdf)
<use figures/task/marginal/ising.pdf>

Overfull \hbox (3.36688pt too wide) in paragraph at lines 49--49
[]|[]| 
 []

File: figures/task/samples_long/gaussian.pdf Graphic file (type pdf)
<use figures/task/samples_long/gaussian.pdf>
File: figures/task/samples_short/gaussian.pdf Graphic file (type pdf)
<use figures/task/samples_short/gaussian.pdf>

Overfull \hbox (3.36688pt too wide) in paragraph at lines 49--49
[]|[]| 
 []

File: figures/task/cov/gaussian.pdf Graphic file (type pdf)
<use figures/task/cov/gaussian.pdf>

Overfull \hbox (4.23839pt too wide) in paragraph at lines 49--49
[]|[]| 
 []

File: figures/task/marginal/gaussian.pdf Graphic file (type pdf)
<use figures/task/marginal/gaussian.pdf>

Overfull \hbox (3.36688pt too wide) in paragraph at lines 49--49
[]|[]| 
 []

File: figures/task/samples_long/alg5.pdf Graphic file (type pdf)
<use figures/task/samples_long/alg5.pdf>
File: figures/task/samples_short/alg5.pdf Graphic file (type pdf)
<use figures/task/samples_short/alg5.pdf>

Overfull \hbox (3.36688pt too wide) in paragraph at lines 49--49
[]|[]| 
 []

File: figures/task/cov/alg5.pdf Graphic file (type pdf)
<use figures/task/cov/alg5.pdf>

Overfull \hbox (4.23839pt too wide) in paragraph at lines 49--49
[]|[]| 
 []

File: figures/task/marginal/alg5.pdf Graphic file (type pdf)
<use figures/task/marginal/alg5.pdf>

Overfull \hbox (10.29222pt too wide) in paragraph at lines 7--63
 [] 
 []

)

[3]) (sections/03-theoretical-results.tex

[4]
\c@assumenumi=\count531
 (figures/theory/fig.tex
File: figures/task/marginal/ising.pdf Graphic file (type pdf)
<use figures/task/marginal/ising.pdf>

Overfull \hbox (11.68297pt too wide) in paragraph at lines 8--14
[]|[]| 
 []


Overfull \hbox (5.0pt too wide) in paragraph at lines 15--15
[]|[]| 
 []

File: figures/theory/varphi/ising.pdf Graphic file (type pdf)
<use figures/theory/varphi/ising.pdf>

Overfull \hbox (4.80632pt too wide) in paragraph at lines 17--17
[]|[]| 
 []

File: figures/theory/rf_evol/ising_neurips.pdf Graphic file (type pdf)
<use figures/theory/rf_evol/ising_neurips.pdf>

Overfull \hbox (4.80632pt too wide) in paragraph at lines 19--19
[]|[]| 
 []

File: figures/theory/rf_sim/ising_kurtosis_neurips.pdf Graphic file (type pdf)
<use figures/theory/rf_sim/ising_kurtosis_neurips.pdf>
File: figures/task/marginal/gaussian.pdf Graphic file (type pdf)
<use figures/task/marginal/gaussian.pdf>

Overfull \hbox (12.99585pt too wide) in paragraph at lines 22--27
[]|[]| 
 []


Overfull \hbox (5.0pt too wide) in paragraph at lines 28--28
[]|[]| 
 []

File: figures/theory/varphi/gaussian.pdf Graphic file (type pdf)
<use figures/theory/varphi/gaussian.pdf>

Overfull \hbox (4.80632pt too wide) in paragraph at lines 30--30
[]|[]| 
 []

File: figures/theory/rf_evol/gaussian_neurips.pdf Graphic file (type pdf)
<use figures/theory/rf_evol/gaussian_neurips.pdf>

Overfull \hbox (4.80632pt too wide) in paragraph at lines 32--32
[]|[]| 
 []

File: figures/theory/rf_sim/gaussian_kurtosis_neurips.pdf Graphic file (type pd
f)
<use figures/theory/rf_sim/gaussian_kurtosis_neurips.pdf>
File: figures/task/marginal/alg5.pdf Graphic file (type pdf)
<use figures/task/marginal/alg5.pdf>

Overfull \hbox (11.77368pt too wide) in paragraph at lines 35--40
[]|[]| 
 []


Overfull \hbox (5.0pt too wide) in paragraph at lines 41--41
[]|[]| 
 []

File: figures/theory/varphi/alg5.pdf Graphic file (type pdf)
<use figures/theory/varphi/alg5.pdf>

Overfull \hbox (4.80632pt too wide) in paragraph at lines 45--45
[]|[]| 
 []

File: figures/theory/rf_evol/alg5_neurips.pdf Graphic file (type pdf)
<use figures/theory/rf_evol/alg5_neurips.pdf>

Overfull \hbox (4.80632pt too wide) in paragraph at lines 47--47
[]|[]| 
 []

File: figures/theory/rf_sim/alg5_kurtosis_neurips.pdf Graphic file (type pdf)
<use figures/theory/rf_sim/alg5_kurtosis_neurips.pdf>
)

[5]

[6]) (sections/04-experimental-results.tex

Package hyperref Warning: Token not allowed in a PDF string (Unicode):
(hyperref)                removing `\new@ifnextchar' on input line 8.

(figures/elliptical/fig.tex
Overfull \hbox (4.80632pt too wide) in paragraph at lines 6--6
[]|[]| 
 []

File: rebuttal-figures/elliptical/t3.pdf Graphic file (type pdf)
<use rebuttal-figures/elliptical/t3.pdf>

Overfull \hbox (4.80632pt too wide) in paragraph at lines 8--8
[]|[]| 
 []

File: rebuttal-figures/elliptical/shell.pdf Graphic file (type pdf)
<use rebuttal-figures/elliptical/shell.pdf>

Overfull \hbox (4.80632pt too wide) in paragraph at lines 10--10
[]|[]| 
 []

File: rebuttal-figures/elliptical/extreme.pdf Graphic file (type pdf)
<use rebuttal-figures/elliptical/extreme.pdf>
) (figures/replications/fig.tex
File: rebuttal-figures/replications/kurtosis_vs_ipr_40.pdf Graphic file (type p
df)
<use rebuttal-figures/replications/kurtosis_vs_ipr_40.pdf>
)

[7] (figures/extensions/fig.tex
Overfull \hbox (4.80632pt too wide) in paragraph at lines 17--17
[]|[]| 
 []

File: figures/extensions/10erf_alg10.pdf Graphic file (type pdf)
<use figures/extensions/10erf_alg10.pdf>
File: figures/extensions/10erf_alg4.pdf Graphic file (type pdf)
<use figures/extensions/10erf_alg4.pdf>
File: figures/extensions/ica_alg3.pdf Graphic file (type pdf)
<use figures/extensions/ica_alg3.pdf>

Overfull \hbox (3.18555pt too wide) in paragraph at lines 17--23
[][] 
 []

)

Package hyperref Warning: Token not allowed in a PDF string (Unicode):
(hyperref)                removing `\new@ifnextchar' on input line 32.


Package hyperref Warning: Token not allowed in a PDF string (Unicode):
(hyperref)                removing `subscript' on input line 32.


Package hyperref Warning: Token not allowed in a PDF string (Unicode):
(hyperref)                removing `subscript' on input line 32.

(figures/multi-neuron/fig.tex
Overfull \vbox (16.74396pt too high) detected at line 16
 []


Overfull \hbox (9.80632pt too wide) in paragraph at lines 16--16
[]|[]
 []

File: figures/multi-neuron/10erf_alg4_subset4.pdf Graphic file (type pdf)
<use figures/multi-neuron/10erf_alg4_subset4.pdf>
File: figures/multi-neuron/10erf_alg30_subset4.pdf Graphic file (type pdf)
<use figures/multi-neuron/10erf_alg30_subset4.pdf>
)

[8]) (sections/05-conclusions.tex)

[9] (paratext/acks.tex)
Underfull \hbox (badness 1496) in paragraph at lines 164--164
\T1/ptm/m/n/10 1175. \T1/ptm/m/sc/10 url\T1/ptm/m/n/10 : [][]$\T1/lmtt/m/n/10 h
ttps : / / linkinghub . elsevier . com / retrieve / pii /
 []



[10

]

[11]
Underfull \hbox (badness 1127) in paragraph at lines 164--164
[]\T1/ptm/m/n/10 A. Krizhevsky, I. Sutskever, and G. E. Hin-ton. ``Im-a-geNet C
las-si-fi-ca-tion with
 []


Underfull \hbox (badness 2426) in paragraph at lines 164--164
\T1/ptm/m/it/10 cess-ing Sys-tems\T1/ptm/m/n/10 . Vol. 25. Cur-ran As-so-ciates
, Inc., 2012. \T1/ptm/m/sc/10 url\T1/ptm/m/n/10 : [][]$\T1/lmtt/m/n/10 https : 
/ /
 []


Underfull \hbox (badness 1248) in paragraph at lines 164--164
[]\T1/ptm/m/n/10 B. A. Ol-shausen and D. J. Field. ``Sparse Cod-ing with an Ove
r-com-plete Ba-
 []



[12]
Underfull \hbox (badness 1742) in paragraph at lines 164--164
\T1/lmtt/m/n/10 / / papers . nips . cc / paper % 5C % 5Ffiles / paper / 2022 / 
hash /
 []



[13] (sections/a1-proofs.tex

Package hyperref Warning: Token not allowed in a PDF string (Unicode):
(hyperref)                removing `math shift' on input line 20.


Package hyperref Warning: Token not allowed in a PDF string (Unicode):
(hyperref)                removing `\varphi' on input line 20.


Package hyperref Warning: Token not allowed in a PDF string (Unicode):
(hyperref)                removing `math shift' on input line 20.


Package hyperref Warning: Token not allowed in a PDF string (Unicode):
(hyperref)                removing `\new@ifnextchar' on input line 55.


Package hyperref Warning: Token not allowed in a PDF string (Unicode):
(hyperref)                removing `subscript' on input line 55.


Package hyperref Warning: Token not allowed in a PDF string (Unicode):
(hyperref)                removing `subscript' on input line 55.



[14

]

Package hyperref Warning: Token not allowed in a PDF string (Unicode):
(hyperref)                removing `\new@ifnextchar' on input line 65.



[15]

[16]
Overfull \hbox (62.05392pt too wide) detected at line 203
[]
 []



[17]) (sections/a2-experiments.tex

Package hyperref Warning: Token not allowed in a PDF string (Unicode):
(hyperref)                removing `\new@ifnextchar' on input line 3.



[18] (figures/time/fig.tex
File: rebuttal-figures/time/seed=0/ipr_mse_zoomed_in.pdf Graphic file (type pdf
)
<use rebuttal-figures/time/seed=0/ipr_mse_zoomed_in.pdf>
File: rebuttal-figures/time/seed=0/timeshot.pdf Graphic file (type pdf)
<use rebuttal-figures/time/seed=0/timeshot.pdf>
File: rebuttal-figures/time/seed=1/ipr_mse_zoomed_in.pdf Graphic file (type pdf
)
<use rebuttal-figures/time/seed=1/ipr_mse_zoomed_in.pdf>
File: rebuttal-figures/time/seed=1/timeshot.pdf Graphic file (type pdf)
<use rebuttal-figures/time/seed=1/timeshot.pdf>
File: rebuttal-figures/time/seed=2/ipr_mse_zoomed_in.pdf Graphic file (type pdf
)
<use rebuttal-figures/time/seed=2/ipr_mse_zoomed_in.pdf>
File: rebuttal-figures/time/seed=2/timeshot.pdf Graphic file (type pdf)
<use rebuttal-figures/time/seed=2/timeshot.pdf>
File: rebuttal-figures/time/seed=3/ipr_mse_zoomed_in.pdf Graphic file (type pdf
)
<use rebuttal-figures/time/seed=3/ipr_mse_zoomed_in.pdf>
File: rebuttal-figures/time/seed=3/timeshot.pdf Graphic file (type pdf)
<use rebuttal-figures/time/seed=3/timeshot.pdf>
File: rebuttal-figures/time/seed=0_gaussian/ipr_mse.pdf Graphic file (type pdf)

<use rebuttal-figures/time/seed=0_gaussian/ipr_mse.pdf>
File: rebuttal-figures/time/seed=0_gaussian/timeshot.pdf Graphic file (type pdf
)
<use rebuttal-figures/time/seed=0_gaussian/timeshot.pdf>
))

[19]

[20] (main-neurips.aux)
 ***********
LaTeX2e <2025-06-01> patch level 1
L3 programming layer <2022/08/05>
 ***********


LaTeX Font Warning: Some font shapes were not available, defaults substituted.

Package rerunfilecheck Info: File `main-neurips.out' has not changed.
(rerunfilecheck)             Checksum: 343EF7D7488A4EB0F67E5690DAED0D6A;4362.
Package logreq Info: Writing requests to 'main-neurips.run.xml'.
\openout1 = `main-neurips.run.xml'.

 ) 
Here is how much of TeX's memory you used:
 45789 strings out of 403337
 990194 string characters out of 5469250
 1916871 words of memory out of 5000000
 73396 multiletter control sequences out of 15000+600000
 672639 words of font info for 131 fonts, out of 8000000 for 9000
 1348 hyphenation exceptions out of 8191
 98i,21n,101p,1011b,4990s stack positions out of 10000i,1000n,20000p,200000b,200000s

Output written on main-neurips.xdv (20 pages, 492552 bytes).
