\BOOKMARK [1][-]{section.1}{\376\377\137\025\212\000}{}% 1
\BOOKMARK [1][-]{section.2}{\376\377\136\372\152\041\145\271\154\325}{}% 2
\BOOKMARK [2][-]{subsection.2.1}{\376\377\171\136\176\317\177\121\176\334\147\266\147\204\116\016\133\146\116\140\173\227\154\325}{section.2}% 3
\BOOKMARK [2][-]{subsection.2.2}{\376\377\122\072\157\300\162\171\140\047}{section.2}% 4
\BOOKMARK [2][-]{subsection.2.3}{\376\377\225\177\136\246\134\072\136\246\122\044\122\053\116\373\122\241}{section.2}% 5
\BOOKMARK [1][-]{section.3}{\376\377\164\006\213\272\176\323\147\234}{}% 6
\BOOKMARK [2][-]{subsection.3.1}{\376\377\123\125\171\136\176\317\121\103\116\055\133\232\117\115\122\250\122\233\133\146\166\204\122\006\147\220\152\041\127\213}{section.3}% 7
\BOOKMARK [2][-]{subsection.3.2}{\376\377\155\214\163\260\134\100\220\350\123\026\166\204\137\305\211\201\124\214\121\105\122\006\147\141\116\366}{section.3}% 8
\BOOKMARK [2][-]{subsection.3.3}{\376\377\150\110\117\213\170\024\172\166\377\032\151\055\127\006\122\006\136\003\147\052\200\375\116\247\165\037\134\100\220\350\123\026}{section.3}% 9
\BOOKMARK [1][-]{section.4}{\376\377\133\236\232\214\176\323\147\234}{}% 10
\BOOKMARK [2][-]{subsection.4.1}{\376\377\220\032\217\307\153\143\215\037\230\204\155\113\232\214\213\301\000\040\000C\000l\000a\000i\000m\000\040\000t\000h\000m\000:\000l\000o\000c\000a\000l\000i\000z\000a\000t\000i\000o\000n}{section.4}% 11
\BOOKMARK [2][-]{subsection.4.2}{\376\377\220\032\217\307\117\115\177\156\230\204\155\113\232\214\213\301\000e\000q\000:\000g\000r\000a\000d\000i\000e\000n\000t\000f\000l\000o\000w\000e\000a\000r\000l\000y}{section.4}% 12
\BOOKMARK [2][-]{subsection.4.3}{\376\377\232\214\213\301\124\175\230\230\000\040\0003\000.\0003\377\032\151\055\127\006\122\006\136\003\145\340\154\325\133\236\163\260\134\100\220\350\123\026}{section.4}% 13
\BOOKMARK [2][-]{subsection.4.4}{\376\377\133\371\131\032\171\136\176\317\121\103\152\041\127\213\124\214\000\040\000I\000C\000A\000\040\166\204\142\151\134\125}{section.4}% 14
\BOOKMARK [1][-]{section.5}{\376\377\176\323\213\272}{}% 15
\BOOKMARK [1][-]{appendix.A}{\376\377\133\232\116\111\116\016\173\046\123\367}{}% 16
\BOOKMARK [2][-]{subsection.A.1}{\376\377\173\046\123\367}{appendix.A}% 17
\BOOKMARK [2][-]{subsection.A.2}{\376\377\116\343\145\160\000s\000i\000g\000m\000o\000i\000d\121\375\145\160}{appendix.A}% 18
\BOOKMARK [2][-]{subsection.A.3}{\376\377\123\315\123\302\116\016\153\324\377\010\000I\000P\000R\377\011}{appendix.A}% 19
\BOOKMARK [1][-]{appendix.B}{\376\377\215\205\121\372\116\073\145\207\203\003\126\364\166\204\142\151\134\125}{}% 20
\BOOKMARK [2][-]{subsection.B.1}{\376\377\145\076\131\047\126\150\000\040\000\040\166\204\211\343\147\220\140\047\215\050}{appendix.B}% 21
\BOOKMARK [2][-]{subsection.B.2}{\376\377\145\271\172\013\000\040\000e\000q\000:\000g\000r\000a\000d\000i\000e\000n\000t\000f\000l\000o\000w\000e\000a\000r\000l\000y\000\040\166\204\000\040\000P\000D\000E\000\040\147\201\226\120}{appendix.B}% 22
\BOOKMARK [2][-]{subsection.B.3}{\376\377\120\107\213\276\000\040\000i\000t\000e\000m\000:\000m\000e\000a\000n\000-\000a\000s\000s\000u\000m\000p\000t\000i\000o\000n\000,\000i\000t\000e\000m\000:\000c\000o\000v\000a\000r\000i\000a\000n\000c\000e\000-\000a\000s\000s\000u\000m\000p\000t\000i\000o\000n\000\040\000v\000s\000.\000\040\232\330\145\257\173\111\116\367\140\047}{appendix.B}% 23
\BOOKMARK [1][-]{appendix.C}{\376\377\164\006\213\272\176\323\147\234\166\204\213\301\146\016}{}% 24
\BOOKMARK [2][-]{subsection.C.1}{\376\377\127\107\145\271\213\357\135\356\377\010\000M\000S\000E\377\011\143\137\131\061\166\204\150\257\136\246\155\101}{appendix.C}% 25
\BOOKMARK [2][-]{subsection.C.2}{\376\377\137\025\164\006\000\040\0003\000.\0001\000\040\166\204\213\301\146\016}{appendix.C}% 26
\BOOKMARK [2][-]{subsection.C.3}{\376\377\137\025\164\006\000\040\000B\000.\0001\000\040\166\204\213\301\146\016}{appendix.C}% 27
\BOOKMARK [2][-]{subsection.C.4}{\376\377\124\175\230\230\000\040\0003\000.\0003\166\204\213\301\146\016}{appendix.C}% 28
\BOOKMARK [1][-]{appendix.D}{\376\377\226\104\122\240\133\236\232\214}{}% 29
\BOOKMARK [2][-]{subsection.D.1}{\376\377\123\357\211\306\123\026\120\107\213\276\000\040\000i\000t\000e\000m\000:\000l\000i\000n\000d\000e\000b\000e\000r\000g\000-\000c\000o\000n\000d\000i\000t\000i\000o\000n\000\040\166\204\122\006\211\343}{appendix.D}% 30
