\BOOKMARK [1][-]{section.1}{\376\377\137\025\212\000}{}% 1
\BOOKMARK [1][-]{section.2}{\376\377\170\024\172\166\200\314\146\157}{}% 2
\BOOKMARK [2][-]{subsection.2.1}{\376\377\226\306\142\020\133\146\116\140}{section.2}% 3
\BOOKMARK [2][-]{subsection.2.2}{\376\377\000C\000o\000d\000e\000B\000L\000E\000U}{section.2}% 4
\BOOKMARK [2][-]{subsection.2.3}{\376\377\000C\000r\000o\000s\000s\000H\000a\000i\000r}{section.2}% 5
\BOOKMARK [1][-]{section.3}{\376\377\145\271\154\325}{}% 6
\BOOKMARK [2][-]{subsection.3.1}{\376\377\213\355\154\325\116\016\213\355\116\111\166\370\117\074\140\047}{section.3}% 7
\BOOKMARK [2][-]{subsection.3.2}{\376\377\210\114\116\072\166\370\117\074\140\047}{section.3}% 8
\BOOKMARK [2][-]{subsection.3.3}{\376\377\213\355\154\325\060\001\213\355\116\111\116\016\210\114\116\072\166\370\117\074\140\047\166\204\226\306\142\020}{section.3}% 9
\BOOKMARK [2][-]{subsection.3.4}{\376\377\127\372\116\216\200\132\124\010\166\370\117\074\136\246\166\204\142\225\171\150\220\011\142\351}{section.3}% 10
\BOOKMARK [2][-]{subsection.3.5}{\376\377\134\100\226\120\140\047}{section.3}% 11
\BOOKMARK [1][-]{section.4}{\376\377\213\304\117\060}{}% 12
\BOOKMARK [2][-]{subsection.4.1}{\376\377\133\236\232\214\213\276\177\156}{section.4}% 13
\BOOKMARK [3][-]{subsubsection.4.1.1}{\376\377\170\024\172\166\225\356\230\230}{subsection.4.1}% 14
\BOOKMARK [3][-]{subsubsection.4.1.2}{\376\377\127\372\121\306\155\113\213\325}{subsection.4.1}% 15
\BOOKMARK [3][-]{subsubsection.4.1.3}{\376\377\127\372\176\277\152\041\127\213}{subsection.4.1}% 16
\BOOKMARK [3][-]{subsubsection.4.1.4}{\376\377\133\236\163\260\145\271\154\325}{subsection.4.1}% 17
\BOOKMARK [2][-]{subsection.4.2}{\376\377\133\236\232\214\176\323\147\234}{section.4}% 18
\BOOKMARK [3][-]{subsubsection.4.2.1}{\376\377\000R\000Q\0001\000:\000\040\116\016\162\354\172\313\131\047\213\355\212\000\152\041\127\213\166\370\153\324\377\014\000E\000n\000s\000L\000L\000M\000\040\210\150\163\260\131\202\117\125\377\037}{subsection.4.2}% 19
\BOOKMARK [3][-]{subsubsection.4.2.2}{\376\377\000R\000Q\0002\377\032\000C\000o\000d\000e\000B\000L\000E\000U\116\016\000C\000r\000o\000s\000s\000H\000a\000i\000r\131\202\117\125\122\006\122\053\137\161\124\315\377\037}{subsection.4.2}% 20
\BOOKMARK [3][-]{subsubsection.4.2.3}{\376\377\000R\000Q\0003\377\032\116\305\117\177\165\050\121\115\215\071\000L\000L\000M\200\375\203\267\137\227\131\032\134\021\121\306\170\156\163\207\143\320\123\107\377\037}{subsection.4.2}% 21
\BOOKMARK [2][-]{subsection.4.3}{\376\377\147\011\145\110\140\047\132\001\200\301}{section.4}% 22
\BOOKMARK [1][-]{section.5}{\376\377\166\370\121\163\135\345\117\134}{}% 23
\BOOKMARK [1][-]{section.6}{\376\377\176\323\213\272}{}% 24
