This is pdfTeX, Version 3.141592653-2.6-1.40.27 (MiKTeX 25.4) (preloaded format=pdflatex 2025.7.9)  11 JUL 2025 14:58
entering extended mode
 restricted \write18 enabled.
 file:line:error style messages enabled.
 %&-line parsing enabled.
**./ccl2024-en.tex
(ccl2024-en.tex
LaTeX2e <2025-06-01> patch level 1
L3 programming layer <2025-06-09>
(D:\apps\miktex\tex/latex/base\article.cls
Document Class: article 2025/01/22 v1.4n Standard LaTeX document class
(D:\apps\miktex\tex/latex/base\size11.clo
File: size11.clo 2025/01/22 v1.4n Standard LaTeX file (size option)
)
\c@part=\count275
\c@section=\count276
\c@subsection=\count277
\c@subsubsection=\count278
\c@paragraph=\count279
\c@subparagraph=\count280
\c@figure=\count281
\c@table=\count282
\abovecaptionskip=\skip49
\belowcaptionskip=\skip50
\bibindent=\dimen148
)
(D:\apps\miktex\tex/latex/cjk\CJKutf8.sty
Package: CJKutf8 2021/10/16 4.8.5

(D:\apps\miktex\tex/generic/iftex\ifpdf.sty
Package: ifpdf 2019/10/25 v3.4 ifpdf legacy package. Use iftex instead.

(D:\apps\miktex\tex/generic/iftex\iftex.sty
Package: iftex 2024/12/12 v1.0g TeX engine tests
))
(D:\apps\miktex\tex/latex/base\inputenc.sty
Package: inputenc 2024/02/08 v1.3d Input encoding file
\inpenc@prehook=\toks17
\inpenc@posthook=\toks18
)
(D:\apps\miktex\tex/latex/cjk\CJK.sty
Package: CJK 2021/10/16 4.8.5

(D:\apps\miktex\tex/latex/cjk/mule\MULEenc.sty
Package: MULEenc 2021/10/16 4.8.5
)
(D:\apps\miktex\tex/latex/cjk\CJK.enc
File: CJK.enc 2021/10/16 4.8.5
Now handling font encoding C00 ...
... no UTF-8 mapping file for font encoding C00
Now handling font encoding C05 ...
... no UTF-8 mapping file for font encoding C05
Now handling font encoding C09 ...
... no UTF-8 mapping file for font encoding C09
Now handling font encoding C10 ...
... no UTF-8 mapping file for font encoding C10
Now handling font encoding C20 ...
... no UTF-8 mapping file for font encoding C20
Now handling font encoding C19 ...
... no UTF-8 mapping file for font encoding C19
Now handling font encoding C40 ...
... no UTF-8 mapping file for font encoding C40
Now handling font encoding C42 ...
... no UTF-8 mapping file for font encoding C42
Now handling font encoding C43 ...
... no UTF-8 mapping file for font encoding C43
Now handling font encoding C50 ...
... no UTF-8 mapping file for font encoding C50
Now handling font encoding C52 ...
... no UTF-8 mapping file for font encoding C52
Now handling font encoding C49 ...
... no UTF-8 mapping file for font encoding C49
Now handling font encoding C60 ...
... no UTF-8 mapping file for font encoding C60
Now handling font encoding C61 ...
... no UTF-8 mapping file for font encoding C61
Now handling font encoding C63 ...
... no UTF-8 mapping file for font encoding C63
Now handling font encoding C64 ...
... no UTF-8 mapping file for font encoding C64
Now handling font encoding C65 ...
... no UTF-8 mapping file for font encoding C65
Now handling font encoding C70 ...
... no UTF-8 mapping file for font encoding C70
Now handling font encoding C31 ...
... no UTF-8 mapping file for font encoding C31
Now handling font encoding C32 ...
... no UTF-8 mapping file for font encoding C32
Now handling font encoding C33 ...
... no UTF-8 mapping file for font encoding C33
Now handling font encoding C34 ...
... no UTF-8 mapping file for font encoding C34
Now handling font encoding C35 ...
... no UTF-8 mapping file for font encoding C35
Now handling font encoding C36 ...
... no UTF-8 mapping file for font encoding C36
Now handling font encoding C37 ...
... no UTF-8 mapping file for font encoding C37
Now handling font encoding C80 ...
... no UTF-8 mapping file for font encoding C80
Now handling font encoding C81 ...
... no UTF-8 mapping file for font encoding C81
Now handling font encoding C01 ...
... no UTF-8 mapping file for font encoding C01
Now handling font encoding C11 ...
... no UTF-8 mapping file for font encoding C11
Now handling font encoding C21 ...
... no UTF-8 mapping file for font encoding C21
Now handling font encoding C41 ...
... no UTF-8 mapping file for font encoding C41
Now handling font encoding C62 ...
... no UTF-8 mapping file for font encoding C62
)
\CJK@indent=\box53
)
(D:\apps\miktex\tex/latex/base\fontenc.sty
Package: fontenc 2024/12/21 v2.1c Standard LaTeX package
)) (ccl2024-en.sty
Conference Style for CCL 2024 -- prepared 19th Dec. 2019
(D:\apps\miktex\tex/latex/hyperref\hyperref.sty
Package: hyperref 2025-06-21 v7.01n Hypertext links for LaTeX

(D:\apps\miktex\tex/latex/graphics\keyval.sty
Package: keyval 2022/05/29 v1.15 key=value parser (DPC)
\KV@toks@=\toks19
)
(D:\apps\miktex\tex/latex/kvsetkeys\kvsetkeys.sty
Package: kvsetkeys 2022-10-05 v1.19 Key value parser (HO)
)
(D:\apps\miktex\tex/generic/kvdefinekeys\kvdefinekeys.sty
Package: kvdefinekeys 2019-12-19 v1.6 Define keys (HO)
)
(D:\apps\miktex\tex/generic/pdfescape\pdfescape.sty
Package: pdfescape 2019/12/09 v1.15 Implements pdfTeX's escape features (HO)

(D:\apps\miktex\tex/generic/ltxcmds\ltxcmds.sty
Package: ltxcmds 2023-12-04 v1.26 LaTeX kernel commands for general use (HO)
)
(D:\apps\miktex\tex/generic/pdftexcmds\pdftexcmds.sty
Package: pdftexcmds 2020-06-27 v0.33 Utility functions of pdfTeX for LuaTeX (HO
)

(D:\apps\miktex\tex/generic/infwarerr\infwarerr.sty
Package: infwarerr 2019/12/03 v1.5 Providing info/warning/error messages (HO)
)
Package pdftexcmds Info: \pdf@primitive is available.
Package pdftexcmds Info: \pdf@ifprimitive is available.
Package pdftexcmds Info: \pdfdraftmode found.
))
(D:\apps\miktex\tex/latex/hycolor\hycolor.sty
Package: hycolor 2020-01-27 v1.10 Color options for hyperref/bookmark (HO)
)
(D:\apps\miktex\tex/latex/hyperref\nameref.sty
Package: nameref 2025-06-21 v2.57 Cross-referencing by name of section

(D:\apps\miktex\tex/latex/refcount\refcount.sty
Package: refcount 2019/12/15 v3.6 Data extraction from label references (HO)
)
(D:\apps\miktex\tex/generic/gettitlestring\gettitlestring.sty
Package: gettitlestring 2019/12/15 v1.6 Cleanup title references (HO)

(D:\apps\miktex\tex/latex/kvoptions\kvoptions.sty
Package: kvoptions 2022-06-15 v3.15 Key value format for package options (HO)
))
\c@section@level=\count283
)
(D:\apps\miktex\tex/latex/etoolbox\etoolbox.sty
Package: etoolbox 2025/02/11 v2.5l e-TeX tools for LaTeX (JAW)
\etb@tempcnta=\count284
)
(D:\apps\miktex\tex/generic/stringenc\stringenc.sty
Package: stringenc 2019/11/29 v1.12 Convert strings between diff. encodings (HO
)
)
\@linkdim=\dimen149
\Hy@linkcounter=\count285
\Hy@pagecounter=\count286

(D:\apps\miktex\tex/latex/hyperref\pd1enc.def
File: pd1enc.def 2025-06-21 v7.01n Hyperref: PDFDocEncoding definition (HO)
Now handling font encoding PD1 ...
... no UTF-8 mapping file for font encoding PD1
)
(D:\apps\miktex\tex/generic/intcalc\intcalc.sty
Package: intcalc 2019/12/15 v1.3 Expandable calculations with integers (HO)
)
\Hy@SavedSpaceFactor=\count287

(D:\apps\miktex\tex/latex/hyperref\puenc.def
File: puenc.def 2025-06-21 v7.01n Hyperref: PDF Unicode definition (HO)
Now handling font encoding PU ...
... no UTF-8 mapping file for font encoding PU
)
Package hyperref Info: Hyper figures OFF on input line 4181.
Package hyperref Info: Link nesting OFF on input line 4186.
Package hyperref Info: Hyper index ON on input line 4189.
Package hyperref Info: Plain pages OFF on input line 4196.
Package hyperref Info: Backreferencing OFF on input line 4201.
Package hyperref Info: Implicit mode ON; LaTeX internals redefined.
Package hyperref Info: Bookmarks ON on input line 4448.
\c@Hy@tempcnt=\count288

(D:\apps\miktex\tex/latex/url\url.sty
\Urlmuskip=\muskip17
Package: url 2013/09/16  ver 3.4  Verb mode for urls, etc.
)
LaTeX Info: Redefining \url on input line 4787.
\XeTeXLinkMargin=\dimen150

(D:\apps\miktex\tex/generic/bitset\bitset.sty
Package: bitset 2019/12/09 v1.3 Handle bit-vector datatype (HO)

(D:\apps\miktex\tex/generic/bigintcalc\bigintcalc.sty
Package: bigintcalc 2019/12/15 v1.5 Expandable calculations on big integers (HO
)
))
\Fld@menulength=\count289
\Field@Width=\dimen151
\Fld@charsize=\dimen152
Package hyperref Info: Hyper figures OFF on input line 6066.
Package hyperref Info: Link nesting OFF on input line 6071.
Package hyperref Info: Hyper index ON on input line 6074.
Package hyperref Info: backreferencing OFF on input line 6081.
Package hyperref Info: Link coloring OFF on input line 6086.
Package hyperref Info: Link coloring with OCG OFF on input line 6091.
Package hyperref Info: PDF/A mode OFF on input line 6096.
\Hy@abspage=\count290
\c@Item=\count291
\c@Hfootnote=\count292
)
Package hyperref Info: Driver (autodetected): hpdftex.

(D:\apps\miktex\tex/latex/hyperref\hpdftex.def
File: hpdftex.def 2025-06-21 v7.01n Hyperref driver for pdfTeX
\Fld@listcount=\count293
\c@bookmark@seq@number=\count294

(D:\apps\miktex\tex/latex/rerunfilecheck\rerunfilecheck.sty
Package: rerunfilecheck 2025-06-21 v1.11 Rerun checks for auxiliary files (HO)

(D:\apps\miktex\tex/generic/uniquecounter\uniquecounter.sty
Package: uniquecounter 2019/12/15 v1.4 Provide unlimited unique counter (HO)
)
Package uniquecounter Info: New unique counter `rerunfilecheck' on input line 2
84.
)
\Hy@SectionHShift=\skip51
)
(D:\apps\miktex\tex/latex/xcolor\xcolor.sty
Package: xcolor 2024/09/29 v3.02 LaTeX color extensions (UK)

(D:\apps\miktex\tex/latex/graphics-cfg\color.cfg
File: color.cfg 2016/01/02 v1.6 sample color configuration
)
Package xcolor Info: Driver file: pdftex.def on input line 274.

(D:\apps\miktex\tex/latex/graphics-def\pdftex.def
File: pdftex.def 2024/04/13 v1.2c Graphics/color driver for pdftex
)
(D:\apps\miktex\tex/latex/graphics\mathcolor.ltx)
Package xcolor Info: Model `cmy' substituted by `cmy0' on input line 1349.
Package xcolor Info: Model `hsb' substituted by `rgb' on input line 1353.
Package xcolor Info: Model `RGB' extended on input line 1365.
Package xcolor Info: Model `HTML' substituted by `rgb' on input line 1367.
Package xcolor Info: Model `Hsb' substituted by `hsb' on input line 1368.
Package xcolor Info: Model `tHsb' substituted by `hsb' on input line 1369.
Package xcolor Info: Model `HSB' substituted by `hsb' on input line 1370.
Package xcolor Info: Model `Gray' substituted by `gray' on input line 1371.
Package xcolor Info: Model `wave' substituted by `hsb' on input line 1372.
)
Package hyperref Info: Option `colorlinks' set `true' on input line 62.
\titlebox=\skip52
)
(D:\apps\miktex\tex/latex/psnfss\times.sty
Package: times 2020/03/25 PSNFSS-v9.3 (SPQR) 
)
(D:\apps\miktex\tex/latex/base\latexsym.sty
Package: latexsym 1998/08/17 v2.2e Standard LaTeX package (lasy symbols)
\symlasy=\mathgroup4
LaTeX Font Info:    Overwriting symbol font `lasy' in version `bold'
(Font)                  U/lasy/m/n --> U/lasy/b/n on input line 52.
)
(D:\apps\miktex\tex/latex/fancyhdr\fancyhdr.sty
Package: fancyhdr 2025/02/07 v5.2 Extensive control of page headers and footers

\f@nch@headwidth=\skip53
\f@nch@offset@elh=\skip54
\f@nch@offset@erh=\skip55
\f@nch@offset@olh=\skip56
\f@nch@offset@orh=\skip57
\f@nch@offset@elf=\skip58
\f@nch@offset@erf=\skip59
\f@nch@offset@olf=\skip60
\f@nch@offset@orf=\skip61
\f@nch@height=\skip62
\f@nch@footalignment=\skip63
\f@nch@widthL=\skip64
\f@nch@widthC=\skip65
\f@nch@widthR=\skip66
\@temptokenb=\toks20
)
LaTeX Font Info:    Trying to load font information for OT1+ptm on input line 3
1.

(D:\apps\miktex\tex/latex/psnfss\ot1ptm.fd
File: ot1ptm.fd 2001/06/04 font definitions for OT1/ptm.
)
(D:\apps\miktex\tex/latex/l3backend\l3backend-pdftex.def
File: l3backend-pdftex.def 2025-06-09 L3 backend support: PDF output (pdfTeX)
\l__color_backend_stack_int=\count295
) (ccl2024-en.aux)
\openout1 = `ccl2024-en.aux'.

LaTeX Font Info:    Checking defaults for OML/cmm/m/it on input line 31.
LaTeX Font Info:    ... okay on input line 31.
LaTeX Font Info:    Checking defaults for OMS/cmsy/m/n on input line 31.
LaTeX Font Info:    ... okay on input line 31.
LaTeX Font Info:    Checking defaults for OT1/cmr/m/n on input line 31.
LaTeX Font Info:    ... okay on input line 31.
LaTeX Font Info:    Checking defaults for T1/cmr/m/n on input line 31.
LaTeX Font Info:    ... okay on input line 31.
LaTeX Font Info:    Checking defaults for TS1/cmr/m/n on input line 31.
LaTeX Font Info:    ... okay on input line 31.
LaTeX Font Info:    Checking defaults for OMX/cmex/m/n on input line 31.
LaTeX Font Info:    ... okay on input line 31.
LaTeX Font Info:    Checking defaults for U/cmr/m/n on input line 31.
LaTeX Font Info:    ... okay on input line 31.
LaTeX Font Info:    Checking defaults for C00/song/m/n on input line 31.
LaTeX Font Info:    ... okay on input line 31.
LaTeX Font Info:    Checking defaults for C05/song/m/n on input line 31.
LaTeX Font Info:    ... okay on input line 31.
LaTeX Font Info:    Checking defaults for C09/song/m/n on input line 31.
LaTeX Font Info:    ... okay on input line 31.
LaTeX Font Info:    Checking defaults for C10/song/m/n on input line 31.
LaTeX Font Info:    ... okay on input line 31.
LaTeX Font Info:    Checking defaults for C20/song/m/n on input line 31.
LaTeX Font Info:    ... okay on input line 31.
LaTeX Font Info:    Checking defaults for C19/song/m/n on input line 31.
LaTeX Font Info:    ... okay on input line 31.
LaTeX Font Info:    Checking defaults for C40/song/m/n on input line 31.
LaTeX Font Info:    ... okay on input line 31.
LaTeX Font Info:    Checking defaults for C42/song/m/n on input line 31.
LaTeX Font Info:    ... okay on input line 31.
LaTeX Font Info:    Checking defaults for C43/song/m/n on input line 31.
LaTeX Font Info:    ... okay on input line 31.
LaTeX Font Info:    Checking defaults for C50/song/m/n on input line 31.
LaTeX Font Info:    ... okay on input line 31.
LaTeX Font Info:    Checking defaults for C52/song/m/n on input line 31.
LaTeX Font Info:    ... okay on input line 31.
LaTeX Font Info:    Checking defaults for C49/song/m/n on input line 31.
LaTeX Font Info:    ... okay on input line 31.
LaTeX Font Info:    Checking defaults for C60/mj/m/n on input line 31.
LaTeX Font Info:    ... okay on input line 31.
LaTeX Font Info:    Checking defaults for C61/mj/m/n on input line 31.
LaTeX Font Info:    ... okay on input line 31.
LaTeX Font Info:    Checking defaults for C63/mj/m/n on input line 31.
LaTeX Font Info:    ... okay on input line 31.
LaTeX Font Info:    Checking defaults for C64/mj/m/n on input line 31.
LaTeX Font Info:    ... okay on input line 31.
LaTeX Font Info:    Checking defaults for C65/mj/m/n on input line 31.
LaTeX Font Info:    ... okay on input line 31.
LaTeX Font Info:    Checking defaults for C70/song/m/n on input line 31.
LaTeX Font Info:    ... okay on input line 31.
LaTeX Font Info:    Checking defaults for C31/song/m/n on input line 31.
LaTeX Font Info:    ... okay on input line 31.
LaTeX Font Info:    Checking defaults for C32/song/m/n on input line 31.
LaTeX Font Info:    ... okay on input line 31.
LaTeX Font Info:    Checking defaults for C33/song/m/n on input line 31.
LaTeX Font Info:    ... okay on input line 31.
LaTeX Font Info:    Checking defaults for C34/song/m/n on input line 31.
LaTeX Font Info:    ... okay on input line 31.
LaTeX Font Info:    Checking defaults for C35/song/m/n on input line 31.
LaTeX Font Info:    ... okay on input line 31.
LaTeX Font Info:    Checking defaults for C36/song/m/n on input line 31.
LaTeX Font Info:    ... okay on input line 31.
LaTeX Font Info:    Checking defaults for C37/song/m/n on input line 31.
LaTeX Font Info:    ... okay on input line 31.
LaTeX Font Info:    Checking defaults for C80/song/m/n on input line 31.
LaTeX Font Info:    ... okay on input line 31.
LaTeX Font Info:    Checking defaults for C81/song/m/n on input line 31.
LaTeX Font Info:    ... okay on input line 31.
LaTeX Font Info:    Checking defaults for C01/song/m/n on input line 31.
LaTeX Font Info:    ... okay on input line 31.
LaTeX Font Info:    Checking defaults for C11/song/m/n on input line 31.
LaTeX Font Info:    ... okay on input line 31.
LaTeX Font Info:    Checking defaults for C21/song/m/n on input line 31.
LaTeX Font Info:    ... okay on input line 31.
LaTeX Font Info:    Checking defaults for C41/song/m/n on input line 31.
LaTeX Font Info:    ... okay on input line 31.
LaTeX Font Info:    Checking defaults for C62/song/m/n on input line 31.
LaTeX Font Info:    ... okay on input line 31.
LaTeX Font Info:    Checking defaults for PD1/pdf/m/n on input line 31.
LaTeX Font Info:    ... okay on input line 31.
LaTeX Font Info:    Checking defaults for PU/pdf/m/n on input line 31.
LaTeX Font Info:    ... okay on input line 31.
Package hyperref Info: Link coloring ON on input line 31.

(ccl2024-en.out) (ccl2024-en.out)
\@outlinefile=\write3
\openout3 = `ccl2024-en.out'.


(D:\apps\miktex\tex/context/base/mkii\supp-pdf.mkii
[Loading MPS to PDF converter (version 2006.09.02).]
\scratchcounter=\count296
\scratchdimen=\dimen153
\scratchbox=\box54
\nofMPsegments=\count297
\nofMParguments=\count298
\everyMPshowfont=\toks21
\MPscratchCnt=\count299
\MPscratchDim=\dimen154
\MPnumerator=\count300
\makeMPintoPDFobject=\count301
\everyMPtoPDFconversion=\toks22
) (D:\apps\miktex\tex/latex/cjk/UTF8\UTF8.bdg
File: UTF8.bdg 2021/10/16 4.8.5
)
(D:\apps\miktex\tex/latex/cjk/UTF8\UTF8.enc
File: UTF8.enc 2021/10/16 4.8.5
)
(D:\apps\miktex\tex/latex/cjk/UTF8\UTF8.chr
File: UTF8.chr 2021/10/16 4.8.5
)
LaTeX Font Info:    Trying to load font information for C70+gbsn on input line 
33.

(D:\apps\miktex\tex/latex/cjk/UTF8\c70gbsn.fd
File: c70gbsn.fd 2021/10/16 4.8.5
)
(D:\apps\miktex\tex/latex/cjk/UTF8\c70gbsn.fdx
File: c70gbsn.fdx 2021/10/16 4.8.5
)

LaTeX Font Warning: Font shape `C70/gbsn/b/n' undefined
(Font)              using `C70/gbsn/m/n' instead on input line 33.

LaTeX Font Info:    External font `cmex10' loaded for size
(Font)              <12> on input line 33.
LaTeX Font Info:    External font `cmex10' loaded for size
(Font)              <8> on input line 33.
LaTeX Font Info:    External font `cmex10' loaded for size
(Font)              <6> on input line 33.
LaTeX Font Info:    Trying to load font information for U+lasy on input line 33
.
(D:\apps\miktex\tex/latex/base\ulasy.fd
File: ulasy.fd 1998/08/17 v2.2e LaTeX symbol font definitions
)
LaTeX Font Info:    Trying to load font information for OT1+pcr on input line 3
3.

(D:\apps\miktex\tex/latex/psnfss\ot1pcr.fd
File: ot1pcr.fd 2001/06/04 font definitions for OT1/pcr.
)
LaTeX Font Info:    External font `cmex10' loaded for size
(Font)              <9> on input line 45.
LaTeX Font Info:    External font `cmex10' loaded for size
(Font)              <5> on input line 45.
LaTeX Font Info:    Trying to load font information for TS1+ptm on input line 4
5.

(D:\apps\miktex\tex/latex/psnfss\ts1ptm.fd
File: ts1ptm.fd 2001/06/04 font definitions for TS1/ptm.
)
LaTeX Font Info:    External font `cmex10' loaded for size
(Font)              <10.95> on input line 49.


[1

{C:/Users/xhs/AppData/Local/MiKTeX/fonts/map/pdftex/pdftex.map}{D:/apps/miktex/
fonts/enc/dvips/base/8r.enc}]

[2]

[3]

[4] (ccl2024-en.aux)
 ***********
LaTeX2e <2025-06-01> patch level 1
L3 programming layer <2025-06-09>
 ***********


LaTeX Font Warning: Some font shapes were not available, defaults substituted.

Package rerunfilecheck Info: File `ccl2024-en.out' has not changed.
(rerunfilecheck)             Checksum: D41D8CD98F00B204E9800998ECF8427E;0.
 ) 
Here is how much of TeX's memory you used:
 12034 strings out of 468221
 177719 string characters out of 5447328
 608658 words of memory out of 5000000
 40166 multiletter control sequences out of 15000+600000
 682794 words of font info for 200 fonts, out of 8000000 for 9000
 1141 hyphenation exceptions out of 8191
 90i,12n,93p,886b,1580s stack positions out of 10000i,1000n,20000p,200000b,200000s

pdfTeX warning (dest): name{cite.ACM:83} has been referenced but does not exist
, replaced by a fixed one


pdfTeX warning (dest): name{cite.APA:83} has been referenced but does not exist
, replaced by a fixed one


pdfTeX warning (dest): name{cite.Chandra:81} has been referenced but does not e
xist, replaced by a fixed one


pdfTeX warning (dest): name{cite.Aho:72} has been referenced but does not exist
, replaced by a fixed one


pdfTeX warning (dest): name{cite.Gusfield:97} has been referenced but does not 
exist, replaced by a fixed one

<D:/apps/miktex/fonts/type1/arphic/gbsnu/gbsnu30.pfb><D:/apps/miktex/fonts/type
1/arphic/gbsnu/gbsnu4e.pfb><D:/apps/miktex/fonts/type1/arphic/gbsnu/gbsnu4f.pfb
><D:/apps/miktex/fonts/type1/arphic/gbsnu/gbsnu50.pfb><D:/apps/miktex/fonts/typ
e1/arphic/gbsnu/gbsnu51.pfb><D:/apps/miktex/fonts/type1/arphic/gbsnu/gbsnu52.pf
b><D:/apps/miktex/fonts/type1/arphic/gbsnu/gbsnu53.pfb><D:/apps/miktex/fonts/ty
pe1/arphic/gbsnu/gbsnu54.pfb><D:/apps/miktex/fonts/type1/arphic/gbsnu/gbsnu56.p
fb><D:/apps/miktex/fonts/type1/arphic/gbsnu/gbsnu57.pfb><D:/apps/miktex/fonts/t
ype1/arphic/gbsnu/gbsnu58.pfb><D:/apps/miktex/fonts/type1/arphic/gbsnu/gbsnu59.
pfb><D:/apps/miktex/fonts/type1/arphic/gbsnu/gbsnu5b.pfb><D:/apps/miktex/fonts/
type1/arphic/gbsnu/gbsnu5c.pfb><D:/apps/miktex/fonts/type1/arphic/gbsnu/gbsnu5d
.pfb><D:/apps/miktex/fonts/type1/arphic/gbsnu/gbsnu5e.pfb><D:/apps/miktex/fonts
/type1/arphic/gbsnu/gbsnu5f.pfb><D:/apps/miktex/fonts/type1/arphic/gbsnu/gbsnu6
0.pfb><D:/apps/miktex/fonts/type1/arphic/gbsnu/gbsnu61.pfb><D:/apps/miktex/font
s/type1/arphic/gbsnu/gbsnu62.pfb><D:/apps/miktex/fonts/type1/arphic/gbsnu/gbsnu
63.pfb><D:/apps/miktex/fonts/type1/arphic/gbsnu/gbsnu64.pfb><D:/apps/miktex/fon
ts/type1/arphic/gbsnu/gbsnu65.pfb><D:/apps/miktex/fonts/type1/arphic/gbsnu/gbsn
u66.pfb><D:/apps/miktex/fonts/type1/arphic/gbsnu/gbsnu67.pfb><D:/apps/miktex/fo
nts/type1/arphic/gbsnu/gbsnu68.pfb><D:/apps/miktex/fonts/type1/arphic/gbsnu/gbs
nu69.pfb><D:/apps/miktex/fonts/type1/arphic/gbsnu/gbsnu6b.pfb><D:/apps/miktex/f
onts/type1/arphic/gbsnu/gbsnu6c.pfb><D:/apps/miktex/fonts/type1/arphic/gbsnu/gb
snu6d.pfb><D:/apps/miktex/fonts/type1/arphic/gbsnu/gbsnu6e.pfb><D:/apps/miktex/
fonts/type1/arphic/gbsnu/gbsnu70.pfb><D:/apps/miktex/fonts/type1/arphic/gbsnu/g
bsnu71.pfb><D:/apps/miktex/fonts/type1/arphic/gbsnu/gbsnu72.pfb><D:/apps/miktex
/fonts/type1/arphic/gbsnu/gbsnu73.pfb><D:/apps/miktex/fonts/type1/arphic/gbsnu/
gbsnu74.pfb><D:/apps/miktex/fonts/type1/arphic/gbsnu/gbsnu75.pfb><D:/apps/mikte
x/fonts/type1/arphic/gbsnu/gbsnu76.pfb><D:/apps/miktex/fonts/type1/arphic/gbsnu
/gbsnu77.pfb><D:/apps/miktex/fonts/type1/arphic/gbsnu/gbsnu78.pfb><D:/apps/mikt
ex/fonts/type1/arphic/gbsnu/gbsnu79.pfb><D:/apps/miktex/fonts/type1/arphic/gbsn
u/gbsnu7a.pfb><D:/apps/miktex/fonts/type1/arphic/gbsnu/gbsnu7b.pfb><D:/apps/mik
tex/fonts/type1/arphic/gbsnu/gbsnu7c.pfb><D:/apps/miktex/fonts/type1/arphic/gbs
nu/gbsnu7d.pfb><D:/apps/miktex/fonts/type1/arphic/gbsnu/gbsnu7e.pfb><D:/apps/mi
ktex/fonts/type1/arphic/gbsnu/gbsnu7f.pfb><D:/apps/miktex/fonts/type1/arphic/gb
snu/gbsnu80.pfb><D:/apps/miktex/fonts/type1/arphic/gbsnu/gbsnu81.pfb><D:/apps/m
iktex/fonts/type1/arphic/gbsnu/gbsnu82.pfb><D:/apps/miktex/fonts/type1/arphic/g
bsnu/gbsnu83.pfb><D:/apps/miktex/fonts/type1/arphic/gbsnu/gbsnu84.pfb><D:/apps/
miktex/fonts/type1/arphic/gbsnu/gbsnu88.pfb><D:/apps/miktex/fonts/type1/arphic/
gbsnu/gbsnu89.pfb><D:/apps/miktex/fonts/type1/arphic/gbsnu/gbsnu8a.pfb><D:/apps
/miktex/fonts/type1/arphic/gbsnu/gbsnu8b.pfb><D:/apps/miktex/fonts/type1/arphic
/gbsnu/gbsnu8c.pfb><D:/apps/miktex/fonts/type1/arphic/gbsnu/gbsnu8d.pfb><D:/app
s/miktex/fonts/type1/arphic/gbsnu/gbsnu8e.pfb><D:/apps/miktex/fonts/type1/arphi
c/gbsnu/gbsnu8f.pfb><D:/apps/miktex/fonts/type1/arphic/gbsnu/gbsnu90.pfb><D:/ap
ps/miktex/fonts/type1/arphic/gbsnu/gbsnu91.pfb><D:/apps/miktex/fonts/type1/arph
ic/gbsnu/gbsnu94.pfb><D:/apps/miktex/fonts/type1/arphic/gbsnu/gbsnu95.pfb><D:/a
pps/miktex/fonts/type1/arphic/gbsnu/gbsnu96.pfb><D:/apps/miktex/fonts/type1/arp
hic/gbsnu/gbsnu97.pfb><D:/apps/miktex/fonts/type1/arphic/gbsnu/gbsnu98.pfb><D:/
apps/miktex/fonts/type1/arphic/gbsnu/gbsnu99.pfb><D:/apps/miktex/fonts/type1/ar
phic/gbsnu/gbsnu9a.pfb><D:/apps/miktex/fonts/type1/arphic/gbsnu/gbsnu9e.pfb><D:
/apps/miktex/fonts/type1/arphic/gbsnu/gbsnuff.pfb><D:/apps/miktex/fonts/type1/u
rw/courier/ucrr8a.pfb><D:/apps/miktex/fonts/type1/urw/times/utmb8a.pfb><D:/apps
/miktex/fonts/type1/urw/times/utmr8a.pfb><D:/apps/miktex/fonts/type1/urw/times/
utmri8a.pfb>
Output written on ccl2024-en.pdf (4 pages, 592314 bytes).
PDF statistics:
 521 PDF objects out of 1000 (max. 8388607)
 26 named destinations out of 1000 (max. 500000)
 285 words of extra memory for PDF output out of 10000 (max. 10000000)

