\BOOKMARK [0][-]{section*.2}{\376\377\124\310\117\057\137\267\221\317\133\120\152\041\142\337\126\150\116\055\166\204\142\323\142\121\166\370\123\330\116\016\155\367\124\010\140\001\136\217}{}% 2
\BOOKMARK [1][-]{section*.1}{\376\377\000A\000b\000s\000t\000r\000a\000c\000t}{section*.2}% 1
\BOOKMARK [1][-]{section*.3}{\376\377\137\025\212\000}{section*.2}% 3
\BOOKMARK [1][-]{section*.4}{\376\377\146\166\117\123\133\371\171\360\140\047\117\335\142\244\166\204\142\323\142\121\166\370\123\312\121\166\166\370\123\330}{section*.2}% 4
\BOOKMARK [1][-]{section*.5}{\376\377\200\046\124\010\120\166\145\160\147\141\224\376\123\357\155\210\226\144\142\323\142\121\166\370\123\330}{section*.2}% 5
\BOOKMARK [1][-]{section*.6}{\376\377\155\367\124\010\140\001\136\217\116\016\136\163\127\107\133\371\171\360\140\047}{section*.2}% 6
\BOOKMARK [1][-]{section*.7}{\376\377\000H\000a\000l\000d\000a\000n\000e\176\335\177\030\117\123\122\060\000M\000o\000t\000t\176\335\177\030\117\123\166\204\166\370\123\330\000\040}{section*.2}% 7
\BOOKMARK [1][-]{section*.8}{\376\377\176\323\213\272\116\016\134\125\147\033}{section*.2}% 8
\BOOKMARK [1][-]{section*.9}{\376\377\210\145\121\105\147\120\145\231}{section*.2}% 9
\BOOKMARK [2][-]{section*.10}{\376\377\133\236\232\214\176\306\202\202}{section*.9}% 10
\BOOKMARK [3][-]{section*.11}{\376\377\152\041\127\213\150\041\121\306}{section*.10}% 11
\BOOKMARK [3][-]{section*.12}{\376\377\122\277\127\072\214\003\143\247\116\016\217\271\165\114\147\141\116\366}{section*.10}% 12
\BOOKMARK [3][-]{section*.13}{\376\377\133\236\232\214\153\145\232\244}{section*.10}% 13
\BOOKMARK [3][-]{section*.14}{\376\377\136\166\210\114\145\160\143\156\221\307\226\306}{section*.10}% 14
\BOOKMARK [3][-]{section*.15}{\376\377\123\125\117\115\130\153\121\105\124\310\117\057\137\267\000C\000S\000P\000T\060\001\123\112\130\153\121\105\124\310\117\057\137\267\000C\000S\000P\000T\116\016\201\352\145\313\0001\000/\0002\000\040\000X\000X\000Z\000\040\000C\000S\000P\000T\166\204\173\111\116\367\140\047}{section*.10}% 15
\BOOKMARK [3][-]{section*.16}{\376\377\145\160\143\156\173\133\220\011\377\010\000D\000S\377\011}{section*.10}% 16
\BOOKMARK [3][-]{section*.17}{\376\377\200\046\124\010\224\376\152\041\142\337\166\204\146\040\134\004\145\271\154\325}{section*.10}% 17
\BOOKMARK [3][-]{section*.18}{\376\377\123\125\160\271\117\115\160\271\166\204\116\214\117\123\116\016\116\011\117\123\227\136\137\071\140\047\143\137\131\061}{section*.10}% 18
\BOOKMARK [2][-]{section*.19}{\376\377\145\160\120\074\152\041\142\337}{section*.9}% 19
\BOOKMARK [3][-]{section*.20}{\376\377\145\234\127\141\217\307\172\013\152\041\142\337}{section*.19}% 20
\BOOKMARK [3][-]{section*.23}{\376\377\127\372\140\001\152\041\142\337}{section*.19}% 21
\BOOKMARK [2][-]{section*.27}{\376\377\164\006\213\272\122\006\147\220}{section*.9}% 22
\BOOKMARK [3][-]{section*.28}{\376\377\146\166\117\123\133\371\171\360\140\047}{section*.27}% 23
\BOOKMARK [3][-]{section*.29}{\376\377\000C\000S\000P\000T\142\323\142\121\116\015\123\330\221\317}{section*.27}% 24
\BOOKMARK [3][-]{section*.30}{\376\377\000S\000P\000T\166\370\116\055\134\100\127\337\136\217\123\302\221\317\166\204\177\072\131\061}{section*.27}% 25
\BOOKMARK [3][-]{section*.31}{\376\377\155\367\124\010\140\001\147\011\136\217\140\047\166\204\164\006\213\272\150\106\147\266}{section*.27}% 26
\BOOKMARK [2][-]{section*.32}{\376\377\000H\000a\000l\000d\000a\000n\000e\166\370\122\060\000M\000o\000t\000t\176\335\177\030\117\123\166\204\166\370\123\330}{section*.9}% 27
\BOOKMARK [3][-]{section*.33}{\376\377\000M\000I\000-\000H\000I\166\370\123\330\116\016\000C\000S\000P\000T\166\370\123\330\116\113\225\364\166\204\200\124\174\373}{section*.32}% 28
\BOOKMARK [3][-]{section*.34}{\376\377\217\321\117\074\165\065\203\167\121\161\217\155\133\371\171\360\140\047}{section*.32}% 29
\BOOKMARK [3][-]{section*.35}{\376\377\142\151\134\125\145\160\143\156}{section*.32}% 30
\BOOKMARK [1][-]{section*.36}{\376\377\210\145\121\105\117\341\140\157}{section*.2}% 31
\BOOKMARK [1][-]{section*.41}{\376\377\000R\000e\000f\000e\000r\000e\000n\000c\000e\000s}{section*.2}% 32
