This is pdfTeX, Version 3.141592653-2.6-1.40.24 (TeX Live 2022) (preloaded format=pdflatex 2025.7.16)  16 JUL 2025 20:54
entering extended mode
 restricted \write18 enabled.
 file:line:error style messages enabled.
 %&-line parsing enabled.
**CSPT.tex
(./CSPT.tex
LaTeX2e <2021-11-15> patch level 1
L3 programming layer <2022-02-24>
(d:/texlive/2022/texmf-dist/tex/latex/revtex/revtex4-2.cls
Document Class: revtex4-2 2020/10/03 4.2e (https://journals.aps.org/revtex/ for
 documentation)
 Copyright (c) 2019 American Physical Society.
 mailto:revtex@aps.org
 Licensed under the LPPL:
http://www.ctan.org/tex-archive/macros/latex/base/lppl.txt
 Arthur Ogawa <arthur_ogawa at sbcglobal dot net>
 Based on work by David Carlisle <david at dcarlisle.demon.co.uk>
 Version (4.2d,4.2e): Modified by Mark Doyle and Phelype Oleinik
 .
ltxutil[2020/10/03 4.2e utilities package (portions licensed from W. E. Baxter 
web at superscript.com)]
LaTeX Info: Redefining \@centercr on input line 356.
Class revtex4-2 Info: Repairing hyperref-unfriendly LaTeX definition of \mpfoot
note on input line 481.
Class revtex4-2 Info: Repairing broken LateX \@sect on input line 803.
\intertabularlinepenalty=\count185
\@tbpen=\count186
\@arstrutbox@hline=\box50
Class revtex4-2 Info: Repairing broken LaTeX \@xbitor on input line 1834.
Class revtex4-2 Info: Making \typeout \long on input line 2099.
ltxfront[2020/10/03 4.2e frontmatter package (AO,DPC,MD)]
\c@affil=\count187
\c@collab=\count188
\absbox=\box51
ltxgrid[2020/10/03 4.2e page grid package (portions licensed from W. E. Baxter 
web at superscript.com)]
\c@linecount=\count189
\output@latex=\toks16
\box@size@1=\box52
\box@size@2=\box53
\@protection@box=\box54
\@topmark@saved=\toks17
\footins@saved=\box55
\footins@recovered=\box56
\column@recovered=\box57
\pagesofar=\box58
\footsofar=\box59
\pagegrid@col=\count190
Class revtex4-2 Info: Overriding \@vspace, \@vspacer, \@no@pgbk, \@newline, and
 \\  on input line 5665.
\c@part=\count191
\c@section=\count192
\c@subsection=\count193
\c@subsubsection=\count194
\c@paragraph=\count195
\c@subparagraph=\count196
\abovecaptionskip=\skip47
\belowcaptionskip=\skip48
\c@figure=\count197
\fbox@1=\box60
\c@table=\count198
\fbox@2=\box61
\c@video=\count199
\fbox@4=\box62
\@bibdataout=\write3
\widetext@top=\box63
\widetext@bot=\box64
Class revtex4-2 Info: Selecting society aps on input line 7658.
(d:/texlive/2022/texmf-dist/tex/latex/revtex/aps4-2.rtx
File: aps4-2 2020/10/03 4.2e (https://journals.aps.org/revtex/ for documentatio
n)
Class revtex4-2 Info: RevTeX society APS selected on input line 40.
)
Class revtex4-2 Info: Selecting journal prx on input line 7660.
Class revtex4-2 Info: APS journal PRX selected on input line 7661.


Class revtex4-2 Warning: No type size specified, using default 10.

(d:/texlive/2022/texmf-dist/tex/latex/revtex/aps10pt4-2.rtx
File: aps10pt4-2 2020/10/03 4.2e (https://journals.aps.org/revtex/ for document
ation)
Class revtex4-2 Info: RevTeX pointsize 10pt selected on input line 39.
)
(d:/texlive/2022/texmf-dist/tex/latex/textcase/textcase.sty
Package: textcase 2019/09/14 v1.00 Text only upper/lower case changing (DPC)
)
(d:/texlive/2022/texmf-dist/tex/latex/url/url.sty
\Urlmuskip=\muskip16
Package: url 2013/09/16  ver 3.4  Verb mode for urls, etc.
)
(d:/texlive/2022/texmf-dist/tex/latex/natbib/natbib.sty
Package: natbib 2010/09/13 8.31b (PWD, AO)
\bibhang=\skip49
\bibsep=\skip50
LaTeX Info: Redefining \cite on input line 694.
\c@NAT@ctr=\count266
)
Class revtex4-2 Info: Repairing natbib's \BibitemShut on input line 7665.

(d:/texlive/2022/texmf-dist/tex/latex/revtex/revsymb4-2.sty
Package: revsymb4-2 2020/10/03 4.2e (https://journals.aps.org/revtex/ for docum
entation)
LaTeX Info: Redefining \REV@mathfrak on input line 128.
))
(d:/texlive/2022/texmf-dist/tex/latex/cjk/texinput/CJKutf8.sty
Package: CJKutf8 2021/10/16 4.8.5

(d:/texlive/2022/texmf-dist/tex/generic/iftex/ifpdf.sty
Package: ifpdf 2019/10/25 v3.4 ifpdf legacy package. Use iftex instead.

(d:/texlive/2022/texmf-dist/tex/generic/iftex/iftex.sty
Package: iftex 2022/02/03 v1.0f TeX engine tests
))
(d:/texlive/2022/texmf-dist/tex/latex/base/inputenc.sty
Package: inputenc 2021/02/14 v1.3d Input encoding file
\inpenc@prehook=\toks18
\inpenc@posthook=\toks19
)
(d:/texlive/2022/texmf-dist/tex/latex/cjk/texinput/CJK.sty
Package: CJK 2021/10/16 4.8.5

(d:/texlive/2022/texmf-dist/tex/latex/cjk/texinput/mule/MULEenc.sty
Package: MULEenc 2021/10/16 4.8.5
)
(d:/texlive/2022/texmf-dist/tex/latex/cjk/texinput/CJK.enc
File: CJK.enc 2021/10/16 4.8.5
Now handling font encoding C00 ...
... no UTF-8 mapping file for font encoding C00
Now handling font encoding C05 ...
... no UTF-8 mapping file for font encoding C05
Now handling font encoding C09 ...
... no UTF-8 mapping file for font encoding C09
Now handling font encoding C10 ...
... no UTF-8 mapping file for font encoding C10
Now handling font encoding C20 ...
... no UTF-8 mapping file for font encoding C20
Now handling font encoding C19 ...
... no UTF-8 mapping file for font encoding C19
Now handling font encoding C40 ...
... no UTF-8 mapping file for font encoding C40
Now handling font encoding C42 ...
... no UTF-8 mapping file for font encoding C42
Now handling font encoding C43 ...
... no UTF-8 mapping file for font encoding C43
Now handling font encoding C50 ...
... no UTF-8 mapping file for font encoding C50
Now handling font encoding C52 ...
... no UTF-8 mapping file for font encoding C52
Now handling font encoding C49 ...
... no UTF-8 mapping file for font encoding C49
Now handling font encoding C60 ...
... no UTF-8 mapping file for font encoding C60
Now handling font encoding C61 ...
... no UTF-8 mapping file for font encoding C61
Now handling font encoding C63 ...
... no UTF-8 mapping file for font encoding C63
Now handling font encoding C64 ...
... no UTF-8 mapping file for font encoding C64
Now handling font encoding C65 ...
... no UTF-8 mapping file for font encoding C65
Now handling font encoding C70 ...
... no UTF-8 mapping file for font encoding C70
Now handling font encoding C31 ...
... no UTF-8 mapping file for font encoding C31
Now handling font encoding C32 ...
... no UTF-8 mapping file for font encoding C32
Now handling font encoding C33 ...
... no UTF-8 mapping file for font encoding C33
Now handling font encoding C34 ...
... no UTF-8 mapping file for font encoding C34
Now handling font encoding C35 ...
... no UTF-8 mapping file for font encoding C35
Now handling font encoding C36 ...
... no UTF-8 mapping file for font encoding C36
Now handling font encoding C37 ...
... no UTF-8 mapping file for font encoding C37
Now handling font encoding C80 ...
... no UTF-8 mapping file for font encoding C80
Now handling font encoding C81 ...
... no UTF-8 mapping file for font encoding C81
Now handling font encoding C01 ...
... no UTF-8 mapping file for font encoding C01
Now handling font encoding C11 ...
... no UTF-8 mapping file for font encoding C11
Now handling font encoding C21 ...
... no UTF-8 mapping file for font encoding C21
Now handling font encoding C41 ...
... no UTF-8 mapping file for font encoding C41
Now handling font encoding C62 ...
... no UTF-8 mapping file for font encoding C62
)
\CJK@indent=\box65
)
(d:/texlive/2022/texmf-dist/tex/latex/base/fontenc.sty
Package: fontenc 2021/04/29 v2.0v Standard LaTeX package
))
(d:/texlive/2022/texmf-dist/tex/latex/xcolor/xcolor.sty
Package: xcolor 2021/10/31 v2.13 LaTeX color extensions (UK)

(d:/texlive/2022/texmf-dist/tex/latex/graphics-cfg/color.cfg
File: color.cfg 2016/01/02 v1.6 sample color configuration
)
Package xcolor Info: Driver file: pdftex.def on input line 227.

(d:/texlive/2022/texmf-dist/tex/latex/graphics-def/pdftex.def
File: pdftex.def 2020/10/05 v1.2a Graphics/color driver for pdftex
)
Package xcolor Info: Model `cmy' substituted by `cmy0' on input line 1352.
Package xcolor Info: Model `hsb' substituted by `rgb' on input line 1356.
Package xcolor Info: Model `RGB' extended on input line 1368.
Package xcolor Info: Model `HTML' substituted by `rgb' on input line 1370.
Package xcolor Info: Model `Hsb' substituted by `hsb' on input line 1371.
Package xcolor Info: Model `tHsb' substituted by `hsb' on input line 1372.
Package xcolor Info: Model `HSB' substituted by `hsb' on input line 1373.
Package xcolor Info: Model `Gray' substituted by `gray' on input line 1374.
Package xcolor Info: Model `wave' substituted by `hsb' on input line 1375.
)
(d:/texlive/2022/texmf-dist/tex/latex/framed/framed.sty
Package: framed 2011/10/22 v 0.96: framed or shaded text with page breaks
\OuterFrameSep=\skip51
\fb@frw=\dimen138
\fb@frh=\dimen139
\FrameRule=\dimen140
\FrameSep=\dimen141
)
(d:/texlive/2022/texmf-dist/tex/latex/doublestroke/dsfont.sty
Package: dsfont 1995/08/01 v0.1 Double stroke roman fonts
)
(d:/texlive/2022/texmf-dist/tex/latex/graphics/graphicx.sty
Package: graphicx 2021/09/16 v1.2d Enhanced LaTeX Graphics (DPC,SPQR)

(d:/texlive/2022/texmf-dist/tex/latex/graphics/keyval.sty
Package: keyval 2014/10/28 v1.15 key=value parser (DPC)
\KV@toks@=\toks20
)
(d:/texlive/2022/texmf-dist/tex/latex/graphics/graphics.sty
Package: graphics 2021/03/04 v1.4d Standard LaTeX Graphics (DPC,SPQR)

(d:/texlive/2022/texmf-dist/tex/latex/graphics/trig.sty
Package: trig 2021/08/11 v1.11 sin cos tan (DPC)
)
(d:/texlive/2022/texmf-dist/tex/latex/graphics-cfg/graphics.cfg
File: graphics.cfg 2016/06/04 v1.11 sample graphics configuration
)
Package graphics Info: Driver file: pdftex.def on input line 107.
)
\Gin@req@height=\dimen142
\Gin@req@width=\dimen143
)
(d:/texlive/2022/texmf-dist/tex/latex/tools/dcolumn.sty
Package: dcolumn 2014/10/28 v1.06 decimal alignment package (DPC)

(d:/texlive/2022/texmf-dist/tex/latex/tools/array.sty
Package: array 2021/10/04 v2.5f Tabular extension package (FMi)
\col@sep=\dimen144
\ar@mcellbox=\box66
\extrarowheight=\dimen145
\NC@list=\toks21
\extratabsurround=\skip52
\backup@length=\skip53
\ar@cellbox=\box67
))
(d:/texlive/2022/texmf-dist/tex/latex/tools/bm.sty
Package: bm 2021/04/25 v1.2e Bold Symbol Support (DPC/FMi)
\symboldoperators=\mathgroup4
\symboldletters=\mathgroup5
\symboldsymbols=\mathgroup6
Package bm Info: No bold for \OMX/cmex/m/n, using \pmb.
LaTeX Font Info:    Redeclaring math alphabet \mathbf on input line 149.
LaTeX Info: Redefining \bm on input line 218.
)
(d:/texlive/2022/texmf-dist/tex/latex/float/float.sty
Package: float 2001/11/08 v1.3d Float enhancements (AL)
\c@float@type=\count267
\float@exts=\toks22
\float@box=\box68
\@float@everytoks=\toks23
\@floatcapt=\box69
)
(d:/texlive/2022/texmf-dist/tex/latex/siunitx/siunitx.sty
Package: siunitx 2022-02-15 v3.0.49 A comprehensive (SI) units package
\l__siunitx_angle_tmp_dim=\dimen146
\l__siunitx_angle_marker_box=\box70
\l__siunitx_angle_unit_box=\box71
\l__siunitx_compound_count_int=\count268

(d:/texlive/2022/texmf-dist/tex/latex/translations/translations.sty
Package: translations 2022/02/05 v1.12 internationalization of LaTeX2e packages
 (CN)

(d:/texlive/2022/texmf-dist/tex/latex/etoolbox/etoolbox.sty
Package: etoolbox 2020/10/05 v2.5k e-TeX tools for LaTeX (JAW)
\etb@tempcnta=\count269
)
(d:/texlive/2022/texmf-dist/tex/generic/pdftexcmds/pdftexcmds.sty
Package: pdftexcmds 2020-06-27 v0.33 Utility functions of pdfTeX for LuaTeX (HO
)

(d:/texlive/2022/texmf-dist/tex/generic/infwarerr/infwarerr.sty
Package: infwarerr 2019/12/03 v1.5 Providing info/warning/error messages (HO)
)
(d:/texlive/2022/texmf-dist/tex/generic/ltxcmds/ltxcmds.sty
Package: ltxcmds 2020-05-10 v1.25 LaTeX kernel commands for general use (HO)
)
Package pdftexcmds Info: \pdf@primitive is available.
Package pdftexcmds Info: \pdf@ifprimitive is available.
Package pdftexcmds Info: \pdfdraftmode found.
))
\l__siunitx_number_exponent_fixed_int=\count270
\l__siunitx_number_min_decimal_int=\count271
\l__siunitx_number_min_integer_int=\count272
\l__siunitx_number_round_precision_int=\count273
\l__siunitx_number_group_minimum_int=\count274

(d:/texlive/2022/texmf-dist/tex/latex/amsmath/amstext.sty
Package: amstext 2021/08/26 v2.01 AMS text

(d:/texlive/2022/texmf-dist/tex/latex/amsmath/amsgen.sty
File: amsgen.sty 1999/11/30 v2.0 generic functions
\@emptytoks=\toks24
\ex@=\dimen147
)
LaTeX Info: Redefining \text on input line 28.
)
\l__siunitx_table_tmp_box=\box72
\l__siunitx_table_tmp_dim=\dimen148
\l__siunitx_table_column_width_dim=\dimen149
\l__siunitx_table_integer_box=\box73
\l__siunitx_table_decimal_box=\box74
\l__siunitx_table_before_box=\box75
\l__siunitx_table_after_box=\box76
\l__siunitx_table_before_dim=\dimen150
\l__siunitx_table_carry_dim=\dimen151
\l__siunitx_unit_tmp_int=\count275
\l__siunitx_unit_position_int=\count276
\l__siunitx_unit_total_int=\count277

(d:/texlive/2022/texmf-dist/tex/latex/l3packages/l3keys2e/l3keys2e.sty
(d:/texlive/2022/texmf-dist/tex/latex/l3kernel/expl3.sty
Package: expl3 2022-02-24 L3 programming layer (loader) 

(d:/texlive/2022/texmf-dist/tex/latex/l3backend/l3backend-pdftex.def
File: l3backend-pdftex.def 2022-02-07 L3 backend support: PDF output (pdfTeX)
\l__color_backend_stack_int=\count278
\l__pdf_internal_box=\box77
))
Package: l3keys2e 2022-01-12 LaTeX2e option processing using LaTeX3 keys
))
(d:/texlive/2022/texmf-dist/tex/latex/braket/braket.sty)
(d:/texlive/2022/texmf-dist/tex/latex/amsmath/amsmath.sty
Package: amsmath 2021/10/15 v2.17l AMS math features
\@mathmargin=\skip54

For additional information on amsmath, use the `?' option.
(d:/texlive/2022/texmf-dist/tex/latex/amsmath/amsbsy.sty
Package: amsbsy 1999/11/29 v1.2d Bold Symbols
LaTeX Info: Redefining \boldsymbol on input line 28.
\pmbraise@=\dimen152
)
(d:/texlive/2022/texmf-dist/tex/latex/amsmath/amsopn.sty
Package: amsopn 2021/08/26 v2.02 operator names
)
\inf@bad=\count279
LaTeX Info: Redefining \frac on input line 234.
\uproot@=\count280
\leftroot@=\count281
LaTeX Info: Redefining \overline on input line 399.
\classnum@=\count282
\DOTSCASE@=\count283
LaTeX Info: Redefining \ldots on input line 496.
LaTeX Info: Redefining \dots on input line 499.
LaTeX Info: Redefining \cdots on input line 620.
\Mathstrutbox@=\box78
\strutbox@=\box79
\big@size=\dimen153
LaTeX Font Info:    Redeclaring font encoding OML on input line 743.
LaTeX Font Info:    Redeclaring font encoding OMS on input line 744.
\macc@depth=\count284
\c@MaxMatrixCols=\count285
\dotsspace@=\muskip17
\c@parentequation=\count286
\dspbrk@lvl=\count287
\tag@help=\toks25
\row@=\count288
\column@=\count289
\maxfields@=\count290
\andhelp@=\toks26
\eqnshift@=\dimen154
\alignsep@=\dimen155
\tagshift@=\dimen156
\tagwidth@=\dimen157
\totwidth@=\dimen158
\lineht@=\dimen159
\@envbody=\toks27
\multlinegap=\skip55
\multlinetaggap=\skip56
\mathdisplay@stack=\toks28
LaTeX Info: Redefining \[ on input line 2938.
LaTeX Info: Redefining \] on input line 2939.
)
(d:/texlive/2022/texmf-dist/tex/latex/amsfonts/amssymb.sty
Package: amssymb 2013/01/14 v3.01 AMS font symbols

(d:/texlive/2022/texmf-dist/tex/latex/amsfonts/amsfonts.sty
Package: amsfonts 2013/01/14 v3.01 Basic AMSFonts support
\symAMSa=\mathgroup7
\symAMSb=\mathgroup8
LaTeX Font Info:    Redeclaring math symbol \hbar on input line 98.
LaTeX Font Info:    Overwriting math alphabet `\mathfrak' in version `bold'
(Font)                  U/euf/m/n --> U/euf/b/n on input line 106.
LaTeX Info: Redefining \frak on input line 111.
LaTeX Info: Redefining \Bbb on input line 113.
))
(d:/texlive/2022/texmf-dist/tex/latex/hyperref/hyperref.sty
Package: hyperref 2022-02-21 v7.00n Hypertext links for LaTeX

(d:/texlive/2022/texmf-dist/tex/generic/kvsetkeys/kvsetkeys.sty
Package: kvsetkeys 2019/12/15 v1.18 Key value parser (HO)
)
(d:/texlive/2022/texmf-dist/tex/generic/kvdefinekeys/kvdefinekeys.sty
Package: kvdefinekeys 2019-12-19 v1.6 Define keys (HO)
)
(d:/texlive/2022/texmf-dist/tex/generic/pdfescape/pdfescape.sty
Package: pdfescape 2019/12/09 v1.15 Implements pdfTeX's escape features (HO)
)
(d:/texlive/2022/texmf-dist/tex/latex/hycolor/hycolor.sty
Package: hycolor 2020-01-27 v1.10 Color options for hyperref/bookmark (HO)
)
(d:/texlive/2022/texmf-dist/tex/latex/letltxmacro/letltxmacro.sty
Package: letltxmacro 2019/12/03 v1.6 Let assignment for LaTeX macros (HO)
)
(d:/texlive/2022/texmf-dist/tex/latex/auxhook/auxhook.sty
Package: auxhook 2019-12-17 v1.6 Hooks for auxiliary files (HO)
)
(d:/texlive/2022/texmf-dist/tex/latex/kvoptions/kvoptions.sty
Package: kvoptions 2020-10-07 v3.14 Key value format for package options (HO)
)
\@linkdim=\dimen160
\Hy@linkcounter=\count291
\Hy@pagecounter=\count292

(d:/texlive/2022/texmf-dist/tex/latex/hyperref/pd1enc.def
File: pd1enc.def 2022-02-21 v7.00n Hyperref: PDFDocEncoding definition (HO)
Now handling font encoding PD1 ...
... no UTF-8 mapping file for font encoding PD1
)
(d:/texlive/2022/texmf-dist/tex/generic/intcalc/intcalc.sty
Package: intcalc 2019/12/15 v1.3 Expandable calculations with integers (HO)
)
(d:/texlive/2022/texmf-dist/tex/generic/etexcmds/etexcmds.sty
Package: etexcmds 2019/12/15 v1.7 Avoid name clashes with e-TeX commands (HO)
)
\Hy@SavedSpaceFactor=\count293

(d:/texlive/2022/texmf-dist/tex/latex/hyperref/puenc.def
File: puenc.def 2022-02-21 v7.00n Hyperref: PDF Unicode definition (HO)
Now handling font encoding PU ...
... no UTF-8 mapping file for font encoding PU
)
Package hyperref Info: Option `colorlinks' set `true' on input line 4018.
Package hyperref Info: Hyper figures OFF on input line 4137.
Package hyperref Info: Link nesting OFF on input line 4142.
Package hyperref Info: Hyper index ON on input line 4145.
Package hyperref Info: Plain pages OFF on input line 4152.
Package hyperref Info: Backreferencing OFF on input line 4157.
Package hyperref Info: Implicit mode ON; LaTeX internals redefined.
Package hyperref Info: Bookmarks ON on input line 4390.
LaTeX Info: Redefining \href on input line 4660.
\c@Hy@tempcnt=\count294
LaTeX Info: Redefining \url on input line 4749.
\XeTeXLinkMargin=\dimen161

(d:/texlive/2022/texmf-dist/tex/generic/bitset/bitset.sty
Package: bitset 2019/12/09 v1.3 Handle bit-vector datatype (HO)

(d:/texlive/2022/texmf-dist/tex/generic/bigintcalc/bigintcalc.sty
Package: bigintcalc 2019/12/15 v1.5 Expandable calculations on big integers (HO
)
))
\Fld@menulength=\count295
\Field@Width=\dimen162
\Fld@charsize=\dimen163
Package hyperref Info: Hyper figures OFF on input line 6027.
Package hyperref Info: Link nesting OFF on input line 6032.
Package hyperref Info: Hyper index ON on input line 6035.
Package hyperref Info: backreferencing OFF on input line 6042.
Package hyperref Info: Link coloring ON on input line 6045.
Package hyperref Info: Link coloring with OCG OFF on input line 6052.
Package hyperref Info: PDF/A mode OFF on input line 6057.
LaTeX Info: Redefining \ref on input line 6097.
LaTeX Info: Redefining \pageref on input line 6101.

(d:/texlive/2022/texmf-dist/tex/latex/base/atbegshi-ltx.sty
Package: atbegshi-ltx 2021/01/10 v1.0c Emulation of the original atbegshi
package with kernel methods
)
\Hy@abspage=\count296
\c@Item=\count297
\c@Hfootnote=\count298
)
Package hyperref Info: Driver: hpdftex.

(d:/texlive/2022/texmf-dist/tex/latex/hyperref/hpdftex.def
File: hpdftex.def 2022-02-21 v7.00n Hyperref driver for pdfTeX

(d:/texlive/2022/texmf-dist/tex/latex/base/atveryend-ltx.sty
Package: atveryend-ltx 2020/08/19 v1.0a Emulation of the original atveryend pac
kage
with kernel methods
)
\Fld@listcount=\count299
\c@bookmark@seq@number=\count300

(d:/texlive/2022/texmf-dist/tex/latex/rerunfilecheck/rerunfilecheck.sty
Package: rerunfilecheck 2019/12/05 v1.9 Rerun checks for auxiliary files (HO)

(d:/texlive/2022/texmf-dist/tex/generic/uniquecounter/uniquecounter.sty
Package: uniquecounter 2019/12/15 v1.4 Provide unlimited unique counter (HO)
)
Package uniquecounter Info: New unique counter `rerunfilecheck' on input line 2
86.
)
\Hy@SectionHShift=\skip57
)
(d:/texlive/2022/texmf-dist/tex/generic/ulem/ulem.sty
\UL@box=\box80
\UL@hyphenbox=\box81
\UL@skip=\skip58
\UL@hook=\toks29
\UL@height=\dimen164
\UL@pe=\count301
\UL@pixel=\dimen165
\ULC@box=\box82
Package: ulem 2019/11/18
\ULdepth=\dimen166
)
Class revtex4-2 Info: Unrecognized array package. Please update this document c
lass! (Proceeding with fingers crossed.) on input line 50.


Class revtex4-2 Warning: Repair the float package.

Class revtex4-2 Info: cite was not loaded (OK!) on input line 50.
Class revtex4-2 Info: mcite was not loaded (OK!) on input line 50.
Class revtex4-2 Info: multicol was not loaded (OK!) on input line 50.
Package translations Info: No language package found. I am going to use `englis
h' as default language. on input line 50.
(./CSPT.aux)
\openout1 = `CSPT.aux'.

LaTeX Font Info:    Checking defaults for OML/cmm/m/it on input line 50.
LaTeX Font Info:    ... okay on input line 50.
LaTeX Font Info:    Checking defaults for OMS/cmsy/m/n on input line 50.
LaTeX Font Info:    ... okay on input line 50.
LaTeX Font Info:    Checking defaults for OT1/cmr/m/n on input line 50.
LaTeX Font Info:    ... okay on input line 50.
LaTeX Font Info:    Checking defaults for T1/cmr/m/n on input line 50.
LaTeX Font Info:    ... okay on input line 50.
LaTeX Font Info:    Checking defaults for TS1/cmr/m/n on input line 50.
LaTeX Font Info:    ... okay on input line 50.
LaTeX Font Info:    Checking defaults for OMX/cmex/m/n on input line 50.
LaTeX Font Info:    ... okay on input line 50.
LaTeX Font Info:    Checking defaults for U/cmr/m/n on input line 50.
LaTeX Font Info:    ... okay on input line 50.
LaTeX Font Info:    Checking defaults for C00/song/m/n on input line 50.
LaTeX Font Info:    ... okay on input line 50.
LaTeX Font Info:    Checking defaults for C05/song/m/n on input line 50.
LaTeX Font Info:    ... okay on input line 50.
LaTeX Font Info:    Checking defaults for C09/song/m/n on input line 50.
LaTeX Font Info:    ... okay on input line 50.
LaTeX Font Info:    Checking defaults for C10/song/m/n on input line 50.
LaTeX Font Info:    ... okay on input line 50.
LaTeX Font Info:    Checking defaults for C20/song/m/n on input line 50.
LaTeX Font Info:    ... okay on input line 50.
LaTeX Font Info:    Checking defaults for C19/song/m/n on input line 50.
LaTeX Font Info:    ... okay on input line 50.
LaTeX Font Info:    Checking defaults for C40/song/m/n on input line 50.
LaTeX Font Info:    ... okay on input line 50.
LaTeX Font Info:    Checking defaults for C42/song/m/n on input line 50.
LaTeX Font Info:    ... okay on input line 50.
LaTeX Font Info:    Checking defaults for C43/song/m/n on input line 50.
LaTeX Font Info:    ... okay on input line 50.
LaTeX Font Info:    Checking defaults for C50/song/m/n on input line 50.
LaTeX Font Info:    ... okay on input line 50.
LaTeX Font Info:    Checking defaults for C52/song/m/n on input line 50.
LaTeX Font Info:    ... okay on input line 50.
LaTeX Font Info:    Checking defaults for C49/song/m/n on input line 50.
LaTeX Font Info:    ... okay on input line 50.
LaTeX Font Info:    Checking defaults for C60/mj/m/n on input line 50.
LaTeX Font Info:    ... okay on input line 50.
LaTeX Font Info:    Checking defaults for C61/mj/m/n on input line 50.
LaTeX Font Info:    ... okay on input line 50.
LaTeX Font Info:    Checking defaults for C63/mj/m/n on input line 50.
LaTeX Font Info:    ... okay on input line 50.
LaTeX Font Info:    Checking defaults for C64/mj/m/n on input line 50.
LaTeX Font Info:    ... okay on input line 50.
LaTeX Font Info:    Checking defaults for C65/mj/m/n on input line 50.
LaTeX Font Info:    ... okay on input line 50.
LaTeX Font Info:    Checking defaults for C70/song/m/n on input line 50.
LaTeX Font Info:    ... okay on input line 50.
LaTeX Font Info:    Checking defaults for C31/song/m/n on input line 50.
LaTeX Font Info:    ... okay on input line 50.
LaTeX Font Info:    Checking defaults for C32/song/m/n on input line 50.
LaTeX Font Info:    ... okay on input line 50.
LaTeX Font Info:    Checking defaults for C33/song/m/n on input line 50.
LaTeX Font Info:    ... okay on input line 50.
LaTeX Font Info:    Checking defaults for C34/song/m/n on input line 50.
LaTeX Font Info:    ... okay on input line 50.
LaTeX Font Info:    Checking defaults for C35/song/m/n on input line 50.
LaTeX Font Info:    ... okay on input line 50.
LaTeX Font Info:    Checking defaults for C36/song/m/n on input line 50.
LaTeX Font Info:    ... okay on input line 50.
LaTeX Font Info:    Checking defaults for C37/song/m/n on input line 50.
LaTeX Font Info:    ... okay on input line 50.
LaTeX Font Info:    Checking defaults for C80/song/m/n on input line 50.
LaTeX Font Info:    ... okay on input line 50.
LaTeX Font Info:    Checking defaults for C81/song/m/n on input line 50.
LaTeX Font Info:    ... okay on input line 50.
LaTeX Font Info:    Checking defaults for C01/song/m/n on input line 50.
LaTeX Font Info:    ... okay on input line 50.
LaTeX Font Info:    Checking defaults for C11/song/m/n on input line 50.
LaTeX Font Info:    ... okay on input line 50.
LaTeX Font Info:    Checking defaults for C21/song/m/n on input line 50.
LaTeX Font Info:    ... okay on input line 50.
LaTeX Font Info:    Checking defaults for C41/song/m/n on input line 50.
LaTeX Font Info:    ... okay on input line 50.
LaTeX Font Info:    Checking defaults for C62/song/m/n on input line 50.
LaTeX Font Info:    ... okay on input line 50.
LaTeX Font Info:    Checking defaults for PD1/pdf/m/n on input line 50.
LaTeX Font Info:    ... okay on input line 50.
LaTeX Font Info:    Checking defaults for PU/pdf/m/n on input line 50.
LaTeX Font Info:    ... okay on input line 50.
 (d:/texlive/2022/texmf-dist/tex/context/base/mkii/supp-pdf.mkii
[Loading MPS to PDF converter (version 2006.09.02).]
\scratchcounter=\count302
\scratchdimen=\dimen167
\scratchbox=\box83
\nofMPsegments=\count303
\nofMParguments=\count304
\everyMPshowfont=\toks30
\MPscratchCnt=\count305
\MPscratchDim=\dimen168
\MPnumerator=\count306
\makeMPintoPDFobject=\count307
\everyMPtoPDFconversion=\toks31
) (d:/texlive/2022/texmf-dist/tex/latex/epstopdf-pkg/epstopdf-base.sty
Package: epstopdf-base 2020-01-24 v2.11 Base part for package epstopdf
Package epstopdf-base Info: Redefining graphics rule for `.eps' on input line 4
85.

(d:/texlive/2022/texmf-dist/tex/latex/latexconfig/epstopdf-sys.cfg
File: epstopdf-sys.cfg 2010/07/13 v1.3 Configuration of (r)epstopdf for TeX Liv
e
))
(d:/texlive/2022/texmf-dist/tex/latex/translations/translations-basic-dictionar
y-english.trsl
File: translations-basic-dictionary-english.trsl (english translation file `tra
nslations-basic-dictionary')
)
Package translations Info: loading dictionary `translations-basic-dictionary' f
or `english'. on input line 50.
Package hyperref Info: Link coloring ON on input line 50.
 (d:/texlive/2022/texmf-dist/tex/latex/hyperref/nameref.sty
Package: nameref 2021-04-02 v2.47 Cross-referencing by name of section

(d:/texlive/2022/texmf-dist/tex/latex/refcount/refcount.sty
Package: refcount 2019/12/15 v3.6 Data extraction from label references (HO)
)
(d:/texlive/2022/texmf-dist/tex/generic/gettitlestring/gettitlestring.sty
Package: gettitlestring 2019/12/15 v1.6 Cleanup title references (HO)
)
\c@section@level=\count308
)
LaTeX Info: Redefining \ref on input line 50.
LaTeX Info: Redefining \pageref on input line 50.
LaTeX Info: Redefining \nameref on input line 50.
\@outlinefile=\write4
\openout4 = `CSPT.out'.

Class revtex4-2 Info: Taking \maketitle back from hyperref on input line 50.
\openout3 = `CSPTNotes.bib'.


(d:/texlive/2022/texmf-dist/tex/latex/cjk/texinput/UTF8/UTF8.bdg
File: UTF8.bdg 2021/10/16 4.8.5
)
(d:/texlive/2022/texmf-dist/tex/latex/cjk/texinput/UTF8/UTF8.enc
File: UTF8.enc 2021/10/16 4.8.5
)
(d:/texlive/2022/texmf-dist/tex/latex/cjk/texinput/UTF8/UTF8.chr
File: UTF8.chr 2021/10/16 4.8.5
)
LaTeX Font Info:    Trying to load font information for C70+gbsn on input line 
77.

(d:/texlive/2022/texmf-dist/tex/latex/cjk/texinput/UTF8/c70gbsn.fd
File: c70gbsn.fd 2021/10/16 4.8.5
)
(d:/texlive/2022/texmf-dist/tex/latex/cjk/texinput/UTF8/c70gbsn.fdx
File: c70gbsn.fdx 2021/10/16 4.8.5
)
LaTeX Font Info:    Trying to load font information for U+msa on input line 80.


(d:/texlive/2022/texmf-dist/tex/latex/amsfonts/umsa.fd
File: umsa.fd 2013/01/14 v3.01 AMS symbols A
)
LaTeX Font Info:    Trying to load font information for U+msb on input line 80.


(d:/texlive/2022/texmf-dist/tex/latex/amsfonts/umsb.fd
File: umsb.fd 2013/01/14 v3.01 AMS symbols B
)

pdfTeX warning: pdflatex.exe (file ./figures/Fig_intro_v4.pdf): PDF inclusion: 
found PDF version <1.6>, but at most version <1.5> allowed
<figures/Fig_intro_v4.pdf, id=62, 512.14938pt x 235.34023pt>
File: figures/Fig_intro_v4.pdf Graphic file (type pdf)
<use figures/Fig_intro_v4.pdf>
Package pdftex.def Info: figures/Fig_intro_v4.pdf  used on input line 85.
(pdftex.def)             Requested size: 510.0pt x 234.36287pt.

Package natbib Warning: Citation `Torre2006' on page 1 undefined on input line 
91.


Package natbib Warning: Citation `Berg2008' on page 1 undefined on input line 9
1.


LaTeX Warning: Reference `eq: parity-generator' on page 1 undefined on input li
ne 91.


Package natbib Warning: Citation `Fuji2015' on page 1 undefined on input line 9
1.


Package natbib Warning: Citation `Ma2023' on page 1 undefined on input line 91.



Package natbib Warning: Citation `Torre2006' on page 1 undefined on input line 
91.


Package natbib Warning: Citation `Berg2008' on page 1 undefined on input line 9
1.


LaTeX Warning: Reference `eq: parity-generator' on page 1 undefined on input li
ne 91.


Package natbib Warning: Citation `Fuji2015' on page 1 undefined on input line 9
1.


Package natbib Warning: Citation `Ma2023' on page 1 undefined on input line 91.



Package natbib Warning: Citation `Sachdev1999' on page 1 undefined on input lin
e 95.


Package natbib Warning: Citation `Senthil2015' on page 1 undefined on input lin
e 97.


Package natbib Warning: Citation `Pollmann2010' on page 1 undefined on input li
ne 97.


Package natbib Warning: Citation `Turner11' on page 1 undefined on input line 9
7.


Package natbib Warning: Citation `Fidkowski11' on page 1 undefined on input lin
e 97.


Package natbib Warning: Citation `Pollmann2012' on page 1 undefined on input li
ne 97.


Package natbib Warning: Citation `Schuch2011' on page 1 undefined on input line
 97.


Package natbib Warning: Citation `Chen2011' on page 1 undefined on input line 9
7.


Package natbib Warning: Citation `Chen2012' on page 1 undefined on input line 9
7.


Package natbib Warning: Citation `Atala2013' on page 1 undefined on input line 
97.


Package natbib Warning: Citation `Meier2016' on page 1 undefined on input line 
97.


Package natbib Warning: Citation `Sylvain2019' on page 1 undefined on input lin
e 97.


Package natbib Warning: Citation `Sompet2022' on page 1 undefined on input line
 97.


Package natbib Warning: Citation `Cai2019' on page 1 undefined on input line 97
.


Package natbib Warning: Citation `Katz2024' on page 1 undefined on input line 9
7.


Package natbib Warning: Citation `Choo2018' on page 1 undefined on input line 9
7.


Package natbib Warning: Citation `Smith2022' on page 1 undefined on input line 
97.


Package natbib Warning: Citation `Herrmann2022' on page 1 undefined on input li
ne 97.


LaTeX Warning: Reference `fig: setup' on page 1 undefined on input line 99.


LaTeX Warning: Reference `fig: setup' on page 1 undefined on input line 99.


Package natbib Warning: Citation `Bloch2008' on page 1 undefined on input line 
99.


Package natbib Warning: Citation `Gross2017' on page 1 undefined on input line 
99.


Package natbib Warning: Citation `Bohrdt2021' on page 1 undefined on input line
 99.


LaTeX Warning: Reference `fig: setup' on page 1 undefined on input line 99.


Package natbib Warning: Citation `Torre2006' on page 1 undefined on input line 
107.


Package natbib Warning: Citation `Berg2008' on page 1 undefined on input line 1
07.


Package natbib Warning: Citation `Haldane1983' on page 1 undefined on input lin
e 107.


Package natbib Warning: Citation `Su2023' on page 1 undefined on input line 109
.


Package natbib Warning: Citation `Chin2010' on page 1 undefined on input line 1
09.


LaTeX Warning: Reference `fig: setup' on page 1 undefined on input line 109.


Package natbib Warning: Citation `Bakr2010' on page 1 undefined on input line 1
09.


Package natbib Warning: Citation `Sherson2010' on page 1 undefined on input lin
e 109.


Package natbib Warning: Citation `Su2024' on page 1 undefined on input line 109
.

<figures/Fig_CSPT_ground.pdf, id=74, 495.8525pt x 160.6pt>
File: figures/Fig_CSPT_ground.pdf Graphic file (type pdf)
<use figures/Fig_CSPT_ground.pdf>
Package pdftex.def Info: figures/Fig_CSPT_ground.pdf  used on input line 113.
(pdftex.def)             Requested size: 510.0pt x 165.18457pt.

LaTeX Font Warning: Font shape `C70/gbsn/m/it' undefined
(Font)              using `C70/gbsn/m/n' instead on input line 117.


Package natbib Warning: Citation `Fu11' on page 1 undefined on input line 121.


Package natbib Warning: Citation `Turner10inversion' on page 1 undefined on inp
ut line 121.


Package natbib Warning: Citation `Hughes11' on page 1 undefined on input line 1
21.


Package natbib Warning: Citation `Fuji2015' on page 1 undefined on input line 1
21.


Package natbib Warning: Citation `Song17' on page 1 undefined on input line 121
.


LaTeX Warning: Reference `fig: setup' on page 1 undefined on input line 123.


LaTeX Warning: Reference `fig: setup' on page 1 undefined on input line 123.


Package natbib Warning: Citation `Fuji2015' on page 1 undefined on input line 1
23.


Package natbib Warning: Citation `Fuji2015' on page 1 undefined on input line 1
23.


LaTeX Warning: Reference `fig: CSPT_ground' on page 1 undefined on input line 1
23.

<figures/Fig_stacking.pdf, id=77, 496.85625pt x 245.91875pt>
File: figures/Fig_stacking.pdf Graphic file (type pdf)
<use figures/Fig_stacking.pdf>
Package pdftex.def Info: figures/Fig_stacking.pdf  used on input line 126.
(pdftex.def)             Requested size: 510.0pt x 252.42856pt.

LaTeX Warning: Reference `eq: coupling' on page 1 undefined on input line 127.


LaTeX Warning: Reference `eq: coupling' on page 1 undefined on input line 127.


Package natbib Warning: Citation `Hilker17' on page 1 undefined on input line 1
31.


Package natbib Warning: Citation `Wei23' on page 1 undefined on input line 131.


[1{d:/texlive/2022/texmf-var/fonts/map/pdftex/updmap/pdftex.map}] [2 <./figures
/Fig_intro_v4.pdf> <./figures/Fig_CSPT_ground.pdf

pdfTeX warning: pdflatex.exe (file ./figures/Fig_CSPT_ground.pdf): PDF inclusio
n: multiple pdfs with page group included in a single page
>]

LaTeX Warning: A float is stuck (cannot be placed) on input line 132.

[3 <./figures/Fig_stacking.pdf>]

LaTeX Warning: Reference `fig: CSPT_ground' on page 4 undefined on input line 1
36.


LaTeX Warning: Reference `fig: CSPT_ground' on page 4 undefined on input line 1
38.


LaTeX Warning: Reference `fig: CSPT_ground' on page 4 undefined on input line 1
39.


Package natbib Warning: Citation `Sahay2025' on page 4 undefined on input line 
139.


Package natbib Warning: Citation `Turner11' on page 4 undefined on input line 1
42.


Package natbib Warning: Citation `Fidkowski11' on page 4 undefined on input lin
e 142.


Package natbib Warning: Citation `Pollmann2012' on page 4 undefined on input li
ne 142.


Package natbib Warning: Citation `Schuch2011' on page 4 undefined on input line
 142.


Package natbib Warning: Citation `Chen2011' on page 4 undefined on input line 1
42.


Package natbib Warning: Citation `Chen2012' on page 4 undefined on input line 1
42.


LaTeX Warning: Reference `eq: Hamiltonian' on page 4 undefined on input line 14
4.


LaTeX Warning: Reference `fig: Coupled_CSPT' on page 4 undefined on input line 
149.


LaTeX Warning: Reference `eq: parity-generator' on page 4 undefined on input li
ne 149.


LaTeX Warning: Reference `fig: Coupled_CSPT' on page 4 undefined on input line 
151.


LaTeX Warning: Reference `fig: Coupled_CSPT' on page 4 undefined on input line 
151.


LaTeX Warning: Reference `fig: Coupled_CSPT' on page 4 undefined on input line 
153.

<figures/CSPT_average.pdf, id=820, 496.85625pt x 201.75375pt>
File: figures/CSPT_average.pdf Graphic file (type pdf)
<use figures/CSPT_average.pdf>
Package pdftex.def Info: figures/CSPT_average.pdf  used on input line 156.
(pdftex.def)             Requested size: 510.0pt x 207.09445pt.

LaTeX Warning: Reference `fig: Coupled_CSPT' on page 4 undefined on input line 
161.


Underfull \hbox (badness 2318) in paragraph at lines 161--162
\C70/gbsn/m/n/10/75 1 \C70/gbsn/m/n/10/4e Ž \C70/gbsn/m/n/10/57 ( \C70/gbsn/m/n
/10/8b û \C70/gbsn/m/it/10/53 Ö \C70/gbsn/m/n/10/96 6 \C70/gbsn/m/n/10/6b µ \C7
0/gbsn/m/n/10/94 þ \C70/gbsn/m/n/10/51 … \C70/gbsn/m/n/10/96 § \C70/gbsn/m/n/10
/7a ^^?\OT1/cmr/m/n/10 ($\OML/cmm/m/it/10 t$\OT1/cmr/m/n/10 )\C70/gbsn/m/n/10/8
f Ü \C70/gbsn/m/n/10/5c ^^O \C70/gbsn/m/n/10/4e Ž \C70/gbsn/m/n/10/51 v \C70/gb
sn/m/n/10/4e Ö \C70/gbsn/m/n/10/80 ý \C70/gbsn/m/n/10/91 Ï \C70/gbsn/m/n/10/5c 
:
 []


Package natbib Warning: Citation `Gu2009' on page 4 undefined on input line 163
.


Package natbib Warning: Citation `Freed2014' on page 4 undefined on input line 
163.


LaTeX Warning: Reference `fig: CSPT_average' on page 4 undefined on input line 
168.


LaTeX Warning: Reference `fig: CSPT_average' on page 4 undefined on input line 
168.


Package natbib Warning: Citation `Ma2023' on page 4 undefined on input line 170
.


LaTeX Warning: Reference `fig: CSPT_average' on page 4 undefined on input line 
172.


LaTeX Warning: Reference `fig: CSPT_average' on page 4 undefined on input line 
172.


Package natbib Warning: Citation `Fu2012' on page 4 undefined on input line 172
.


Package natbib Warning: Citation `Ringel12' on page 4 undefined on input line 1
72.


Package natbib Warning: Citation `Mong12' on page 4 undefined on input line 172
.


Package natbib Warning: Citation `Fulga14' on page 4 undefined on input line 17
2.


Package natbib Warning: Citation `Ma2023' on page 4 undefined on input line 172
.


Package natbib Warning: Citation `Ma23_b' on page 4 undefined on input line 172
.


Package natbib Warning: Citation `De2022' on page 4 undefined on input line 172
.


Package natbib Warning: Citation `Coser2019' on page 4 undefined on input line 
172.


Package natbib Warning: Citation `Fan2024' on page 4 undefined on input line 17
2.


Package natbib Warning: Citation `Bao2023' on page 4 undefined on input line 17
2.


Package natbib Warning: Citation `Verstraete2009' on page 4 undefined on input 
line 172.


Package natbib Warning: Citation `Diehl2008' on page 4 undefined on input line 
172.


Package natbib Warning: Citation `Sang2024' on page 4 undefined on input line 1
72.


Package natbib Warning: Citation `Sang2025' on page 4 undefined on input line 1
72.

[4]

LaTeX Warning: Reference `fig: HI' on page 5 undefined on input line 175.


Package natbib Warning: Citation `Haldane1983' on page 5 undefined on input lin
e 175.


Package natbib Warning: Citation `Buyers1986' on page 5 undefined on input line
 175.


Package natbib Warning: Citation `Xu1996' on page 5 undefined on input line 175
.


Package natbib Warning: Citation `Torre2006' on page 5 undefined on input line 
175.


Package natbib Warning: Citation `Pollmann2012' on page 5 undefined on input li
ne 175.


Package natbib Warning: Citation `Fuji2015' on page 5 undefined on input line 1
77.


LaTeX Warning: Reference `fig: HI' on page 5 undefined on input line 177.


LaTeX Warning: Reference `fig: setup' on page 5 undefined on input line 177.


Package natbib Warning: Citation `Sahay2025' on page 5 undefined on input line 
177.


Package natbib Warning: Citation `Nijs1989' on page 5 undefined on input line 1
79.


Package natbib Warning: Citation `Pollmann2012Detection' on page 5 undefined on
 input line 179.


LaTeX Warning: Reference `eq: SOP' on page 5 undefined on input line 184.


Package natbib Warning: Citation `Patscheider2022' on page 5 undefined on input
 line 186.


Package natbib Warning: Citation `Sompet2022' on page 5 undefined on input line
 186.


LaTeX Warning: Reference `fig: HI' on page 5 undefined on input line 186.

<figures/Fig_Haldane_V3.pdf, id=833, 247.92625pt x 115.43124pt>
File: figures/Fig_Haldane_V3.pdf Graphic file (type pdf)
<use figures/Fig_Haldane_V3.pdf>
Package pdftex.def Info: figures/Fig_Haldane_V3.pdf  used on input line 190.
(pdftex.def)             Requested size: 247.0pt x 115.00117pt.

Overfull \hbox (1.0pt too wide) in paragraph at lines 190--191
 [][] 
 []


LaTeX Warning: Reference `eq:model-wavefunction' on page 5 undefined on input l
ine 191.


LaTeX Warning: Reference `eq:model-wavefunction' on page 5 undefined on input l
ine 191.


Underfull \hbox (badness 2134) in paragraph at lines 196--197
[]\C70/gbsn/m/n/10/62 ^^Q \C70/gbsn/m/it/10/4e ì \C70/gbsn/m/n/10/76 „ \C70/gbs
n/m/n/10/78 ^^T \C70/gbsn/m/n/10/7a v \C70/gbsn/m/n/10/88 h \C70/gbsn/m/it/10/6
6 ^^N \C70/gbsn/m/n/10/ff ^^L \C70/gbsn/m/it/10/5f S \C70/gbsn/m/it/10/57 ( \C7
0/gbsn/m/it/10/66 v \C70/gbsn/m/it/10/4f S \C70/gbsn/m/n/10/5b ù \C70/gbsn/m/it
/10/79 ð \C70/gbsn/m/n/10/60 ' \C70/gbsn/m/it/10/4f Ý \C70/gbsn/m/n/10/62 ¤ Ó Q

 []


Package natbib Warning: Citation `Scholl2021' on page 5 undefined on input line
 198.


Package natbib Warning: Citation `Ebadi2021' on page 5 undefined on input line 
198.


Package natbib Warning: Citation `Semeghini2021' on page 5 undefined on input l
ine 198.


Package natbib Warning: Citation `Ma23_b' on page 5 undefined on input line 198
.


Package natbib Warning: Citation `intrinsicACSPT' on page 5 undefined on input 
line 198.


Package natbib Warning: Citation `LevinGu' on page 5 undefined on input line 19
8.

[5 <./figures/CSPT_average.pdf>]

LaTeX Warning: A float is stuck (cannot be placed) on input line 199.


LaTeX Warning: A float is stuck (cannot be placed) on input line 199.


Class revtex4-2 Warning: Deferred float stuck during \clearpage processing.


Package natbib Warning: Citation `Zhang2025' on page 6 undefined on input line 
204.


Package natbib Warning: Citation `Yue2025' on page 6 undefined on input line 20
4.


Package natbib Warning: Citation `Chomaz2016' on page 6 undefined on input line
 213.


Package natbib Warning: Citation `Wall2013' on page 6 undefined on input line 2
13.


Package natbib Warning: Citation `Deng2013' on page 6 undefined on input line 2
13.


Package natbib Warning: Citation `Lv2018' on page 6 undefined on input line 213
.


Package natbib Warning: Citation `Baier2016' on page 6 undefined on input line 
213.

<figures/chemical_potential.pdf, id=1014, 291.0875pt x 475.7775pt>
File: figures/chemical_potential.pdf Graphic file (type pdf)
<use figures/chemical_potential.pdf>
Package pdftex.def Info: figures/chemical_potential.pdf  used on input line 217
.
(pdftex.def)             Requested size: 244.79782pt x 400.1295pt.

LaTeX Warning: Reference `fig: chemical_potential' on page 6 undefined on input
 line 223.


LaTeX Warning: Reference `fig: CSPT_average' on page 6 undefined on input line 
223.

[6 <./figures/Fig_Haldane_V3.pdf> <./figures/chemical_potential.pdf>]

Package natbib Warning: Citation `Gaunt2013' on page 7 undefined on input line 
225.


LaTeX Warning: Reference `eq: SOP' on page 7 undefined on input line 225.


LaTeX Warning: Reference `fig: chemical_potential' on page 7 undefined on input
 line 225.


Package natbib Warning: Citation `Phelps2020' on page 7 undefined on input line
 228.


LaTeX Warning: Reference `fig: chemical_potential' on page 7 undefined on input
 line 231.


LaTeX Warning: Reference `fig: chemical_potential' on page 7 undefined on input
 line 231.



pdfTeX warning: pdflatex.exe (file ./figures/DS.pdf): PDF inclusion: found PDF 
version <1.6>, but at most version <1.5> allowed
<figures/DS.pdf, id=1078, 622.325pt x 294.09875pt>
File: figures/DS.pdf Graphic file (type pdf)
<use figures/DS.pdf>
Package pdftex.def Info: figures/DS.pdf  used on input line 236.
(pdftex.def)             Requested size: 510.0pt x 241.01892pt.

LaTeX Warning: Reference `fig: spin_half_DS_extended_data' on page 7 undefined 
on input line 251.


LaTeX Warning: Reference `fig: spin_half_DS_extended_data' on page 7 undefined 
on input line 251.


LaTeX Warning: Reference `fig: spin_half_DS_extended_data' on page 7 undefined 
on input line 251.


Underfull \hbox (badness 2478) in paragraph at lines 259--259
[]|\OT1/cmr/m/n/9 Atom num-
 []


Underfull \hbox (badness 10000) in paragraph at lines 259--259
[]|\OT1/cmr/m/n/9 Photon
 []


Underfull \hbox (badness 10000) in paragraph at lines 259--259
[]|\OT1/cmr/m/n/9 Overall
 []


Underfull \hbox (badness 10000) in paragraph at lines 259--259
[]|\OT1/cmr/m/n/9 Smallest
 []


Underfull \hbox (badness 10000) in paragraph at lines 259--259
[]|\OT1/cmr/m/n/9 Average
 []


LaTeX Warning: Reference `fig: Coupled_CSPT' on page 7 undefined on input line 
270.


LaTeX Warning: Reference `tab:data_size' on page 7 undefined on input line 270.



LaTeX Warning: Reference `eq: coupling' on page 7 undefined on input line 273.


LaTeX Warning: Reference `fig: Coupled_CSPT' on page 7 undefined on input line 
273.


Package natbib Warning: Citation `Chin2010' on page 7 undefined on input line 2
76.


Package natbib Warning: Citation `Frisch2014' on page 7 undefined on input line
 276.


Package natbib Warning: Citation `Patscheider2022' on page 7 undefined on input
 line 276.


Package natbib Warning: Citation `Su2024' on page 7 undefined on input line 276
.

[7]

pdfTeX warning: pdflatex.exe (file ./figures/Coupled_CSPT_OP_gnd_state_no_decoh
erence.pdf): PDF inclusion: found PDF version <1.7>, but at most version <1.5> 
allowed
<figures/Coupled_CSPT_OP_gnd_state_no_decoherence.pdf, id=1093, 260.17201pt x 1
73.448pt>
File: figures/Coupled_CSPT_OP_gnd_state_no_decoherence.pdf Graphic file (type p
df)
<use figures/Coupled_CSPT_OP_gnd_state_no_decoherence.pdf>
Package pdftex.def Info: figures/Coupled_CSPT_OP_gnd_state_no_decoherence.pdf  
used on input line 283.
(pdftex.def)             Requested size: 244.79782pt x 163.20787pt.

Package natbib Warning: Citation `itensor' on page 8 undefined on input line 28
9.


Underfull \hbox (badness 6978) in paragraph at lines 289--290
 []\OT1/cmr/m/it/10 CSPT\C70/gbsn/m/it/10/6a ! \C70/gbsn/m/it/10/62 ß[] \C70/gb
sn/m/n/10/56 þ \C70/gbsn/m/it/10/4e - \C70/gbsn/bx/n/10/96 4 \C70/gbsn/m/it/10/
5f q \C70/gbsn/m/n/10/90 è \C70/gbsn/m/n/10/52 ^^F \C70/gbsn/m/n/10/76 „ \C70/g
bsn/m/it/10/74 ^^F \C70/gbsn/m/it/10/8b º ¡ \C70/gbsn/m/it/10/7b — \C70/gbsn/m/
it/10/66 / \C70/gbsn/m/n/10/90 ^^Z
 []

[8 <./figures/DS.pdf>]

LaTeX Warning: A float is stuck (cannot be placed) on input line 290.


LaTeX Warning: A float is stuck (cannot be placed) on input line 290.


Class revtex4-2 Warning: Deferred float stuck during \clearpage processing.


LaTeX Warning: Reference `fig: Coupled_CSPT' on page 9 undefined on input line 
291.


LaTeX Warning: Reference `fig: Coupled_CSPT_no_decoherence' on page 9 undefined
 on input line 291.


Package natbib Warning: Citation `Kampen1992' on page 9 undefined on input line
 291.


Package natbib Warning: Citation `Seif2022' on page 9 undefined on input line 2
91.


LaTeX Warning: Reference `eq: Hamiltonian' on page 9 undefined on input line 29
1.


LaTeX Warning: Reference `fig: Coupled_CSPT' on page 9 undefined on input line 
291.


Package natbib Warning: Citation `Hauschild18' on page 9 undefined on input lin
e 295.


Package natbib Warning: Citation `Zaletel2015' on page 9 undefined on input lin
e 295.

<figures/large_size_local_observable.pdf, id=1133, 597.50829pt x 426.79147pt>
File: figures/large_size_local_observable.pdf Graphic file (type pdf)
<use figures/large_size_local_observable.pdf>
Package pdftex.def Info: figures/large_size_local_observable.pdf  used on input
 line 302.
(pdftex.def)             Requested size: 244.79782pt x 174.8554pt.

LaTeX Warning: Reference `fig: large_size_local_observable' on page 9 undefined
 on input line 307.

<figures/three_or_more_coupled_chains.pdf, id=1134, 359.3425pt x 196.735pt>
File: figures/three_or_more_coupled_chains.pdf Graphic file (type pdf)
<use figures/three_or_more_coupled_chains.pdf>
Package pdftex.def Info: figures/three_or_more_coupled_chains.pdf  used on inpu
t line 313.
(pdftex.def)             Requested size: 244.79782pt x 134.02718pt.

Package natbib Warning: Citation `QuSpin' on page 9 undefined on input line 319
.


LaTeX Warning: Reference `fig: three_or_more_coupled_chains' on page 9 undefine
d on input line 319.



pdfTeX warning: pdflatex.exe (file ./figures/HI_to_CSPT_transition_large_size.p
df): PDF inclusion: found PDF version <1.6>, but at most version <1.5> allowed
<figures/HI_to_CSPT_transition_large_size.pdf, id=1135, 1828.8325pt x 684.5575p
t>
File: figures/HI_to_CSPT_transition_large_size.pdf Graphic file (type pdf)
<use figures/HI_to_CSPT_transition_large_size.pdf>
Package pdftex.def Info: figures/HI_to_CSPT_transition_large_size.pdf  used on 
input line 325.
(pdftex.def)             Requested size: 510.0pt x 190.89137pt.

LaTeX Warning: Reference `fig: HI_to_CSPT_transition_large_size' on page 9 unde
fined on input line 331.

[9 <./figures/Coupled_CSPT_OP_gnd_state_no_decoherence.pdf> <./figures/large_si
ze_local_observable.pdf> <./figures/three_or_more_coupled_chains.pdf>]

Package natbib Warning: Citation `Sahay2025' on page 10 undefined on input line
 334.


LaTeX Warning: Reference `fig: CSPT_ground' on page 10 undefined on input line 
339.


LaTeX Warning: Reference `fig: CSPT_ground' on page 10 undefined on input line 
339.


LaTeX Warning: Reference `fig: CSPT_ground' on page 10 undefined on input line 
341.


Package natbib Warning: Citation `Fuji2015' on page 10 undefined on input line 
341.


Package natbib Warning: Citation `Landau1937' on page 10 undefined on input lin
e 343.


Package natbib Warning: Citation `Beekman2019' on page 10 undefined on input li
ne 343.


Package natbib Warning: Citation `Fuji2015' on page 10 undefined on input line 
343.


Package natbib Warning: Citation `Pollmann2012' on page 10 undefined on input l
ine 343.


Package natbib Warning: Citation `Chen2010' on page 10 undefined on input line 
345.


Package natbib Warning: Citation `Chen2011' on page 10 undefined on input line 
345.

[10 <./figures/HI_to_CSPT_transition_large_size.pdf>]

Package natbib Warning: Citation `Ma2023' on page 11 undefined on input line 35
4.


Package natbib Warning: Citation `Chen2024' on page 11 undefined on input line 
354.

LaTeX Font Info:    Trying to load font information for U+dsrom on input line 3
56.
(d:/texlive/2022/texmf-dist/tex/latex/doublestroke/Udsrom.fd
File: Udsrom.fd 1995/08/01 v0.1 Double stroke roman font definitions
)

LaTeX Warning: Reference `eq: Hamiltonian' on page 11 undefined on input line 3
60.


Underfull \hbox (badness 4441) in paragraph at lines 371--373
\C70/gbsn/m/n/10/51 v \C70/gbsn/m/it/10/4e -$[] \OT1/cmr/m/n/10 = [][] []$\C70/
gbsn/m/n/10/ff ^^L$[]$\C70/gbsn/m/it/10/4e : \C70/gbsn/m/it/10/5b ù \C70/gbsn/m
/it/10/5e ” \C70/gbsn/m/it/10/65 à \C70/gbsn/m/it/10/5e  \C70/gbsn/m/it/10/67 
„
 []


Underfull \hbox (badness 1308) in paragraph at lines 377--379
[]\C70/gbsn/m/n/10/6b d \C70/gbsn/m/it/10/59 ^^D \C70/gbsn/m/it/10/97 ^^@ \C70/
gbsn/m/it/10/4f \ \C70/gbsn/m/n/10/51 à \C70/gbsn/m/n/10/70 ¹ \C70/gbsn/m/it/10
/8b ô \C70/gbsn/m/it/10/66 ^^N \C70/gbsn/m/n/10/ff ^^Z \C70/gbsn/m/n/10/99 – \C
70/gbsn/m/n/10/51 H \C70/gbsn/m/n/10/ff ^^L \C70/gbsn/m/it/10/54 È \C70/gbsn/m/
it/10/5b Æ \C70/gbsn/m/n/10/98 ^^? \C70/gbsn/m/it/10/91 Ï$\OML/cmm/m/it/10 H$\C
70/gbsn/m/n/10/51 w \C70/gbsn/m/it/10/67 	 \C70/gbsn/m/it/10/80 ý
 []



pdfTeX warning: pdflatex.exe (file ./figures/HI_2D_OP.pdf): PDF inclusion: foun
d PDF version <1.6>, but at most version <1.5> allowed
<figures/HI_2D_OP.pdf, id=1248, 546.04pt x 375.4025pt>
File: figures/HI_2D_OP.pdf Graphic file (type pdf)
<use figures/HI_2D_OP.pdf>
Package pdftex.def Info: figures/HI_2D_OP.pdf  used on input line 382.
(pdftex.def)             Requested size: 510.0pt x 350.62723pt.

Package natbib Warning: Citation `Sahay2025' on page 11 undefined on input line
 417.

[11]

pdfTeX warning: pdflatex.exe (file ./figures/Finite_size_scaling.pdf): PDF incl
usion: found PDF version <1.6>, but at most version <1.5> allowed
<figures/Finite_size_scaling.pdf, id=1266, 295.1025pt x 166.6225pt>
File: figures/Finite_size_scaling.pdf Graphic file (type pdf)
<use figures/Finite_size_scaling.pdf>
Package pdftex.def Info: figures/Finite_size_scaling.pdf  used on input line 42
4.
(pdftex.def)             Requested size: 244.79782pt x 138.2229pt.

LaTeX Warning: Reference `fig: HI' on page 12 undefined on input line 430.


Package natbib Warning: Citation `Torre2006' on page 12 undefined on input line
 430.


Package natbib Warning: Citation `Berg2008' on page 12 undefined on input line 
430.


Package natbib Warning: Citation `Pollmann2010' on page 12 undefined on input l
ine 430.


Package natbib Warning: Citation `Sahay2025' on page 12 undefined on input line
 432.


LaTeX Warning: Reference `sec:CSPT-transitions' on page 12 undefined on input l
ine 432.


Underfull \hbox (badness 1308) in paragraph at lines 432--433
[]\C70/gbsn/m/it/10/4e : † \C70/gbsn/m/it/10/74 ^^F \C70/gbsn/m/it/10/89 ã \C70
/gbsn/m/it/10/97 ^^M \C70/gbsn/m/it/10/5c ^^T \C70/gbsn/m/it/10/4e 9\OT1/cmr/m/
n/10 -\C70/gbsn/m/n/10/83 « \C70/gbsn/m/it/10/72 y \C70/gbsn/m/it/10/7e Ý \C70/
gbsn/m/it/10/7f ^^X \C70/gbsn/m/it/10/4f S \C70/gbsn/m/it/10/76 ø \C70/gbsn/m/i
t/10/53 Ø \C70/gbsn/m/it/10/59 ‚ \C70/gbsn/m/it/10/4f U \C70/gbsn/m/it/10/4e ^^
N\OT1/cmr/m/n/10 CSPT-
 []

[12 <./figures/HI_2D_OP.pdf> <./figures/Finite_size_scaling.pdf

pdfTeX warning: pdflatex.exe (file ./figures/Finite_size_scaling.pdf): PDF incl
usion: multiple pdfs with page group included in a single page
>]

LaTeX Warning: Reference `fig: HI' on page 13 undefined on input line 434.


LaTeX Warning: Reference `eq: SOP' on page 13 undefined on input line 438.


Package natbib Warning: Citation `Pollmann2012' on page 13 undefined on input l
ine 438.


Package natbib Warning: Citation `Schuch2011' on page 13 undefined on input lin
e 438.


Package natbib Warning: Citation `Chen2011' on page 13 undefined on input line 
438.


LaTeX Warning: Reference `fig: HI_2D_OP' on page 13 undefined on input line 444
.


Package natbib Warning: Citation `Fraxanet2022' on page 13 undefined on input l
ine 446.


LaTeX Warning: Reference `fig: finite_size_scaling' on page 13 undefined on inp
ut line 446.


Underfull \hbox (badness 3049) in paragraph at lines 446--447
[]\C70/gbsn/m/it/10/5b ž \C70/gbsn/m/n/10/9a Œ \C70/gbsn/m/it/10/4e - \C70/gbsn
/m/it/10/53 ï \C70/gbsn/m/it/10/5b ž \C70/gbsn/m/it/10/73 ° \C70/gbsn/m/it/10/7
6 „ \C70/gbsn/m/it/10/67 	 \C70/gbsn/bx/n/10/96 P \C70/gbsn/m/it/10/5c : \C70/g
bsn/m/it/10/5b ø \C70/gbsn/m/n/10/ff ^^H\OT1/cmr/m/n/10 10\C70/gbsn/m/it/10/4e 
* \C70/gbsn/m/n/10/68 < \C70/gbsn/m/n/10/70 ¹ \C70/gbsn/m/n/10/ff 	 \C70/gbsn/b
x/n/10/96 P \C70/gbsn/m/n/10/52 6
 []


Package natbib Warning: Citation `Deng2011' on page 13 undefined on input line 
448.


Package natbib Warning: Citation `Tran2023' on page 13 undefined on input line 
448.


Underfull \hbox (badness 4013) in paragraph at lines 455--457
 []\C70/gbsn/m/it/10/81 ô \C70/gbsn/m/it/10/8c "[] \C70/gbsn/m/it/10/5b ž \C70/
gbsn/m/n/10/9a Œ \C70/gbsn/m/n/10/56 â \C70/gbsn/bx/n/10/96 ^^_ \C70/gbsn/m/n/1
0/61 ^^_ \C70/gbsn/m/it/10/8c "\OT1/cmr/m/n/10 A. Hebert\C70/gbsn/m/it/10/30 ^^
A\OT1/cmr/m/n/10 A. Krahn\C70/gbsn/m/it/10/30 ^^A\OT1/cmr/m/n/10 G.
 []


Underfull \hbox (badness 10000) in paragraph at lines 459--460
 []\C70/gbsn/m/it/10/4f \ \C70/gbsn/m/it/10/80 ^^E \C70/gbsn/m/it/10/8d ! \C70/
gbsn/m/it/10/73 .[] \OT1/cmr/m/n/10 L.S.\C70/gbsn/m/it/10/30 ^^A\OT1/cmr/m/n/10
 M.S.\C70/gbsn/m/it/10/30 ^^A\OT1/cmr/m/n/10 A.D.\C70/gbsn/m/it/10/54 Œ\OT1/cmr
/m/n/10 O.M.\C70/gbsn/m/it/10/53 Â
 []


Underfull \hbox (badness 10000) in paragraph at lines 459--460
\C70/gbsn/m/it/10/4e ^^N \C70/gbsn/m/it/10/5b ž \C70/gbsn/m/n/10/9a Œ \C70/gbsn
/m/n/10/88 Å \C70/gbsn/m/it/10/7f n \C70/gbsn/m/n/10/64 - \C70/gbsn/m/it/10/5e 
ú \C70/gbsn/m/it/10/30 ^^B\OT1/cmr/m/n/10 L.S.\C70/gbsn/m/it/10/8d ^^_ # \C70/g
bsn/m/it/10/5b ž \C70/gbsn/m/n/10/9a Œ \C70/gbsn/m/it/10/65 p \C70/gbsn/m/it/10
/63 n \C70/gbsn/m/it/10/91 Ç
 []


Underfull \hbox (badness 10000) in paragraph at lines 459--460
\C70/gbsn/bx/n/10/96 Æ \C70/gbsn/m/it/10/4e ^^N \C70/gbsn/m/n/10/52 ^^F \C70/gb
sn/m/it/10/67  \C70/gbsn/m/it/10/30 ^^B\OT1/cmr/m/n/10 C.D.\C70/gbsn/m/it/10/3
0 ^^A\OT1/cmr/m/n/10 R.S.\C70/gbsn/m/it/10/54 Œ\OT1/cmr/m/n/10 L.S.\C70/gbsn/m/
n/10/8f Û \C70/gbsn/m/n/10/88 L \C70/gbsn/m/it/10/65 p \C70/gbsn/m/it/10/50 < \
C70/gbsn/m/it/10/6a !
 []


Underfull \hbox (badness 10000) in paragraph at lines 459--460
\C70/gbsn/m/it/10/65 p \C70/gbsn/m/it/10/5b f \C70/gbsn/m/it/10/8b Á \C70/gbsn/
m/it/10/66 ^^N \C70/gbsn/m/it/10/30 ^^B\OT1/cmr/m/n/10 L.S.\C70/gbsn/m/it/10/30
 ^^A\OT1/cmr/m/n/10 R.S.\C70/gbsn/m/it/10/30 ^^A\OT1/cmr/m/n/10 C.D.\C70/gbsn/m
/it/10/30 ^^A\OT1/cmr/m/n/10 M.S.\C70/gbsn/m/it/10/30 ^^A\OT1/cmr/m/n/10 R.V.\C
70/gbsn/m/it/10/54 Œ\OT1/cmr/m/n/10 M.G.\C70/gbsn/m/it/10/53 Â
 []


Underfull \hbox (badness 10000) in paragraph at lines 459--460
\C70/gbsn/m/it/10/4e ^^N \C70/gbsn/m/it/10/8b º \C70/gbsn/m/it/10/65 ‡ \C70/gbs
n/m/n/10/64 ° \C70/gbsn/m/it/10/51 ™ \C70/gbsn/m/it/10/30 ^^B \C70/gbsn/m/it/10
/62 @ \C70/gbsn/m/it/10/67 	 \C70/gbsn/m/it/10/4f \ \C70/gbsn/m/it/10/80 ^^E \C
70/gbsn/m/it/10/51 q \C70/gbsn/m/it/10/54 ^^L \C70/gbsn/m/it/10/8b ¨ º \C70/gbs
n/m/it/10/78 ^^T \C70/gbsn/m/it/10/7a v \C70/gbsn/m/it/10/7e Ó
 []

(./CSPT.bbl

LaTeX Warning: Reference `LastBibItem' on page 13 undefined on input line 9.

[13]
Underfull \hbox (badness 2573) in paragraph at lines 90--91
 []\OT1/cmr/m/n/9 X. Chen, Z.-C. Gu, Z.-X. Liu, and X.-G. Wen,
 []


Underfull \hbox (badness 1043) in paragraph at lines 157--158
 \OT1/cmr/m/n/9 symmetric topo-log-i-cal in-su-la-tors, [][]Phys. Rev. B \OT1/c
mr/bx/n/9 83\OT1/cmr/m/n/9 ,
 []


Underfull \hbox (badness 1057) in paragraph at lines 163--164
 []\OT1/cmr/m/n/9 T. A. Hilker, G. Sa-lomon, F. Grusdt, A. Om-ran,
 []


Overfull \hbox (14.65515pt too wide) in paragraph at lines 163--164
 [][]\OT1/cmr/m/n/9 https://www.science.org/doi/pdf/10.1126/science.aam8990[][]
. 
 []

[14]
Underfull \hbox (badness 1286) in paragraph at lines 202--203
 []\OT1/cmr/m/n/9 Y. Bao, R. Fan, A. Vish-wanath, and E. Alt-man,
 []

[15]) (./CSPT.bbl
./CSPT.bbl:69: Undefined control sequence.
l.69 ...al phases of quantum matter},\ }\href@noop
                                                   {} {\bibfield  {journal} ...
The control sequence at the end of the top line
of your error message was never \def'ed. If you have
misspelled it (e.g., `\hobx'), type `I' and the correct
spelling (e.g., `I\hbox'). Otherwise just continue,
and I'll forget about whatever was undefined.

./CSPT.bbl:129: Undefined control sequence.
l.129 ...gnets with ultracold atoms},\ }\href@noop
                                                   {} {\bibfield  {journal} ...
The control sequence at the end of the top line
of your error message was never \def'ed. If you have
misspelled it (e.g., `\hobx'), type `I' and the correct
spelling (e.g., `I\hbox'). Otherwise just continue,
and I'll forget about whatever was undefined.

./CSPT.bbl:163: Undefined control sequence.
l.163 ...{484} (\bibinfo {year} {2017})},\ \Eprint
                                                   {https://arxiv.org/abs/ht...
The control sequence at the end of the top line
of your error message was never \def'ed. If you have
misspelled it (e.g., `\hobx'), type `I' and the correct
spelling (e.g., `I\hbox'). Otherwise just continue,
and I'll forget about whatever was undefined.

./CSPT.bbl:169: Undefined control sequence.
l.169   \href@noop
                   {} {\bibinfo {title} {Sahay et al. (to appear)}} (\bibinf...
The control sequence at the end of the top line
of your error message was never \def'ed. If you have
misspelled it (e.g., `\hobx'), type `I' and the correct
spelling (e.g., `I\hbox'). Otherwise just continue,
and I'll forget about whatever was undefined.

./CSPT.bbl:188: Missing $ inserted.
<inserted text> 
                $
l.188 ...heng},\ and\ \citenamefont {Wang}}]{Ma23_
                                                  b}%
I've inserted a begin-math/end-math symbol since I think
you left one out. Proceed, with fingers crossed.

./CSPT.bbl:188: Extra }, or forgotten $.
l.188 ...ng},\ and\ \citenamefont {Wang}}]{Ma23_b}
                                                  %
I've deleted a group-closing symbol because it seems to be
spurious, as in `$x}$'. But perhaps the } is legitimate and
you forgot something else, as in `\hbox{$x}'. In such cases
the way to recover is to insert both the forgotten and the
deleted material, e.g., by typing `I$}'.

./CSPT.bbl:202: Undefined control sequence.
l.202 ...ions}} (\bibinfo {year} {2023}),\ \Eprint
                                                   {https://arxiv.org/abs/23...
The control sequence at the end of the top line
of your error message was never \def'ed. If you have
misspelled it (e.g., `\hobx'), type `I' and the correct
spelling (e.g., `I\hbox'). Otherwise just continue,
and I'll forget about whatever was undefined.

./CSPT.bbl:282: Undefined control sequence.
l.282 ... \bibnamefont {van Kampen}},\ }\href@noop
                                                   {} {\bibinfo {title} {Sto...
The control sequence at the end of the top line
of your error message was never \def'ed. If you have
misspelled it (e.g., `\hobx'), type `I' and the correct
spelling (e.g., `I\hbox'). Otherwise just continue,
and I'll forget about whatever was undefined.

)
./CSPT.tex:469: Missing $ inserted.
<inserted text> 
                $
l.469 \end{document}
                    
I've inserted something that you may have forgotten.
(See the <inserted text> above.)
With luck, this will get me unwedged. But if you
really didn't forget anything, try typing `2' now; then
my insertion and my current dilemma will both disappear.

./CSPT.tex:469: Missing } inserted.
<inserted text> 
                }
l.469 \end{document}
                    
I've inserted something that you may have forgotten.
(See the <inserted text> above.)
With luck, this will get me unwedged. But if you
really didn't forget anything, try typing `2' now; then
my insertion and my current dilemma will both disappear.


Underfull \hbox (badness 1259) in paragraph at lines 52--469
[]\OT1/cmr/m/n/10 Torre2006[][],  ()[][]Berg2008[][],  ()[][]Fuji2015[][],  ()[
][]Ma2023[][],
 []


Underfull \hbox (badness 3601) in paragraph at lines 52--469
\OT1/cmr/m/n/10 ()[][]Sachdev1999[][],  ()[][]Senthil2015 ,  ()Poll-mann2010[][
],
 []


Underfull \hbox (badness 10000) in paragraph at lines 52--469
\OT1/cmr/m/n/10 ()[][]Turner11[][],  ()[][]Fid-kowski11[][],  ()[][]Poll-mann20
12[][],
 []


Underfull \hbox (badness 3568) in paragraph at lines 52--469
\OT1/cmr/m/n/10 ()[][]Katz2024[][],  ()[][]Choo2018[][],  ()[][]Smith2022[][], 
 ()[][]Her-
 []


Underfull \hbox (badness 10000) in paragraph at lines 52--469
\OT1/cmr/m/n/10 ()[][]Hughes11[][],  ()[][]Song17[][],  ()[][]Hilker17[][],  ()
[][],
 []


Overfull \hbox (111.02863pt too wide) in paragraph at lines 52--469
\OT1/cmr/m/n/10 https://arxiv.org/abs/https://www.science.org/doi/pdf/10.1126/s
cience.aam8990
 []


Overfull \hbox (12.25058pt too wide) in paragraph at lines 52--469
\OT1/cmr/m/n/10 https://www.science.org/doi/pdf/10.1126/science.aam8990
 []


Underfull \hbox (badness 6725) in paragraph at lines 52--469
\OT1/cmr/m/n/10 Wei23[][],  ()[][]Sa-hay2025  ()Gu2009[][],  ()[][]Freed2014[][
],
 []


Underfull \hbox (badness 6758) in paragraph at lines 52--469
\OT1/cmr/m/n/10 ()[][]Fu2012[][],  ()[][]Ringel12[][],  ()[][]Mong12[][],  ()[]
[]Fulga14[][],
 []


Overfull \hbox (2693.42004pt too wide) in paragraph at lines 52--469
\OT1/cmr/m/n/10 ()[][]Ma23$[][][][][]()[][][]\OML/cmm/m/it/10 ;  \OT1/cmr/m/n/1
0 ()[][][][][]\OML/cmm/m/it/10 ;  \OT1/cmr/m/n/10 ()[][][][][]\OML/cmm/m/it/10 
;  \OT1/cmr/m/n/10 ()[][][][][][][]()\OML/cmm/m/it/10 ;  [][][][][];  \OT1/cmr/
m/n/10 ()[][][][][]\OML/cmm/m/it/10 ;  \OT1/cmr/m/n/10 ()[][][][][]\OML/cmm/m/i
t/10 ;  \OT1/cmr/m/n/10 ()[][][][][]\OML/cmm/m/it/10 ;  \OT1/cmr/m/n/10 ()[][][
][][]\OML/cmm/m/it/10 ;  \OT1/cmr/m/n/10 ()[][][][][]\OML/cmm/m/it/10 ;  \OT1/c
mr/m/n/10 ()[][][][][]\OML/cmm/m/it/10 ;  \OT1/cmr/m/n/10 ()[][][][][]\OML/cmm/
m/it/10 ;  \OT1/cmr/m/n/10 ()[][][][][]\OML/cmm/m/it/10 ;  \OT1/cmr/m/n/10 ()[]
[][][][]\OML/cmm/m/it/10 ;  \OT1/cmr/m/n/10 ()[][][][][]\OML/cmm/m/it/10 ;  \OT
1/cmr/m/n/10 ()[][][][][]\OML/cmm/m/it/10 ;  \OT1/cmr/m/n/10 ()[][][][][][][]()
[][][]\OML/cmm/m/it/10 ;  \OT1/cmr/m/n/10 ()[][][][][]\OML/cmm/m/it/10 ;  \OT1/
cmr/m/n/10 ()[][][][][]\OML/cmm/m/it/10 ;  \OT1/cmr/m/n/10 ()[][][][][]\OML/cmm
/m/it/10 ;  \OT1/cmr/m/n/10 ()[][][][][]\OML/cmm/m/it/10 ;  \OT1/cmr/m/n/10 ()[
][][][][]\OML/cmm/m/it/10 ;  \OT1/cmr/m/n/10 ()[][][][][]\OML/cmm/m/it/10 ;  \O
T1/cmr/m/n/10 ()[][][][][]\OML/cmm/m/it/10 ;  \OT1/cmr/m/n/10 ()[][][][][]\OML/
cmm/m/it/10 ;  \OT1/cmr/m/n/10 ()[][][][][]()[][][][][]\OML/cmm/m/it/10 ;  \OT1
/cmr/m/n/10 ()[][][][][]()[][][][][]\OML/cmm/m/it/10 ;  \OT1/cmr/m/n/10 ()[][][
]\OML/cmm/m/it/10 ;  \OT1/cmr/m/n/10 ()[][][][][]()[][][][][]\OML/cmm/m/it/10 ;
  \OT1/cmr/m/n/10 ()[][][][][]\OML/cmm/m/it/10 ;  \OT1/cmr/m/n/10 ()[][][][][]\
OML/cmm/m/it/10 ;  \OT1/cmr/m/n/10 ()[][][][][]()[][][][][]\OML/cmm/m/it/10 ;  
\OT1/cmr/m/n/10 ()[][][][][]\OML/cmm/m/it/10 ;  \OT1/cmr/m/n/10 ()[][][][][]\OM
L/cmm/m/it/10 ;  \OT1/cmr/m/n/10 ()[][][][][]\OML/cmm/m/it/10 ;  \OT1/cmr/m/n/1
0 ()[][][][][]\OML/cmm/m/it/10 ;  \OT1/cmr/m/n/10 ()[][]$ 
 []


Package natbib Warning: There were undefined citations.

[16] (./CSPT.aux

Package natbib Warning: Citation(s) may have changed.
(natbib)                Rerun to get citations correct.

)

LaTeX Font Warning: Some font shapes were not available, defaults substituted.


LaTeX Warning: There were undefined references.


LaTeX Warning: Label(s) may have changed. Rerun to get cross-references right.


Package rerunfilecheck Warning: File `CSPT.out' has changed.
(rerunfilecheck)                Rerun to get outlines right
(rerunfilecheck)                or use package `bookmark'.

Package rerunfilecheck Info: Checksums for `CSPT.out':
(rerunfilecheck)             Before: <no file>
(rerunfilecheck)             After:  03B3DFE4D9FAAA08370B9F06E0F8543D;4113.
 ) 
Here is how much of TeX's memory you used:
 20728 strings out of 478268
 360233 string characters out of 5850345
 719875 words of memory out of 5000000
 38000 multiletter control sequences out of 15000+600000
 537146 words of font info for 276 fonts, out of 8000000 for 9000
 1141 hyphenation exceptions out of 8191
 71i,16n,79p,1785b,2629s stack positions out of 10000i,1000n,20000p,200000b,200000s
{d:/texlive/2022/texmf-dist/fonts/enc/dvips/cm-super/cm-super-ts1.enc}<d:/tex
live/2022/texmf-dist/fonts/type1/public/amsfonts/cm/cmbx10.pfb><d:/texlive/2022
/texmf-dist/fonts/type1/public/amsfonts/cm/cmbx9.pfb><d:/texlive/2022/texmf-dis
t/fonts/type1/public/amsfonts/cm/cmcsc10.pfb><d:/texlive/2022/texmf-dist/fonts/
type1/public/amsfonts/cm/cmex10.pfb><d:/texlive/2022/texmf-dist/fonts/type1/pub
lic/amsfonts/cm/cmmi10.pfb><d:/texlive/2022/texmf-dist/fonts/type1/public/amsfo
nts/cm/cmmi5.pfb><d:/texlive/2022/texmf-dist/fonts/type1/public/amsfonts/cm/cmm
i6.pfb><d:/texlive/2022/texmf-dist/fonts/type1/public/amsfonts/cm/cmmi7.pfb><d:
/texlive/2022/texmf-dist/fonts/type1/public/amsfonts/cm/cmmi9.pfb><d:/texlive/2
022/texmf-dist/fonts/type1/public/amsfonts/cm/cmr10.pfb><d:/texlive/2022/texmf-
dist/fonts/type1/public/amsfonts/cm/cmr5.pfb><d:/texlive/2022/texmf-dist/fonts/
type1/public/amsfonts/cm/cmr6.pfb><d:/texlive/2022/texmf-dist/fonts/type1/publi
c/amsfonts/cm/cmr7.pfb><d:/texlive/2022/texmf-dist/fonts/type1/public/amsfonts/
cm/cmr9.pfb><d:/texlive/2022/texmf-dist/fonts/type1/public/amsfonts/cm/cmss8.pf
b><d:/texlive/2022/texmf-dist/fonts/type1/public/amsfonts/cm/cmsy10.pfb><d:/tex
live/2022/texmf-dist/fonts/type1/public/amsfonts/cm/cmsy5.pfb><d:/texlive/2022/
texmf-dist/fonts/type1/public/amsfonts/cm/cmsy6.pfb><d:/texlive/2022/texmf-dist
/fonts/type1/public/amsfonts/cm/cmsy7.pfb><d:/texlive/2022/texmf-dist/fonts/typ
e1/public/amsfonts/cm/cmsy9.pfb><d:/texlive/2022/texmf-dist/fonts/type1/public/
amsfonts/cm/cmti10.pfb><d:/texlive/2022/texmf-dist/fonts/type1/public/amsfonts/
cm/cmti9.pfb><d:/texlive/2022/texmf-dist/fonts/type1/public/doublestroke/dsrom1
0.pfb><d:/texlive/2022/texmf-dist/fonts/type1/arphic/gbsnu/gbsnu30.pfb><d:/texl
ive/2022/texmf-dist/fonts/type1/arphic/gbsnu/gbsnu4e.pfb><d:/texlive/2022/texmf
-dist/fonts/type1/arphic/gbsnu/gbsnu4f.pfb><d:/texlive/2022/texmf-dist/fonts/ty
pe1/arphic/gbsnu/gbsnu50.pfb><d:/texlive/2022/texmf-dist/fonts/type1/arphic/gbs
nu/gbsnu51.pfb><d:/texlive/2022/texmf-dist/fonts/type1/arphic/gbsnu/gbsnu52.pfb
><d:/texlive/2022/texmf-dist/fonts/type1/arphic/gbsnu/gbsnu53.pfb><d:/texlive/2
022/texmf-dist/fonts/type1/arphic/gbsnu/gbsnu54.pfb><d:/texlive/2022/texmf-dist
/fonts/type1/arphic/gbsnu/gbsnu55.pfb><d:/texlive/2022/texmf-dist/fonts/type1/a
rphic/gbsnu/gbsnu56.pfb><d:/texlive/2022/texmf-dist/fonts/type1/arphic/gbsnu/gb
snu57.pfb><d:/texlive/2022/texmf-dist/fonts/type1/arphic/gbsnu/gbsnu58.pfb><d:/
texlive/2022/texmf-dist/fonts/type1/arphic/gbsnu/gbsnu59.pfb><d:/texlive/2022/t
exmf-dist/fonts/type1/arphic/gbsnu/gbsnu5b.pfb><d:/texlive/2022/texmf-dist/font
s/type1/arphic/gbsnu/gbsnu5c.pfb><d:/texlive/2022/texmf-dist/fonts/type1/arphic
/gbsnu/gbsnu5d.pfb><d:/texlive/2022/texmf-dist/fonts/type1/arphic/gbsnu/gbsnu5e
.pfb><d:/texlive/2022/texmf-dist/fonts/type1/arphic/gbsnu/gbsnu5f.pfb><d:/texli
ve/2022/texmf-dist/fonts/type1/arphic/gbsnu/gbsnu60.pfb><d:/texlive/2022/texmf-
dist/fonts/type1/arphic/gbsnu/gbsnu61.pfb><d:/texlive/2022/texmf-dist/fonts/typ
e1/arphic/gbsnu/gbsnu62.pfb><d:/texlive/2022/texmf-dist/fonts/type1/arphic/gbsn
u/gbsnu63.pfb><d:/texlive/2022/texmf-dist/fonts/type1/arphic/gbsnu/gbsnu64.pfb>
<d:/texlive/2022/texmf-dist/fonts/type1/arphic/gbsnu/gbsnu65.pfb><d:/texlive/20
22/texmf-dist/fonts/type1/arphic/gbsnu/gbsnu66.pfb><d:/texlive/2022/texmf-dist/
fonts/type1/arphic/gbsnu/gbsnu67.pfb><d:/texlive/2022/texmf-dist/fonts/type1/ar
phic/gbsnu/gbsnu68.pfb><d:/texlive/2022/texmf-dist/fonts/type1/arphic/gbsnu/gbs
nu69.pfb><d:/texlive/2022/texmf-dist/fonts/type1/arphic/gbsnu/gbsnu6a.pfb><d:/t
exlive/2022/texmf-dist/fonts/type1/arphic/gbsnu/gbsnu6b.pfb><d:/texlive/2022/te
xmf-dist/fonts/type1/arphic/gbsnu/gbsnu6c.pfb><d:/texlive/2022/texmf-dist/fonts
/type1/arphic/gbsnu/gbsnu6d.pfb><d:/texlive/2022/texmf-dist/fonts/type1/arphic/
gbsnu/gbsnu6e.pfb><d:/texlive/2022/texmf-dist/fonts/type1/arphic/gbsnu/gbsnu6f.
pfb><d:/texlive/2022/texmf-dist/fonts/type1/arphic/gbsnu/gbsnu70.pfb><d:/texliv
e/2022/texmf-dist/fonts/type1/arphic/gbsnu/gbsnu71.pfb><d:/texlive/2022/texmf-d
ist/fonts/type1/arphic/gbsnu/gbsnu72.pfb><d:/texlive/2022/texmf-dist/fonts/type
1/arphic/gbsnu/gbsnu73.pfb><d:/texlive/2022/texmf-dist/fonts/type1/arphic/gbsnu
/gbsnu74.pfb><d:/texlive/2022/texmf-dist/fonts/type1/arphic/gbsnu/gbsnu75.pfb><
d:/texlive/2022/texmf-dist/fonts/type1/arphic/gbsnu/gbsnu76.pfb><d:/texlive/202
2/texmf-dist/fonts/type1/arphic/gbsnu/gbsnu77.pfb><d:/texlive/2022/texmf-dist/f
onts/type1/arphic/gbsnu/gbsnu78.pfb><d:/texlive/2022/texmf-dist/fonts/type1/arp
hic/gbsnu/gbsnu79.pfb><d:/texlive/2022/texmf-dist/fonts/type1/arphic/gbsnu/gbsn
u7a.pfb><d:/texlive/2022/texmf-dist/fonts/type1/arphic/gbsnu/gbsnu7b.pfb><d:/te
xlive/2022/texmf-dist/fonts/type1/arphic/gbsnu/gbsnu7c.pfb><d:/texlive/2022/tex
mf-dist/fonts/type1/arphic/gbsnu/gbsnu7d.pfb><d:/texlive/2022/texmf-dist/fonts/
type1/arphic/gbsnu/gbsnu7e.pfb><d:/texlive/2022/texmf-dist/fonts/type1/arphic/g
bsnu/gbsnu7f.pfb><d:/texlive/2022/texmf-dist/fonts/type1/arphic/gbsnu/gbsnu80.p
fb><d:/texlive/2022/texmf-dist/fonts/type1/arphic/gbsnu/gbsnu81.pfb><d:/texlive
/2022/texmf-dist/fonts/type1/arphic/gbsnu/gbsnu82.pfb><d:/texlive/2022/texmf-di
st/fonts/type1/arphic/gbsnu/gbsnu83.pfb><d:/texlive/2022/texmf-dist/fonts/type1
/arphic/gbsnu/gbsnu84.pfb><d:/texlive/2022/texmf-dist/fonts/type1/arphic/gbsnu/
gbsnu85.pfb><d:/texlive/2022/texmf-dist/fonts/type1/arphic/gbsnu/gbsnu86.pfb><d
:/texlive/2022/texmf-dist/fonts/type1/arphic/gbsnu/gbsnu88.pfb><d:/texlive/2022
/texmf-dist/fonts/type1/arphic/gbsnu/gbsnu89.pfb><d:/texlive/2022/texmf-dist/fo
nts/type1/arphic/gbsnu/gbsnu8a.pfb><d:/texlive/2022/texmf-dist/fonts/type1/arph
ic/gbsnu/gbsnu8b.pfb><d:/texlive/2022/texmf-dist/fonts/type1/arphic/gbsnu/gbsnu
8c.pfb><d:/texlive/2022/texmf-dist/fonts/type1/arphic/gbsnu/gbsnu8d.pfb><d:/tex
live/2022/texmf-dist/fonts/type1/arphic/gbsnu/gbsnu8e.pfb><d:/texlive/2022/texm
f-dist/fonts/type1/arphic/gbsnu/gbsnu8f.pfb><d:/texlive/2022/texmf-dist/fonts/t
ype1/arphic/gbsnu/gbsnu90.pfb><d:/texlive/2022/texmf-dist/fonts/type1/arphic/gb
snu/gbsnu91.pfb><d:/texlive/2022/texmf-dist/fonts/type1/arphic/gbsnu/gbsnu94.pf
b><d:/texlive/2022/texmf-dist/fonts/type1/arphic/gbsnu/gbsnu95.pfb><d:/texlive/
2022/texmf-dist/fonts/type1/arphic/gbsnu/gbsnu96.pfb><d:/texlive/2022/texmf-dis
t/fonts/type1/arphic/gbsnu/gbsnu97.pfb><d:/texlive/2022/texmf-dist/fonts/type1/
arphic/gbsnu/gbsnu98.pfb><d:/texlive/2022/texmf-dist/fonts/type1/arphic/gbsnu/g
bsnu99.pfb><d:/texlive/2022/texmf-dist/fonts/type1/arphic/gbsnu/gbsnu9a.pfb><d:
/texlive/2022/texmf-dist/fonts/type1/arphic/gbsnu/gbsnu9c.pfb><d:/texlive/2022/
texmf-dist/fonts/type1/arphic/gbsnu/gbsnuff.pfb><d:/texlive/2022/texmf-dist/fon
ts/type1/public/amsfonts/symbols/msbm10.pfb><d:/texlive/2022/texmf-dist/fonts/t
ype1/public/tex-gyre/qhvr.pfb><d:/texlive/2022/texmf-dist/fonts/type1/public/te
x-gyre/qhvri.pfb><d:/texlive/2022/texmf-dist/fonts/type1/public/cm-super/sfrm09
00.pfb><d:/texlive/2022/texmf-dist/fonts/type1/public/cm-super/sfrm1000.pfb>
Output written on CSPT.pdf (16 pages, 4079957 bytes).
PDF statistics:
 2121 PDF objects out of 2487 (max. 8388607)
 1333 compressed objects within 14 object streams
 175 named destinations out of 1000 (max. 500000)
 370 words of extra memory for PDF output out of 10000 (max. 10000000)

